Starting a Gradle Daemon, 1 busy and 61 stopped Daemons could not be reused, use --status for details

> Configure project :
Fabric Loom: 1.17.14

> Task :compileJava UP-TO-DATE
> Task :processResources UP-TO-DATE
> Task :classes UP-TO-DATE
> Task :compileClientJava UP-TO-DATE
> Task :processClientResources UP-TO-DATE
> Task :clientClasses UP-TO-DATE
> Task :generateLog4jConfig UP-TO-DATE
> Task :generateRemapClasspath UP-TO-DATE
> Task :generateDLIConfig UP-TO-DATE
> Task :configureLaunch UP-TO-DATE
> Task :downloadAssets UP-TO-DATE
> Task :configureClientLaunch UP-TO-DATE

> Task :runClient
[34m[14:39:39][m [32m[main/INFO][m [36m(FabricLoader/GameProvider)[m [0mLoading Minecraft 1.20.1 with Fabric Loader 0.19.3
[m[34m[14:39:39][m [32m[main/INFO][m [36m(FabricLoader)[m [0mLoading 59 mods:
	- dragonkiller 1.0.0
	- fabric-api 0.92.9+1.20.1
	- fabric-api-base 0.4.32+1802ada577
	- fabric-api-lookup-api-v1 1.6.37+1802ada577
	- fabric-biome-api-v1 13.0.15+93aa238b77
	- fabric-block-api-v1 1.0.12+1802ada577
	- fabric-block-view-api-v2 1.0.3+924f046a77
	- fabric-blockrenderlayer-v1 1.1.42+1802ada577
	- fabric-client-tags-api-v1 1.1.3+1802ada577
	- fabric-command-api-v1 1.2.35+f71b366f77
	- fabric-command-api-v2 2.2.14+1802ada577
	- fabric-commands-v0 0.2.52+df3654b377
	- fabric-containers-v0 0.1.68+df3654b377
	- fabric-content-registries-v0 4.0.13+1802ada577
	- fabric-convention-tags-v1 1.5.6+1802ada577
	- fabric-crash-report-info-v1 0.2.20+1802ada577
	- fabric-data-attachment-api-v1 1.0.2+de0fd6d177
	- fabric-data-generation-api-v1 12.3.9+1802ada577
	- fabric-dimensions-v1 2.1.55+1802ada577
	- fabric-entity-events-v1 1.6.1+1c78457f77
	- fabric-events-interaction-v0 0.6.6+13a40c6677
	- fabric-events-lifecycle-v0 0.2.64+df3654b377
	- fabric-game-rule-api-v1 1.0.41+1802ada577
	- fabric-gametest-api-v1 1.2.15+1802ada577
	- fabric-item-api-v1 2.1.29+1802ada577
	- fabric-item-group-api-v1 4.0.14+1802ada577
	- fabric-key-binding-api-v1 1.0.38+1802ada577
	- fabric-keybindings-v0 0.2.36+df3654b377
	- fabric-lifecycle-events-v1 2.2.23+1802ada577
	- fabric-loot-api-v2 1.2.3+1802ada577
	- fabric-loot-tables-v1 1.1.47+9e7660c677
	- fabric-message-api-v1 5.1.10+1802ada577
	- fabric-mining-level-api-v1 2.1.52+1802ada577
	- fabric-model-loading-api-v1 1.0.4+1802ada577
	- fabric-models-v0 0.4.3+9386d8a777
	- fabric-networking-api-v1 1.3.15+0caff8d077
	- fabric-networking-v0 0.3.55+df3654b377
	- fabric-object-builder-api-v1 11.1.5+e35120df77
	- fabric-particles-v1 1.1.3+1802ada577
	- fabric-recipe-api-v1 1.0.25+1802ada577
	- fabric-registry-sync-v0 2.4.1+4c0a70e677
	- fabric-renderer-api-v1 3.2.2+1802ada577
	- fabric-renderer-indigo 1.5.3+85287f9f77
	- fabric-renderer-registries-v1 3.2.47+df3654b377
	- fabric-rendering-data-attachment-v1 0.3.39+92a0d36777
	- fabric-rendering-fluids-v1 3.0.29+1802ada577
	- fabric-rendering-v0 1.1.50+df3654b377
	- fabric-rendering-v1 3.0.9+1802ada577
	- fabric-resource-conditions-api-v1 2.3.9+1802ada577
	- fabric-resource-loader-v0 0.11.12+fb82e9d777
	- fabric-screen-api-v1 2.0.9+1802ada577
	- fabric-screen-handler-api-v1 1.3.34+1802ada577
	- fabric-sound-api-v1 1.0.14+1802ada577
	- fabric-transfer-api-v1 3.3.6+8dd72ea377
	- fabric-transitive-access-wideners-v1 4.3.2+1802ada577
	- fabricloader 0.19.3
	- java 21
	- minecraft 1.20.1
	- mixinextras 0.5.4
[m[34m[14:39:39][m [32m[main/INFO][m [36m(FabricLoader/Mixin)[m [0mSpongePowered MIXIN Subsystem Version=0.8.7 Source=file:/C:/Users/huhai/.gradle/caches/modules-2/files-2.1/net.fabricmc/sponge-mixin/0.17.3+mixin.0.8.7/41c4a3984a80f4679e759fb9f495587acc5cdac7/sponge-mixin-0.17.3+mixin.0.8.7.jar Service=Knot/Fabric Env=CLIENT
[m[34m[14:39:40][m [32m[main/INFO][m [36m(FabricLoader/Mixin)[m [0mLoaded Fabric development mappings for mixin remapper!
[m[34m[14:39:40][m [32m[main/INFO][m [36m(FabricLoader/Mixin)[m [0mCompatibility level set to JAVA_17
[m[34m[14:39:41][m [32m[main/INFO][m [36m(FabricLoader/MixinExtras|Service)[m [0mInitializing MixinExtras via com.llamalad7.mixinextras.service.MixinExtrasServiceImpl(version=0.5.4).
[m[34m[14:39:49][m [32m[Datafixer Bootstrap/INFO][m [36m(Minecraft)[m [0m188 Datafixer optimizations took 152 milliseconds
[m[34m[14:39:51][m [32m[Render thread/INFO][m [36m(Minecraft)[m [0m[STDERR]: [LWJGL] [ThreadLocalUtil] Unsupported JNI version detected, this may result in a crash. Please inform LWJGL developers.
[m[34m[14:39:52][m [32m[Render thread/INFO][m [36m(Minecraft)[m [0mEnvironment: authHost='https://authserver.mojang.com', accountsHost='https://api.mojang.com', sessionHost='https://sessionserver.mojang.com', servicesHost='https://api.minecraftservices.com', name='PROD'
[m[34m[14:39:53][m [32m[Render thread/INFO][m [36m(Minecraft)[m [0mSetting user: Player396
[m[34m[14:39:53][m [32m[Render thread/INFO][m [36m(dragonkiller)[m [0mDragonKiller RL Environment initializing...
[m[34m[14:39:53][m [32m[Render thread/INFO][m [36m(dragonkiller)[m [0mPhase: PHASE 2 (IS_PHASE_2=true, rlphase=p2)
[m[34m[14:39:53][m [32m[Render thread/INFO][m [36m(Indigo)[m [0m[Indigo] Registering Indigo renderer!
[m[34m[14:39:55][m [32m[Render thread/INFO][m [36m(Minecraft)[m [0mBackend library: LWJGL version 3.3.2-snapshot
[m[34m[14:39:58][m [32m[Render thread/INFO][m [36m(Minecraft)[m [0mReloading ResourceManager: vanilla, fabric (fabric-block-view-api-v2, fabric-command-api-v2, fabric-sound-api-v1, fabric-recipe-api-v1, fabric-commands-v0, fabric-containers-v0, fabric-resource-conditions-api-v1, fabric-transfer-api-v1, fabric-renderer-indigo, fabric-convention-tags-v1, fabric-data-generation-api-v1, fabric-api-lookup-api-v1, fabric-client-tags-api-v1, fabric-networking-api-v1, fabric-command-api-v1, fabric-crash-report-info-v1, fabric-content-registries-v0, fabric-screen-handler-api-v1, fabric-biome-api-v1, fabric-model-loading-api-v1, fabric-rendering-fluids-v1, fabric-particles-v1, fabric-api-base, fabric-mining-level-api-v1, fabric-transitive-access-wideners-v1, fabric-keybindings-v0, fabric-blockrenderlayer-v1, dragonkiller, fabric-data-attachment-api-v1, fabric-screen-api-v1, fabric-registry-sync-v0, fabric-game-rule-api-v1, fabric-object-builder-api-v1, fabric-message-api-v1, fabric-item-group-api-v1, fabric-entity-events-v1, fabric-gametest-api-v1, fabric-renderer-api-v1, fabric-renderer-registries-v1, fabric-rendering-v0, fabric-resource-loader-v0, fabric-loot-api-v2, fabricloader, fabric-networking-v0, fabric-rendering-v1, fabric-models-v0, fabric-item-api-v1, fabric-events-interaction-v0, fabric-key-binding-api-v1, fabric-lifecycle-events-v1, fabric-loot-tables-v1, fabric-block-api-v1, fabric-rendering-data-attachment-v1, fabric-api, fabric-events-lifecycle-v0, fabric-dimensions-v1)
[m[34m[14:39:58][m [32m[Worker-Main-9/INFO][m [36m(Minecraft)[m [0mFound unifont_all_no_pua-15.0.06.hex, loading
[m[34m[14:39:59][m [32m[Realms Notification Availability checker #1/INFO][m [36m(Minecraft)[m [0mCould not authorize you against Realms server: java.lang.RuntimeException: Failed to parse into SignedJWT: FabricMC
[m[34m[14:40:01][m [33m[Render thread/WARN][m [36m(Minecraft)[m [0mMissing sound for event: minecraft:item.goat_horn.play
[m[34m[14:40:01][m [33m[Render thread/WARN][m [36m(Minecraft)[m [0mMissing sound for event: minecraft:entity.goat.screaming.horn_break
[m[34m[14:40:01][m [32m[Render thread/INFO][m [36m(Minecraft)[m [0mOpenAL initialized on device OpenAL Soft on 扬声器 (Realtek(R) Audio)
[m[34m[14:40:01][m [32m[Render thread/INFO][m [36m(Minecraft)[m [0mSound engine started
[m[34m[14:40:01][m [32m[Render thread/INFO][m [36m(Minecraft)[m [0mCreated: 1024x512x4 minecraft:textures/atlas/blocks.png-atlas
[m[34m[14:40:01][m [32m[Render thread/INFO][m [36m(Minecraft)[m [0mCreated: 256x256x4 minecraft:textures/atlas/signs.png-atlas
[m[34m[14:40:01][m [32m[Render thread/INFO][m [36m(Minecraft)[m [0mCreated: 512x512x4 minecraft:textures/atlas/shield_patterns.png-atlas
[m[34m[14:40:01][m [32m[Render thread/INFO][m [36m(Minecraft)[m [0mCreated: 512x512x4 minecraft:textures/atlas/banner_patterns.png-atlas
[m[34m[14:40:01][m [32m[Render thread/INFO][m [36m(Minecraft)[m [0mCreated: 1024x1024x4 minecraft:textures/atlas/armor_trims.png-atlas
[m[34m[14:40:01][m [32m[Render thread/INFO][m [36m(Minecraft)[m [0mCreated: 128x64x4 minecraft:textures/atlas/decorated_pot.png-atlas
[m[34m[14:40:01][m [32m[Render thread/INFO][m [36m(Minecraft)[m [0mCreated: 256x256x4 minecraft:textures/atlas/chest.png-atlas
[m[34m[14:40:01][m [32m[Render thread/INFO][m [36m(Minecraft)[m [0mCreated: 512x256x4 minecraft:textures/atlas/beds.png-atlas
[m[34m[14:40:01][m [32m[Render thread/INFO][m [36m(Minecraft)[m [0mCreated: 512x256x4 minecraft:textures/atlas/shulker_boxes.png-atlas
[m[34m[14:40:02][m [33m[Render thread/WARN][m [36m(Minecraft)[m [0mShader rendertype_entity_translucent_emissive could not find sampler named Sampler2 in the specified shader program.
[m[34m[14:40:02][m [32m[Render thread/INFO][m [36m(Minecraft)[m [0mCreated: 256x256x0 minecraft:textures/atlas/particles.png-atlas
[m[34m[14:40:02][m [32m[Render thread/INFO][m [36m(Minecraft)[m [0mCreated: 256x256x0 minecraft:textures/atlas/paintings.png-atlas
[m[34m[14:40:02][m [32m[Render thread/INFO][m [36m(Minecraft)[m [0mCreated: 128x128x0 minecraft:textures/atlas/mob_effects.png-atlas
[m[34m[14:40:08][m [32m[Render thread/INFO][m [36m(Minecraft)[m [0mLoaded 7 recipes
[m[34m[14:40:08][m [32m[Render thread/INFO][m [36m(Minecraft)[m [0mLoaded 1271 advancements
[m[34m[14:40:09][m [32m[Render thread/INFO][m [36m(BiomeModificationImpl)[m [0mApplied 0 biome modifications to 0 of 64 new biomes in 1.865 ms
[m[34m[14:40:09][m [32m[Server thread/INFO][m [36m(Minecraft)[m [0mStarting integrated minecraft server version 1.20.1
[m[34m[14:40:09][m [32m[Server thread/INFO][m [36m(Minecraft)[m [0mGenerating keypair
[m[34m[14:40:10][m [32m[Server thread/INFO][m [36m(Minecraft)[m [0mPreparing start region for dimension minecraft:overworld
[m[34m[14:40:13][m [32m[Render thread/INFO][m [36m(Minecraft)[m [0m准备生成区域中：0%
[m[34m[14:40:13][m [32m[Render thread/INFO][m [36m(Minecraft)[m [0m准备生成区域中：0%
[m[34m[14:40:13][m [32m[Render thread/INFO][m [36m(Minecraft)[m [0m准备生成区域中：0%
[m[34m[14:40:13][m [32m[Render thread/INFO][m [36m(Minecraft)[m [0m准备生成区域中：0%
[m[34m[14:40:13][m [32m[Render thread/INFO][m [36m(Minecraft)[m [0m准备生成区域中：0%
[m[34m[14:40:13][m [32m[Render thread/INFO][m [36m(Minecraft)[m [0m准备生成区域中：0%
[m[34m[14:40:13][m [32m[Render thread/INFO][m [36m(Minecraft)[m [0m准备生成区域中：0%
[m[34m[14:40:14][m [32m[Render thread/INFO][m [36m(Minecraft)[m [0m准备生成区域中：44%
[m[34m[14:40:14][m [32m[Render thread/INFO][m [36m(Minecraft)[m [0mTime elapsed: 3855 ms
[m[34m[14:40:14][m [32m[Server thread/INFO][m [36m(dragonkiller)[m [0mRL SocketServer listening on port 5670
[m[34m[14:40:14][m [32m[Server thread/INFO][m [36m(dragonkiller)[m [0mBotPlayer created: RLBot (UUID: 75749aa9-5dfe-307b-9f25-d1c6891f911a)
[m[34m[14:40:14][m [32m[Server thread/INFO][m [36m(dragonkiller)[m [0mRLTickHandler initialized with BotPlayer
[m[34m[14:40:15][m [32m[Server thread/INFO][m [36m(Minecraft)[m [0mChanging view distance to 12, from 10
[m[34m[14:40:15][m [32m[Server thread/INFO][m [36m(Minecraft)[m [0mChanging simulation distance to 12, from 0
[m[34m[14:40:16][m [32m[Server thread/INFO][m [36m(Minecraft)[m [0mPlayer396[local:E:e5c18c56] logged in with entity id 528 at (2.9189631190591494, 65.80282757242979, 34.00918851426259)
[m[34m[14:40:16][m [32m[Server thread/INFO][m [36m(Minecraft)[m [0mPlayer396加入了游戏
[m[34m[14:40:16][m [32m[Server thread/INFO][m [36m(Minecraft)[m [0mPlayer396取得了进度[钻石护体]
[m[34m[14:40:17][m [32m[Render thread/INFO][m [36m(Minecraft)[m [0m[System] [CHAT] Player396取得了进度[钻石护体]
[m[34m[14:40:17][m [32m[Render thread/INFO][m [36m(Minecraft)[m [0mLoaded 16 advancements
[m[34m[14:40:17][m [32m[Server thread/INFO][m [36m(dragonkiller)[m [0m[RATE] 100 TPS (interval=10ms, mspt=9.2ms)
[m[34m[14:40:19][m [32m[Server thread/INFO][m [36m(dragonkiller)[m [0m[RATE] 100 TPS (interval=10ms, mspt=4.3ms)
[m[34m[14:40:20][m [32m[Server thread/INFO][m [36m(Minecraft)[m [0mRLBot被末影龙使用的魔法杀死了
[m[34m[14:40:20][m [32m[Render thread/INFO][m [36m(Minecraft)[m [0m[System] [CHAT] RLBot被末影龙使用的魔法杀死了
[m[34m[14:40:20][m [32m[Server thread/INFO][m [36m(dragonkiller)[m [0m[RATE] 100 TPS (interval=10ms, mspt=7.7ms)
[m[34m[14:40:22][m [32m[Server thread/INFO][m [36m(dragonkiller)[m [0m[RATE] 100 TPS (interval=10ms, mspt=1.6ms)
[m[34m[14:40:22][m [32m[Render thread/INFO][m [36m(Minecraft)[m [0m[System] [CHAT] §6[TPS] §e20  §6[MSPT] §e50.0ms  §6[Interval] §e50ms
[m[34m[14:40:24][m [32m[Server thread/INFO][m [36m(dragonkiller)[m [0m[RATE] 100 TPS (interval=10ms, mspt=2.0ms)
[m[34m[14:40:26][m [32m[Server thread/INFO][m [36m(dragonkiller)[m [0m[RATE] 100 TPS (interval=10ms, mspt=1.5ms)
[m[34m[14:40:28][m [32m[Server thread/INFO][m [36m(dragonkiller)[m [0m[RATE] 100 TPS (interval=10ms, mspt=1.6ms)
[m[34m[14:40:30][m [32m[Server thread/INFO][m [36m(dragonkiller)[m [0m[RATE] 100 TPS (interval=10ms, mspt=2.7ms)
[m[34m[14:40:32][m [32m[Server thread/INFO][m [36m(dragonkiller)[m [0m[RATE] 100 TPS (interval=10ms, mspt=4.1ms)
[m[34m[14:40:34][m [32m[Server thread/INFO][m [36m(dragonkiller)[m [0m[RATE] 100 TPS (interval=10ms, mspt=3.1ms)
[m[34m[14:40:36][m [32m[Server thread/INFO][m [36m(dragonkiller)[m [0m[RATE] 100 TPS (interval=10ms, mspt=3.9ms)
[m[34m[14:40:38][m [32m[Server thread/INFO][m [36m(dragonkiller)[m [0m[RATE] 100 TPS (interval=10ms, mspt=4.5ms)
[m[34m[14:40:40][m [32m[Server thread/INFO][m [36m(dragonkiller)[m [0m[RATE] 100 TPS (interval=10ms, mspt=2.0ms)
[m[34m[14:40:42][m [32m[Server thread/INFO][m [36m(dragonkiller)[m [0m[RATE] 100 TPS (interval=10ms, mspt=2.5ms)
[m[34m[14:40:44][m [32m[Server thread/INFO][m [36m(dragonkiller)[m [0m[RATE] 100 TPS (interval=10ms, mspt=4.1ms)
[m[34m[14:40:46][m [32m[Server thread/INFO][m [36m(dragonkiller)[m [0m[RATE] 100 TPS (interval=10ms, mspt=3.1ms)
[m[34m[14:40:48][m [32m[Server thread/INFO][m [36m(dragonkiller)[m [0m[RATE] 100 TPS (interval=10ms, mspt=3.1ms)
[m[34m[14:40:50][m [32m[Server thread/INFO][m [36m(dragonkiller)[m [0m[RATE] 100 TPS (interval=10ms, mspt=3.5ms)
[m[34m[14:40:52][m [32m[Server thread/INFO][m [36m(dragonkiller)[m [0m[RATE] 100 TPS (interval=10ms, mspt=2.9ms)
[m[34m[14:40:54][m [32m[Server thread/INFO][m [36m(dragonkiller)[m [0m[RATE] 100 TPS (interval=10ms, mspt=2.7ms)
[m[34m[14:40:56][m [32m[Server thread/INFO][m [36m(dragonkiller)[m [0m[RATE] 100 TPS (interval=10ms, mspt=2.5ms)
[m[34m[14:40:58][m [32m[Server thread/INFO][m [36m(dragonkiller)[m [0m[RATE] 100 TPS (interval=10ms, mspt=4.9ms)
[m[34m[14:41:00][m [32m[Server thread/INFO][m [36m(dragonkiller)[m [0m[RATE] 100 TPS (interval=10ms, mspt=3.5ms)
[m[34m[14:41:02][m [32m[Server thread/INFO][m [36m(dragonkiller)[m [0m[RATE] 100 TPS (interval=10ms, mspt=3.7ms)
[m