Starting a Gradle Daemon, 3 busy and 37 stopped Daemons could not be reused, use --status for details

> Configure project :
Fabric Loom: 1.17.14

> Task :compileJava UP-TO-DATE
> Task :processResources UP-TO-DATE
> Task :classes UP-TO-DATE
> Task :generateLog4jConfig UP-TO-DATE
> Task :generateRemapClasspath UP-TO-DATE
> Task :generateDLIConfig UP-TO-DATE
> Task :configureLaunch UP-TO-DATE

> Task :runServer5672
[34m[15:34:51][m [32m[main/INFO][m [36m(FabricLoader/GameProvider)[m [0mLoading Minecraft 1.20.1 with Fabric Loader 0.19.3
[m[34m[15:34:52][m [32m[main/INFO][m [36m(FabricLoader)[m [0mLoading 46 mods:
	- dragonkiller 1.0.0
	- fabric-api 0.92.9+1.20.1
	- fabric-api-base 0.4.32+1802ada577
	- fabric-api-lookup-api-v1 1.6.37+1802ada577
	- fabric-biome-api-v1 13.0.15+93aa238b77
	- fabric-block-api-v1 1.0.12+1802ada577
	- fabric-block-view-api-v2 1.0.3+924f046a77
	- fabric-command-api-v1 1.2.35+f71b366f77
	- fabric-command-api-v2 2.2.14+1802ada577
	- fabric-commands-v0 0.2.52+df3654b377
	- fabric-containers-v0 0.1.68+df3654b377
	- fabric-content-registries-v0 4.0.13+1802ada577
	- fabric-convention-tags-v1 1.5.6+1802ada577
	- fabric-crash-report-info-v1 0.2.20+1802ada577
	- fabric-data-attachment-api-v1 1.0.2+de0fd6d177
	- fabric-data-generation-api-v1 12.3.9+1802ada577
	- fabric-dimensions-v1 2.1.55+1802ada577
	- fabric-entity-events-v1 1.6.1+1c78457f77
	- fabric-events-interaction-v0 0.6.6+13a40c6677
	- fabric-events-lifecycle-v0 0.2.64+df3654b377
	- fabric-game-rule-api-v1 1.0.41+1802ada577
	- fabric-gametest-api-v1 1.2.15+1802ada577
	- fabric-item-api-v1 2.1.29+1802ada577
	- fabric-item-group-api-v1 4.0.14+1802ada577
	- fabric-lifecycle-events-v1 2.2.23+1802ada577
	- fabric-loot-api-v2 1.2.3+1802ada577
	- fabric-loot-tables-v1 1.1.47+9e7660c677
	- fabric-message-api-v1 5.1.10+1802ada577
	- fabric-mining-level-api-v1 2.1.52+1802ada577
	- fabric-networking-api-v1 1.3.15+0caff8d077
	- fabric-networking-v0 0.3.55+df3654b377
	- fabric-object-builder-api-v1 11.1.5+e35120df77
	- fabric-particles-v1 1.1.3+1802ada577
	- fabric-recipe-api-v1 1.0.25+1802ada577
	- fabric-registry-sync-v0 2.4.1+4c0a70e677
	- fabric-rendering-data-attachment-v1 0.3.39+92a0d36777
	- fabric-rendering-fluids-v1 3.0.29+1802ada577
	- fabric-resource-conditions-api-v1 2.3.9+1802ada577
	- fabric-resource-loader-v0 0.11.12+fb82e9d777
	- fabric-screen-handler-api-v1 1.3.34+1802ada577
	- fabric-transfer-api-v1 3.3.6+8dd72ea377
	- fabric-transitive-access-wideners-v1 4.3.2+1802ada577
	- fabricloader 0.19.3
	- java 21
	- minecraft 1.20.1
	- mixinextras 0.5.4
[m[34m[15:34:52][m [32m[main/INFO][m [36m(FabricLoader/Mixin)[m [0mSpongePowered MIXIN Subsystem Version=0.8.7 Source=file:/C:/Users/huhai/.gradle/caches/modules-2/files-2.1/net.fabricmc/sponge-mixin/0.17.3+mixin.0.8.7/41c4a3984a80f4679e759fb9f495587acc5cdac7/sponge-mixin-0.17.3+mixin.0.8.7.jar Service=Knot/Fabric Env=SERVER
[m[34m[15:34:52][m [32m[main/INFO][m [36m(FabricLoader/Mixin)[m [0mLoaded Fabric development mappings for mixin remapper!
[m[34m[15:34:53][m [32m[main/INFO][m [36m(FabricLoader/Mixin)[m [0mCompatibility level set to JAVA_17
[m[34m[15:34:53][m [32m[main/INFO][m [36m(FabricLoader/MixinExtras|Service)[m [0mInitializing MixinExtras via com.llamalad7.mixinextras.service.MixinExtrasServiceImpl(version=0.5.4).
[m[34m[15:35:07][m [32m[main/INFO][m [36m(dragonkiller)[m [0mDragonKiller RL Environment initializing...
[m[34m[15:35:07][m [32m[main/INFO][m [36m(dragonkiller)[m [0mPhase: PHASE 2 (IS_PHASE_2=true, rlphase=p2)
[m[34m[15:35:07][m [32m[main/INFO][m [36m(Minecraft)[m [0mEnvironment: authHost='https://authserver.mojang.com', accountsHost='https://api.mojang.com', sessionHost='https://sessionserver.mojang.com', servicesHost='https://api.minecraftservices.com', name='PROD'
[m[34m[15:35:12][m [32m[main/INFO][m [36m(Minecraft)[m [0mLoaded 7 recipes
[m[34m[15:35:12][m [32m[main/INFO][m [36m(Minecraft)[m [0mLoaded 1271 advancements
[m[34m[15:35:13][m [32m[main/INFO][m [36m(BiomeModificationImpl)[m [0mApplied 0 biome modifications to 0 of 64 new biomes in 3.614 ms
[m[34m[15:35:13][m [32m[Server thread/INFO][m [36m(Minecraft)[m [0mStarting minecraft server version 1.20.1
[m[34m[15:35:13][m [32m[Server thread/INFO][m [36m(Minecraft)[m [0mLoading properties
[m[34m[15:35:13][m [32m[Server thread/INFO][m [36m(Minecraft)[m [0mDefault game type: SURVIVAL
[m[34m[15:35:13][m [32m[Server thread/INFO][m [36m(Minecraft)[m [0mGenerating keypair
[m[34m[15:35:13][m [32m[Server thread/INFO][m [36m(Minecraft)[m [0mStarting Minecraft server on *:25672
[m[34m[15:35:13][m [32m[Server thread/INFO][m [36m(Minecraft)[m [0mUsing default channel type
[m[34m[15:35:14][m [33m[Server thread/WARN][m [36m(Minecraft)[m [0m**** SERVER IS RUNNING IN OFFLINE/INSECURE MODE!
[m[34m[15:35:14][m [33m[Server thread/WARN][m [36m(Minecraft)[m [0mThe server will make no attempt to authenticate usernames. Beware.
[m[34m[15:35:14][m [33m[Server thread/WARN][m [36m(Minecraft)[m [0mWhile this makes the game possible to play without internet access, it also opens up the ability for hackers to connect with any username they choose.
[m[34m[15:35:14][m [33m[Server thread/WARN][m [36m(Minecraft)[m [0mTo change this, set "online-mode" to "true" in the server.properties file.
[m[34m[15:35:14][m [32m[Server thread/INFO][m [36m(Minecraft)[m [0mPreparing level "world"
[m[34m[15:35:15][m [32m[Server thread/INFO][m [36m(Minecraft)[m [0mPreparing start region for dimension minecraft:overworld
[m[34m[15:35:18][m [32m[Worker-Main-25/INFO][m [36m(Minecraft)[m [0mPreparing spawn area: 0%
[m[34m[15:35:18][m [32m[Worker-Main-25/INFO][m [36m(Minecraft)[m [0mPreparing spawn area: 0%
[m[34m[15:35:18][m [32m[Worker-Main-13/INFO][m [36m(Minecraft)[m [0mPreparing spawn area: 0%
[m[34m[15:35:18][m [32m[Worker-Main-12/INFO][m [36m(Minecraft)[m [0mPreparing spawn area: 0%
[m[34m[15:35:18][m [32m[Worker-Main-13/INFO][m [36m(Minecraft)[m [0mPreparing spawn area: 0%
[m[34m[15:35:18][m [32m[Worker-Main-13/INFO][m [36m(Minecraft)[m [0mPreparing spawn area: 0%
[m[34m[15:35:18][m [32m[Worker-Main-25/INFO][m [36m(Minecraft)[m [0mPreparing spawn area: 0%
[m[34m[15:35:18][m [32m[Worker-Main-21/INFO][m [36m(Minecraft)[m [0mPreparing spawn area: 0%
[m[34m[15:35:19][m [32m[Worker-Main-8/INFO][m [36m(Minecraft)[m [0mPreparing spawn area: 1%
[m[34m[15:35:19][m [32m[Worker-Main-14/INFO][m [36m(Minecraft)[m [0mPreparing spawn area: 2%
[m[34m[15:35:20][m [32m[Worker-Main-7/INFO][m [36m(Minecraft)[m [0mPreparing spawn area: 10%
[m[34m[15:35:20][m [32m[Worker-Main-11/INFO][m [36m(Minecraft)[m [0mPreparing spawn area: 27%
[m[34m[15:35:21][m [32m[Worker-Main-5/INFO][m [36m(Minecraft)[m [0mPreparing spawn area: 54%
[m[34m[15:35:21][m [32m[Worker-Main-7/INFO][m [36m(Minecraft)[m [0mPreparing spawn area: 56%
[m[34m[15:35:22][m [32m[Worker-Main-28/INFO][m [36m(Minecraft)[m [0mPreparing spawn area: 68%
[m[34m[15:35:22][m [32m[Worker-Main-2/INFO][m [36m(Minecraft)[m [0mPreparing spawn area: 68%
[m[34m[15:35:23][m [32m[Worker-Main-20/INFO][m [36m(Minecraft)[m [0mPreparing spawn area: 68%
[m[34m[15:35:23][m [32m[Worker-Main-2/INFO][m [36m(Minecraft)[m [0mPreparing spawn area: 68%
[m[34m[15:35:24][m [32m[Worker-Main-10/INFO][m [36m(Minecraft)[m [0mPreparing spawn area: 74%
[m[34m[15:35:24][m [32m[Worker-Main-20/INFO][m [36m(Minecraft)[m [0mPreparing spawn area: 75%
[m[34m[15:35:25][m [32m[Worker-Main-28/INFO][m [36m(Minecraft)[m [0mPreparing spawn area: 81%
[m[34m[15:35:26][m [32m[Worker-Main-5/INFO][m [36m(Minecraft)[m [0mPreparing spawn area: 83%
[m[34m[15:35:26][m [32m[Worker-Main-5/INFO][m [36m(Minecraft)[m [0mPreparing spawn area: 83%
[m[34m[15:35:26][m [32m[Worker-Main-19/INFO][m [36m(Minecraft)[m [0mPreparing spawn area: 84%
[m[34m[15:35:27][m [32m[Worker-Main-31/INFO][m [36m(Minecraft)[m [0mPreparing spawn area: 84%
[m[34m[15:35:27][m [32m[Worker-Main-30/INFO][m [36m(Minecraft)[m [0mPreparing spawn area: 85%
[m[34m[15:35:28][m [32m[Worker-Main-7/INFO][m [36m(Minecraft)[m [0mPreparing spawn area: 89%
[m[34m[15:35:28][m [32m[Worker-Main-7/INFO][m [36m(Minecraft)[m [0mPreparing spawn area: 90%
[m[34m[15:35:29][m [32m[Worker-Main-29/INFO][m [36m(Minecraft)[m [0mPreparing spawn area: 90%
[m[34m[15:35:29][m [32m[Worker-Main-29/INFO][m [36m(Minecraft)[m [0mPreparing spawn area: 91%
[m[34m[15:35:30][m [32m[Worker-Main-18/INFO][m [36m(Minecraft)[m [0mPreparing spawn area: 92%
[m[34m[15:35:31][m [32m[Worker-Main-4/INFO][m [36m(Minecraft)[m [0mPreparing spawn area: 93%
[m[34m[15:35:31][m [32m[Worker-Main-15/INFO][m [36m(Minecraft)[m [0mPreparing spawn area: 94%
[m[34m[15:35:31][m [32m[Worker-Main-23/INFO][m [36m(Minecraft)[m [0mPreparing spawn area: 96%
[m[34m[15:35:32][m [32m[Worker-Main-16/INFO][m [36m(Minecraft)[m [0mPreparing spawn area: 97%
[m[34m[15:35:32][m [32m[Worker-Main-1/INFO][m [36m(Minecraft)[m [0mPreparing spawn area: 99%
[m[34m[15:35:32][m [32m[Server thread/INFO][m [36m(Minecraft)[m [0mTime elapsed: 17665 ms
[m[34m[15:35:32][m [32m[Server thread/INFO][m [36m(Minecraft)[m [0mDone (18.847s)! For help, type "help"
[m[34m[15:35:33][m [32m[Server thread/INFO][m [36m(dragonkiller)[m [0mRL SocketServer listening on port 5672
[m[34m[15:35:33][m [32m[Server thread/INFO][m [36m(dragonkiller)[m [0mBotPlayer created: RLBot (UUID: 75749aa9-5dfe-307b-9f25-d1c6891f911a)
[m[34m[15:35:33][m [32m[Server thread/INFO][m [36m(dragonkiller)[m [0mRLTickHandler initialized with BotPlayer
[m[34m[15:35:33][m [32m[Server thread/INFO][m [36m(dragonkiller)[m [0mRL client connected: /127.0.0.1:64399
[m[34m[15:35:33][m [32m[Server thread/INFO][m [36m(dragonkiller)[m [0mBotPlayer created: RLBot (UUID: 75749aa9-5dfe-307b-9f25-d1c6891f911a)
[m[34m[15:35:33][m [32m[Server thread/INFO][m [36m(dragonkiller)[m [0m[RESET] Phase 2 dragon spawned at (0, 128, 0) in HOLDING_PATTERN
[m[34m[15:35:33][m [32m[Server thread/INFO][m [36m(dragonkiller)[m [0mEpisode 1 started
[m[34m[15:35:33][m [32m[Server thread/INFO][m [36m(dragonkiller)[m [0m[RESET] Episode 1 started, bot at (0.0,65.0,43.0) hp=20.0 dragonHp=0.0
[m[34m[15:35:35][m [33m[Server thread/WARN][m [36m(Minecraft)[m [0mCan't keep up! Is the server overloaded? Running 2003ms or 200 ticks behind
[m[34m[15:35:37][m [32m[Server thread/INFO][m [36m(dragonkiller)[m [0m[RATE] 100 TPS (interval=10ms, mspt=5.2ms)
[m[34m[15:35:39][m [32m[Server thread/INFO][m [36m(dragonkiller)[m [0m[RATE] 100 TPS (interval=10ms, mspt=10.5ms)
[m[34m[15:35:41][m [32m[Server thread/INFO][m [36m(dragonkiller)[m [0m[RATE] 100 TPS (interval=10ms, mspt=9.4ms)
[m[34m[15:35:43][m [32m[Server thread/INFO][m [36m(dragonkiller)[m [0m[RATE] 100 TPS (interval=10ms, mspt=3.4ms)
[m[34m[15:35:45][m [32m[Server thread/INFO][m [36m(dragonkiller)[m [0m[RATE] 100 TPS (interval=10ms, mspt=3.0ms)
[m[34m[15:35:47][m [32m[Server thread/INFO][m [36m(dragonkiller)[m [0m[RATE] 100 TPS (interval=10ms, mspt=3.1ms)
[m[34m[15:35:49][m [32m[Server thread/INFO][m [36m(dragonkiller)[m [0m[RATE] 100 TPS (interval=10ms, mspt=7.8ms)
[m[34m[15:35:51][m [32m[Server thread/INFO][m [36m(dragonkiller)[m [0m[RATE] 100 TPS (interval=10ms, mspt=5.7ms)
[m[34m[15:35:53][m [32m[Server thread/INFO][m [36m(dragonkiller)[m [0m[RATE] 100 TPS (interval=10ms, mspt=3.8ms)
[m[34m[15:35:55][m [32m[Server thread/INFO][m [36m(dragonkiller)[m [0m[RATE] 100 TPS (interval=10ms, mspt=3.1ms)
[m[34m[15:35:57][m [32m[Server thread/INFO][m [36m(dragonkiller)[m [0m[RATE] 100 TPS (interval=10ms, mspt=3.8ms)
[m[34m[15:35:59][m [32m[Server thread/INFO][m [36m(dragonkiller)[m [0m[RATE] 100 TPS (interval=10ms, mspt=6.3ms)
[m[34m[15:36:01][m [32m[Server thread/INFO][m [36m(dragonkiller)[m [0m[RATE] 100 TPS (interval=10ms, mspt=3.3ms)
[m[34m[15:36:03][m [32m[Server thread/INFO][m [36m(dragonkiller)[m [0m[RATE] 100 TPS (interval=10ms, mspt=2.7ms)
[m[34m[15:36:05][m [32m[Server thread/INFO][m [36m(dragonkiller)[m [0m[RATE] 100 TPS (interval=10ms, mspt=2.5ms)
[m[34m[15:36:07][m [32m[Server thread/INFO][m [36m(dragonkiller)[m [0m[RATE] 100 TPS (interval=10ms, mspt=2.6ms)
[m[34m[15:36:09][m [32m[Server thread/INFO][m [36m(dragonkiller)[m [0m[RATE] 100 TPS (interval=10ms, mspt=2.6ms)
[m[34m[15:36:11][m [32m[Server thread/INFO][m [36m(dragonkiller)[m [0m[RATE] 100 TPS (interval=10ms, mspt=2.8ms)
[m[34m[15:36:13][m [32m[Server thread/INFO][m [36m(dragonkiller)[m [0m[RATE] 100 TPS (interval=10ms, mspt=2.4ms)
[m[34m[15:36:15][m [32m[Server thread/INFO][m [36m(dragonkiller)[m [0m[RATE] 100 TPS (interval=10ms, mspt=2.5ms)
[m[34m[15:36:17][m [32m[Server thread/INFO][m [36m(dragonkiller)[m [0m[RATE] 100 TPS (interval=10ms, mspt=1.5ms)
[m[34m[15:36:19][m [32m[Server thread/INFO][m [36m(dragonkiller)[m [0m[RATE] 100 TPS (interval=10ms, mspt=2.0ms)
[m[34m[15:36:21][m [32m[Server thread/INFO][m [36m(dragonkiller)[m [0m[RATE] 100 TPS (interval=10ms, mspt=1.9ms)
[m[34m[15:36:23][m [32m[Server thread/INFO][m [36m(dragonkiller)[m [0m[RATE] 100 TPS (interval=10ms, mspt=1.9ms)
[m[34m[15:36:25][m [32m[Server thread/INFO][m [36m(dragonkiller)[m [0m[RATE] 100 TPS (interval=10ms, mspt=1.3ms)
[m[34m[15:36:27][m [32m[Server thread/INFO][m [36m(dragonkiller)[m [0m[RATE] 100 TPS (interval=10ms, mspt=1.3ms)
[m[34m[15:36:29][m [32m[Server thread/INFO][m [36m(dragonkiller)[m [0m[RATE] 100 TPS (interval=10ms, mspt=1.2ms)
[m[34m[15:36:31][m [32m[Server thread/INFO][m [36m(dragonkiller)[m [0m[RATE] 100 TPS (interval=10ms, mspt=1.2ms)
[m[34m[15:36:33][m [32m[Server thread/INFO][m [36m(dragonkiller)[m [0m[RATE] 100 TPS (interval=10ms, mspt=1.4ms)
[m[34m[15:36:35][m [32m[Server thread/INFO][m [36m(dragonkiller)[m [0m[RATE] 100 TPS (interval=10ms, mspt=9.9ms)
[m[34m[15:36:37][m [32m[Server thread/INFO][m [36m(dragonkiller)[m [0m[RATE] 100 TPS (interval=10ms, mspt=2.2ms)
[m[34m[15:36:39][m [32m[Server thread/INFO][m [36m(dragonkiller)[m [0m[RATE] 100 TPS (interval=10ms, mspt=1.2ms)
[m[34m[15:36:41][m [32m[Server thread/INFO][m [36m(dragonkiller)[m [0m[RATE] 100 TPS (interval=10ms, mspt=1.6ms)
[m[34m[15:36:43][m [32m[Server thread/INFO][m [36m(dragonkiller)[m [0m[RATE] 100 TPS (interval=10ms, mspt=1.9ms)
[m[34m[15:36:45][m [32m[Server thread/INFO][m [36m(dragonkiller)[m [0m[RATE] 100 TPS (interval=10ms, mspt=1.8ms)
[m[34m[15:36:47][m [32m[Server thread/INFO][m [36m(dragonkiller)[m [0m[RATE] 100 TPS (interval=10ms, mspt=1.7ms)
[m[34m[15:36:49][m [32m[Server thread/INFO][m [36m(dragonkiller)[m [0m[RATE] 100 TPS (interval=10ms, mspt=1.5ms)
[m[34m[15:36:51][m [32m[Server thread/INFO][m [36m(dragonkiller)[m [0m[RATE] 100 TPS (interval=10ms, mspt=1.6ms)
[m[34m[15:36:53][m [32m[Server thread/INFO][m [36m(dragonkiller)[m [0m[RATE] 100 TPS (interval=10ms, mspt=2.6ms)
[m[34m[15:36:55][m [32m[Server thread/INFO][m [36m(dragonkiller)[m [0m[RATE] 100 TPS (interval=10ms, mspt=1.5ms)
[m[34m[15:36:57][m [32m[Server thread/INFO][m [36m(dragonkiller)[m [0m[RATE] 100 TPS (interval=10ms, mspt=1.3ms)
[m[34m[15:36:59][m [32m[Server thread/INFO][m [36m(dragonkiller)[m [0m[RATE] 100 TPS (interval=10ms, mspt=1.6ms)
[m[34m[15:37:01][m [32m[Server thread/INFO][m [36m(dragonkiller)[m [0m[RATE] 100 TPS (interval=10ms, mspt=1.3ms)
[m[34m[15:37:03][m [32m[Server thread/INFO][m [36m(dragonkiller)[m [0m[RATE] 100 TPS (interval=10ms, mspt=1.4ms)
[m[34m[15:37:05][m [32m[Server thread/INFO][m [36m(dragonkiller)[m [0m[RATE] 100 TPS (interval=10ms, mspt=1.3ms)
[m[34m[15:37:07][m [32m[Server thread/INFO][m [36m(dragonkiller)[m [0m[RATE] 100 TPS (interval=10ms, mspt=1.4ms)
[m[34m[15:37:09][m [32m[Server thread/INFO][m [36m(dragonkiller)[m [0m[RATE] 100 TPS (interval=10ms, mspt=1.8ms)
[m[34m[15:37:11][m [32m[Server thread/INFO][m [36m(dragonkiller)[m [0m[RATE] 100 TPS (interval=10ms, mspt=1.4ms)
[m[34m[15:37:13][m [32m[Server thread/INFO][m [36m(dragonkiller)[m [0m[RATE] 100 TPS (interval=10ms, mspt=1.4ms)
[m[34m[15:37:15][m [32m[Server thread/INFO][m [36m(dragonkiller)[m [0m[RATE] 100 TPS (interval=10ms, mspt=1.3ms)
[m[34m[15:37:17][m [32m[Server thread/INFO][m [36m(dragonkiller)[m [0m[RATE] 100 TPS (interval=10ms, mspt=1.3ms)
[m[34m[15:37:19][m [32m[Server thread/INFO][m [36m(dragonkiller)[m [0m[RATE] 100 TPS (interval=10ms, mspt=1.4ms)
[m[34m[15:37:21][m [32m[Server thread/INFO][m [36m(dragonkiller)[m [0m[RATE] 100 TPS (interval=10ms, mspt=1.5ms)
[m[34m[15:37:23][m [32m[Server thread/INFO][m [36m(dragonkiller)[m [0m[RATE] 100 TPS (interval=10ms, mspt=1.3ms)
[m[34m[15:37:25][m [32m[Server thread/INFO][m [36m(dragonkiller)[m [0m[RATE] 100 TPS (interval=10ms, mspt=1.3ms)
[m[34m[15:37:26][m [32m[Server thread/INFO][m [36m(Minecraft)[m [0mRLBot fell out of the world
[m[34m[15:37:26][m [32m[Server thread/INFO][m [36m(dragonkiller)[m [0m[DEATH] Bot died! hp=0.0 reason=player_died reward=-10.0
[m[34m[15:37:26][m [32m[Server thread/INFO][m [36m(dragonkiller)[m [0m[EPISODE] Done reason=player_died totalReward=-68.64 ticks=11130
[m[34m[15:37:26][m [32m[Server thread/INFO][m [36m(dragonkiller)[m [0mEpisode 1 ended: player_died (11130 ticks, total reward: -68.63986694000307)
[m[34m[15:37:26][m [32m[Server thread/INFO][m [36m(dragonkiller)[m [0m[EPISODE] Episode 1 ended: player_died (11130 ticks, total reward: -68.64)
[m[34m[15:37:26][m [33m[Server thread/WARN][m [36m(dragonkiller)[m [0m[STEP] Ignored — episode state is DONE (not RUNNING)
[m[34m[15:37:26][m [32m[Server thread/INFO][m [36m(dragonkiller)[m [0mBotPlayer created: RLBot (UUID: 75749aa9-5dfe-307b-9f25-d1c6891f911a)
[m[34m[15:37:26][m [32m[Server thread/INFO][m [36m(dragonkiller)[m [0m[RESET] Phase 2 dragon spawned at (0, 128, 0) in HOLDING_PATTERN
[m[34m[15:37:26][m [32m[Server thread/INFO][m [36m(dragonkiller)[m [0mEpisode 2 started
[m[34m[15:37:26][m [32m[Server thread/INFO][m [36m(dragonkiller)[m [0m[RESET] Episode 2 started, bot at (0.0,65.0,43.0) hp=20.0 dragonHp=200.0
[m[34m[15:37:27][m [32m[Server thread/INFO][m [36m(dragonkiller)[m [0m[RATE] 100 TPS (interval=10ms, mspt=1.8ms)
[m[34m[15:37:29][m [32m[Server thread/INFO][m [36m(dragonkiller)[m [0m[RATE] 100 TPS (interval=10ms, mspt=1.4ms)
[m[34m[15:37:31][m [32m[Server thread/INFO][m [36m(dragonkiller)[m [0m[RATE] 100 TPS (interval=10ms, mspt=1.3ms)
[m[34m[15:37:33][m [32m[Server thread/INFO][m [36m(dragonkiller)[m [0m[RATE] 100 TPS (interval=10ms, mspt=1.3ms)
[m[34m[15:37:35][m [32m[Server thread/INFO][m [36m(dragonkiller)[m [0m[RATE] 100 TPS (interval=10ms, mspt=4.8ms)
[m[34m[15:37:37][m [32m[Server thread/INFO][m [36m(dragonkiller)[m [0m[RATE] 100 TPS (interval=10ms, mspt=1.2ms)
[m[34m[15:37:39][m [32m[Server thread/INFO][m [36m(dragonkiller)[m [0m[RATE] 100 TPS (interval=10ms, mspt=2.2ms)
[m[34m[15:37:41][m [32m[Server thread/INFO][m [36m(dragonkiller)[m [0m[RATE] 100 TPS (interval=10ms, mspt=1.5ms)
[m[34m[15:37:43][m [32m[Server thread/INFO][m [36m(dragonkiller)[m [0m[RATE] 100 TPS (interval=10ms, mspt=1.6ms)
[m[34m[15:37:45][m [32m[Server thread/INFO][m [36m(dragonkiller)[m [0m[RATE] 100 TPS (interval=10ms, mspt=1.5ms)
[m[34m[15:37:47][m [32m[Server thread/INFO][m [36m(dragonkiller)[m [0m[RATE] 100 TPS (interval=10ms, mspt=2.1ms)
[m[34m[15:37:49][m [32m[Server thread/INFO][m [36m(dragonkiller)[m [0m[RATE] 100 TPS (interval=10ms, mspt=1.3ms)
[m[34m[15:37:51][m [32m[Server thread/INFO][m [36m(dragonkiller)[m [0m[RATE] 100 TPS (interval=10ms, mspt=1.6ms)
[m[34m[15:37:53][m [32m[Server thread/INFO][m [36m(dragonkiller)[m [0m[RATE] 100 TPS (interval=10ms, mspt=1.3ms)
[m[34m[15:37:55][m [32m[Server thread/INFO][m [36m(dragonkiller)[m [0m[RATE] 100 TPS (interval=10ms, mspt=1.4ms)
[m[34m[15:37:57][m [32m[Server thread/INFO][m [36m(dragonkiller)[m [0m[RATE] 100 TPS (interval=10ms, mspt=1.5ms)
[m[34m[15:37:59][m [32m[Server thread/INFO][m [36m(dragonkiller)[m [0m[RATE] 100 TPS (interval=10ms, mspt=0.9ms)
[m[34m[15:38:01][m [32m[Server thread/INFO][m [36m(dragonkiller)[m [0m[RATE] 100 TPS (interval=10ms, mspt=1.0ms)
[m[34m[15:38:03][m [32m[Server thread/INFO][m [36m(dragonkiller)[m [0m[RATE] 100 TPS (interval=10ms, mspt=0.9ms)
[m[34m[15:38:05][m [32m[Server thread/INFO][m [36m(dragonkiller)[m [0m[RATE] 100 TPS (interval=10ms, mspt=0.9ms)
[m[34m[15:38:07][m [32m[Server thread/INFO][m [36m(dragonkiller)[m [0m[RATE] 100 TPS (interval=10ms, mspt=0.9ms)
[m[34m[15:38:09][m [32m[Server thread/INFO][m [36m(dragonkiller)[m [0m[RATE] 100 TPS (interval=10ms, mspt=0.9ms)
[m[34m[15:38:11][m [32m[Server thread/INFO][m [36m(dragonkiller)[m [0m[RATE] 100 TPS (interval=10ms, mspt=1.0ms)
[m[34m[15:38:13][m [32m[Server thread/INFO][m [36m(dragonkiller)[m [0m[RATE] 100 TPS (interval=10ms, mspt=0.9ms)
[m[34m[15:38:15][m [32m[Server thread/INFO][m [36m(dragonkiller)[m [0m[RATE] 100 TPS (interval=10ms, mspt=0.9ms)
[m[34m[15:38:17][m [32m[Server thread/INFO][m [36m(dragonkiller)[m [0m[RATE] 100 TPS (interval=10ms, mspt=1.0ms)
[m[34m[15:38:19][m [32m[Server thread/INFO][m [36m(dragonkiller)[m [0m[RATE] 100 TPS (interval=10ms, mspt=1.0ms)
[m[34m[15:38:21][m [32m[Server thread/INFO][m [36m(dragonkiller)[m [0m[RATE] 100 TPS (interval=10ms, mspt=1.0ms)
[m[34m[15:38:23][m [32m[Server thread/INFO][m [36m(dragonkiller)[m [0m[RATE] 100 TPS (interval=10ms, mspt=0.9ms)
[m[34m[15:38:25][m [32m[Server thread/INFO][m [36m(dragonkiller)[m [0m[RATE] 100 TPS (interval=10ms, mspt=1.0ms)
[m[34m[15:38:27][m [32m[Server thread/INFO][m [36m(dragonkiller)[m [0m[RATE] 100 TPS (interval=10ms, mspt=0.9ms)
[m[34m[15:38:29][m [32m[Server thread/INFO][m [36m(dragonkiller)[m [0m[RATE] 100 TPS (interval=10ms, mspt=1.6ms)
[m[34m[15:38:31][m [32m[Server thread/INFO][m [36m(dragonkiller)[m [0m[RATE] 100 TPS (interval=10ms, mspt=1.3ms)
[m[34m[15:38:33][m [32m[Server thread/INFO][m [36m(dragonkiller)[m [0m[RATE] 100 TPS (interval=10ms, mspt=1.2ms)
[m[34m[15:38:35][m [32m[Server thread/INFO][m [36m(dragonkiller)[m [0m[RATE] 100 TPS (interval=10ms, mspt=5.6ms)
[m[34m[15:38:37][m [32m[Server thread/INFO][m [36m(dragonkiller)[m [0m[RATE] 100 TPS (interval=10ms, mspt=1.3ms)
[m[34m[15:38:39][m [32m[Server thread/INFO][m [36m(dragonkiller)[m [0m[RATE] 100 TPS (interval=10ms, mspt=0.9ms)
[m[34m[15:38:41][m [32m[Server thread/INFO][m [36m(dragonkiller)[m [0m[RATE] 100 TPS (interval=10ms, mspt=0.8ms)
[m[34m[15:38:43][m [32m[Server thread/INFO][m [36m(dragonkiller)[m [0m[RATE] 100 TPS (interval=10ms, mspt=0.8ms)
[m[34m[15:38:45][m [32m[Server thread/INFO][m [36m(dragonkiller)[m [0m[RATE] 100 TPS (interval=10ms, mspt=0.9ms)
[m[34m[15:38:47][m [32m[Server thread/INFO][m [36m(dragonkiller)[m [0m[RATE] 100 TPS (interval=10ms, mspt=0.8ms)
[m[34m[15:38:49][m [32m[Server thread/INFO][m [36m(dragonkiller)[m [0m[RATE] 100 TPS (interval=10ms, mspt=0.9ms)
[m[34m[15:38:51][m [32m[Server thread/INFO][m [36m(dragonkiller)[m [0m[RATE] 100 TPS (interval=10ms, mspt=1.1ms)
[m[34m[15:38:51][m [32m[Server thread/INFO][m [36m(Minecraft)[m [0mRLBot fell out of the world
[m[34m[15:38:51][m [32m[Server thread/INFO][m [36m(dragonkiller)[m [0m[DEATH] Bot died! hp=0.0 reason=player_died reward=-10.0
[m[34m[15:38:51][m [32m[Server thread/INFO][m [36m(dragonkiller)[m [0m[EPISODE] Done reason=player_died totalReward=-5484.51 ticks=8497
[m[34m[15:38:51][m [32m[Server thread/INFO][m [36m(dragonkiller)[m [0mEpisode 2 ended: player_died (8497 ticks, total reward: -5484.507262157999)
[m[34m[15:38:51][m [32m[Server thread/INFO][m [36m(dragonkiller)[m [0m[EPISODE] Episode 2 ended: player_died (8497 ticks, total reward: -5484.51)
[m[34m[15:38:53][m [32m[Server thread/INFO][m [36m(dragonkiller)[m [0m[RATE] 100 TPS (interval=10ms, mspt=0.4ms)
[m[34m[15:38:55][m [32m[Server thread/INFO][m [36m(dragonkiller)[m [0m[RATE] 100 TPS (interval=10ms, mspt=0.4ms)
[m[34m[15:38:56][m [33m[Server thread/WARN][m [36m(dragonkiller)[m [0m[STEP] Ignored — episode state is DONE (not RUNNING)
[m[34m[15:38:56][m [32m[Server thread/INFO][m [36m(dragonkiller)[m [0mBotPlayer created: RLBot (UUID: 75749aa9-5dfe-307b-9f25-d1c6891f911a)
[m[34m[15:38:56][m [32m[Server thread/INFO][m [36m(dragonkiller)[m [0m[RESET] Phase 2 dragon spawned at (0, 128, 0) in HOLDING_PATTERN
[m[34m[15:38:56][m [32m[Server thread/INFO][m [36m(dragonkiller)[m [0mEpisode 3 started
[m[34m[15:38:56][m [32m[Server thread/INFO][m [36m(dragonkiller)[m [0m[RESET] Episode 3 started, bot at (0.0,65.0,43.0) hp=20.0 dragonHp=0.0
[m[34m[15:38:56][m [33m[Server thread/WARN][m [36m(Minecraft)[m [0mSkipping player strafe phase because no player was found
[m[34m[15:38:57][m [32m[Server thread/INFO][m [36m(dragonkiller)[m [0m[RATE] 100 TPS (interval=10ms, mspt=1.7ms)
[m[34m[15:38:59][m [32m[Server thread/INFO][m [36m(dragonkiller)[m [0m[RATE] 100 TPS (interval=10ms, mspt=1.4ms)
[m[34m[15:39:01][m [32m[Server thread/INFO][m [36m(dragonkiller)[m [0m[RATE] 100 TPS (interval=10ms, mspt=2.3ms)
[m[34m[15:39:03][m [32m[Server thread/INFO][m [36m(dragonkiller)[m [0m[RATE] 100 TPS (interval=10ms, mspt=1.5ms)
[m[34m[15:39:05][m [32m[Server thread/INFO][m [36m(dragonkiller)[m [0m[RATE] 100 TPS (interval=10ms, mspt=1.3ms)
[m[34m[15:39:07][m [32m[Server thread/INFO][m [36m(dragonkiller)[m [0m[RATE] 100 TPS (interval=10ms, mspt=1.3ms)
[m[34m[15:39:09][m [32m[Server thread/INFO][m [36m(dragonkiller)[m [0m[RATE] 100 TPS (interval=10ms, mspt=1.8ms)
[m[34m[15:39:11][m [32m[Server thread/INFO][m [36m(dragonkiller)[m [0m[RATE] 100 TPS (interval=10ms, mspt=1.4ms)
[m[34m[15:39:13][m [32m[Server thread/INFO][m [36m(dragonkiller)[m [0m[RATE] 100 TPS (interval=10ms, mspt=1.4ms)
[m[34m[15:39:15][m [32m[Server thread/INFO][m [36m(dragonkiller)[m [0m[RATE] 100 TPS (interval=10ms, mspt=1.7ms)
[m[34m[15:39:17][m [32m[Server thread/INFO][m [36m(dragonkiller)[m [0m[RATE] 100 TPS (interval=10ms, mspt=1.6ms)
[m[34m[15:39:19][m [32m[Server thread/INFO][m [36m(dragonkiller)[m [0m[RATE] 100 TPS (interval=10ms, mspt=2.1ms)
[m[34m[15:39:21][m [32m[Server thread/INFO][m [36m(dragonkiller)[m [0m[RATE] 100 TPS (interval=10ms, mspt=1.6ms)
[m[34m[15:39:23][m [32m[Server thread/INFO][m [36m(dragonkiller)[m [0m[RATE] 100 TPS (interval=10ms, mspt=1.6ms)
[m[34m[15:39:25][m [32m[Server thread/INFO][m [36m(dragonkiller)[m [0m[RATE] 100 TPS (interval=10ms, mspt=1.7ms)
[m[34m[15:39:27][m [32m[Server thread/INFO][m [36m(dragonkiller)[m [0m[RATE] 100 TPS (interval=10ms, mspt=1.8ms)
[m[34m[15:39:29][m [32m[Server thread/INFO][m [36m(dragonkiller)[m [0m[RATE] 100 TPS (interval=10ms, mspt=1.6ms)
[m[34m[15:39:31][m [32m[Server thread/INFO][m [36m(dragonkiller)[m [0m[RATE] 100 TPS (interval=10ms, mspt=1.5ms)
[m[34m[15:39:33][m [32m[Server thread/INFO][m [36m(dragonkiller)[m [0m[RATE] 100 TPS (interval=10ms, mspt=1.5ms)
[m[34m[15:39:35][m [32m[Server thread/INFO][m [36m(dragonkiller)[m [0m[RATE] 100 TPS (interval=10ms, mspt=5.3ms)
[m[34m[15:39:37][m [32m[Server thread/INFO][m [36m(dragonkiller)[m [0m[RATE] 100 TPS (interval=10ms, mspt=1.6ms)
[m[34m[15:39:39][m [32m[Server thread/INFO][m [36m(dragonkiller)[m [0m[RATE] 100 TPS (interval=10ms, mspt=1.8ms)
[m[34m[15:39:41][m [32m[Server thread/INFO][m [36m(dragonkiller)[m [0m[RATE] 100 TPS (interval=10ms, mspt=1.7ms)
[m[34m[15:39:43][m [32m[Server thread/INFO][m [36m(dragonkiller)[m [0m[RATE] 100 TPS (interval=10ms, mspt=1.5ms)
[m[34m[15:39:45][m [32m[Server thread/INFO][m [36m(dragonkiller)[m [0m[RATE] 100 TPS (interval=10ms, mspt=1.5ms)
[m[34m[15:39:47][m [32m[Server thread/INFO][m [36m(dragonkiller)[m [0m[RATE] 100 TPS (interval=10ms, mspt=1.7ms)
[m[34m[15:39:49][m [32m[Server thread/INFO][m [36m(dragonkiller)[m [0m[RATE] 100 TPS (interval=10ms, mspt=1.8ms)
[m[34m[15:39:51][m [32m[Server thread/INFO][m [36m(dragonkiller)[m [0m[RATE] 100 TPS (interval=10ms, mspt=1.7ms)
[m[34m[15:39:53][m [32m[Server thread/INFO][m [36m(dragonkiller)[m [0m[RATE] 100 TPS (interval=10ms, mspt=1.7ms)
[m[34m[15:39:55][m [32m[Server thread/INFO][m [36m(dragonkiller)[m [0m[RATE] 100 TPS (interval=10ms, mspt=1.4ms)
[m[34m[15:39:57][m [32m[Server thread/INFO][m [36m(dragonkiller)[m [0m[RATE] 100 TPS (interval=10ms, mspt=1.5ms)
[m[34m[15:39:59][m [32m[Server thread/INFO][m [36m(dragonkiller)[m [0m[RATE] 100 TPS (interval=10ms, mspt=1.4ms)
[m[34m[15:40:01][m [32m[Server thread/INFO][m [36m(dragonkiller)[m [0m[RATE] 100 TPS (interval=10ms, mspt=1.6ms)
[m[34m[15:40:03][m [32m[Server thread/INFO][m [36m(dragonkiller)[m [0m[RATE] 100 TPS (interval=10ms, mspt=1.6ms)
[m[34m[15:40:05][m [32m[Server thread/INFO][m [36m(dragonkiller)[m [0m[RATE] 100 TPS (interval=10ms, mspt=1.8ms)
[m[34m[15:40:07][m [32m[Server thread/INFO][m [36m(dragonkiller)[m [0m[RATE] 100 TPS (interval=10ms, mspt=1.8ms)
[m[34m[15:40:09][m [32m[Server thread/INFO][m [36m(dragonkiller)[m [0m[RATE] 100 TPS (interval=10ms, mspt=1.9ms)
[m[34m[15:40:11][m [32m[Server thread/INFO][m [36m(dragonkiller)[m [0m[RATE] 100 TPS (interval=10ms, mspt=1.6ms)
[m[34m[15:40:13][m [32m[Server thread/INFO][m [36m(dragonkiller)[m [0m[RATE] 100 TPS (interval=10ms, mspt=1.3ms)
[m[34m[15:40:15][m [32m[Server thread/INFO][m [36m(dragonkiller)[m [0m[RATE] 100 TPS (interval=10ms, mspt=1.4ms)
[m[34m[15:40:17][m [32m[Server thread/INFO][m [36m(dragonkiller)[m [0m[RATE] 100 TPS (interval=10ms, mspt=1.0ms)
[m[34m[15:40:19][m [32m[Server thread/INFO][m [36m(dragonkiller)[m [0m[RATE] 100 TPS (interval=10ms, mspt=0.9ms)
[m[34m[15:40:21][m [32m[Server thread/INFO][m [36m(dragonkiller)[m [0m[RATE] 100 TPS (interval=10ms, mspt=0.9ms)
[m[34m[15:40:23][m [32m[Server thread/INFO][m [36m(dragonkiller)[m [0m[RATE] 100 TPS (interval=10ms, mspt=0.9ms)
[m[34m[15:40:25][m [32m[Server thread/INFO][m [36m(dragonkiller)[m [0m[RATE] 100 TPS (interval=10ms, mspt=1.0ms)
[m[34m[15:40:27][m [32m[Server thread/INFO][m [36m(dragonkiller)[m [0m[RATE] 100 TPS (interval=10ms, mspt=0.9ms)
[m[34m[15:40:29][m [32m[Server thread/INFO][m [36m(dragonkiller)[m [0m[RATE] 100 TPS (interval=10ms, mspt=0.8ms)
[m[34m[15:40:31][m [32m[Server thread/INFO][m [36m(dragonkiller)[m [0m[RATE] 100 TPS (interval=10ms, mspt=0.9ms)
[m[34m[15:40:33][m [32m[Server thread/INFO][m [36m(dragonkiller)[m [0m[RATE] 100 TPS (interval=10ms, mspt=0.8ms)
[m[34m[15:40:35][m [32m[Server thread/INFO][m [36m(dragonkiller)[m [0m[RATE] 100 TPS (interval=10ms, mspt=6.3ms)
[m[34m[15:40:37][m [32m[Server thread/INFO][m [36m(dragonkiller)[m [0m[RATE] 100 TPS (interval=10ms, mspt=0.9ms)
[m[34m[15:40:39][m [32m[Server thread/INFO][m [36m(dragonkiller)[m [0m[RATE] 100 TPS (interval=10ms, mspt=1.0ms)
[m[34m[15:40:41][m [32m[Server thread/INFO][m [36m(dragonkiller)[m [0m[RATE] 100 TPS (interval=10ms, mspt=0.9ms)
[m[34m[15:40:43][m [32m[Server thread/INFO][m [36m(dragonkiller)[m [0m[RATE] 100 TPS (interval=10ms, mspt=0.8ms)
[m[34m[15:40:45][m [32m[Server thread/INFO][m [36m(dragonkiller)[m [0m[RATE] 100 TPS (interval=10ms, mspt=0.8ms)
[m[34m[15:40:47][m [32m[Server thread/INFO][m [36m(dragonkiller)[m [0m[RATE] 100 TPS (interval=10ms, mspt=0.9ms)
[m[34m[15:40:49][m [32m[Server thread/INFO][m [36m(dragonkiller)[m [0m[RATE] 100 TPS (interval=10ms, mspt=0.9ms)
[m[34m[15:40:51][m [32m[Server thread/INFO][m [36m(dragonkiller)[m [0m[RATE] 100 TPS (interval=10ms, mspt=0.8ms)
[m[34m[15:40:53][m [32m[Server thread/INFO][m [36m(dragonkiller)[m [0m[RATE] 100 TPS (interval=10ms, mspt=0.9ms)
[m[34m[15:40:55][m [32m[Server thread/INFO][m [36m(dragonkiller)[m [0m[RATE] 100 TPS (interval=10ms, mspt=0.9ms)
[m[34m[15:40:57][m [32m[Server thread/INFO][m [36m(dragonkiller)[m [0m[RATE] 100 TPS (interval=10ms, mspt=0.9ms)
[m[34m[15:40:59][m [32m[Server thread/INFO][m [36m(dragonkiller)[m [0m[RATE] 100 TPS (interval=10ms, mspt=1.4ms)
[m[34m[15:41:01][m [32m[Server thread/INFO][m [36m(dragonkiller)[m [0m[RATE] 100 TPS (interval=10ms, mspt=0.8ms)
[m[34m[15:41:03][m [32m[Server thread/INFO][m [36m(dragonkiller)[m [0m[RATE] 100 TPS (interval=10ms, mspt=0.9ms)
[m[34m[15:41:05][m [32m[Server thread/INFO][m [36m(dragonkiller)[m [0m[RATE] 100 TPS (interval=10ms, mspt=0.8ms)
[m[34m[15:41:07][m [32m[Server thread/INFO][m [36m(dragonkiller)[m [0m[RATE] 100 TPS (interval=10ms, mspt=1.2ms)
[m[34m[15:41:09][m [32m[Server thread/INFO][m [36m(dragonkiller)[m [0m[RATE] 100 TPS (interval=10ms, mspt=0.9ms)
[m[34m[15:41:11][m [32m[Server thread/INFO][m [36m(dragonkiller)[m [0m[RATE] 100 TPS (interval=10ms, mspt=1.0ms)
[m[34m[15:41:13][m [32m[Server thread/INFO][m [36m(dragonkiller)[m [0m[RATE] 100 TPS (interval=10ms, mspt=0.9ms)
[m[34m[15:41:15][m [32m[Server thread/INFO][m [36m(dragonkiller)[m [0m[RATE] 100 TPS (interval=10ms, mspt=0.8ms)
[m[34m[15:41:17][m [32m[Server thread/INFO][m [36m(dragonkiller)[m [0m[RATE] 100 TPS (interval=10ms, mspt=0.9ms)
[m[34m[15:41:19][m [32m[Server thread/INFO][m [36m(dragonkiller)[m [0m[RATE] 100 TPS (interval=10ms, mspt=0.8ms)
[m[34m[15:41:21][m [32m[Server thread/INFO][m [36m(dragonkiller)[m [0m[RATE] 100 TPS (interval=10ms, mspt=0.7ms)
[m[34m[15:41:23][m [32m[Server thread/INFO][m [36m(dragonkiller)[m [0m[RATE] 100 TPS (interval=10ms, mspt=0.8ms)
[m[34m[15:41:25][m [32m[Server thread/INFO][m [36m(dragonkiller)[m [0m[RATE] 100 TPS (interval=10ms, mspt=0.8ms)
[m[34m[15:41:27][m [32m[Server thread/INFO][m [36m(dragonkiller)[m [0m[RATE] 100 TPS (interval=10ms, mspt=0.8ms)
[m[34m[15:41:29][m [32m[Server thread/INFO][m [36m(dragonkiller)[m [0m[RATE] 100 TPS (interval=10ms, mspt=0.6ms)
[m[34m[15:41:31][m [32m[Server thread/INFO][m [36m(dragonkiller)[m [0m[RATE] 100 TPS (interval=10ms, mspt=1.1ms)
[m[34m[15:41:33][m [32m[Server thread/INFO][m [36m(dragonkiller)[m [0m[RATE] 100 TPS (interval=10ms, mspt=0.9ms)
[m[34m[15:41:35][m [32m[Server thread/INFO][m [36m(dragonkiller)[m [0m[RATE] 100 TPS (interval=10ms, mspt=5.5ms)
[m[34m[15:41:37][m [32m[Server thread/INFO][m [36m(dragonkiller)[m [0m[RATE] 100 TPS (interval=10ms, mspt=0.9ms)
[m[34m[15:41:39][m [32m[Server thread/INFO][m [36m(dragonkiller)[m [0m[RATE] 100 TPS (interval=10ms, mspt=0.8ms)
[m[34m[15:41:41][m [32m[Server thread/INFO][m [36m(dragonkiller)[m [0m[RATE] 100 TPS (interval=10ms, mspt=0.9ms)
[m[34m[15:41:43][m [32m[Server thread/INFO][m [36m(dragonkiller)[m [0m[RATE] 100 TPS (interval=10ms, mspt=0.9ms)
[m[34m[15:41:45][m [32m[Server thread/INFO][m [36m(dragonkiller)[m [0m[RATE] 100 TPS (interval=10ms, mspt=0.8ms)
[m[34m[15:41:47][m [32m[Server thread/INFO][m [36m(dragonkiller)[m [0m[RATE] 100 TPS (interval=10ms, mspt=0.8ms)
[m[34m[15:41:49][m [32m[Server thread/INFO][m [36m(dragonkiller)[m [0m[RATE] 100 TPS (interval=10ms, mspt=0.8ms)
[m[34m[15:41:51][m [32m[Server thread/INFO][m [36m(dragonkiller)[m [0m[RATE] 100 TPS (interval=10ms, mspt=0.8ms)
[m[34m[15:41:53][m [32m[Server thread/INFO][m [36m(dragonkiller)[m [0m[RATE] 100 TPS (interval=10ms, mspt=0.9ms)
[m[34m[15:41:55][m [32m[Server thread/INFO][m [36m(dragonkiller)[m [0m[RATE] 100 TPS (interval=10ms, mspt=0.9ms)
[m[34m[15:41:57][m [32m[Server thread/INFO][m [36m(dragonkiller)[m [0m[RATE] 100 TPS (interval=10ms, mspt=1.6ms)
[m[34m[15:41:58][m [32m[Server thread/INFO][m [36m(dragonkiller)[m [0m[EPISODE] Done reason=timeout totalReward=-9477.95 ticks=18270
[m[34m[15:41:58][m [32m[Server thread/INFO][m [36m(dragonkiller)[m [0mEpisode 3 ended: timeout (18270 ticks, total reward: -9477.949599810741)
[m[34m[15:41:58][m [32m[Server thread/INFO][m [36m(dragonkiller)[m [0m[EPISODE] Episode 3 ended: timeout (18270 ticks, total reward: -9477.95)
[m[34m[15:41:58][m [32m[Server thread/INFO][m [36m(dragonkiller)[m [0mBotPlayer created: RLBot (UUID: 75749aa9-5dfe-307b-9f25-d1c6891f911a)
[m[34m[15:41:58][m [32m[Server thread/INFO][m [36m(dragonkiller)[m [0m[RESET] Phase 2 dragon spawned at (0, 128, 0) in HOLDING_PATTERN
[m[34m[15:41:58][m [32m[Server thread/INFO][m [36m(dragonkiller)[m [0mEpisode 4 started
[m[34m[15:41:58][m [32m[Server thread/INFO][m [36m(dragonkiller)[m [0m[RESET] Episode 4 started, bot at (0.0,65.0,43.0) hp=20.0 dragonHp=200.0
[m[34m[15:41:59][m [32m[Server thread/INFO][m [36m(dragonkiller)[m [0m[RATE] 100 TPS (interval=10ms, mspt=1.5ms)
[m[34m[15:42:01][m [32m[Server thread/INFO][m [36m(dragonkiller)[m [0m[RATE] 100 TPS (interval=10ms, mspt=1.6ms)
[m[34m[15:42:03][m [32m[Server thread/INFO][m [36m(dragonkiller)[m [0m[RATE] 100 TPS (interval=10ms, mspt=1.7ms)
[m[34m[15:42:05][m [32m[Server thread/INFO][m [36m(dragonkiller)[m [0m[RATE] 100 TPS (interval=10ms, mspt=1.3ms)
[m[34m[15:42:07][m [32m[Server thread/INFO][m [36m(dragonkiller)[m [0m[RATE] 100 TPS (interval=10ms, mspt=1.8ms)
[m[34m[15:42:09][m [32m[Server thread/INFO][m [36m(dragonkiller)[m [0m[RATE] 100 TPS (interval=10ms, mspt=1.5ms)
[m[34m[15:42:11][m [32m[Server thread/INFO][m [36m(dragonkiller)[m [0m[RATE] 100 TPS (interval=10ms, mspt=1.6ms)
[m[34m[15:42:13][m [32m[Server thread/INFO][m [36m(dragonkiller)[m [0m[RATE] 100 TPS (interval=10ms, mspt=1.7ms)
[m[34m[15:42:15][m [32m[Server thread/INFO][m [36m(dragonkiller)[m [0m[RATE] 100 TPS (interval=10ms, mspt=1.4ms)
[m[34m[15:42:17][m [32m[Server thread/INFO][m [36m(dragonkiller)[m [0m[RATE] 100 TPS (interval=10ms, mspt=1.5ms)
[m[34m[15:42:19][m [32m[Server thread/INFO][m [36m(dragonkiller)[m [0m[RATE] 100 TPS (interval=10ms, mspt=1.5ms)
[m[34m[15:42:21][m [32m[Server thread/INFO][m [36m(dragonkiller)[m [0m[RATE] 100 TPS (interval=10ms, mspt=1.5ms)
[m[34m[15:42:23][m [32m[Server thread/INFO][m [36m(dragonkiller)[m [0m[RATE] 100 TPS (interval=10ms, mspt=1.5ms)
[m[34m[15:42:25][m [32m[Server thread/INFO][m [36m(dragonkiller)[m [0m[RATE] 100 TPS (interval=10ms, mspt=1.5ms)
[m[34m[15:42:27][m [32m[Server thread/INFO][m [36m(dragonkiller)[m [0m[RATE] 100 TPS (interval=10ms, mspt=1.5ms)
[m[34m[15:42:29][m [32m[Server thread/INFO][m [36m(dragonkiller)[m [0m[RATE] 100 TPS (interval=10ms, mspt=1.6ms)
[m[34m[15:42:31][m [32m[Server thread/INFO][m [36m(dragonkiller)[m [0m[RATE] 100 TPS (interval=10ms, mspt=1.5ms)
[m[34m[15:42:33][m [32m[Server thread/INFO][m [36m(dragonkiller)[m [0m[RATE] 100 TPS (interval=10ms, mspt=1.6ms)
[m[34m[15:42:35][m [32m[Server thread/INFO][m [36m(dragonkiller)[m [0m[RATE] 100 TPS (interval=10ms, mspt=5.0ms)
[m[34m[15:42:37][m [32m[Server thread/INFO][m [36m(dragonkiller)[m [0m[RATE] 100 TPS (interval=10ms, mspt=1.6ms)
[m[34m[15:42:39][m [32m[Server thread/INFO][m [36m(dragonkiller)[m [0m[RATE] 100 TPS (interval=10ms, mspt=1.3ms)
[m[34m[15:42:41][m [32m[Server thread/INFO][m [36m(dragonkiller)[m [0m[RATE] 100 TPS (interval=10ms, mspt=1.6ms)
[m[34m[15:42:43][m [32m[Server thread/INFO][m [36m(dragonkiller)[m [0m[RATE] 100 TPS (interval=10ms, mspt=2.0ms)
[m[34m[15:42:45][m [32m[Server thread/INFO][m [36m(dragonkiller)[m [0m[RATE] 100 TPS (interval=10ms, mspt=1.5ms)
[m[34m[15:42:47][m [32m[Server thread/INFO][m [36m(dragonkiller)[m [0m[RATE] 100 TPS (interval=10ms, mspt=1.5ms)
[m[34m[15:42:49][m [32m[Server thread/INFO][m [36m(dragonkiller)[m [0m[RATE] 100 TPS (interval=10ms, mspt=2.5ms)
[m[34m[15:42:51][m [32m[Server thread/INFO][m [36m(dragonkiller)[m [0m[RATE] 100 TPS (interval=10ms, mspt=1.2ms)
[m[34m[15:42:53][m [32m[Server thread/INFO][m [36m(dragonkiller)[m [0m[RATE] 100 TPS (interval=10ms, mspt=1.6ms)
[m[34m[15:42:55][m [32m[Server thread/INFO][m [36m(dragonkiller)[m [0m[RATE] 100 TPS (interval=10ms, mspt=1.6ms)
[m[34m[15:42:57][m [32m[Server thread/INFO][m [36m(dragonkiller)[m [0m[RATE] 100 TPS (interval=10ms, mspt=1.8ms)
[m[34m[15:42:59][m [32m[Server thread/INFO][m [36m(dragonkiller)[m [0m[RATE] 100 TPS (interval=10ms, mspt=2.2ms)
[m[34m[15:43:01][m [32m[Server thread/INFO][m [36m(dragonkiller)[m [0m[RATE] 100 TPS (interval=10ms, mspt=1.4ms)
[m[34m[15:43:03][m [32m[Server thread/INFO][m [36m(dragonkiller)[m [0m[RATE] 100 TPS (interval=10ms, mspt=1.5ms)
[m[34m[15:43:05][m [32m[Server thread/INFO][m [36m(dragonkiller)[m [0m[RATE] 100 TPS (interval=10ms, mspt=1.6ms)
[m[34m[15:43:07][m [32m[Server thread/INFO][m [36m(dragonkiller)[m [0m[RATE] 100 TPS (interval=10ms, mspt=1.5ms)
[m[34m[15:43:09][m [32m[Server thread/INFO][m [36m(dragonkiller)[m [0m[RATE] 100 TPS (interval=10ms, mspt=1.3ms)
[m[34m[15:43:11][m [32m[Server thread/INFO][m [36m(dragonkiller)[m [0m[RATE] 100 TPS (interval=10ms, mspt=1.4ms)
[m[34m[15:43:13][m [32m[Server thread/INFO][m [36m(dragonkiller)[m [0m[RATE] 100 TPS (interval=10ms, mspt=1.5ms)
[m[34m[15:43:15][m [32m[Server thread/INFO][m [36m(dragonkiller)[m [0m[RATE] 100 TPS (interval=10ms, mspt=1.5ms)
[m[34m[15:43:17][m [32m[Server thread/INFO][m [36m(dragonkiller)[m [0m[RATE] 100 TPS (interval=10ms, mspt=1.5ms)
[m[34m[15:43:19][m [32m[Server thread/INFO][m [36m(dragonkiller)[m [0m[RATE] 100 TPS (interval=10ms, mspt=1.7ms)
[m[34m[15:43:21][m [32m[Server thread/INFO][m [36m(dragonkiller)[m [0m[RATE] 100 TPS (interval=10ms, mspt=1.3ms)
[m[34m[15:43:23][m [32m[Server thread/INFO][m [36m(dragonkiller)[m [0m[RATE] 100 TPS (interval=10ms, mspt=2.1ms)
[m[34m[15:43:25][m [32m[Server thread/INFO][m [36m(dragonkiller)[m [0m[RATE] 100 TPS (interval=10ms, mspt=1.5ms)
[m[34m[15:43:27][m [32m[Server thread/INFO][m [36m(dragonkiller)[m [0m[RATE] 100 TPS (interval=10ms, mspt=1.6ms)
[m[34m[15:43:29][m [32m[Server thread/INFO][m [36m(dragonkiller)[m [0m[RATE] 100 TPS (interval=10ms, mspt=1.6ms)
[m[34m[15:43:31][m [32m[Server thread/INFO][m [36m(dragonkiller)[m [0m[RATE] 100 TPS (interval=10ms, mspt=1.3ms)
[m[34m[15:43:33][m [32m[Server thread/INFO][m [36m(dragonkiller)[m [0m[RATE] 100 TPS (interval=10ms, mspt=2.0ms)
[m[34m[15:43:35][m [32m[Server thread/INFO][m [36m(dragonkiller)[m [0m[RATE] 100 TPS (interval=10ms, mspt=4.8ms)
[m[34m[15:43:37][m [32m[Server thread/INFO][m [36m(dragonkiller)[m [0m[RATE] 100 TPS (interval=10ms, mspt=1.4ms)
[m[34m[15:43:39][m [32m[Server thread/INFO][m [36m(dragonkiller)[m [0m[RATE] 100 TPS (interval=10ms, mspt=1.4ms)
[m[34m[15:43:41][m [32m[Server thread/INFO][m [36m(dragonkiller)[m [0m[RATE] 100 TPS (interval=10ms, mspt=1.3ms)
[m[34m[15:43:43][m [32m[Server thread/INFO][m [36m(dragonkiller)[m [0m[RATE] 100 TPS (interval=10ms, mspt=1.2ms)
[m[34m[15:43:45][m [32m[Server thread/INFO][m [36m(dragonkiller)[m [0m[RATE] 100 TPS (interval=10ms, mspt=1.6ms)
[m[34m[15:43:47][m [32m[Server thread/INFO][m [36m(dragonkiller)[m [0m[RATE] 100 TPS (interval=10ms, mspt=1.4ms)
[m[34m[15:43:49][m [32m[Server thread/INFO][m [36m(dragonkiller)[m [0m[RATE] 100 TPS (interval=10ms, mspt=1.5ms)
[m[34m[15:43:51][m [32m[Server thread/INFO][m [36m(dragonkiller)[m [0m[RATE] 100 TPS (interval=10ms, mspt=1.5ms)
[m[34m[15:43:53][m [32m[Server thread/INFO][m [36m(dragonkiller)[m [0m[RATE] 100 TPS (interval=10ms, mspt=1.6ms)
[m[34m[15:43:55][m [32m[Server thread/INFO][m [36m(dragonkiller)[m [0m[RATE] 100 TPS (interval=10ms, mspt=1.6ms)
[m[34m[15:43:57][m [32m[Server thread/INFO][m [36m(dragonkiller)[m [0m[RATE] 100 TPS (interval=10ms, mspt=1.5ms)
[m[34m[15:43:59][m [32m[Server thread/INFO][m [36m(dragonkiller)[m [0m[RATE] 100 TPS (interval=10ms, mspt=1.7ms)
[m[34m[15:44:01][m [32m[Server thread/INFO][m [36m(dragonkiller)[m [0m[RATE] 100 TPS (interval=10ms, mspt=1.9ms)
[m[34m[15:44:03][m [32m[Server thread/INFO][m [36m(dragonkiller)[m [0m[RATE] 100 TPS (interval=10ms, mspt=1.6ms)
[m[34m[15:44:05][m [32m[Server thread/INFO][m [36m(dragonkiller)[m [0m[RATE] 100 TPS (interval=10ms, mspt=2.1ms)
[m[34m[15:44:07][m [32m[Server thread/INFO][m [36m(dragonkiller)[m [0m[RATE] 100 TPS (interval=10ms, mspt=1.5ms)
[m[34m[15:44:09][m [32m[Server thread/INFO][m [36m(dragonkiller)[m [0m[RATE] 100 TPS (interval=10ms, mspt=1.5ms)
[m[34m[15:44:11][m [32m[Server thread/INFO][m [36m(dragonkiller)[m [0m[RATE] 100 TPS (interval=10ms, mspt=1.8ms)
[m[34m[15:44:13][m [32m[Server thread/INFO][m [36m(dragonkiller)[m [0m[RATE] 100 TPS (interval=10ms, mspt=1.9ms)
[m[34m[15:44:15][m [32m[Server thread/INFO][m [36m(dragonkiller)[m [0m[RATE] 100 TPS (interval=10ms, mspt=1.6ms)
[m[34m[15:44:17][m [32m[Server thread/INFO][m [36m(dragonkiller)[m [0m[RATE] 100 TPS (interval=10ms, mspt=1.6ms)
[m[34m[15:44:19][m [32m[Server thread/INFO][m [36m(dragonkiller)[m [0m[RATE] 100 TPS (interval=10ms, mspt=1.6ms)
[m[34m[15:44:21][m [32m[Server thread/INFO][m [36m(dragonkiller)[m [0m[RATE] 100 TPS (interval=10ms, mspt=1.6ms)
[m[34m[15:44:23][m [32m[Server thread/INFO][m [36m(dragonkiller)[m [0m[RATE] 100 TPS (interval=10ms, mspt=1.5ms)
[m[34m[15:44:25][m [32m[Server thread/INFO][m [36m(dragonkiller)[m [0m[RATE] 100 TPS (interval=10ms, mspt=1.6ms)
[m[34m[15:44:27][m [32m[Server thread/INFO][m [36m(dragonkiller)[m [0m[RATE] 100 TPS (interval=10ms, mspt=1.6ms)
[m[34m[15:44:29][m [32m[Server thread/INFO][m [36m(dragonkiller)[m [0m[RATE] 100 TPS (interval=10ms, mspt=1.7ms)
[m[34m[15:44:31][m [32m[Server thread/INFO][m [36m(dragonkiller)[m [0m[RATE] 100 TPS (interval=10ms, mspt=1.7ms)
[m[34m[15:44:33][m [32m[Server thread/INFO][m [36m(dragonkiller)[m [0m[RATE] 100 TPS (interval=10ms, mspt=1.7ms)
[m[34m[15:44:35][m [32m[Server thread/INFO][m [36m(dragonkiller)[m [0m[RATE] 100 TPS (interval=10ms, mspt=4.8ms)
[m[34m[15:44:37][m [32m[Server thread/INFO][m [36m(dragonkiller)[m [0m[RATE] 100 TPS (interval=10ms, mspt=2.0ms)
[m[34m[15:44:39][m [32m[Server thread/INFO][m [36m(dragonkiller)[m [0m[RATE] 100 TPS (interval=10ms, mspt=1.6ms)
[m[34m[15:44:41][m [32m[Server thread/INFO][m [36m(dragonkiller)[m [0m[RATE] 100 TPS (interval=10ms, mspt=1.8ms)
[m[34m[15:44:43][m [32m[Server thread/INFO][m [36m(dragonkiller)[m [0m[RATE] 100 TPS (interval=10ms, mspt=1.8ms)
[m[34m[15:44:45][m [32m[Server thread/INFO][m [36m(dragonkiller)[m [0m[RATE] 100 TPS (interval=10ms, mspt=1.7ms)
[m[34m[15:44:47][m [32m[Server thread/INFO][m [36m(dragonkiller)[m [0m[RATE] 100 TPS (interval=10ms, mspt=1.5ms)
[m[34m[15:44:49][m [32m[Server thread/INFO][m [36m(dragonkiller)[m [0m[RATE] 100 TPS (interval=10ms, mspt=1.5ms)
[m[34m[15:44:51][m [32m[Server thread/INFO][m [36m(dragonkiller)[m [0m[RATE] 100 TPS (interval=10ms, mspt=1.5ms)
[m[34m[15:44:53][m [32m[Server thread/INFO][m [36m(dragonkiller)[m [0m[RATE] 100 TPS (interval=10ms, mspt=1.5ms)
[m[34m[15:44:55][m [32m[Server thread/INFO][m [36m(dragonkiller)[m [0m[RATE] 100 TPS (interval=10ms, mspt=1.7ms)
[m[34m[15:44:57][m [32m[Server thread/INFO][m [36m(dragonkiller)[m [0m[RATE] 100 TPS (interval=10ms, mspt=1.7ms)
[m[34m[15:44:58][m [32m[Server thread/INFO][m [36m(dragonkiller)[m [0m[EPISODE] Done reason=timeout totalReward=35.57 ticks=18000
[m[34m[15:44:58][m [32m[Server thread/INFO][m [36m(dragonkiller)[m [0mEpisode 4 ended: timeout (18000 ticks, total reward: 35.56824349131912)
[m[34m[15:44:58][m [32m[Server thread/INFO][m [36m(dragonkiller)[m [0m[EPISODE] Episode 4 ended: timeout (18000 ticks, total reward: 35.57)
[m[34m[15:44:58][m [32m[Server thread/INFO][m [36m(dragonkiller)[m [0mBotPlayer created: RLBot (UUID: 75749aa9-5dfe-307b-9f25-d1c6891f911a)
[m[34m[15:44:58][m [32m[Server thread/INFO][m [36m(dragonkiller)[m [0m[RESET] Phase 2 dragon spawned at (0, 128, 0) in HOLDING_PATTERN
[m[34m[15:44:58][m [32m[Server thread/INFO][m [36m(dragonkiller)[m [0mEpisode 5 started
[m[34m[15:44:58][m [32m[Server thread/INFO][m [36m(dragonkiller)[m [0m[RESET] Episode 5 started, bot at (0.0,65.0,43.0) hp=20.0 dragonHp=200.0
[m[34m[15:44:59][m [32m[Server thread/INFO][m [36m(dragonkiller)[m [0m[RATE] 100 TPS (interval=10ms, mspt=1.5ms)
[m[34m[15:45:01][m [32m[Server thread/INFO][m [36m(dragonkiller)[m [0m[RATE] 100 TPS (interval=10ms, mspt=1.6ms)
[m[34m[15:45:03][m [32m[Server thread/INFO][m [36m(dragonkiller)[m [0m[RATE] 100 TPS (interval=10ms, mspt=1.8ms)
[m[34m[15:45:05][m [32m[Server thread/INFO][m [36m(dragonkiller)[m [0m[RATE] 100 TPS (interval=10ms, mspt=1.6ms)
[m[34m[15:45:07][m [32m[Server thread/INFO][m [36m(dragonkiller)[m [0m[RATE] 100 TPS (interval=10ms, mspt=2.0ms)
[m[34m[15:45:09][m [32m[Server thread/INFO][m [36m(dragonkiller)[m [0m[RATE] 100 TPS (interval=10ms, mspt=1.3ms)
[m[34m[15:45:11][m [32m[Server thread/INFO][m [36m(dragonkiller)[m [0m[RATE] 100 TPS (interval=10ms, mspt=1.5ms)
[m[34m[15:45:13][m [32m[Server thread/INFO][m [36m(dragonkiller)[m [0m[RATE] 100 TPS (interval=10ms, mspt=1.3ms)
[m[34m[15:45:15][m [32m[Server thread/INFO][m [36m(dragonkiller)[m [0m[RATE] 100 TPS (interval=10ms, mspt=1.4ms)
[m[34m[15:45:17][m [32m[Server thread/INFO][m [36m(dragonkiller)[m [0m[RATE] 100 TPS (interval=10ms, mspt=1.2ms)
[m[34m[15:45:19][m [32m[Server thread/INFO][m [36m(dragonkiller)[m [0m[RATE] 100 TPS (interval=10ms, mspt=1.1ms)
[m[34m[15:45:21][m [32m[Server thread/INFO][m [36m(dragonkiller)[m [0m[RATE] 100 TPS (interval=10ms, mspt=1.2ms)
[m[34m[15:45:23][m [32m[Server thread/INFO][m [36m(dragonkiller)[m [0m[RATE] 100 TPS (interval=10ms, mspt=1.9ms)
[m[34m[15:45:25][m [32m[Server thread/INFO][m [36m(dragonkiller)[m [0m[RATE] 100 TPS (interval=10ms, mspt=1.7ms)
[m[34m[15:45:27][m [32m[Server thread/INFO][m [36m(dragonkiller)[m [0m[RATE] 100 TPS (interval=10ms, mspt=1.7ms)
[m[34m[15:45:29][m [32m[Server thread/INFO][m [36m(dragonkiller)[m [0m[RATE] 100 TPS (interval=10ms, mspt=1.6ms)
[m[34m[15:45:31][m [32m[Server thread/INFO][m [36m(dragonkiller)[m [0m[RATE] 100 TPS (interval=10ms, mspt=1.6ms)
[m[34m[15:45:33][m [32m[Server thread/INFO][m [36m(dragonkiller)[m [0m[RATE] 100 TPS (interval=10ms, mspt=1.4ms)
[m[34m[15:45:35][m [32m[Server thread/INFO][m [36m(dragonkiller)[m [0m[RATE] 100 TPS (interval=10ms, mspt=6.5ms)
[m[34m[15:45:37][m [32m[Server thread/INFO][m [36m(dragonkiller)[m [0m[RATE] 100 TPS (interval=10ms, mspt=1.5ms)
[m[34m[15:45:39][m [32m[Server thread/INFO][m [36m(dragonkiller)[m [0m[RATE] 100 TPS (interval=10ms, mspt=1.6ms)
[m[34m[15:45:41][m [32m[Server thread/INFO][m [36m(dragonkiller)[m [0m[RATE] 100 TPS (interval=10ms, mspt=1.5ms)
[m[34m[15:45:43][m [32m[Server thread/INFO][m [36m(dragonkiller)[m [0m[RATE] 100 TPS (interval=10ms, mspt=1.6ms)
[m[34m[15:45:45][m [32m[Server thread/INFO][m [36m(dragonkiller)[m [0m[RATE] 100 TPS (interval=10ms, mspt=1.6ms)
[m[34m[15:45:47][m [32m[Server thread/INFO][m [36m(dragonkiller)[m [0m[RATE] 100 TPS (interval=10ms, mspt=1.5ms)
[m[34m[15:45:49][m [32m[Server thread/INFO][m [36m(dragonkiller)[m [0m[RATE] 100 TPS (interval=10ms, mspt=1.7ms)
[m[34m[15:45:51][m [32m[Server thread/INFO][m [36m(dragonkiller)[m [0m[RATE] 100 TPS (interval=10ms, mspt=1.6ms)
[m[34m[15:45:53][m [32m[Server thread/INFO][m [36m(dragonkiller)[m [0m[RATE] 100 TPS (interval=10ms, mspt=1.6ms)
[m[34m[15:45:55][m [32m[Server thread/INFO][m [36m(dragonkiller)[m [0m[RATE] 100 TPS (interval=10ms, mspt=1.6ms)
[m[34m[15:45:57][m [32m[Server thread/INFO][m [36m(dragonkiller)[m [0m[RATE] 100 TPS (interval=10ms, mspt=1.5ms)
[m[34m[15:45:59][m [32m[Server thread/INFO][m [36m(dragonkiller)[m [0m[RATE] 100 TPS (interval=10ms, mspt=1.7ms)
[m[34m[15:46:01][m [32m[Server thread/INFO][m [36m(dragonkiller)[m [0m[RATE] 100 TPS (interval=10ms, mspt=1.7ms)
[m[34m[15:46:03][m [32m[Server thread/INFO][m [36m(dragonkiller)[m [0m[RATE] 100 TPS (interval=10ms, mspt=1.7ms)
[m[34m[15:46:05][m [32m[Server thread/INFO][m [36m(dragonkiller)[m [0m[RATE] 100 TPS (interval=10ms, mspt=1.4ms)
[m[34m[15:46:07][m [32m[Server thread/INFO][m [36m(dragonkiller)[m [0m[RATE] 100 TPS (interval=10ms, mspt=1.4ms)
[m[34m[15:46:09][m [32m[Server thread/INFO][m [36m(dragonkiller)[m [0m[RATE] 100 TPS (interval=10ms, mspt=1.6ms)
[m[34m[15:46:11][m [32m[Server thread/INFO][m [36m(dragonkiller)[m [0m[RATE] 100 TPS (interval=10ms, mspt=1.7ms)
[m[34m[15:46:13][m [32m[Server thread/INFO][m [36m(dragonkiller)[m [0m[RATE] 100 TPS (interval=10ms, mspt=1.5ms)
[m[34m[15:46:15][m [32m[Server thread/INFO][m [36m(dragonkiller)[m [0m[RATE] 100 TPS (interval=10ms, mspt=1.5ms)
[m[34m[15:46:17][m [32m[Server thread/INFO][m [36m(dragonkiller)[m [0m[RATE] 100 TPS (interval=10ms, mspt=1.6ms)
[m[34m[15:46:19][m [32m[Server thread/INFO][m [36m(dragonkiller)[m [0m[RATE] 100 TPS (interval=10ms, mspt=1.5ms)
[m[34m[15:46:21][m [32m[Server thread/INFO][m [36m(dragonkiller)[m [0m[RATE] 100 TPS (interval=10ms, mspt=1.6ms)
[m[34m[15:46:23][m [32m[Server thread/INFO][m [36m(dragonkiller)[m [0m[RATE] 100 TPS (interval=10ms, mspt=1.5ms)
[m[34m[15:46:25][m [32m[Server thread/INFO][m [36m(dragonkiller)[m [0m[RATE] 100 TPS (interval=10ms, mspt=1.5ms)
[m[34m[15:46:27][m [32m[Server thread/INFO][m [36m(dragonkiller)[m [0m[RATE] 100 TPS (interval=10ms, mspt=1.6ms)
[m[34m[15:46:29][m [32m[Server thread/INFO][m [36m(dragonkiller)[m [0m[RATE] 100 TPS (interval=10ms, mspt=1.3ms)
[m[34m[15:46:31][m [32m[Server thread/INFO][m [36m(dragonkiller)[m [0m[RATE] 100 TPS (interval=10ms, mspt=1.5ms)
[m[34m[15:46:33][m [32m[Server thread/INFO][m [36m(dragonkiller)[m [0m[RATE] 100 TPS (interval=10ms, mspt=1.8ms)
[m[34m[15:46:35][m [32m[Server thread/INFO][m [36m(dragonkiller)[m [0m[RATE] 100 TPS (interval=10ms, mspt=6.4ms)
[m[34m[15:46:37][m [32m[Server thread/INFO][m [36m(dragonkiller)[m [0m[RATE] 100 TPS (interval=10ms, mspt=1.6ms)
[m[34m[15:46:39][m [32m[Server thread/INFO][m [36m(dragonkiller)[m [0m[RATE] 100 TPS (interval=10ms, mspt=1.6ms)
[m[34m[15:46:41][m [32m[Server thread/INFO][m [36m(dragonkiller)[m [0m[RATE] 100 TPS (interval=10ms, mspt=1.3ms)
[m[34m[15:46:43][m [32m[Server thread/INFO][m [36m(dragonkiller)[m [0m[RATE] 100 TPS (interval=10ms, mspt=1.5ms)
[m[34m[15:46:45][m [32m[Server thread/INFO][m [36m(dragonkiller)[m [0m[RATE] 100 TPS (interval=10ms, mspt=1.4ms)
[m[34m[15:46:47][m [32m[Server thread/INFO][m [36m(dragonkiller)[m [0m[RATE] 100 TPS (interval=10ms, mspt=1.6ms)
[m[34m[15:46:49][m [32m[Server thread/INFO][m [36m(dragonkiller)[m [0m[RATE] 100 TPS (interval=10ms, mspt=1.5ms)
[m[34m[15:46:51][m [32m[Server thread/INFO][m [36m(dragonkiller)[m [0m[RATE] 100 TPS (interval=10ms, mspt=1.5ms)
[m[34m[15:46:53][m [32m[Server thread/INFO][m [36m(dragonkiller)[m [0m[RATE] 100 TPS (interval=10ms, mspt=2.2ms)
[m[34m[15:46:55][m [32m[Server thread/INFO][m [36m(dragonkiller)[m [0m[RATE] 100 TPS (interval=10ms, mspt=3.2ms)
[m[34m[15:46:57][m [32m[Server thread/INFO][m [36m(dragonkiller)[m [0m[RATE] 100 TPS (interval=10ms, mspt=1.4ms)
[m[34m[15:46:59][m [32m[Server thread/INFO][m [36m(dragonkiller)[m [0m[RATE] 100 TPS (interval=10ms, mspt=1.6ms)
[m[34m[15:47:01][m [32m[Server thread/INFO][m [36m(dragonkiller)[m [0m[RATE] 100 TPS (interval=10ms, mspt=2.1ms)
[m[34m[15:47:03][m [32m[Server thread/INFO][m [36m(dragonkiller)[m [0m[RATE] 100 TPS (interval=10ms, mspt=1.4ms)
[m[34m[15:47:05][m [32m[Server thread/INFO][m [36m(dragonkiller)[m [0m[RATE] 100 TPS (interval=10ms, mspt=1.6ms)
[m[34m[15:47:07][m [32m[Server thread/INFO][m [36m(dragonkiller)[m [0m[RATE] 100 TPS (interval=10ms, mspt=1.3ms)
[m[34m[15:47:09][m [32m[Server thread/INFO][m [36m(dragonkiller)[m [0m[RATE] 100 TPS (interval=10ms, mspt=1.4ms)
[m[34m[15:47:11][m [32m[Server thread/INFO][m [36m(dragonkiller)[m [0m[RATE] 100 TPS (interval=10ms, mspt=1.6ms)
[m[34m[15:47:13][m [32m[Server thread/INFO][m [36m(dragonkiller)[m [0m[RATE] 100 TPS (interval=10ms, mspt=1.5ms)
[m[34m[15:47:15][m [32m[Server thread/INFO][m [36m(dragonkiller)[m [0m[RATE] 100 TPS (interval=10ms, mspt=1.5ms)
[m[34m[15:47:17][m [32m[Server thread/INFO][m [36m(dragonkiller)[m [0m[RATE] 100 TPS (interval=10ms, mspt=1.5ms)
[m[34m[15:47:19][m [32m[Server thread/INFO][m [36m(dragonkiller)[m [0m[RATE] 100 TPS (interval=10ms, mspt=1.3ms)
[m[34m[15:47:21][m [32m[Server thread/INFO][m [36m(dragonkiller)[m [0m[RATE] 100 TPS (interval=10ms, mspt=1.4ms)
[m[34m[15:47:23][m [32m[Server thread/INFO][m [36m(dragonkiller)[m [0m[RATE] 100 TPS (interval=10ms, mspt=1.4ms)
[m[34m[15:47:25][m [32m[Server thread/INFO][m [36m(dragonkiller)[m [0m[RATE] 100 TPS (interval=10ms, mspt=1.5ms)
[m[34m[15:47:27][m [32m[Server thread/INFO][m [36m(dragonkiller)[m [0m[RATE] 100 TPS (interval=10ms, mspt=1.2ms)
[m[34m[15:47:29][m [32m[Server thread/INFO][m [36m(dragonkiller)[m [0m[RATE] 100 TPS (interval=10ms, mspt=1.6ms)
[m[34m[15:47:31][m [32m[Server thread/INFO][m [36m(dragonkiller)[m [0m[RATE] 100 TPS (interval=10ms, mspt=1.5ms)
[m[34m[15:47:33][m [32m[Server thread/INFO][m [36m(dragonkiller)[m [0m[RATE] 100 TPS (interval=10ms, mspt=1.4ms)
[m[34m[15:47:35][m [32m[Server thread/INFO][m [36m(dragonkiller)[m [0m[RATE] 100 TPS (interval=10ms, mspt=6.4ms)
[m[34m[15:47:37][m [32m[Server thread/INFO][m [36m(dragonkiller)[m [0m[RATE] 100 TPS (interval=10ms, mspt=1.4ms)
[m[34m[15:47:39][m [32m[Server thread/INFO][m [36m(dragonkiller)[m [0m[RATE] 100 TPS (interval=10ms, mspt=1.4ms)
[m[34m[15:47:41][m [32m[Server thread/INFO][m [36m(dragonkiller)[m [0m[RATE] 100 TPS (interval=10ms, mspt=1.7ms)
[m[34m[15:47:43][m [32m[Server thread/INFO][m [36m(dragonkiller)[m [0m[RATE] 100 TPS (interval=10ms, mspt=1.5ms)
[m[34m[15:47:45][m [32m[Server thread/INFO][m [36m(dragonkiller)[m [0m[RATE] 100 TPS (interval=10ms, mspt=1.4ms)
[m[34m[15:47:47][m [32m[Server thread/INFO][m [36m(dragonkiller)[m [0m[RATE] 100 TPS (interval=10ms, mspt=1.5ms)
[m[34m[15:47:49][m [32m[Server thread/INFO][m [36m(dragonkiller)[m [0m[RATE] 100 TPS (interval=10ms, mspt=1.5ms)
[m[34m[15:47:51][m [32m[Server thread/INFO][m [36m(dragonkiller)[m [0m[RATE] 100 TPS (interval=10ms, mspt=1.3ms)
[m[34m[15:47:53][m [32m[Server thread/INFO][m [36m(dragonkiller)[m [0m[RATE] 100 TPS (interval=10ms, mspt=1.5ms)
[m[34m[15:47:55][m [32m[Server thread/INFO][m [36m(dragonkiller)[m [0m[RATE] 100 TPS (interval=10ms, mspt=1.5ms)
[m[34m[15:47:57][m [32m[Server thread/INFO][m [36m(dragonkiller)[m [0m[RATE] 100 TPS (interval=10ms, mspt=1.4ms)
[m[34m[15:47:59][m [32m[Server thread/INFO][m [36m(dragonkiller)[m [0m[RATE] 100 TPS (interval=10ms, mspt=1.4ms)
[m[34m[15:47:59][m [32m[Server thread/INFO][m [36m(dragonkiller)[m [0m[EPISODE] Done reason=timeout totalReward=25.59 ticks=18040
[m[34m[15:47:59][m [32m[Server thread/INFO][m [36m(dragonkiller)[m [0mEpisode 5 ended: timeout (18040 ticks, total reward: 25.585565962938094)
[m[34m[15:47:59][m [32m[Server thread/INFO][m [36m(dragonkiller)[m [0m[EPISODE] Episode 5 ended: timeout (18040 ticks, total reward: 25.59)
[m[34m[15:47:59][m [32m[Server thread/INFO][m [36m(dragonkiller)[m [0mBotPlayer created: RLBot (UUID: 75749aa9-5dfe-307b-9f25-d1c6891f911a)
[m[34m[15:47:59][m [32m[Server thread/INFO][m [36m(dragonkiller)[m [0m[RESET] Phase 2 dragon spawned at (0, 128, 0) in HOLDING_PATTERN
[m[34m[15:47:59][m [32m[Server thread/INFO][m [36m(dragonkiller)[m [0mEpisode 6 started
[m[34m[15:47:59][m [32m[Server thread/INFO][m [36m(dragonkiller)[m [0m[RESET] Episode 6 started, bot at (0.0,65.0,43.0) hp=20.0 dragonHp=200.0
[m[34m[15:48:01][m [32m[Server thread/INFO][m [36m(dragonkiller)[m [0m[RATE] 100 TPS (interval=10ms, mspt=1.6ms)
[m[34m[15:48:03][m [32m[Server thread/INFO][m [36m(dragonkiller)[m [0m[RATE] 100 TPS (interval=10ms, mspt=1.6ms)
[m[34m[15:48:05][m [32m[Server thread/INFO][m [36m(dragonkiller)[m [0m[RATE] 100 TPS (interval=10ms, mspt=1.6ms)
[m[34m[15:48:07][m [32m[Server thread/INFO][m [36m(dragonkiller)[m [0m[RATE] 100 TPS (interval=10ms, mspt=1.6ms)
[m[34m[15:48:09][m [32m[Server thread/INFO][m [36m(dragonkiller)[m [0m[RATE] 100 TPS (interval=10ms, mspt=1.7ms)
[m[34m[15:48:11][m [32m[Server thread/INFO][m [36m(dragonkiller)[m [0m[RATE] 100 TPS (interval=10ms, mspt=1.6ms)
[m[34m[15:48:13][m [32m[Server thread/INFO][m [36m(dragonkiller)[m [0m[RATE] 100 TPS (interval=10ms, mspt=2.3ms)
[m[34m[15:48:15][m [32m[Server thread/INFO][m [36m(dragonkiller)[m [0m[RATE] 100 TPS (interval=10ms, mspt=2.2ms)
[m[34m[15:48:17][m [32m[Server thread/INFO][m [36m(dragonkiller)[m [0m[RATE] 100 TPS (interval=10ms, mspt=1.4ms)
[m[34m[15:48:19][m [32m[Server thread/INFO][m [36m(dragonkiller)[m [0m[RATE] 100 TPS (interval=10ms, mspt=1.5ms)
[m[34m[15:48:21][m [32m[Server thread/INFO][m [36m(dragonkiller)[m [0m[RATE] 100 TPS (interval=10ms, mspt=1.3ms)
[m[34m[15:48:23][m [32m[Server thread/INFO][m [36m(dragonkiller)[m [0m[RATE] 100 TPS (interval=10ms, mspt=1.8ms)
[m[34m[15:48:25][m [32m[Server thread/INFO][m [36m(dragonkiller)[m [0m[RATE] 100 TPS (interval=10ms, mspt=1.5ms)
[m[34m[15:48:27][m [32m[Server thread/INFO][m [36m(dragonkiller)[m [0m[RATE] 100 TPS (interval=10ms, mspt=1.5ms)
[m[34m[15:48:29][m [32m[Server thread/INFO][m [36m(dragonkiller)[m [0m[RATE] 100 TPS (interval=10ms, mspt=1.2ms)
[m[34m[15:48:31][m [32m[Server thread/INFO][m [36m(dragonkiller)[m [0m[RATE] 100 TPS (interval=10ms, mspt=1.3ms)
[m[34m[15:48:33][m [32m[Server thread/INFO][m [36m(dragonkiller)[m [0m[RATE] 100 TPS (interval=10ms, mspt=1.8ms)
[m[34m[15:48:35][m [32m[Server thread/INFO][m [36m(dragonkiller)[m [0m[RATE] 100 TPS (interval=10ms, mspt=5.8ms)
[m[34m[15:48:37][m [32m[Server thread/INFO][m [36m(dragonkiller)[m [0m[RATE] 100 TPS (interval=10ms, mspt=1.6ms)
[m[34m[15:48:39][m [32m[Server thread/INFO][m [36m(dragonkiller)[m [0m[RATE] 100 TPS (interval=10ms, mspt=1.9ms)
[m[34m[15:48:41][m [32m[Server thread/INFO][m [36m(dragonkiller)[m [0m[RATE] 100 TPS (interval=10ms, mspt=1.5ms)
[m[34m[15:48:43][m [32m[Server thread/INFO][m [36m(dragonkiller)[m [0m[RATE] 100 TPS (interval=10ms, mspt=1.6ms)
[m[34m[15:48:45][m [32m[Server thread/INFO][m [36m(dragonkiller)[m [0m[RATE] 100 TPS (interval=10ms, mspt=1.6ms)
[m[34m[15:48:47][m [32m[Server thread/INFO][m [36m(dragonkiller)[m [0m[RATE] 100 TPS (interval=10ms, mspt=1.6ms)
[m[34m[15:48:49][m [32m[Server thread/INFO][m [36m(dragonkiller)[m [0m[RATE] 100 TPS (interval=10ms, mspt=1.5ms)
[m[34m[15:48:51][m [32m[Server thread/INFO][m [36m(dragonkiller)[m [0m[RATE] 100 TPS (interval=10ms, mspt=1.6ms)
[m[34m[15:48:53][m [32m[Server thread/INFO][m [36m(dragonkiller)[m [0m[RATE] 100 TPS (interval=10ms, mspt=1.4ms)
[m[34m[15:48:55][m [32m[Server thread/INFO][m [36m(dragonkiller)[m [0m[RATE] 100 TPS (interval=10ms, mspt=1.7ms)
[m[34m[15:48:57][m [32m[Server thread/INFO][m [36m(dragonkiller)[m [0m[RATE] 100 TPS (interval=10ms, mspt=1.7ms)
[m[34m[15:48:59][m [32m[Server thread/INFO][m [36m(dragonkiller)[m [0m[RATE] 100 TPS (interval=10ms, mspt=1.6ms)
[m[34m[15:49:01][m [32m[Server thread/INFO][m [36m(dragonkiller)[m [0m[RATE] 100 TPS (interval=10ms, mspt=1.5ms)
[m[34m[15:49:03][m [32m[Server thread/INFO][m [36m(dragonkiller)[m [0m[RATE] 100 TPS (interval=10ms, mspt=1.5ms)
[m[34m[15:49:05][m [32m[Server thread/INFO][m [36m(dragonkiller)[m [0m[RATE] 100 TPS (interval=10ms, mspt=2.3ms)
[m[34m[15:49:07][m [32m[Server thread/INFO][m [36m(dragonkiller)[m [0m[RATE] 100 TPS (interval=10ms, mspt=1.5ms)
[m[34m[15:49:09][m [32m[Server thread/INFO][m [36m(dragonkiller)[m [0m[RATE] 100 TPS (interval=10ms, mspt=1.6ms)
[m[34m[15:49:11][m [32m[Server thread/INFO][m [36m(dragonkiller)[m [0m[RATE] 100 TPS (interval=10ms, mspt=1.8ms)
[m[34m[15:49:13][m [32m[Server thread/INFO][m [36m(dragonkiller)[m [0m[RATE] 100 TPS (interval=10ms, mspt=1.5ms)
[m[34m[15:49:15][m [32m[Server thread/INFO][m [36m(dragonkiller)[m [0m[RATE] 100 TPS (interval=10ms, mspt=1.5ms)
[m[34m[15:49:17][m [32m[Server thread/INFO][m [36m(dragonkiller)[m [0m[RATE] 100 TPS (interval=10ms, mspt=1.6ms)
[m[34m[15:49:19][m [32m[Server thread/INFO][m [36m(dragonkiller)[m [0m[RATE] 100 TPS (interval=10ms, mspt=1.4ms)
[m[34m[15:49:21][m [32m[Server thread/INFO][m [36m(dragonkiller)[m [0m[RATE] 100 TPS (interval=10ms, mspt=1.7ms)
[m[34m[15:49:23][m [32m[Server thread/INFO][m [36m(dragonkiller)[m [0m[RATE] 100 TPS (interval=10ms, mspt=2.2ms)
[m[34m[15:49:25][m [32m[Server thread/INFO][m [36m(dragonkiller)[m [0m[RATE] 100 TPS (interval=10ms, mspt=1.7ms)
[m[34m[15:49:27][m [32m[Server thread/INFO][m [36m(dragonkiller)[m [0m[RATE] 100 TPS (interval=10ms, mspt=1.4ms)
[m[34m[15:49:29][m [32m[Server thread/INFO][m [36m(dragonkiller)[m [0m[RATE] 100 TPS (interval=10ms, mspt=1.5ms)
[m[34m[15:49:31][m [32m[Server thread/INFO][m [36m(dragonkiller)[m [0m[RATE] 100 TPS (interval=10ms, mspt=1.7ms)
[m[34m[15:49:33][m [32m[Server thread/INFO][m [36m(dragonkiller)[m [0m[RATE] 100 TPS (interval=10ms, mspt=1.6ms)
[m[34m[15:49:35][m [32m[Server thread/INFO][m [36m(dragonkiller)[m [0m[RATE] 100 TPS (interval=10ms, mspt=6.1ms)
[m[34m[15:49:37][m [32m[Server thread/INFO][m [36m(dragonkiller)[m [0m[RATE] 100 TPS (interval=10ms, mspt=1.5ms)
[m[34m[15:49:39][m [32m[Server thread/INFO][m [36m(dragonkiller)[m [0m[RATE] 100 TPS (interval=10ms, mspt=1.6ms)
[m[34m[15:49:41][m [32m[Server thread/INFO][m [36m(dragonkiller)[m [0m[RATE] 100 TPS (interval=10ms, mspt=1.4ms)
[m[34m[15:49:43][m [32m[Server thread/INFO][m [36m(dragonkiller)[m [0m[RATE] 100 TPS (interval=10ms, mspt=1.6ms)
[m[34m[15:49:45][m [32m[Server thread/INFO][m [36m(dragonkiller)[m [0m[RATE] 100 TPS (interval=10ms, mspt=1.6ms)
[m[34m[15:49:47][m [32m[Server thread/INFO][m [36m(dragonkiller)[m [0m[RATE] 100 TPS (interval=10ms, mspt=1.7ms)
[m[34m[15:49:49][m [32m[Server thread/INFO][m [36m(dragonkiller)[m [0m[RATE] 100 TPS (interval=10ms, mspt=1.7ms)
[m[34m[15:49:51][m [32m[Server thread/INFO][m [36m(dragonkiller)[m [0m[RATE] 100 TPS (interval=10ms, mspt=1.6ms)
[m[34m[15:49:53][m [32m[Server thread/INFO][m [36m(dragonkiller)[m [0m[RATE] 100 TPS (interval=10ms, mspt=1.5ms)
[m[34m[15:49:55][m [32m[Server thread/INFO][m [36m(dragonkiller)[m [0m[RATE] 100 TPS (interval=10ms, mspt=1.9ms)
[m[34m[15:49:57][m [32m[Server thread/INFO][m [36m(dragonkiller)[m [0m[RATE] 100 TPS (interval=10ms, mspt=1.5ms)
[m[34m[15:49:59][m [32m[Server thread/INFO][m [36m(dragonkiller)[m [0m[RATE] 100 TPS (interval=10ms, mspt=1.3ms)
[m[34m[15:50:01][m [32m[Server thread/INFO][m [36m(dragonkiller)[m [0m[RATE] 100 TPS (interval=10ms, mspt=1.3ms)
[m[34m[15:50:03][m [32m[Server thread/INFO][m [36m(dragonkiller)[m [0m[RATE] 100 TPS (interval=10ms, mspt=1.7ms)
[m[34m[15:50:05][m [32m[Server thread/INFO][m [36m(dragonkiller)[m [0m[RATE] 100 TPS (interval=10ms, mspt=1.6ms)
[m[34m[15:50:07][m [32m[Server thread/INFO][m [36m(dragonkiller)[m [0m[RATE] 100 TPS (interval=10ms, mspt=1.6ms)
[m[34m[15:50:09][m [32m[Server thread/INFO][m [36m(dragonkiller)[m [0m[RATE] 100 TPS (interval=10ms, mspt=1.8ms)
[m[34m[15:50:11][m [32m[Server thread/INFO][m [36m(dragonkiller)[m [0m[RATE] 100 TPS (interval=10ms, mspt=2.0ms)
[m[34m[15:50:13][m [32m[Server thread/INFO][m [36m(dragonkiller)[m [0m[RATE] 100 TPS (interval=10ms, mspt=1.4ms)
[m[34m[15:50:15][m [32m[Server thread/INFO][m [36m(dragonkiller)[m [0m[RATE] 100 TPS (interval=10ms, mspt=1.7ms)
[m[34m[15:50:17][m [32m[Server thread/INFO][m [36m(dragonkiller)[m [0m[RATE] 100 TPS (interval=10ms, mspt=1.9ms)
[m[34m[15:50:19][m [32m[Server thread/INFO][m [36m(dragonkiller)[m [0m[RATE] 100 TPS (interval=10ms, mspt=1.7ms)
[m[34m[15:50:21][m [32m[Server thread/INFO][m [36m(dragonkiller)[m [0m[RATE] 100 TPS (interval=10ms, mspt=1.6ms)
[m[34m[15:50:23][m [32m[Server thread/INFO][m [36m(dragonkiller)[m [0m[RATE] 100 TPS (interval=10ms, mspt=1.3ms)
[m[34m[15:50:25][m [32m[Server thread/INFO][m [36m(dragonkiller)[m [0m[RATE] 100 TPS (interval=10ms, mspt=2.0ms)
[m[34m[15:50:27][m [32m[Server thread/INFO][m [36m(dragonkiller)[m [0m[RATE] 100 TPS (interval=10ms, mspt=1.4ms)
[m[34m[15:50:29][m [32m[Server thread/INFO][m [36m(dragonkiller)[m [0m[RATE] 100 TPS (interval=10ms, mspt=1.2ms)
[m[34m[15:50:31][m [32m[Server thread/INFO][m [36m(dragonkiller)[m [0m[RATE] 100 TPS (interval=10ms, mspt=1.8ms)
[m[34m[15:50:33][m [32m[Server thread/INFO][m [36m(dragonkiller)[m [0m[RATE] 100 TPS (interval=10ms, mspt=1.3ms)
[m[34m[15:50:35][m [32m[Server thread/INFO][m [36m(dragonkiller)[m [0m[RATE] 100 TPS (interval=10ms, mspt=4.7ms)
[m[34m[15:50:37][m [32m[Server thread/INFO][m [36m(dragonkiller)[m [0m[RATE] 100 TPS (interval=10ms, mspt=1.6ms)
[m[34m[15:50:39][m [32m[Server thread/INFO][m [36m(dragonkiller)[m [0m[RATE] 100 TPS (interval=10ms, mspt=1.5ms)
[m[34m[15:50:41][m [32m[Server thread/INFO][m [36m(dragonkiller)[m [0m[RATE] 100 TPS (interval=10ms, mspt=1.6ms)
[m[34m[15:50:43][m [32m[Server thread/INFO][m [36m(dragonkiller)[m [0m[RATE] 100 TPS (interval=10ms, mspt=1.5ms)
[m[34m[15:50:45][m [32m[Server thread/INFO][m [36m(dragonkiller)[m [0m[RATE] 100 TPS (interval=10ms, mspt=1.5ms)
[m[34m[15:50:47][m [32m[Server thread/INFO][m [36m(dragonkiller)[m [0m[RATE] 100 TPS (interval=10ms, mspt=1.6ms)
[m[34m[15:50:49][m [32m[Server thread/INFO][m [36m(dragonkiller)[m [0m[RATE] 100 TPS (interval=10ms, mspt=1.6ms)
[m[34m[15:50:51][m [32m[Server thread/INFO][m [36m(dragonkiller)[m [0m[RATE] 100 TPS (interval=10ms, mspt=1.3ms)
[m[34m[15:50:53][m [32m[Server thread/INFO][m [36m(dragonkiller)[m [0m[RATE] 100 TPS (interval=10ms, mspt=1.5ms)
[m[34m[15:50:55][m [32m[Server thread/INFO][m [36m(dragonkiller)[m [0m[RATE] 100 TPS (interval=10ms, mspt=1.5ms)
[m[34m[15:50:57][m [32m[Server thread/INFO][m [36m(dragonkiller)[m [0m[RATE] 100 TPS (interval=10ms, mspt=1.6ms)
[m[34m[15:50:59][m [32m[Server thread/INFO][m [36m(dragonkiller)[m [0m[RATE] 100 TPS (interval=10ms, mspt=1.7ms)
[m[34m[15:50:59][m [32m[Server thread/INFO][m [36m(dragonkiller)[m [0m[EPISODE] Done reason=timeout totalReward=22.79 ticks=18003
[m[34m[15:50:59][m [32m[Server thread/INFO][m [36m(dragonkiller)[m [0mEpisode 6 ended: timeout (18003 ticks, total reward: 22.789843684764847)
[m[34m[15:50:59][m [32m[Server thread/INFO][m [36m(dragonkiller)[m [0m[EPISODE] Episode 6 ended: timeout (18003 ticks, total reward: 22.79)
[m[34m[15:50:59][m [32m[Server thread/INFO][m [36m(dragonkiller)[m [0mBotPlayer created: RLBot (UUID: 75749aa9-5dfe-307b-9f25-d1c6891f911a)
[m[34m[15:50:59][m [32m[Server thread/INFO][m [36m(dragonkiller)[m [0m[RESET] Phase 2 dragon spawned at (0, 128, 0) in HOLDING_PATTERN
[m[34m[15:50:59][m [32m[Server thread/INFO][m [36m(dragonkiller)[m [0mEpisode 7 started
[m[34m[15:50:59][m [32m[Server thread/INFO][m [36m(dragonkiller)[m [0m[RESET] Episode 7 started, bot at (0.0,65.0,43.0) hp=20.0 dragonHp=200.0
[m[34m[15:51:01][m [32m[Server thread/INFO][m [36m(dragonkiller)[m [0m[RATE] 100 TPS (interval=10ms, mspt=1.4ms)
[m[34m[15:51:03][m [32m[Server thread/INFO][m [36m(dragonkiller)[m [0m[RATE] 100 TPS (interval=10ms, mspt=1.4ms)
[m[34m[15:51:05][m [32m[Server thread/INFO][m [36m(dragonkiller)[m [0m[RATE] 100 TPS (interval=10ms, mspt=1.4ms)
[m[34m[15:51:07][m [32m[Server thread/INFO][m [36m(dragonkiller)[m [0m[RATE] 100 TPS (interval=10ms, mspt=1.4ms)
[m[34m[15:51:09][m [32m[Server thread/INFO][m [36m(dragonkiller)[m [0m[RATE] 100 TPS (interval=10ms, mspt=1.4ms)
[m[34m[15:51:11][m [32m[Server thread/INFO][m [36m(dragonkiller)[m [0m[RATE] 100 TPS (interval=10ms, mspt=1.4ms)
[m[34m[15:51:13][m [32m[Server thread/INFO][m [36m(dragonkiller)[m [0m[RATE] 100 TPS (interval=10ms, mspt=1.4ms)
[m[34m[15:51:15][m [32m[Server thread/INFO][m [36m(dragonkiller)[m [0m[RATE] 100 TPS (interval=10ms, mspt=1.5ms)
[m[34m[15:51:17][m [32m[Server thread/INFO][m [36m(dragonkiller)[m [0m[RATE] 100 TPS (interval=10ms, mspt=1.6ms)
[m[34m[15:51:19][m [32m[Server thread/INFO][m [36m(dragonkiller)[m [0m[RATE] 100 TPS (interval=10ms, mspt=1.6ms)
[m[34m[15:51:21][m [32m[Server thread/INFO][m [36m(dragonkiller)[m [0m[RATE] 100 TPS (interval=10ms, mspt=1.8ms)
[m[34m[15:51:23][m [32m[Server thread/INFO][m [36m(dragonkiller)[m [0m[RATE] 100 TPS (interval=10ms, mspt=1.3ms)
[m[34m[15:51:25][m [32m[Server thread/INFO][m [36m(dragonkiller)[m [0m[RATE] 100 TPS (interval=10ms, mspt=1.6ms)
[m[34m[15:51:27][m [32m[Server thread/INFO][m [36m(dragonkiller)[m [0m[RATE] 100 TPS (interval=10ms, mspt=1.8ms)
[m[34m[15:51:29][m [32m[Server thread/INFO][m [36m(dragonkiller)[m [0m[RATE] 100 TPS (interval=10ms, mspt=1.4ms)
[m[34m[15:51:31][m [32m[Server thread/INFO][m [36m(dragonkiller)[m [0m[RATE] 100 TPS (interval=10ms, mspt=1.4ms)
[m[34m[15:51:33][m [32m[Server thread/INFO][m [36m(dragonkiller)[m [0m[RATE] 100 TPS (interval=10ms, mspt=1.3ms)
[m[34m[15:51:35][m [32m[Server thread/INFO][m [36m(dragonkiller)[m [0m[RATE] 100 TPS (interval=10ms, mspt=9.4ms)
[m[34m[15:51:37][m [32m[Server thread/INFO][m [36m(dragonkiller)[m [0m[RATE] 100 TPS (interval=10ms, mspt=1.6ms)
[m[34m[15:51:39][m [32m[Server thread/INFO][m [36m(dragonkiller)[m [0m[RATE] 100 TPS (interval=10ms, mspt=1.4ms)
[m[34m[15:51:41][m [32m[Server thread/INFO][m [36m(dragonkiller)[m [0m[RATE] 100 TPS (interval=10ms, mspt=1.4ms)
[m[34m[15:51:43][m [32m[Server thread/INFO][m [36m(dragonkiller)[m [0m[RATE] 100 TPS (interval=10ms, mspt=1.4ms)
[m[34m[15:51:45][m [32m[Server thread/INFO][m [36m(dragonkiller)[m [0m[RATE] 100 TPS (interval=10ms, mspt=1.4ms)
[m[34m[15:51:47][m [32m[Server thread/INFO][m [36m(dragonkiller)[m [0m[RATE] 100 TPS (interval=10ms, mspt=1.5ms)
[m[34m[15:51:49][m [32m[Server thread/INFO][m [36m(dragonkiller)[m [0m[RATE] 100 TPS (interval=10ms, mspt=1.4ms)
[m[34m[15:51:51][m [32m[Server thread/INFO][m [36m(dragonkiller)[m [0m[RATE] 100 TPS (interval=10ms, mspt=1.4ms)
[m[34m[15:51:53][m [32m[Server thread/INFO][m [36m(dragonkiller)[m [0m[RATE] 100 TPS (interval=10ms, mspt=1.3ms)
[m[34m[15:51:55][m [32m[Server thread/INFO][m [36m(dragonkiller)[m [0m[RATE] 100 TPS (interval=10ms, mspt=1.4ms)
[m[34m[15:51:57][m [32m[Server thread/INFO][m [36m(dragonkiller)[m [0m[RATE] 100 TPS (interval=10ms, mspt=1.4ms)
[m[34m[15:51:59][m [32m[Server thread/INFO][m [36m(dragonkiller)[m [0m[RATE] 100 TPS (interval=10ms, mspt=1.6ms)
[m[34m[15:52:01][m [32m[Server thread/INFO][m [36m(dragonkiller)[m [0m[RATE] 100 TPS (interval=10ms, mspt=1.5ms)
[m[34m[15:52:03][m [32m[Server thread/INFO][m [36m(dragonkiller)[m [0m[RATE] 100 TPS (interval=10ms, mspt=1.4ms)
[m[34m[15:52:05][m [32m[Server thread/INFO][m [36m(dragonkiller)[m [0m[RATE] 100 TPS (interval=10ms, mspt=2.6ms)
[m[34m[15:52:07][m [32m[Server thread/INFO][m [36m(dragonkiller)[m [0m[RATE] 100 TPS (interval=10ms, mspt=2.5ms)
[m[34m[15:52:09][m [32m[Server thread/INFO][m [36m(dragonkiller)[m [0m[RATE] 100 TPS (interval=10ms, mspt=1.7ms)
[m[34m[15:52:11][m [32m[Server thread/INFO][m [36m(dragonkiller)[m [0m[RATE] 100 TPS (interval=10ms, mspt=2.3ms)
[m[34m[15:52:13][m [32m[Server thread/INFO][m [36m(dragonkiller)[m [0m[RATE] 100 TPS (interval=10ms, mspt=1.1ms)
[m[34m[15:52:15][m [32m[Server thread/INFO][m [36m(dragonkiller)[m [0m[RATE] 100 TPS (interval=10ms, mspt=1.3ms)
[m[34m[15:52:17][m [32m[Server thread/INFO][m [36m(dragonkiller)[m [0m[RATE] 100 TPS (interval=10ms, mspt=1.2ms)
[m[34m[15:52:19][m [32m[Server thread/INFO][m [36m(dragonkiller)[m [0m[RATE] 100 TPS (interval=10ms, mspt=1.2ms)
[m[34m[15:52:21][m [32m[Server thread/INFO][m [36m(dragonkiller)[m [0m[RATE] 100 TPS (interval=10ms, mspt=1.8ms)
[m[34m[15:52:23][m [32m[Server thread/INFO][m [36m(dragonkiller)[m [0m[RATE] 100 TPS (interval=10ms, mspt=1.3ms)
[m[34m[15:52:25][m [32m[Server thread/INFO][m [36m(dragonkiller)[m [0m[RATE] 100 TPS (interval=10ms, mspt=1.2ms)
[m[34m[15:52:27][m [32m[Server thread/INFO][m [36m(dragonkiller)[m [0m[RATE] 100 TPS (interval=10ms, mspt=1.4ms)
[m[34m[15:52:29][m [32m[Server thread/INFO][m [36m(dragonkiller)[m [0m[RATE] 100 TPS (interval=10ms, mspt=1.3ms)
[m[34m[15:52:31][m [32m[Server thread/INFO][m [36m(dragonkiller)[m [0m[RATE] 100 TPS (interval=10ms, mspt=1.7ms)
[m[34m[15:52:33][m [32m[Server thread/INFO][m [36m(dragonkiller)[m [0m[RATE] 100 TPS (interval=10ms, mspt=1.2ms)
[m[34m[15:52:35][m [32m[Server thread/INFO][m [36m(dragonkiller)[m [0m[RATE] 100 TPS (interval=10ms, mspt=4.2ms)
[m[34m[15:52:37][m [32m[Server thread/INFO][m [36m(dragonkiller)[m [0m[RATE] 100 TPS (interval=10ms, mspt=1.1ms)
[m[34m[15:52:39][m [32m[Server thread/INFO][m [36m(dragonkiller)[m [0m[RATE] 100 TPS (interval=10ms, mspt=1.1ms)
[m[34m[15:52:41][m [32m[Server thread/INFO][m [36m(dragonkiller)[m [0m[RATE] 100 TPS (interval=10ms, mspt=1.1ms)
[m[34m[15:52:43][m [32m[Server thread/INFO][m [36m(dragonkiller)[m [0m[RATE] 100 TPS (interval=10ms, mspt=1.2ms)
[m[34m[15:52:45][m [32m[Server thread/INFO][m [36m(dragonkiller)[m [0m[RATE] 100 TPS (interval=10ms, mspt=1.1ms)
[m[34m[15:52:47][m [32m[Server thread/INFO][m [36m(dragonkiller)[m [0m[RATE] 100 TPS (interval=10ms, mspt=1.2ms)
[m[34m[15:52:49][m [32m[Server thread/INFO][m [36m(dragonkiller)[m [0m[RATE] 100 TPS (interval=10ms, mspt=1.2ms)
[m[34m[15:52:51][m [32m[Server thread/INFO][m [36m(dragonkiller)[m [0m[RATE] 100 TPS (interval=10ms, mspt=1.4ms)
[m[34m[15:52:53][m [32m[Server thread/INFO][m [36m(dragonkiller)[m [0m[RATE] 100 TPS (interval=10ms, mspt=1.1ms)
[m[34m[15:52:55][m [32m[Server thread/INFO][m [36m(dragonkiller)[m [0m[RATE] 100 TPS (interval=10ms, mspt=1.3ms)
[m[34m[15:52:57][m [32m[Server thread/INFO][m [36m(dragonkiller)[m [0m[RATE] 100 TPS (interval=10ms, mspt=1.2ms)
[m[34m[15:52:59][m [32m[Server thread/INFO][m [36m(dragonkiller)[m [0m[RATE] 100 TPS (interval=10ms, mspt=1.1ms)
[m[34m[15:53:01][m [32m[Server thread/INFO][m [36m(dragonkiller)[m [0m[RATE] 100 TPS (interval=10ms, mspt=1.3ms)
[m[34m[15:53:03][m [32m[Server thread/INFO][m [36m(dragonkiller)[m [0m[RATE] 100 TPS (interval=10ms, mspt=1.3ms)
[m[34m[15:53:05][m [32m[Server thread/INFO][m [36m(dragonkiller)[m [0m[RATE] 100 TPS (interval=10ms, mspt=1.2ms)
[m[34m[15:53:07][m [32m[Server thread/INFO][m [36m(dragonkiller)[m [0m[RATE] 100 TPS (interval=10ms, mspt=1.2ms)
[m[34m[15:53:09][m [32m[Server thread/INFO][m [36m(dragonkiller)[m [0m[RATE] 100 TPS (interval=10ms, mspt=1.0ms)
[m[34m[15:53:11][m [32m[Server thread/INFO][m [36m(dragonkiller)[m [0m[RATE] 100 TPS (interval=10ms, mspt=1.3ms)
[m[34m[15:53:13][m [32m[Server thread/INFO][m [36m(dragonkiller)[m [0m[RATE] 100 TPS (interval=10ms, mspt=1.2ms)
[m[34m[15:53:15][m [32m[Server thread/INFO][m [36m(dragonkiller)[m [0m[RATE] 100 TPS (interval=10ms, mspt=1.1ms)
[m[34m[15:53:17][m [32m[Server thread/INFO][m [36m(dragonkiller)[m [0m[RATE] 100 TPS (interval=10ms, mspt=1.2ms)
[m[34m[15:53:19][m [32m[Server thread/INFO][m [36m(dragonkiller)[m [0m[RATE] 100 TPS (interval=10ms, mspt=1.2ms)
[m[34m[15:53:21][m [32m[Server thread/INFO][m [36m(dragonkiller)[m [0m[RATE] 100 TPS (interval=10ms, mspt=1.3ms)
[m[34m[15:53:23][m [32m[Server thread/INFO][m [36m(dragonkiller)[m [0m[RATE] 100 TPS (interval=10ms, mspt=1.1ms)
[m[34m[15:53:25][m [32m[Server thread/INFO][m [36m(dragonkiller)[m [0m[RATE] 100 TPS (interval=10ms, mspt=1.1ms)
[m[34m[15:53:27][m [32m[Server thread/INFO][m [36m(dragonkiller)[m [0m[RATE] 100 TPS (interval=10ms, mspt=1.7ms)
[m[34m[15:53:29][m [32m[Server thread/INFO][m [36m(dragonkiller)[m [0m[RATE] 100 TPS (interval=10ms, mspt=1.2ms)
[m[34m[15:53:31][m [32m[Server thread/INFO][m [36m(dragonkiller)[m [0m[RATE] 100 TPS (interval=10ms, mspt=1.3ms)
[m[34m[15:53:33][m [32m[Server thread/INFO][m [36m(dragonkiller)[m [0m[RATE] 100 TPS (interval=10ms, mspt=1.3ms)
[m[34m[15:53:35][m [32m[Server thread/INFO][m [36m(dragonkiller)[m [0m[RATE] 100 TPS (interval=10ms, mspt=4.2ms)
[m[34m[15:53:37][m [32m[Server thread/INFO][m [36m(dragonkiller)[m [0m[RATE] 100 TPS (interval=10ms, mspt=1.4ms)
[m[34m[15:53:39][m [32m[Server thread/INFO][m [36m(dragonkiller)[m [0m[RATE] 100 TPS (interval=10ms, mspt=1.2ms)
[m[34m[15:53:41][m [32m[Server thread/INFO][m [36m(dragonkiller)[m [0m[RATE] 100 TPS (interval=10ms, mspt=1.1ms)
[m[34m[15:53:43][m [32m[Server thread/INFO][m [36m(dragonkiller)[m [0m[RATE] 100 TPS (interval=10ms, mspt=1.1ms)
[m[34m[15:53:45][m [32m[Server thread/INFO][m [36m(dragonkiller)[m [0m[RATE] 100 TPS (interval=10ms, mspt=1.1ms)
[m[34m[15:53:47][m [32m[Server thread/INFO][m [36m(dragonkiller)[m [0m[RATE] 100 TPS (interval=10ms, mspt=1.4ms)
[m[34m[15:53:49][m [32m[Server thread/INFO][m [36m(dragonkiller)[m [0m[RATE] 100 TPS (interval=10ms, mspt=1.2ms)
[m[34m[15:53:51][m [32m[Server thread/INFO][m [36m(dragonkiller)[m [0m[RATE] 100 TPS (interval=10ms, mspt=1.1ms)
[m[34m[15:53:53][m [32m[Server thread/INFO][m [36m(dragonkiller)[m [0m[RATE] 100 TPS (interval=10ms, mspt=1.1ms)
[m[34m[15:53:55][m [32m[Server thread/INFO][m [36m(dragonkiller)[m [0m[RATE] 100 TPS (interval=10ms, mspt=1.1ms)
[m[34m[15:53:57][m [32m[Server thread/INFO][m [36m(dragonkiller)[m [0m[RATE] 100 TPS (interval=10ms, mspt=1.1ms)
[m[34m[15:53:57][m [32m[Server thread/INFO][m [36m(Minecraft)[m [0mRLBot fell out of the world
[m[34m[15:53:57][m [32m[Server thread/INFO][m [36m(dragonkiller)[m [0m[DEATH] Bot died! hp=0.0 reason=player_died reward=-10.0
[m[34m[15:53:57][m [32m[Server thread/INFO][m [36m(dragonkiller)[m [0m[EPISODE] Done reason=player_died totalReward=-46.82 ticks=17857
[m[34m[15:53:57][m [32m[Server thread/INFO][m [36m(dragonkiller)[m [0mEpisode 7 ended: player_died (17857 ticks, total reward: -46.8159928095266)
[m[34m[15:53:57][m [32m[Server thread/INFO][m [36m(dragonkiller)[m [0m[EPISODE] Episode 7 ended: player_died (17857 ticks, total reward: -46.82)
[m[34m[15:53:57][m [32m[Server thread/INFO][m [36m(dragonkiller)[m [0mBotPlayer created: RLBot (UUID: 75749aa9-5dfe-307b-9f25-d1c6891f911a)
[m[34m[15:53:57][m [32m[Server thread/INFO][m [36m(dragonkiller)[m [0m[RESET] Phase 2 dragon spawned at (0, 128, 0) in HOLDING_PATTERN
[m[34m[15:53:57][m [32m[Server thread/INFO][m [36m(dragonkiller)[m [0mEpisode 8 started
[m[34m[15:53:57][m [32m[Server thread/INFO][m [36m(dragonkiller)[m [0m[RESET] Episode 8 started, bot at (0.0,65.0,43.0) hp=20.0 dragonHp=200.0
[m[34m[15:53:59][m [32m[Server thread/INFO][m [36m(dragonkiller)[m [0m[RATE] 100 TPS (interval=10ms, mspt=1.2ms)
[m[34m[15:54:01][m [32m[Server thread/INFO][m [36m(dragonkiller)[m [0m[RATE] 100 TPS (interval=10ms, mspt=1.2ms)
[m[34m[15:54:03][m [32m[Server thread/INFO][m [36m(dragonkiller)[m [0m[RATE] 100 TPS (interval=10ms, mspt=1.4ms)
[m[34m[15:54:05][m [32m[Server thread/INFO][m [36m(dragonkiller)[m [0m[RATE] 100 TPS (interval=10ms, mspt=1.3ms)
[m[34m[15:54:07][m [32m[Server thread/INFO][m [36m(dragonkiller)[m [0m[RATE] 100 TPS (interval=10ms, mspt=1.2ms)
[m[34m[15:54:09][m [32m[Server thread/INFO][m [36m(dragonkiller)[m [0m[RATE] 100 TPS (interval=10ms, mspt=1.2ms)
[m[34m[15:54:11][m [32m[Server thread/INFO][m [36m(dragonkiller)[m [0m[RATE] 100 TPS (interval=10ms, mspt=1.2ms)
[m[34m[15:54:13][m [32m[Server thread/INFO][m [36m(dragonkiller)[m [0m[RATE] 100 TPS (interval=10ms, mspt=2.1ms)
[m[34m[15:54:15][m [32m[Server thread/INFO][m [36m(dragonkiller)[m [0m[RATE] 100 TPS (interval=10ms, mspt=1.2ms)
[m[34m[15:54:17][m [32m[Server thread/INFO][m [36m(dragonkiller)[m [0m[RATE] 100 TPS (interval=10ms, mspt=1.2ms)
[m[34m[15:54:19][m [32m[Server thread/INFO][m [36m(dragonkiller)[m [0m[RATE] 100 TPS (interval=10ms, mspt=1.2ms)
[m[34m[15:54:21][m [32m[Server thread/INFO][m [36m(dragonkiller)[m [0m[RATE] 100 TPS (interval=10ms, mspt=1.3ms)
[m[34m[15:54:23][m [32m[Server thread/INFO][m [36m(dragonkiller)[m [0m[RATE] 100 TPS (interval=10ms, mspt=1.2ms)
[m[34m[15:54:25][m [32m[Server thread/INFO][m [36m(dragonkiller)[m [0m[RATE] 100 TPS (interval=10ms, mspt=1.4ms)
[m[34m[15:54:27][m [32m[Server thread/INFO][m [36m(dragonkiller)[m [0m[RATE] 100 TPS (interval=10ms, mspt=1.5ms)
[m[34m[15:54:29][m [32m[Server thread/INFO][m [36m(dragonkiller)[m [0m[RATE] 100 TPS (interval=10ms, mspt=1.2ms)
[m[34m[15:54:31][m [32m[Server thread/INFO][m [36m(dragonkiller)[m [0m[RATE] 100 TPS (interval=10ms, mspt=1.4ms)
[m[34m[15:54:33][m [32m[Server thread/INFO][m [36m(dragonkiller)[m [0m[RATE] 100 TPS (interval=10ms, mspt=1.3ms)
[m[34m[15:54:35][m [32m[Server thread/INFO][m [36m(dragonkiller)[m [0m[RATE] 100 TPS (interval=10ms, mspt=4.2ms)
[m[34m[15:54:37][m [32m[Server thread/INFO][m [36m(dragonkiller)[m [0m[RATE] 100 TPS (interval=10ms, mspt=1.3ms)
[m[34m[15:54:39][m [32m[Server thread/INFO][m [36m(dragonkiller)[m [0m[RATE] 100 TPS (interval=10ms, mspt=1.2ms)
[m[34m[15:54:41][m [32m[Server thread/INFO][m [36m(dragonkiller)[m [0m[RATE] 100 TPS (interval=10ms, mspt=1.4ms)
[m[34m[15:54:43][m [32m[Server thread/INFO][m [36m(dragonkiller)[m [0m[RATE] 100 TPS (interval=10ms, mspt=1.3ms)
[m[34m[15:54:45][m [32m[Server thread/INFO][m [36m(dragonkiller)[m [0m[RATE] 100 TPS (interval=10ms, mspt=1.2ms)
[m[34m[15:54:47][m [32m[Server thread/INFO][m [36m(dragonkiller)[m [0m[RATE] 100 TPS (interval=10ms, mspt=1.3ms)
[m[34m[15:54:49][m [32m[Server thread/INFO][m [36m(dragonkiller)[m [0m[RATE] 100 TPS (interval=10ms, mspt=1.2ms)
[m[34m[15:54:51][m [32m[Server thread/INFO][m [36m(dragonkiller)[m [0m[RATE] 100 TPS (interval=10ms, mspt=1.2ms)
[m[34m[15:54:53][m [32m[Server thread/INFO][m [36m(dragonkiller)[m [0m[RATE] 100 TPS (interval=10ms, mspt=1.4ms)
[m[34m[15:54:55][m [32m[Server thread/INFO][m [36m(dragonkiller)[m [0m[RATE] 100 TPS (interval=10ms, mspt=1.2ms)
[m[34m[15:54:57][m [32m[Server thread/INFO][m [36m(dragonkiller)[m [0m[RATE] 100 TPS (interval=10ms, mspt=1.2ms)
[m[34m[15:54:59][m [32m[Server thread/INFO][m [36m(dragonkiller)[m [0m[RATE] 100 TPS (interval=10ms, mspt=1.3ms)
[m[34m[15:55:01][m [32m[Server thread/INFO][m [36m(dragonkiller)[m [0m[RATE] 100 TPS (interval=10ms, mspt=1.9ms)
[m[34m[15:55:03][m [32m[Server thread/INFO][m [36m(dragonkiller)[m [0m[RATE] 100 TPS (interval=10ms, mspt=2.2ms)
[m[34m[15:55:05][m [32m[Server thread/INFO][m [36m(dragonkiller)[m [0m[RATE] 100 TPS (interval=10ms, mspt=1.7ms)
[m[34m[15:55:07][m [32m[Server thread/INFO][m [36m(dragonkiller)[m [0m[RATE] 100 TPS (interval=10ms, mspt=1.5ms)
[m[34m[15:55:09][m [32m[Server thread/INFO][m [36m(dragonkiller)[m [0m[RATE] 100 TPS (interval=10ms, mspt=1.6ms)
[m[34m[15:55:11][m [32m[Server thread/INFO][m [36m(dragonkiller)[m [0m[RATE] 100 TPS (interval=10ms, mspt=1.7ms)
[m[34m[15:55:13][m [32m[Server thread/INFO][m [36m(dragonkiller)[m [0m[RATE] 100 TPS (interval=10ms, mspt=2.1ms)
[m[34m[15:55:19][m [33m[Server thread/WARN][m [36m(Minecraft)[m [0mCan't keep up! Is the server overloaded? Running 4396ms or 439 ticks behind
[m[34m[15:55:19][m [32m[Server thread/INFO][m [36m(dragonkiller)[m [0m[RATE] 100 TPS (interval=10ms, mspt=2.5ms)
[m[34m[15:55:21][m [32m[Server thread/INFO][m [36m(dragonkiller)[m [0m[RATE] 100 TPS (interval=10ms, mspt=1.8ms)
[m[34m[15:55:23][m [32m[Server thread/INFO][m [36m(dragonkiller)[m [0m[RATE] 100 TPS (interval=10ms, mspt=1.9ms)
[m[34m[15:55:25][m [32m[Server thread/INFO][m [36m(dragonkiller)[m [0m[RATE] 100 TPS (interval=10ms, mspt=1.5ms)
[m[34m[15:55:27][m [32m[Server thread/INFO][m [36m(dragonkiller)[m [0m[RATE] 100 TPS (interval=10ms, mspt=2.2ms)
[m[34m[15:55:29][m [32m[Server thread/INFO][m [36m(dragonkiller)[m [0m[RATE] 100 TPS (interval=10ms, mspt=1.8ms)
[m[34m[15:55:31][m [32m[Server thread/INFO][m [36m(dragonkiller)[m [0m[RATE] 100 TPS (interval=10ms, mspt=1.5ms)
[m[34m[15:55:33][m [32m[Server thread/INFO][m [36m(dragonkiller)[m [0m[RATE] 100 TPS (interval=10ms, mspt=1.1ms)
[m[34m[15:55:35][m [32m[Server thread/INFO][m [36m(dragonkiller)[m [0m[RATE] 100 TPS (interval=10ms, mspt=1.1ms)
[m[34m[15:55:37][m [32m[Server thread/INFO][m [36m(dragonkiller)[m [0m[RATE] 100 TPS (interval=10ms, mspt=1.9ms)
[m[34m[15:55:39][m [32m[Server thread/INFO][m [36m(dragonkiller)[m [0m[RATE] 100 TPS (interval=10ms, mspt=4.3ms)
[m[34m[15:55:41][m [32m[Server thread/INFO][m [36m(dragonkiller)[m [0m[RATE] 100 TPS (interval=10ms, mspt=1.1ms)
[m[34m[15:55:43][m [32m[Server thread/INFO][m [36m(dragonkiller)[m [0m[RATE] 100 TPS (interval=10ms, mspt=1.2ms)
[m[34m[15:55:45][m [32m[Server thread/INFO][m [36m(dragonkiller)[m [0m[RATE] 100 TPS (interval=10ms, mspt=1.2ms)
[m[34m[15:55:47][m [32m[Server thread/INFO][m [36m(dragonkiller)[m [0m[RATE] 100 TPS (interval=10ms, mspt=1.2ms)
[m[34m[15:55:49][m [32m[Server thread/INFO][m [36m(dragonkiller)[m [0m[RATE] 100 TPS (interval=10ms, mspt=1.5ms)
[m[34m[15:55:51][m [32m[Server thread/INFO][m [36m(dragonkiller)[m [0m[RATE] 100 TPS (interval=10ms, mspt=1.2ms)
[m[34m[15:55:53][m [32m[Server thread/INFO][m [36m(dragonkiller)[m [0m[RATE] 100 TPS (interval=10ms, mspt=1.6ms)
[m[34m[15:55:55][m [32m[Server thread/INFO][m [36m(dragonkiller)[m [0m[RATE] 100 TPS (interval=10ms, mspt=1.4ms)
[m[34m[15:55:57][m [32m[Server thread/INFO][m [36m(dragonkiller)[m [0m[RATE] 100 TPS (interval=10ms, mspt=1.2ms)
[m[34m[15:55:59][m [32m[Server thread/INFO][m [36m(dragonkiller)[m [0m[RATE] 100 TPS (interval=10ms, mspt=1.3ms)
[m[34m[15:56:01][m [32m[Server thread/INFO][m [36m(dragonkiller)[m [0m[RATE] 100 TPS (interval=10ms, mspt=1.2ms)
[m[34m[15:56:03][m [32m[Server thread/INFO][m [36m(dragonkiller)[m [0m[RATE] 100 TPS (interval=10ms, mspt=1.2ms)
[m[34m[15:56:05][m [32m[Server thread/INFO][m [36m(dragonkiller)[m [0m[RATE] 100 TPS (interval=10ms, mspt=1.2ms)
[m[34m[15:56:07][m [32m[Server thread/INFO][m [36m(dragonkiller)[m [0m[RATE] 100 TPS (interval=10ms, mspt=1.1ms)
[m[34m[15:56:09][m [32m[Server thread/INFO][m [36m(dragonkiller)[m [0m[RATE] 100 TPS (interval=10ms, mspt=1.2ms)
[m[34m[15:56:11][m [32m[Server thread/INFO][m [36m(dragonkiller)[m [0m[RATE] 100 TPS (interval=10ms, mspt=1.1ms)
[m[34m[15:56:13][m [32m[Server thread/INFO][m [36m(dragonkiller)[m [0m[RATE] 100 TPS (interval=10ms, mspt=1.3ms)
[m[34m[15:56:15][m [32m[Server thread/INFO][m [36m(dragonkiller)[m [0m[RATE] 100 TPS (interval=10ms, mspt=1.1ms)
[m[34m[15:56:17][m [32m[Server thread/INFO][m [36m(dragonkiller)[m [0m[RATE] 100 TPS (interval=10ms, mspt=1.4ms)
[m[34m[15:56:19][m [32m[Server thread/INFO][m [36m(dragonkiller)[m [0m[RATE] 100 TPS (interval=10ms, mspt=1.1ms)
[m[34m[15:56:21][m [32m[Server thread/INFO][m [36m(dragonkiller)[m [0m[RATE] 100 TPS (interval=10ms, mspt=1.1ms)
[m[34m[15:56:23][m [32m[Server thread/INFO][m [36m(dragonkiller)[m [0m[RATE] 100 TPS (interval=10ms, mspt=1.2ms)
[m[34m[15:56:25][m [32m[Server thread/INFO][m [36m(dragonkiller)[m [0m[RATE] 100 TPS (interval=10ms, mspt=1.7ms)
[m[34m[15:56:27][m [32m[Server thread/INFO][m [36m(dragonkiller)[m [0m[RATE] 100 TPS (interval=10ms, mspt=2.1ms)
[m[34m[15:56:29][m [32m[Server thread/INFO][m [36m(dragonkiller)[m [0m[RATE] 100 TPS (interval=10ms, mspt=2.5ms)
[m[34m[15:56:31][m [32m[Server thread/INFO][m [36m(dragonkiller)[m [0m[RATE] 100 TPS (interval=10ms, mspt=1.5ms)
[m[34m[15:56:32][m [31m[Server thread/ERROR][m [36m(dragonkiller)[m [31mError receiving message
[m java.net.SocketException: Connection reset
	at sun.nio.ch.SocketChannelImpl.throwConnectionReset(SocketChannelImpl.java:401) ~[?:?]
	at sun.nio.ch.SocketChannelImpl.read(SocketChannelImpl.java:434) ~[?:?]
	at ai.cp.rl.network.SocketServer.tryReceive(SocketServer.java:104) ~[main/:?]
	at ai.cp.rl.RLTickHandler.onServerTick(RLTickHandler.java:82) ~[main/:?]
	at net.minecraft.server.MinecraftServer.handler$zdo000$dragonkiller$onServerTick(MinecraftServer.java:3303) ~[minecraft-common-7a3f71a91a-1.20.1-net.fabricmc.yarn.1_20_1.1.20.1+build.10-v2.jar:?]
	at net.minecraft.server.MinecraftServer.tick(MinecraftServer.java:847) ~[minecraft-common-7a3f71a91a-1.20.1-net.fabricmc.yarn.1_20_1.1.20.1+build.10-v2.jar:?]
	at net.minecraft.server.MinecraftServer.runServer(MinecraftServer.java:671) ~[minecraft-common-7a3f71a91a-1.20.1-net.fabricmc.yarn.1_20_1.1.20.1+build.10-v2.jar:?]
	at net.minecraft.server.MinecraftServer.method_29739(MinecraftServer.java:265) ~[minecraft-common-7a3f71a91a-1.20.1-net.fabricmc.yarn.1_20_1.1.20.1+build.10-v2.jar:?]
	at java.lang.Thread.run(Thread.java:1583) ~[?:?]
[34m[15:56:32][m [32m[Server thread/INFO][m [36m(dragonkiller)[m [0mRL client disconnected
[m[34m[15:56:33][m [32m[Server thread/INFO][m [36m(dragonkiller)[m [0m[RATE] 100 TPS (interval=10ms, mspt=2.3ms)
[m[34m[15:56:35][m [32m[Server thread/INFO][m [36m(dragonkiller)[m [0m[RATE] 100 TPS (interval=10ms, mspt=1.5ms)
[m[34m[15:56:37][m [32m[Server thread/INFO][m [36m(dragonkiller)[m [0m[RATE] 100 TPS (interval=10ms, mspt=1.3ms)
[m[34m[15:56:39][m [32m[Server thread/INFO][m [36m(dragonkiller)[m [0m[RATE] 100 TPS (interval=10ms, mspt=6.2ms)
[m

FAILURE: Build failed with an exception.

* What went wrong:
Gradle build daemon has been stopped: stop command received

* Try:
> Run with --stacktrace option to get the stack trace.
> Run with --info or --debug option to get more log output.
> Run with --scan to get full insights from a Build Scan (powered by Develocity).
> Get more help at https://help.gradle.org.
