Starting a Gradle Daemon, 2 busy and 18 stopped Daemons could not be reused, use --status for details

> Configure project :
Fabric Loom: 1.17.14

> Task :compileJava UP-TO-DATE
> Task :processResources UP-TO-DATE
> Task :classes UP-TO-DATE
> Task :generateLog4jConfig UP-TO-DATE
> Task :generateRemapClasspath UP-TO-DATE
> Task :generateDLIConfig UP-TO-DATE
> Task :configureLaunch UP-TO-DATE

> Task :runServer5671
[34m[20:03:01][m [32m[main/INFO][m [36m(FabricLoader/GameProvider)[m [0mLoading Minecraft 1.20.1 with Fabric Loader 0.19.3
[m[34m[20:03:02][m [32m[main/INFO][m [36m(FabricLoader)[m [0mLoading 46 mods:
	- dragonkiller 1.0.0
	- fabric-api 0.92.9+1.20.1
	- fabric-api-base 0.4.32+1802ada577
	- fabric-api-lookup-api-v1 1.6.37+1802ada577
	- fabric-biome-api-v1 13.0.15+93aa238b77
	- fabric-block-api-v1 1.0.12+1802ada577
	- fabric-block-view-api-v2 1.0.3+924f046a77
	- fabric-command-api-v1 1.2.35+f71b366f77
	- fabric-command-api-v2 2.2.14+1802ada577
	- fabric-commands-v0 0.2.52+df3654b377
	- fabric-containers-v0 0.1.68+df3654b377
	- fabric-content-registries-v0 4.0.13+1802ada577
	- fabric-convention-tags-v1 1.5.6+1802ada577
	- fabric-crash-report-info-v1 0.2.20+1802ada577
	- fabric-data-attachment-api-v1 1.0.2+de0fd6d177
	- fabric-data-generation-api-v1 12.3.9+1802ada577
	- fabric-dimensions-v1 2.1.55+1802ada577
	- fabric-entity-events-v1 1.6.1+1c78457f77
	- fabric-events-interaction-v0 0.6.6+13a40c6677
	- fabric-events-lifecycle-v0 0.2.64+df3654b377
	- fabric-game-rule-api-v1 1.0.41+1802ada577
	- fabric-gametest-api-v1 1.2.15+1802ada577
	- fabric-item-api-v1 2.1.29+1802ada577
	- fabric-item-group-api-v1 4.0.14+1802ada577
	- fabric-lifecycle-events-v1 2.2.23+1802ada577
	- fabric-loot-api-v2 1.2.3+1802ada577
	- fabric-loot-tables-v1 1.1.47+9e7660c677
	- fabric-message-api-v1 5.1.10+1802ada577
	- fabric-mining-level-api-v1 2.1.52+1802ada577
	- fabric-networking-api-v1 1.3.15+0caff8d077
	- fabric-networking-v0 0.3.55+df3654b377
	- fabric-object-builder-api-v1 11.1.5+e35120df77
	- fabric-particles-v1 1.1.3+1802ada577
	- fabric-recipe-api-v1 1.0.25+1802ada577
	- fabric-registry-sync-v0 2.4.1+4c0a70e677
	- fabric-rendering-data-attachment-v1 0.3.39+92a0d36777
	- fabric-rendering-fluids-v1 3.0.29+1802ada577
	- fabric-resource-conditions-api-v1 2.3.9+1802ada577
	- fabric-resource-loader-v0 0.11.12+fb82e9d777
	- fabric-screen-handler-api-v1 1.3.34+1802ada577
	- fabric-transfer-api-v1 3.3.6+8dd72ea377
	- fabric-transitive-access-wideners-v1 4.3.2+1802ada577
	- fabricloader 0.19.3
	- java 21
	- minecraft 1.20.1
	- mixinextras 0.5.4
[m[34m[20:03:02][m [32m[main/INFO][m [36m(FabricLoader/Mixin)[m [0mSpongePowered MIXIN Subsystem Version=0.8.7 Source=file:/C:/Users/huhai/.gradle/caches/modules-2/files-2.1/net.fabricmc/sponge-mixin/0.17.3+mixin.0.8.7/41c4a3984a80f4679e759fb9f495587acc5cdac7/sponge-mixin-0.17.3+mixin.0.8.7.jar Service=Knot/Fabric Env=SERVER
[m[34m[20:03:02][m [32m[main/INFO][m [36m(FabricLoader/Mixin)[m [0mLoaded Fabric development mappings for mixin remapper!
[m[34m[20:03:02][m [32m[main/INFO][m [36m(FabricLoader/Mixin)[m [0mCompatibility level set to JAVA_16
[m[34m[20:03:02][m [32m[main/INFO][m [36m(FabricLoader/Mixin)[m [0mCompatibility level set to JAVA_17
[m[34m[20:03:03][m [32m[main/INFO][m [36m(FabricLoader/MixinExtras|Service)[m [0mInitializing MixinExtras via com.llamalad7.mixinextras.service.MixinExtrasServiceImpl(version=0.5.4).
[m[34m[20:03:13][m [32m[main/INFO][m [36m(dragonkiller)[m [0mDragonKiller RL Environment initializing...
[m[34m[20:03:13][m [32m[main/INFO][m [36m(dragonkiller)[m [0mPhase: PHASE 2 (IS_PHASE_2=true, rlphase=p2)
[m[34m[20:03:14][m [32m[main/INFO][m [36m(Minecraft)[m [0mEnvironment: authHost='https://authserver.mojang.com', accountsHost='https://api.mojang.com', sessionHost='https://sessionserver.mojang.com', servicesHost='https://api.minecraftservices.com', name='PROD'
[m[34m[20:03:17][m [32m[main/INFO][m [36m(Minecraft)[m [0mLoaded 7 recipes
[m[34m[20:03:18][m [32m[main/INFO][m [36m(Minecraft)[m [0mLoaded 1271 advancements
[m[34m[20:03:18][m [32m[main/INFO][m [36m(BiomeModificationImpl)[m [0mApplied 0 biome modifications to 0 of 64 new biomes in 3.662 ms
[m[34m[20:03:18][m [32m[Server thread/INFO][m [36m(Minecraft)[m [0mStarting minecraft server version 1.20.1
[m[34m[20:03:18][m [32m[Server thread/INFO][m [36m(Minecraft)[m [0mLoading properties
[m[34m[20:03:18][m [32m[Server thread/INFO][m [36m(Minecraft)[m [0mDefault game type: SURVIVAL
[m[34m[20:03:18][m [32m[Server thread/INFO][m [36m(Minecraft)[m [0mGenerating keypair
[m[34m[20:03:19][m [32m[Server thread/INFO][m [36m(Minecraft)[m [0mStarting Minecraft server on *:25671
[m[34m[20:03:19][m [32m[Server thread/INFO][m [36m(Minecraft)[m [0mUsing default channel type
[m[34m[20:03:19][m [33m[Server thread/WARN][m [36m(Minecraft)[m [0m**** SERVER IS RUNNING IN OFFLINE/INSECURE MODE!
[m[34m[20:03:19][m [33m[Server thread/WARN][m [36m(Minecraft)[m [0mThe server will make no attempt to authenticate usernames. Beware.
[m[34m[20:03:19][m [33m[Server thread/WARN][m [36m(Minecraft)[m [0mWhile this makes the game possible to play without internet access, it also opens up the ability for hackers to connect with any username they choose.
[m[34m[20:03:19][m [33m[Server thread/WARN][m [36m(Minecraft)[m [0mTo change this, set "online-mode" to "true" in the server.properties file.
[m[34m[20:03:20][m [32m[Server thread/INFO][m [36m(Minecraft)[m [0mPreparing level "world"
[m[34m[20:03:21][m [32m[Server thread/INFO][m [36m(Minecraft)[m [0mPreparing start region for dimension minecraft:overworld
[m[34m[20:03:23][m [32m[Worker-Main-5/INFO][m [36m(Minecraft)[m [0mPreparing spawn area: 0%
[m[34m[20:03:23][m [32m[Worker-Main-3/INFO][m [36m(Minecraft)[m [0mPreparing spawn area: 0%
[m[34m[20:03:23][m [32m[Worker-Main-5/INFO][m [36m(Minecraft)[m [0mPreparing spawn area: 0%
[m[34m[20:03:23][m [32m[Worker-Main-19/INFO][m [36m(Minecraft)[m [0mPreparing spawn area: 0%
[m[34m[20:03:23][m [32m[Worker-Main-5/INFO][m [36m(Minecraft)[m [0mPreparing spawn area: 0%
[m[34m[20:03:23][m [32m[Worker-Main-19/INFO][m [36m(Minecraft)[m [0mPreparing spawn area: 0%
[m[34m[20:03:24][m [32m[Worker-Main-1/INFO][m [36m(Minecraft)[m [0mPreparing spawn area: 0%
[m[34m[20:03:24][m [32m[Worker-Main-5/INFO][m [36m(Minecraft)[m [0mPreparing spawn area: 1%
[m[34m[20:03:25][m [32m[Worker-Main-14/INFO][m [36m(Minecraft)[m [0mPreparing spawn area: 12%
[m[34m[20:03:25][m [32m[Worker-Main-21/INFO][m [36m(Minecraft)[m [0mPreparing spawn area: 42%
[m[34m[20:03:26][m [32m[Worker-Main-16/INFO][m [36m(Minecraft)[m [0mPreparing spawn area: 54%
[m[34m[20:03:26][m [32m[Worker-Main-14/INFO][m [36m(Minecraft)[m [0mPreparing spawn area: 68%
[m[34m[20:03:27][m [32m[Worker-Main-13/INFO][m [36m(Minecraft)[m [0mPreparing spawn area: 68%
[m[34m[20:03:27][m [32m[Worker-Main-9/INFO][m [36m(Minecraft)[m [0mPreparing spawn area: 71%
[m[34m[20:03:28][m [32m[Worker-Main-20/INFO][m [36m(Minecraft)[m [0mPreparing spawn area: 71%
[m[34m[20:03:28][m [32m[Worker-Main-11/INFO][m [36m(Minecraft)[m [0mPreparing spawn area: 76%
[m[34m[20:03:29][m [32m[Worker-Main-12/INFO][m [36m(Minecraft)[m [0mPreparing spawn area: 77%
[m[34m[20:03:29][m [32m[Worker-Main-10/INFO][m [36m(Minecraft)[m [0mPreparing spawn area: 77%
[m[34m[20:03:30][m [32m[Worker-Main-8/INFO][m [36m(Minecraft)[m [0mPreparing spawn area: 83%
[m[34m[20:03:30][m [32m[Worker-Main-25/INFO][m [36m(Minecraft)[m [0mPreparing spawn area: 83%
[m[34m[20:03:31][m [32m[Worker-Main-1/INFO][m [36m(Minecraft)[m [0mPreparing spawn area: 83%
[m[34m[20:03:31][m [32m[Worker-Main-25/INFO][m [36m(Minecraft)[m [0mPreparing spawn area: 83%
[m[34m[20:03:32][m [32m[Worker-Main-26/INFO][m [36m(Minecraft)[m [0mPreparing spawn area: 83%
[m[34m[20:03:32][m [32m[Worker-Main-26/INFO][m [36m(Minecraft)[m [0mPreparing spawn area: 84%
[m[34m[20:03:33][m [32m[Worker-Main-17/INFO][m [36m(Minecraft)[m [0mPreparing spawn area: 84%
[m[34m[20:03:33][m [32m[Worker-Main-18/INFO][m [36m(Minecraft)[m [0mPreparing spawn area: 84%
[m[34m[20:03:34][m [32m[Worker-Main-11/INFO][m [36m(Minecraft)[m [0mPreparing spawn area: 87%
[m[34m[20:03:34][m [32m[Worker-Main-23/INFO][m [36m(Minecraft)[m [0mPreparing spawn area: 88%
[m[34m[20:03:35][m [32m[Worker-Main-26/INFO][m [36m(Minecraft)[m [0mPreparing spawn area: 91%
[m[34m[20:03:35][m [32m[Worker-Main-9/INFO][m [36m(Minecraft)[m [0mPreparing spawn area: 94%
[m[34m[20:03:36][m [32m[Worker-Main-15/INFO][m [36m(Minecraft)[m [0mPreparing spawn area: 94%
[m[34m[20:03:36][m [32m[Server thread/INFO][m [36m(Minecraft)[m [0mTime elapsed: 15450 ms
[m[34m[20:03:36][m [32m[Server thread/INFO][m [36m(Minecraft)[m [0mDone (16.544s)! For help, type "help"
[m[34m[20:03:36][m [32m[Server thread/INFO][m [36m(dragonkiller)[m [0mRL SocketServer listening on port 5671
[m[34m[20:03:36][m [32m[Server thread/INFO][m [36m(dragonkiller)[m [0mBotPlayer created: RLBot (UUID: 75749aa9-5dfe-307b-9f25-d1c6891f911a)
[m[34m[20:03:36][m [32m[Server thread/INFO][m [36m(dragonkiller)[m [0mRLTickHandler initialized with BotPlayer
[m[34m[20:03:48][m [32m[Server thread/INFO][m [36m(dragonkiller)[m [0m[RATE] 20 TPS (interval=50ms, mspt=5.5ms)
[m[34m[20:03:55][m [33m[Server thread/WARN][m [36m(Minecraft)[m [0mCan't keep up! Is the server overloaded? Running 2001ms or 40 ticks behind
[m[34m[20:03:58][m [32m[Server thread/INFO][m [36m(dragonkiller)[m [0m[RATE] 20 TPS (interval=50ms, mspt=3.5ms)
[m[34m[20:04:09][m [32m[Server thread/INFO][m [36m(dragonkiller)[m [0m[RATE] 20 TPS (interval=50ms, mspt=2.4ms)
[m[34m[20:04:14][m [32m[Server thread/INFO][m [36m(dragonkiller)[m [0mRL client connected: /127.0.0.1:52930
[m[34m[20:04:14][m [32m[Server thread/INFO][m [36m(dragonkiller)[m [0mBotPlayer created: RLBot (UUID: 75749aa9-5dfe-307b-9f25-d1c6891f911a)
[m[34m[20:04:14][m [32m[Server thread/INFO][m [36m(dragonkiller)[m [0m[RESET] Phase 2 dragon spawned at (0, 128, 0) in HOLDING_PATTERN
[m[34m[20:04:14][m [32m[Server thread/INFO][m [36m(dragonkiller)[m [0mEpisode 1 started
[m[34m[20:04:14][m [32m[Server thread/INFO][m [36m(dragonkiller)[m [0m[RESET] Episode 1 started, bot at (0.0,65.0,43.0) hp=20.0 dragonHp=200.0
[m[34m[20:04:19][m [32m[Server thread/INFO][m [36m(dragonkiller)[m [0m[RATE] 20 TPS (interval=50ms, mspt=1.1ms)
[m[34m[20:04:29][m [32m[Server thread/INFO][m [36m(dragonkiller)[m [0m[RATE] 20 TPS (interval=50ms, mspt=1.0ms)
[m[34m[20:04:40][m [32m[Server thread/INFO][m [36m(dragonkiller)[m [0m[RATE] 20 TPS (interval=50ms, mspt=1.0ms)
[m[34m[20:04:50][m [32m[Server thread/INFO][m [36m(dragonkiller)[m [0m[RATE] 20 TPS (interval=50ms, mspt=1.0ms)
[m[34m[20:04:58][m [33m[Server thread/WARN][m [36m(Minecraft)[m [0mCan't keep up! Is the server overloaded? Running 2003ms or 40 ticks behind
[m[34m[20:05:00][m [32m[Server thread/INFO][m [36m(dragonkiller)[m [0m[RATE] 20 TPS (interval=50ms, mspt=1.5ms)
[m[34m[20:05:10][m [32m[Server thread/INFO][m [36m(dragonkiller)[m [0m[RATE] 20 TPS (interval=50ms, mspt=1.2ms)
[m[34m[20:05:21][m [32m[Server thread/INFO][m [36m(dragonkiller)[m [0m[RATE] 20 TPS (interval=50ms, mspt=1.0ms)
[m[34m[20:05:31][m [32m[Server thread/INFO][m [36m(dragonkiller)[m [0m[RATE] 20 TPS (interval=50ms, mspt=1.0ms)
[m[34m[20:05:33][m [32m[Server thread/INFO][m [36m(dragonkiller)[m [0m[PUSH] tick=1551 dist 0.00->0.34 penalty=-5.0
[m[34m[20:05:33][m [32m[Server thread/INFO][m [36m(dragonkiller)[m [0m[PUSH] tick=1552 dist 0.34->1.71 penalty=-5.0
[m[34m[20:05:33][m [32m[Server thread/INFO][m [36m(dragonkiller)[m [0m[PUSH] tick=1553 dist 1.71->3.25 penalty=-5.0
[m[34m[20:05:41][m [32m[Server thread/INFO][m [36m(dragonkiller)[m [0m[RATE] 20 TPS (interval=50ms, mspt=0.9ms)
[m[34m[20:05:51][m [32m[Server thread/INFO][m [36m(dragonkiller)[m [0m[RATE] 20 TPS (interval=50ms, mspt=0.9ms)
[m[34m[20:06:00][m [33m[Server thread/WARN][m [36m(Minecraft)[m [0mCan't keep up! Is the server overloaded? Running 2310ms or 46 ticks behind
[m[34m[20:06:02][m [32m[Server thread/INFO][m [36m(dragonkiller)[m [0m[RATE] 20 TPS (interval=50ms, mspt=1.3ms)
[m[34m[20:06:13][m [32m[Server thread/INFO][m [36m(dragonkiller)[m [0m[RATE] 20 TPS (interval=50ms, mspt=0.9ms)
[m[34m[20:06:23][m [32m[Server thread/INFO][m [36m(dragonkiller)[m [0m[RATE] 20 TPS (interval=50ms, mspt=0.9ms)
[m[34m[20:06:30][m [32m[Server thread/INFO][m [36m(dragonkiller)[m [0m[PUSH] tick=2639 dist 0.20->0.55 penalty=-5.0
[m[34m[20:06:30][m [32m[Server thread/INFO][m [36m(dragonkiller)[m [0m[PUSH] tick=2640 dist 0.55->1.83 penalty=-5.0
[m[34m[20:06:30][m [32m[Server thread/INFO][m [36m(dragonkiller)[m [0m[PUSH] tick=2641 dist 1.83->3.20 penalty=-5.0
[m[34m[20:06:33][m [32m[Server thread/INFO][m [36m(dragonkiller)[m [0m[RATE] 20 TPS (interval=50ms, mspt=0.9ms)
[m[34m[20:06:43][m [32m[Server thread/INFO][m [36m(dragonkiller)[m [0m[RATE] 20 TPS (interval=50ms, mspt=1.0ms)
[m[34m[20:06:53][m [32m[Server thread/INFO][m [36m(dragonkiller)[m [0m[RATE] 20 TPS (interval=50ms, mspt=0.8ms)
[m[34m[20:07:04][m [32m[Server thread/INFO][m [36m(dragonkiller)[m [0m[RATE] 20 TPS (interval=50ms, mspt=1.0ms)
[m[34m[20:07:10][m [32m[Server thread/INFO][m [36m(dragonkiller)[m [0m[PUSH] tick=3418 dist 0.00->0.31 penalty=-5.0
[m[34m[20:07:10][m [32m[Server thread/INFO][m [36m(dragonkiller)[m [0m[PUSH] tick=3419 dist 0.31->1.59 penalty=-5.0
[m[34m[20:07:10][m [32m[Server thread/INFO][m [36m(dragonkiller)[m [0m[PUSH] tick=3420 dist 1.59->3.19 penalty=-5.0
[m[34m[20:07:14][m [32m[Server thread/INFO][m [36m(dragonkiller)[m [0m[RATE] 20 TPS (interval=50ms, mspt=1.1ms)
[m[34m[20:07:19][m [32m[Server thread/INFO][m [36m(dragonkiller)[m [0m[EPISODE] Done reason=timeout totalReward=60.26 ticks=3600
[m[34m[20:07:19][m [32m[Server thread/INFO][m [36m(dragonkiller)[m [0mEpisode 1 ended: timeout (3600 ticks, total reward: 60.26419852842407)
[m[34m[20:07:19][m [32m[Server thread/INFO][m [36m(dragonkiller)[m [0m[EPISODE] Episode 1 ended: timeout (3600 ticks, total reward: 60.26)
[m[34m[20:07:19][m [32m[Server thread/INFO][m [36m(dragonkiller)[m [0m[EP_REWARD] survive=36.0 dense=24.4 breath=0.0 push=-45.0 trade0=0.0 claw=0.0 death=0.0 total=60.3
[m[34m[20:07:19][m [32m[Server thread/INFO][m [36m(dragonkiller)[m [0mBotPlayer created: RLBot (UUID: 75749aa9-5dfe-307b-9f25-d1c6891f911a)
[m[34m[20:07:19][m [32m[Server thread/INFO][m [36m(dragonkiller)[m [0m[RESET] Phase 2 dragon spawned at (0, 128, 0) in HOLDING_PATTERN
[m[34m[20:07:19][m [32m[Server thread/INFO][m [36m(dragonkiller)[m [0mEpisode 2 started
[m[34m[20:07:19][m [32m[Server thread/INFO][m [36m(dragonkiller)[m [0m[RESET] Episode 2 started, bot at (0.0,65.0,43.0) hp=20.0 dragonHp=200.0
[m[34m[20:07:24][m [32m[Server thread/INFO][m [36m(dragonkiller)[m [0m[RATE] 20 TPS (interval=50ms, mspt=0.9ms)
[m[34m[20:07:34][m [32m[Server thread/INFO][m [36m(dragonkiller)[m [0m[RATE] 20 TPS (interval=50ms, mspt=0.9ms)
[m[34m[20:07:35][m [33m[Server thread/WARN][m [36m(Minecraft)[m [0mCan't keep up! Is the server overloaded? Running 2001ms or 40 ticks behind
[m[34m[20:07:45][m [32m[Server thread/INFO][m [36m(dragonkiller)[m [0m[RATE] 20 TPS (interval=50ms, mspt=1.0ms)
[m[34m[20:07:55][m [32m[Server thread/INFO][m [36m(dragonkiller)[m [0m[RATE] 20 TPS (interval=50ms, mspt=0.9ms)
[m[34m[20:08:06][m [32m[Server thread/INFO][m [36m(dragonkiller)[m [0m[RATE] 20 TPS (interval=50ms, mspt=0.9ms)
[m[34m[20:08:16][m [32m[Server thread/INFO][m [36m(dragonkiller)[m [0m[RATE] 20 TPS (interval=50ms, mspt=0.9ms)
[m[34m[20:08:26][m [32m[Server thread/INFO][m [36m(dragonkiller)[m [0m[RATE] 20 TPS (interval=50ms, mspt=0.9ms)
[m[34m[20:08:32][m [32m[Server thread/INFO][m [36m(dragonkiller)[m [0m[PUSH] tick=1425 dist 0.00->0.46 penalty=-5.0
[m[34m[20:08:32][m [32m[Server thread/INFO][m [36m(dragonkiller)[m [0m[PUSH] tick=1426 dist 0.46->1.64 penalty=-5.0
[m[34m[20:08:32][m [32m[Server thread/INFO][m [36m(dragonkiller)[m [0m[PUSH] tick=1427 dist 1.64->2.60 penalty=-5.0
[m[34m[20:08:36][m [32m[Server thread/INFO][m [36m(dragonkiller)[m [0m[RATE] 20 TPS (interval=50ms, mspt=0.9ms)
[m[34m[20:08:36][m [32m[Server thread/INFO][m [36m(dragonkiller)[m [0m[PUSH] tick=1509 dist 0.30->1.37 penalty=-5.0
[m[34m[20:08:36][m [32m[Server thread/INFO][m [36m(dragonkiller)[m [0m[PUSH] tick=1510 dist 1.37->2.16 penalty=-5.0
[m[34m[20:08:43][m [33m[Server thread/WARN][m [36m(Minecraft)[m [0mCan't keep up! Is the server overloaded? Running 2001ms or 40 ticks behind
[m[34m[20:08:46][m [32m[Server thread/INFO][m [36m(dragonkiller)[m [0m[RATE] 20 TPS (interval=50ms, mspt=7.3ms)
[m[34m[20:08:57][m [32m[Server thread/INFO][m [36m(dragonkiller)[m [0m[RATE] 20 TPS (interval=50ms, mspt=0.9ms)
[m[34m[20:09:07][m [32m[Server thread/INFO][m [36m(dragonkiller)[m [0m[RATE] 20 TPS (interval=50ms, mspt=0.9ms)
[m[34m[20:09:17][m [32m[Server thread/INFO][m [36m(dragonkiller)[m [0m[RATE] 20 TPS (interval=50ms, mspt=1.2ms)
[m[34m[20:09:27][m [32m[Server thread/INFO][m [36m(dragonkiller)[m [0m[RATE] 20 TPS (interval=50ms, mspt=1.0ms)
[m[34m[20:09:38][m [32m[Server thread/INFO][m [36m(dragonkiller)[m [0m[RATE] 20 TPS (interval=50ms, mspt=0.9ms)
[m[34m[20:09:48][m [32m[Server thread/INFO][m [36m(dragonkiller)[m [0m[RATE] 20 TPS (interval=50ms, mspt=1.0ms)
[m[34m[20:09:50][m [33m[Server thread/WARN][m [36m(Minecraft)[m [0mCan't keep up! Is the server overloaded? Running 2002ms or 40 ticks behind
[m[34m[20:09:57][m [32m[Server thread/INFO][m [36m(dragonkiller)[m [0m[PUSH] tick=3078 dist 0.00->0.56 penalty=-5.0
[m[34m[20:09:57][m [32m[Server thread/INFO][m [36m(dragonkiller)[m [0m[PUSH] tick=3079 dist 0.56->2.31 penalty=-5.0
[m[34m[20:09:58][m [32m[Server thread/INFO][m [36m(dragonkiller)[m [0m[RATE] 20 TPS (interval=50ms, mspt=0.9ms)
[m[34m[20:10:09][m [32m[Server thread/INFO][m [36m(dragonkiller)[m [0m[RATE] 20 TPS (interval=50ms, mspt=0.9ms)
[m[34m[20:10:19][m [32m[Server thread/INFO][m [36m(dragonkiller)[m [0m[RATE] 20 TPS (interval=50ms, mspt=0.9ms)
[m[34m[20:10:24][m [32m[Server thread/INFO][m [36m(dragonkiller)[m [0m[EPISODE] Done reason=timeout totalReward=49.45 ticks=3600
[m[34m[20:10:24][m [32m[Server thread/INFO][m [36m(dragonkiller)[m [0mEpisode 2 ended: timeout (3600 ticks, total reward: 49.45123828132676)
[m[34m[20:10:24][m [32m[Server thread/INFO][m [36m(dragonkiller)[m [0m[EPISODE] Episode 2 ended: timeout (3600 ticks, total reward: 49.45)
[m[34m[20:10:24][m [32m[Server thread/INFO][m [36m(dragonkiller)[m [0m[EP_REWARD] survive=36.0 dense=19.4 breath=0.0 push=-35.0 trade0=0.0 claw=0.0 death=0.0 total=49.5
[m[34m[20:10:24][m [32m[Server thread/INFO][m [36m(dragonkiller)[m [0mBotPlayer created: RLBot (UUID: 75749aa9-5dfe-307b-9f25-d1c6891f911a)
[m[34m[20:10:24][m [32m[Server thread/INFO][m [36m(dragonkiller)[m [0m[RESET] Phase 2 dragon spawned at (0, 128, 0) in HOLDING_PATTERN
[m[34m[20:10:24][m [32m[Server thread/INFO][m [36m(dragonkiller)[m [0mEpisode 3 started
[m[34m[20:10:24][m [32m[Server thread/INFO][m [36m(dragonkiller)[m [0m[RESET] Episode 3 started, bot at (0.0,65.0,43.0) hp=20.0 dragonHp=200.0
[m[34m[20:10:29][m [32m[Server thread/INFO][m [36m(dragonkiller)[m [0m[RATE] 20 TPS (interval=50ms, mspt=0.9ms)
[m[34m[20:10:39][m [32m[Server thread/INFO][m [36m(dragonkiller)[m [0m[RATE] 20 TPS (interval=50ms, mspt=0.9ms)
[m[34m[20:10:50][m [32m[Server thread/INFO][m [36m(dragonkiller)[m [0m[RATE] 20 TPS (interval=50ms, mspt=0.9ms)
[m[34m[20:11:00][m [32m[Server thread/INFO][m [36m(dragonkiller)[m [0m[RATE] 20 TPS (interval=50ms, mspt=0.9ms)
[m[34m[20:11:10][m [32m[Server thread/INFO][m [36m(dragonkiller)[m [0m[RATE] 20 TPS (interval=50ms, mspt=0.9ms)
[m[34m[20:11:15][m [33m[Server thread/WARN][m [36m(Minecraft)[m [0mCan't keep up! Is the server overloaded? Running 2330ms or 46 ticks behind
[m[34m[20:11:21][m [32m[Server thread/INFO][m [36m(dragonkiller)[m [0m[RATE] 20 TPS (interval=50ms, mspt=0.8ms)
[m[34m[20:11:22][m [32m[Server thread/INFO][m [36m(dragonkiller)[m [0m[PUSH] tick=1138 dist 0.00->0.43 penalty=-5.0
[m[34m[20:11:22][m [32m[Server thread/INFO][m [36m(dragonkiller)[m [0m[PUSH] tick=1139 dist 0.43->1.71 penalty=-5.0
[m[34m[20:11:23][m [32m[Server thread/INFO][m [36m(dragonkiller)[m [0m[PUSH] tick=1140 dist 1.71->3.12 penalty=-5.0
[m[34m[20:11:31][m [32m[Server thread/INFO][m [36m(dragonkiller)[m [0m[RATE] 20 TPS (interval=50ms, mspt=0.8ms)
[m[34m[20:11:41][m [32m[Server thread/INFO][m [36m(dragonkiller)[m [0m[RATE] 20 TPS (interval=50ms, mspt=0.9ms)
[m[34m[20:11:51][m [32m[Server thread/INFO][m [36m(dragonkiller)[m [0m[RATE] 20 TPS (interval=50ms, mspt=0.9ms)
[m[34m[20:12:02][m [32m[Server thread/INFO][m [36m(dragonkiller)[m [0m[RATE] 20 TPS (interval=50ms, mspt=0.9ms)
[m[34m[20:12:10][m [32m[Server thread/INFO][m [36m(dragonkiller)[m [0m[PUSH] tick=2069 dist 0.00->0.37 penalty=-5.0
[m[34m[20:12:10][m [32m[Server thread/INFO][m [36m(dragonkiller)[m [0m[PUSH] tick=2070 dist 0.37->1.70 penalty=-5.0
[m[34m[20:12:10][m [32m[Server thread/INFO][m [36m(dragonkiller)[m [0m[PUSH] tick=2071 dist 1.70->3.14 penalty=-5.0
[m[34m[20:12:12][m [32m[Server thread/INFO][m [36m(dragonkiller)[m [0m[RATE] 20 TPS (interval=50ms, mspt=0.8ms)
[m[34m[20:12:22][m [32m[Server thread/INFO][m [36m(dragonkiller)[m [0m[RATE] 20 TPS (interval=50ms, mspt=0.9ms)
[m[34m[20:12:32][m [32m[Server thread/INFO][m [36m(dragonkiller)[m [0m[RATE] 20 TPS (interval=50ms, mspt=1.0ms)
[m[34m[20:12:42][m [32m[Server thread/INFO][m [36m(dragonkiller)[m [0m[RATE] 20 TPS (interval=50ms, mspt=0.9ms)
[m[34m[20:12:48][m [32m[Server thread/INFO][m [36m(dragonkiller)[m [0m[PUSH] tick=2820 dist 0.25->2.01 penalty=-5.0
[m[34m[20:12:53][m [32m[Server thread/INFO][m [36m(dragonkiller)[m [0m[RATE] 20 TPS (interval=50ms, mspt=0.9ms)
[m[34m[20:12:58][m [33m[Server thread/WARN][m [36m(Minecraft)[m [0mCan't keep up! Is the server overloaded? Running 2001ms or 40 ticks behind
[m[34m[20:13:03][m [32m[Server thread/INFO][m [36m(dragonkiller)[m [0m[RATE] 20 TPS (interval=50ms, mspt=0.9ms)
[m[34m[20:13:14][m [32m[Server thread/INFO][m [36m(dragonkiller)[m [0m[RATE] 20 TPS (interval=50ms, mspt=0.9ms)
[m[34m[20:13:24][m [32m[Server thread/INFO][m [36m(dragonkiller)[m [0m[RATE] 20 TPS (interval=50ms, mspt=0.8ms)
[m[34m[20:13:29][m [32m[Server thread/INFO][m [36m(dragonkiller)[m [0m[EPISODE] Done reason=timeout totalReward=89.93 ticks=3600
[m[34m[20:13:29][m [32m[Server thread/INFO][m [36m(dragonkiller)[m [0mEpisode 3 ended: timeout (3600 ticks, total reward: 89.92878955854701)
[m[34m[20:13:29][m [32m[Server thread/INFO][m [36m(dragonkiller)[m [0m[EPISODE] Episode 3 ended: timeout (3600 ticks, total reward: 89.93)
[m[34m[20:13:29][m [32m[Server thread/INFO][m [36m(dragonkiller)[m [0m[EP_REWARD] survive=36.0 dense=24.2 breath=0.0 push=-35.0 trade0=0.0 claw=0.0 death=0.0 total=89.9
[m[34m[20:13:29][m [32m[Server thread/INFO][m [36m(dragonkiller)[m [0mBotPlayer created: RLBot (UUID: 75749aa9-5dfe-307b-9f25-d1c6891f911a)
[m[34m[20:13:29][m [32m[Server thread/INFO][m [36m(dragonkiller)[m [0m[RESET] Phase 2 dragon spawned at (0, 128, 0) in HOLDING_PATTERN
[m[34m[20:13:29][m [32m[Server thread/INFO][m [36m(dragonkiller)[m [0mEpisode 4 started
[m[34m[20:13:29][m [32m[Server thread/INFO][m [36m(dragonkiller)[m [0m[RESET] Episode 4 started, bot at (0.0,65.0,43.0) hp=20.0 dragonHp=200.0
[m[34m[20:13:34][m [32m[Server thread/INFO][m [36m(dragonkiller)[m [0m[RATE] 20 TPS (interval=50ms, mspt=0.9ms)
[m[34m[20:13:44][m [32m[Server thread/INFO][m [36m(dragonkiller)[m [0m[RATE] 20 TPS (interval=50ms, mspt=0.8ms)
[m[34m[20:13:54][m [32m[Server thread/INFO][m [36m(dragonkiller)[m [0m[RATE] 20 TPS (interval=50ms, mspt=4.4ms)
[m[34m[20:14:05][m [32m[Server thread/INFO][m [36m(dragonkiller)[m [0m[RATE] 20 TPS (interval=50ms, mspt=0.9ms)
[m[34m[20:14:09][m [33m[Server thread/WARN][m [36m(Minecraft)[m [0mCan't keep up! Is the server overloaded? Running 2001ms or 40 ticks behind
[m[34m[20:14:15][m [32m[Server thread/INFO][m [36m(dragonkiller)[m [0m[RATE] 20 TPS (interval=50ms, mspt=1.2ms)
[m[34m[20:14:26][m [33m[Server thread/WARN][m [36m(Minecraft)[m [0mCan't keep up! Is the server overloaded? Running 2289ms or 45 ticks behind
[m[34m[20:14:27][m [32m[Server thread/INFO][m [36m(dragonkiller)[m [0m[RATE] 20 TPS (interval=50ms, mspt=1.7ms)
[m[34m[20:14:39][m [32m[Server thread/INFO][m [36m(dragonkiller)[m [0m[RATE] 20 TPS (interval=50ms, mspt=1.7ms)
[m[34m[20:14:40][m [32m[Server thread/INFO][m [36m(dragonkiller)[m [0m[PUSH] tick=1319 dist 0.00->1.17 penalty=-5.0
[m[34m[20:14:40][m [32m[Server thread/INFO][m [36m(dragonkiller)[m [0m[PUSH] tick=1320 dist 1.17->2.70 penalty=-5.0
[m[34m[20:14:45][m [33m[Server thread/WARN][m [36m(Minecraft)[m [0mCan't keep up! Is the server overloaded? Running 3676ms or 73 ticks behind
[m[34m[20:14:53][m [32m[Server thread/INFO][m [36m(dragonkiller)[m [0m[RATE] 20 TPS (interval=50ms, mspt=1.7ms)
[m[34m[20:15:05][m [33m[Server thread/WARN][m [36m(Minecraft)[m [0mCan't keep up! Is the server overloaded? Running 5058ms or 101 ticks behind
[m[34m[20:15:06][m [32m[Server thread/INFO][m [36m(dragonkiller)[m [0m[RATE] 20 TPS (interval=50ms, mspt=1.9ms)
[m[34m[20:15:18][m [32m[Server thread/INFO][m [36m(dragonkiller)[m [0m[RATE] 20 TPS (interval=50ms, mspt=1.8ms)
[m[34m[20:15:24][m [33m[Server thread/WARN][m [36m(Minecraft)[m [0mCan't keep up! Is the server overloaded? Running 3460ms or 69 ticks behind
[m[34m[20:15:29][m [32m[Server thread/INFO][m [36m(dragonkiller)[m [0m[RATE] 20 TPS (interval=50ms, mspt=1.0ms)
[m[34m[20:15:39][m [32m[Server thread/INFO][m [36m(dragonkiller)[m [0m[RATE] 20 TPS (interval=50ms, mspt=0.9ms)
[m[34m[20:15:49][m [32m[Server thread/INFO][m [36m(dragonkiller)[m [0m[RATE] 20 TPS (interval=50ms, mspt=0.9ms)
[m[34m[20:16:00][m [32m[Server thread/INFO][m [36m(dragonkiller)[m [0m[RATE] 20 TPS (interval=50ms, mspt=0.9ms)
[m[34m[20:16:10][m [32m[Server thread/INFO][m [36m(dragonkiller)[m [0m[RATE] 20 TPS (interval=50ms, mspt=0.9ms)
[m[34m[20:16:20][m [32m[Server thread/INFO][m [36m(dragonkiller)[m [0m[RATE] 20 TPS (interval=50ms, mspt=0.9ms)
[m[34m[20:16:30][m [32m[Server thread/INFO][m [36m(dragonkiller)[m [0m[RATE] 20 TPS (interval=50ms, mspt=1.0ms)
[m[34m[20:16:30][m [32m[Server thread/INFO][m [36m(dragonkiller)[m [0m[PUSH] tick=3305 dist 0.00->0.42 penalty=-5.0
[m[34m[20:16:30][m [32m[Server thread/INFO][m [36m(dragonkiller)[m [0m[PUSH] tick=3306 dist 0.42->1.41 penalty=-5.0
[m[34m[20:16:30][m [32m[Server thread/INFO][m [36m(dragonkiller)[m [0m[PUSH] tick=3307 dist 1.41->2.12 penalty=-5.0
[m[34m[20:16:40][m [32m[Server thread/INFO][m [36m(dragonkiller)[m [0m[RATE] 20 TPS (interval=50ms, mspt=1.0ms)
[m[34m[20:16:43][m [33m[Server thread/WARN][m [36m(Minecraft)[m [0mCan't keep up! Is the server overloaded? Running 2028ms or 40 ticks behind
[m[34m[20:16:46][m [32m[Server thread/INFO][m [36m(dragonkiller)[m [0m[EPISODE] Done reason=timeout totalReward=71.41 ticks=3600
[m[34m[20:16:46][m [32m[Server thread/INFO][m [36m(dragonkiller)[m [0mEpisode 4 ended: timeout (3600 ticks, total reward: 71.40509161041867)
[m[34m[20:16:46][m [32m[Server thread/INFO][m [36m(dragonkiller)[m [0m[EPISODE] Episode 4 ended: timeout (3600 ticks, total reward: 71.41)
[m[34m[20:16:46][m [32m[Server thread/INFO][m [36m(dragonkiller)[m [0m[EP_REWARD] survive=36.0 dense=26.5 breath=0.0 push=-25.0 trade0=0.0 claw=0.0 death=0.0 total=71.4
[m[34m[20:16:46][m [32m[Server thread/INFO][m [36m(dragonkiller)[m [0mBotPlayer created: RLBot (UUID: 75749aa9-5dfe-307b-9f25-d1c6891f911a)
[m[34m[20:16:46][m [32m[Server thread/INFO][m [36m(dragonkiller)[m [0m[RESET] Phase 2 dragon spawned at (0, 128, 0) in HOLDING_PATTERN
[m[34m[20:16:46][m [32m[Server thread/INFO][m [36m(dragonkiller)[m [0mEpisode 5 started
[m[34m[20:16:46][m [32m[Server thread/INFO][m [36m(dragonkiller)[m [0m[RESET] Episode 5 started, bot at (0.0,65.0,43.0) hp=20.0 dragonHp=200.0
[m[34m[20:16:51][m [32m[Server thread/INFO][m [36m(dragonkiller)[m [0m[RATE] 20 TPS (interval=50ms, mspt=0.8ms)
[m[34m[20:17:01][m [32m[Server thread/INFO][m [36m(dragonkiller)[m [0m[RATE] 20 TPS (interval=50ms, mspt=0.8ms)
[m[34m[20:17:12][m [32m[Server thread/INFO][m [36m(dragonkiller)[m [0m[RATE] 20 TPS (interval=50ms, mspt=0.9ms)
[m[34m[20:17:22][m [32m[Server thread/INFO][m [36m(dragonkiller)[m [0m[RATE] 20 TPS (interval=50ms, mspt=0.9ms)
[m[34m[20:17:32][m [32m[Server thread/INFO][m [36m(dragonkiller)[m [0m[RATE] 20 TPS (interval=50ms, mspt=0.9ms)
[m[34m[20:17:42][m [32m[Server thread/INFO][m [36m(dragonkiller)[m [0m[RATE] 20 TPS (interval=50ms, mspt=0.9ms)
[m[34m[20:17:52][m [32m[Server thread/INFO][m [36m(dragonkiller)[m [0m[RATE] 20 TPS (interval=50ms, mspt=0.9ms)
[m[34m[20:18:02][m [32m[Server thread/INFO][m [36m(dragonkiller)[m [0m[PUSH] tick=1487 dist 0.00->0.38 penalty=-5.0
[m[34m[20:18:02][m [32m[Server thread/INFO][m [36m(dragonkiller)[m [0m[PUSH] tick=1488 dist 0.38->1.36 penalty=-5.0
[m[34m[20:18:02][m [32m[Server thread/INFO][m [36m(dragonkiller)[m [0m[PUSH] tick=1489 dist 1.36->2.24 penalty=-5.0
[m[34m[20:18:03][m [32m[Server thread/INFO][m [36m(dragonkiller)[m [0m[RATE] 20 TPS (interval=50ms, mspt=0.9ms)
[m[34m[20:18:03][m [32m[Server thread/INFO][m [36m(dragonkiller)[m [0m[PUSH] tick=1512 dist 0.12->0.53 penalty=-5.0
[m[34m[20:18:03][m [32m[Server thread/INFO][m [36m(dragonkiller)[m [0m[PUSH] tick=1513 dist 0.53->1.06 penalty=-5.0
[m[34m[20:18:03][m [32m[Server thread/INFO][m [36m(dragonkiller)[m [0m[PUSH] tick=1514 dist 1.06->1.82 penalty=-5.0
[m[34m[20:18:03][m [32m[Server thread/INFO][m [36m(dragonkiller)[m [0m[PUSH] tick=1515 dist 1.82->2.46 penalty=-5.0
[m[34m[20:18:13][m [32m[Server thread/INFO][m [36m(dragonkiller)[m [0m[RATE] 20 TPS (interval=50ms, mspt=0.9ms)
[m[34m[20:18:21][m [33m[Server thread/WARN][m [36m(Minecraft)[m [0mCan't keep up! Is the server overloaded? Running 2002ms or 40 ticks behind
[m[34m[20:18:23][m [32m[Server thread/INFO][m [36m(dragonkiller)[m [0m[RATE] 20 TPS (interval=50ms, mspt=1.2ms)
[m[34m[20:18:34][m [32m[Server thread/INFO][m [36m(dragonkiller)[m [0m[RATE] 20 TPS (interval=50ms, mspt=0.9ms)
[m[34m[20:18:44][m [32m[Server thread/INFO][m [36m(dragonkiller)[m [0m[RATE] 20 TPS (interval=50ms, mspt=0.9ms)
[m[34m[20:18:54][m [32m[Server thread/INFO][m [36m(dragonkiller)[m [0m[RATE] 20 TPS (interval=50ms, mspt=1.0ms)
[m[34m[20:18:57][m [32m[Server thread/INFO][m [36m(dragonkiller)[m [0m[PUSH] tick=2556 dist 0.10->1.56 penalty=-5.0
[m[34m[20:18:57][m [32m[Server thread/INFO][m [36m(dragonkiller)[m [0m[PUSH] tick=2557 dist 1.56->2.91 penalty=-5.0
[m[34m[20:19:04][m [32m[Server thread/INFO][m [36m(dragonkiller)[m [0m[RATE] 20 TPS (interval=50ms, mspt=0.8ms)
[m[34m[20:19:15][m [32m[Server thread/INFO][m [36m(dragonkiller)[m [0m[RATE] 20 TPS (interval=50ms, mspt=4.2ms)
[m[34m[20:19:25][m [32m[Server thread/INFO][m [36m(dragonkiller)[m [0m[RATE] 20 TPS (interval=50ms, mspt=0.9ms)
[m[34m[20:19:35][m [32m[Server thread/INFO][m [36m(dragonkiller)[m [0m[RATE] 20 TPS (interval=50ms, mspt=0.9ms)
[m[34m[20:19:35][m [33m[Server thread/WARN][m [36m(Minecraft)[m [0mCan't keep up! Is the server overloaded? Running 2001ms or 40 ticks behind
[m[34m[20:19:36][m [32m[Server thread/INFO][m [36m(dragonkiller)[m [0m[PUSH] tick=3315 dist 0.00->0.56 penalty=-5.0
[m[34m[20:19:36][m [32m[Server thread/INFO][m [36m(dragonkiller)[m [0m[PUSH] tick=3316 dist 0.56->2.23 penalty=-5.0
[m[34m[20:19:45][m [32m[Server thread/INFO][m [36m(dragonkiller)[m [0m[RATE] 20 TPS (interval=50ms, mspt=0.9ms)
[m[34m[20:19:50][m [32m[Server thread/INFO][m [36m(dragonkiller)[m [0m[EPISODE] Done reason=timeout totalReward=67.78 ticks=3600
[m[34m[20:19:50][m [32m[Server thread/INFO][m [36m(dragonkiller)[m [0mEpisode 5 ended: timeout (3600 ticks, total reward: 67.78185682562047)
[m[34m[20:19:50][m [32m[Server thread/INFO][m [36m(dragonkiller)[m [0m[EPISODE] Episode 5 ended: timeout (3600 ticks, total reward: 67.78)
[m[34m[20:19:50][m [32m[Server thread/INFO][m [36m(dragonkiller)[m [0m[EP_REWARD] survive=36.0 dense=29.9 breath=0.0 push=-55.0 trade0=0.0 claw=0.0 death=0.0 total=67.8
[m[34m[20:19:50][m [32m[Server thread/INFO][m [36m(dragonkiller)[m [0mBotPlayer created: RLBot (UUID: 75749aa9-5dfe-307b-9f25-d1c6891f911a)
[m[34m[20:19:50][m [32m[Server thread/INFO][m [36m(dragonkiller)[m [0m[RESET] Phase 2 dragon spawned at (0, 128, 0) in HOLDING_PATTERN
[m[34m[20:19:50][m [32m[Server thread/INFO][m [36m(dragonkiller)[m [0mEpisode 6 started
[m[34m[20:19:50][m [32m[Server thread/INFO][m [36m(dragonkiller)[m [0m[RESET] Episode 6 started, bot at (0.0,65.0,43.0) hp=20.0 dragonHp=200.0
[m[34m[20:19:55][m [32m[Server thread/INFO][m [36m(dragonkiller)[m [0m[RATE] 20 TPS (interval=50ms, mspt=0.9ms)
[m[34m[20:20:06][m [32m[Server thread/INFO][m [36m(dragonkiller)[m [0m[RATE] 20 TPS (interval=50ms, mspt=0.8ms)
[m[34m[20:20:16][m [32m[Server thread/INFO][m [36m(dragonkiller)[m [0m[RATE] 20 TPS (interval=50ms, mspt=0.8ms)
[m[34m[20:20:27][m [32m[Server thread/INFO][m [36m(dragonkiller)[m [0m[RATE] 20 TPS (interval=50ms, mspt=0.8ms)
[m[34m[20:20:37][m [32m[Server thread/INFO][m [36m(dragonkiller)[m [0m[RATE] 20 TPS (interval=50ms, mspt=0.8ms)
[m[34m[20:20:47][m [32m[Server thread/INFO][m [36m(dragonkiller)[m [0m[RATE] 20 TPS (interval=50ms, mspt=0.8ms)
[m[34m[20:20:49][m [33m[Server thread/WARN][m [36m(Minecraft)[m [0mCan't keep up! Is the server overloaded? Running 2001ms or 40 ticks behind
[m[34m[20:20:52][m [32m[Server thread/INFO][m [36m(dragonkiller)[m [0m[PUSH] tick=1204 dist 0.00->0.66 penalty=-5.0
[m[34m[20:20:52][m [32m[Server thread/INFO][m [36m(dragonkiller)[m [0m[PUSH] tick=1205 dist 0.66->1.70 penalty=-5.0
[m[34m[20:20:52][m [32m[Server thread/INFO][m [36m(dragonkiller)[m [0m[PUSH] tick=1206 dist 1.70->3.09 penalty=-5.0
[m[34m[20:20:57][m [32m[Server thread/INFO][m [36m(dragonkiller)[m [0m[RATE] 20 TPS (interval=50ms, mspt=0.8ms)
[m[34m[20:21:07][m [32m[Server thread/INFO][m [36m(dragonkiller)[m [0m[RATE] 20 TPS (interval=50ms, mspt=0.9ms)
[m[34m[20:21:18][m [32m[Server thread/INFO][m [36m(dragonkiller)[m [0m[RATE] 20 TPS (interval=50ms, mspt=0.8ms)
[m[34m[20:21:28][m [32m[Server thread/INFO][m [36m(dragonkiller)[m [0m[RATE] 20 TPS (interval=50ms, mspt=0.8ms)
[m[34m[20:21:38][m [32m[Server thread/INFO][m [36m(dragonkiller)[m [0m[RATE] 20 TPS (interval=50ms, mspt=0.9ms)
[m[34m[20:21:48][m [32m[Server thread/INFO][m [36m(dragonkiller)[m [0m[RATE] 20 TPS (interval=50ms, mspt=0.9ms)
[m[34m[20:21:58][m [33m[Server thread/WARN][m [36m(Minecraft)[m [0mCan't keep up! Is the server overloaded? Running 2156ms or 43 ticks behind
[m[34m[20:21:59][m [32m[Server thread/INFO][m [36m(dragonkiller)[m [0m[RATE] 20 TPS (interval=50ms, mspt=1.2ms)
[m[34m[20:22:09][m [32m[Server thread/INFO][m [36m(dragonkiller)[m [0m[RATE] 20 TPS (interval=50ms, mspt=0.8ms)
[m[34m[20:22:20][m [32m[Server thread/INFO][m [36m(dragonkiller)[m [0m[RATE] 20 TPS (interval=50ms, mspt=0.8ms)
[m[34m[20:22:30][m [32m[Server thread/INFO][m [36m(dragonkiller)[m [0m[RATE] 20 TPS (interval=50ms, mspt=0.8ms)
[m[34m[20:22:40][m [32m[Server thread/INFO][m [36m(dragonkiller)[m [0m[RATE] 20 TPS (interval=50ms, mspt=0.9ms)
[m[34m[20:22:50][m [32m[Server thread/INFO][m [36m(dragonkiller)[m [0m[RATE] 20 TPS (interval=50ms, mspt=0.8ms)
[m[34m[20:22:55][m [32m[Server thread/INFO][m [36m(dragonkiller)[m [0m[EPISODE] Done reason=timeout totalReward=66.97 ticks=3600
[m[34m[20:22:55][m [32m[Server thread/INFO][m [36m(dragonkiller)[m [0mEpisode 6 ended: timeout (3600 ticks, total reward: 66.96886598503477)
[m[34m[20:22:55][m [32m[Server thread/INFO][m [36m(dragonkiller)[m [0m[EPISODE] Episode 6 ended: timeout (3600 ticks, total reward: 66.97)
[m[34m[20:22:55][m [32m[Server thread/INFO][m [36m(dragonkiller)[m [0m[EP_REWARD] survive=36.0 dense=21.0 breath=0.0 push=-15.0 trade0=0.0 claw=0.0 death=0.0 total=67.0
[m[34m[20:22:55][m [32m[Server thread/INFO][m [36m(dragonkiller)[m [0mBotPlayer created: RLBot (UUID: 75749aa9-5dfe-307b-9f25-d1c6891f911a)
[m[34m[20:22:55][m [32m[Server thread/INFO][m [36m(dragonkiller)[m [0m[RESET] Phase 2 dragon spawned at (0, 128, 0) in HOLDING_PATTERN
[m[34m[20:22:55][m [32m[Server thread/INFO][m [36m(dragonkiller)[m [0mEpisode 7 started
[m[34m[20:22:55][m [32m[Server thread/INFO][m [36m(dragonkiller)[m [0m[RESET] Episode 7 started, bot at (0.0,65.0,43.0) hp=20.0 dragonHp=200.0
[m[34m[20:23:00][m [32m[Server thread/INFO][m [36m(dragonkiller)[m [0m[RATE] 20 TPS (interval=50ms, mspt=0.9ms)
[m[34m[20:23:10][m [32m[Server thread/INFO][m [36m(dragonkiller)[m [0m[RATE] 20 TPS (interval=50ms, mspt=0.8ms)
[m[34m[20:23:21][m [32m[Server thread/INFO][m [36m(dragonkiller)[m [0m[RATE] 20 TPS (interval=50ms, mspt=0.9ms)
[m[34m[20:23:31][m [32m[Server thread/INFO][m [36m(dragonkiller)[m [0m[RATE] 20 TPS (interval=50ms, mspt=0.8ms)
[m[34m[20:23:41][m [32m[Server thread/INFO][m [36m(dragonkiller)[m [0m[RATE] 20 TPS (interval=50ms, mspt=0.8ms)
[m[34m[20:23:43][m [33m[Server thread/WARN][m [36m(Minecraft)[m [0mCan't keep up! Is the server overloaded? Running 2500ms or 50 ticks behind
[m[34m[20:23:52][m [32m[Server thread/INFO][m [36m(dragonkiller)[m [0m[RATE] 20 TPS (interval=50ms, mspt=0.9ms)
[m[34m[20:24:02][m [32m[Server thread/INFO][m [36m(dragonkiller)[m [0m[RATE] 20 TPS (interval=50ms, mspt=0.9ms)
[m[34m[20:24:12][m [32m[Server thread/INFO][m [36m(dragonkiller)[m [0m[RATE] 20 TPS (interval=50ms, mspt=1.0ms)
[m[34m[20:24:22][m [32m[Server thread/INFO][m [36m(dragonkiller)[m [0m[PUSH] tick=1695 dist 0.12->1.08 penalty=-5.0
[m[34m[20:24:22][m [32m[Server thread/INFO][m [36m(dragonkiller)[m [0m[PUSH] tick=1696 dist 1.08->1.94 penalty=-5.0
[m[34m[20:24:22][m [32m[Server thread/INFO][m [36m(dragonkiller)[m [0m[PUSH] tick=1697 dist 1.94->2.70 penalty=-5.0
[m[34m[20:24:22][m [32m[Server thread/INFO][m [36m(dragonkiller)[m [0m[RATE] 20 TPS (interval=50ms, mspt=4.2ms)
[m[34m[20:24:33][m [32m[Server thread/INFO][m [36m(dragonkiller)[m [0m[RATE] 20 TPS (interval=50ms, mspt=0.9ms)
[m[34m[20:24:43][m [32m[Server thread/INFO][m [36m(dragonkiller)[m [0m[RATE] 20 TPS (interval=50ms, mspt=0.9ms)
[m[34m[20:24:53][m [32m[Server thread/INFO][m [36m(dragonkiller)[m [0m[RATE] 20 TPS (interval=50ms, mspt=0.9ms)
[m[34m[20:25:03][m [32m[Server thread/INFO][m [36m(dragonkiller)[m [0m[RATE] 20 TPS (interval=50ms, mspt=0.9ms)
[m[34m[20:25:09][m [32m[Server thread/INFO][m [36m(dragonkiller)[m [0m[PUSH] tick=2626 dist 0.00->0.62 penalty=-5.0
[m[34m[20:25:09][m [32m[Server thread/INFO][m [36m(dragonkiller)[m [0m[PUSH] tick=2627 dist 0.62->1.59 penalty=-5.0
[m[34m[20:25:10][m [32m[Server thread/INFO][m [36m(dragonkiller)[m [0m[PUSH] tick=2628 dist 1.59->2.46 penalty=-5.0
[m[34m[20:25:13][m [32m[Server thread/INFO][m [36m(dragonkiller)[m [0m[RATE] 20 TPS (interval=50ms, mspt=0.9ms)
[m[34m[20:25:24][m [32m[Server thread/INFO][m [36m(dragonkiller)[m [0m[RATE] 20 TPS (interval=50ms, mspt=0.9ms)
[m[34m[20:25:26][m [33m[Server thread/WARN][m [36m(Minecraft)[m [0mCan't keep up! Is the server overloaded? Running 2002ms or 40 ticks behind
[m[34m[20:25:35][m [32m[Server thread/INFO][m [36m(dragonkiller)[m [0m[RATE] 20 TPS (interval=50ms, mspt=0.8ms)
[m[34m[20:25:45][m [32m[Server thread/INFO][m [36m(dragonkiller)[m [0m[RATE] 20 TPS (interval=50ms, mspt=0.9ms)
[m[34m[20:25:55][m [32m[Server thread/INFO][m [36m(dragonkiller)[m [0m[RATE] 20 TPS (interval=50ms, mspt=0.8ms)
[m[34m[20:26:00][m [32m[Server thread/INFO][m [36m(dragonkiller)[m [0m[EPISODE] Done reason=timeout totalReward=83.02 ticks=3600
[m[34m[20:26:00][m [32m[Server thread/INFO][m [36m(dragonkiller)[m [0mEpisode 7 ended: timeout (3600 ticks, total reward: 83.01890611078817)
[m[34m[20:26:00][m [32m[Server thread/INFO][m [36m(dragonkiller)[m [0m[EPISODE] Episode 7 ended: timeout (3600 ticks, total reward: 83.02)
[m[34m[20:26:00][m [32m[Server thread/INFO][m [36m(dragonkiller)[m [0m[EP_REWARD] survive=36.0 dense=34.9 breath=0.0 push=-30.0 trade0=0.0 claw=0.0 death=0.0 total=83.0
[m[34m[20:26:00][m [32m[Server thread/INFO][m [36m(dragonkiller)[m [0mBotPlayer created: RLBot (UUID: 75749aa9-5dfe-307b-9f25-d1c6891f911a)
[m[34m[20:26:00][m [32m[Server thread/INFO][m [36m(dragonkiller)[m [0m[RESET] Phase 2 dragon spawned at (0, 128, 0) in HOLDING_PATTERN
[m[34m[20:26:00][m [32m[Server thread/INFO][m [36m(dragonkiller)[m [0mEpisode 8 started
[m[34m[20:26:00][m [32m[Server thread/INFO][m [36m(dragonkiller)[m [0m[RESET] Episode 8 started, bot at (0.0,65.0,43.0) hp=20.0 dragonHp=200.0
[m[34m[20:26:05][m [32m[Server thread/INFO][m [36m(dragonkiller)[m [0m[RATE] 20 TPS (interval=50ms, mspt=0.9ms)
[m[34m[20:26:15][m [32m[Server thread/INFO][m [36m(dragonkiller)[m [0m[RATE] 20 TPS (interval=50ms, mspt=0.9ms)
[m[34m[20:26:25][m [32m[Server thread/INFO][m [36m(dragonkiller)[m [0m[RATE] 20 TPS (interval=50ms, mspt=1.0ms)
[m[34m[20:26:35][m [33m[Server thread/WARN][m [36m(Minecraft)[m [0mCan't keep up! Is the server overloaded? Running 2002ms or 40 ticks behind
[m[34m[20:26:36][m [32m[Server thread/INFO][m [36m(dragonkiller)[m [0m[RATE] 20 TPS (interval=50ms, mspt=1.2ms)
[m[34m[20:26:46][m [32m[Server thread/INFO][m [36m(dragonkiller)[m [0m[RATE] 20 TPS (interval=50ms, mspt=0.9ms)
[m[34m[20:26:53][m [32m[Server thread/INFO][m [36m(dragonkiller)[m [0m[PUSH] tick=1037 dist 0.21->0.77 penalty=-5.0
[m[34m[20:26:53][m [32m[Server thread/INFO][m [36m(dragonkiller)[m [0m[PUSH] tick=1038 dist 0.77->1.31 penalty=-5.0
[m[34m[20:26:53][m [32m[Server thread/INFO][m [36m(dragonkiller)[m [0m[PUSH] tick=1039 dist 1.31->1.90 penalty=-5.0
[m[34m[20:26:53][m [32m[Server thread/INFO][m [36m(dragonkiller)[m [0m[PUSH] tick=1040 dist 1.90->2.58 penalty=-5.0
[m[34m[20:26:54][m [32m[Server thread/INFO][m [36m(dragonkiller)[m [0m[PUSH] tick=1067 dist 0.09->0.52 penalty=-5.0
[m[34m[20:26:54][m [32m[Server thread/INFO][m [36m(dragonkiller)[m [0m[PUSH] tick=1068 dist 0.52->1.83 penalty=-5.0
[m[34m[20:26:54][m [32m[Server thread/INFO][m [36m(dragonkiller)[m [0m[PUSH] tick=1069 dist 1.83->2.67 penalty=-5.0
[m[34m[20:26:56][m [32m[Server thread/INFO][m [36m(dragonkiller)[m [0m[RATE] 20 TPS (interval=50ms, mspt=1.0ms)
[m[34m[20:27:06][m [32m[Server thread/INFO][m [36m(dragonkiller)[m [0m[RATE] 20 TPS (interval=50ms, mspt=1.0ms)
[m[34m[20:27:17][m [32m[Server thread/INFO][m [36m(dragonkiller)[m [0m[RATE] 20 TPS (interval=50ms, mspt=0.9ms)
[m[34m[20:27:27][m [32m[Server thread/INFO][m [36m(dragonkiller)[m [0m[RATE] 20 TPS (interval=50ms, mspt=1.0ms)
[m[34m[20:27:38][m [32m[Server thread/INFO][m [36m(dragonkiller)[m [0m[RATE] 20 TPS (interval=50ms, mspt=1.0ms)
[m[34m[20:27:43][m [33m[Server thread/WARN][m [36m(Minecraft)[m [0mCan't keep up! Is the server overloaded? Running 2001ms or 40 ticks behind
[m[34m[20:27:48][m [32m[Server thread/INFO][m [36m(dragonkiller)[m [0m[RATE] 20 TPS (interval=50ms, mspt=0.9ms)
[m[34m[20:27:58][m [32m[Server thread/INFO][m [36m(dragonkiller)[m [0m[RATE] 20 TPS (interval=50ms, mspt=0.9ms)
[m[34m[20:28:08][m [32m[Server thread/INFO][m [36m(dragonkiller)[m [0m[RATE] 20 TPS (interval=50ms, mspt=1.0ms)
[m[34m[20:28:18][m [32m[Server thread/INFO][m [36m(dragonkiller)[m [0m[RATE] 20 TPS (interval=50ms, mspt=1.0ms)
[m[34m[20:28:23][m [32m[Server thread/INFO][m [36m(dragonkiller)[m [0m[PUSH] tick=2787 dist 1.03->1.55 penalty=-5.0
[m[34m[20:28:23][m [32m[Server thread/INFO][m [36m(dragonkiller)[m [0m[PUSH] tick=2788 dist 1.55->2.14 penalty=-5.0
[m[34m[20:28:28][m [32m[Server thread/INFO][m [36m(dragonkiller)[m [0m[RATE] 20 TPS (interval=50ms, mspt=1.0ms)
[m[34m[20:28:39][m [32m[Server thread/INFO][m [36m(dragonkiller)[m [0m[RATE] 20 TPS (interval=50ms, mspt=1.0ms)
[m[34m[20:28:47][m [32m[Server thread/INFO][m [36m(dragonkiller)[m [0m[PUSH] tick=3266 dist 0.00->0.39 penalty=-5.0
[m[34m[20:28:47][m [32m[Server thread/INFO][m [36m(dragonkiller)[m [0m[PUSH] tick=3267 dist 0.39->0.89 penalty=-5.0
[m[34m[20:28:47][m [32m[Server thread/INFO][m [36m(dragonkiller)[m [0m[PUSH] tick=3268 dist 0.89->1.47 penalty=-5.0
[m[34m[20:28:47][m [32m[Server thread/INFO][m [36m(dragonkiller)[m [0m[PUSH] tick=3269 dist 1.47->2.00 penalty=-5.0
[m[34m[20:28:49][m [32m[Server thread/INFO][m [36m(dragonkiller)[m [0m[RATE] 20 TPS (interval=50ms, mspt=1.0ms)
[m[34m[20:28:50][m [32m[Server thread/INFO][m [36m(dragonkiller)[m [0m[PUSH] tick=3336 dist 1.57->2.01 penalty=-5.0
[m[34m[20:28:53][m [32m[Server thread/INFO][m [36m(dragonkiller)[m [0m[PUSH] tick=3379 dist 1.50->2.14 penalty=-5.0
[m[34m[20:28:56][m [32m[Server thread/INFO][m [36m(dragonkiller)[m [0m[PUSH] tick=3435 dist 1.76->2.16 penalty=-5.0
[m[34m[20:28:57][m [32m[Server thread/INFO][m [36m(dragonkiller)[m [0m[PUSH] tick=3463 dist 0.85->1.28 penalty=-5.0
[m[34m[20:28:57][m [32m[Server thread/INFO][m [36m(dragonkiller)[m [0m[PUSH] tick=3467 dist 1.46->1.89 penalty=-5.0
[m[34m[20:28:57][m [32m[Server thread/INFO][m [36m(dragonkiller)[m [0m[PUSH] tick=3470 dist 1.99->2.52 penalty=-5.0
[m[34m[20:28:59][m [33m[Server thread/WARN][m [36m(Minecraft)[m [0mCan't keep up! Is the server overloaded? Running 2049ms or 40 ticks behind
[m[34m[20:29:00][m [32m[Server thread/INFO][m [36m(dragonkiller)[m [0m[RATE] 20 TPS (interval=50ms, mspt=0.9ms)
[m[34m[20:29:05][m [32m[Server thread/INFO][m [36m(dragonkiller)[m [0m[EPISODE] Done reason=timeout totalReward=127.80 ticks=3600
[m[34m[20:29:05][m [32m[Server thread/INFO][m [36m(dragonkiller)[m [0mEpisode 8 ended: timeout (3600 ticks, total reward: 127.80001081565057)
[m[34m[20:29:05][m [32m[Server thread/INFO][m [36m(dragonkiller)[m [0m[EPISODE] Episode 8 ended: timeout (3600 ticks, total reward: 127.80)
[m[34m[20:29:05][m [32m[Server thread/INFO][m [36m(dragonkiller)[m [0m[EP_REWARD] survive=36.0 dense=54.1 breath=0.0 push=-95.0 trade0=0.0 claw=0.0 death=0.0 total=127.8
[m[34m[20:29:05][m [32m[Server thread/INFO][m [36m(dragonkiller)[m [0mBotPlayer created: RLBot (UUID: 75749aa9-5dfe-307b-9f25-d1c6891f911a)
[m[34m[20:29:05][m [32m[Server thread/INFO][m [36m(dragonkiller)[m [0m[RESET] Phase 2 dragon spawned at (0, 128, 0) in HOLDING_PATTERN
[m[34m[20:29:05][m [32m[Server thread/INFO][m [36m(dragonkiller)[m [0mEpisode 9 started
[m[34m[20:29:05][m [32m[Server thread/INFO][m [36m(dragonkiller)[m [0m[RESET] Episode 9 started, bot at (0.0,65.0,43.0) hp=20.0 dragonHp=200.0
[m[34m[20:29:10][m [32m[Server thread/INFO][m [36m(dragonkiller)[m [0m[RATE] 20 TPS (interval=50ms, mspt=0.9ms)
[m[34m[20:29:20][m [32m[Server thread/INFO][m [36m(dragonkiller)[m [0m[RATE] 20 TPS (interval=50ms, mspt=0.9ms)
[m[34m[20:29:30][m [32m[Server thread/INFO][m [36m(dragonkiller)[m [0m[RATE] 20 TPS (interval=50ms, mspt=4.3ms)
[m[34m[20:29:41][m [32m[Server thread/INFO][m [36m(dragonkiller)[m [0m[RATE] 20 TPS (interval=50ms, mspt=0.9ms)
[m[34m[20:29:51][m [32m[Server thread/INFO][m [36m(dragonkiller)[m [0m[RATE] 20 TPS (interval=50ms, mspt=0.8ms)
[m[34m[20:30:01][m [32m[Server thread/INFO][m [36m(dragonkiller)[m [0m[RATE] 20 TPS (interval=50ms, mspt=0.9ms)
[m[34m[20:30:11][m [32m[Server thread/INFO][m [36m(dragonkiller)[m [0m[RATE] 20 TPS (interval=50ms, mspt=0.9ms)
[m[34m[20:30:19][m [32m[Server thread/INFO][m [36m(dragonkiller)[m [0m[PUSH] tick=1458 dist 0.00->0.88 penalty=-5.0
[m[34m[20:30:19][m [32m[Server thread/INFO][m [36m(dragonkiller)[m [0m[PUSH] tick=1459 dist 0.88->2.70 penalty=-5.0
[m[34m[20:30:21][m [32m[Server thread/INFO][m [36m(dragonkiller)[m [0m[RATE] 20 TPS (interval=50ms, mspt=0.9ms)
[m[34m[20:30:32][m [32m[Server thread/INFO][m [36m(dragonkiller)[m [0m[RATE] 20 TPS (interval=50ms, mspt=0.8ms)
[m[34m[20:30:37][m [33m[Server thread/WARN][m [36m(Minecraft)[m [0mCan't keep up! Is the server overloaded? Running 2001ms or 40 ticks behind
[m[34m[20:30:42][m [32m[Server thread/INFO][m [36m(dragonkiller)[m [0m[RATE] 20 TPS (interval=50ms, mspt=0.9ms)
[m[34m[20:30:53][m [32m[Server thread/INFO][m [36m(dragonkiller)[m [0m[RATE] 20 TPS (interval=50ms, mspt=0.9ms)
[m[34m[20:31:03][m [32m[Server thread/INFO][m [36m(dragonkiller)[m [0m[RATE] 20 TPS (interval=50ms, mspt=0.8ms)
[m[34m[20:31:12][m [32m[Server thread/INFO][m [36m(dragonkiller)[m [0m[PUSH] tick=2483 dist 0.02->1.09 penalty=-5.0
[m[34m[20:31:12][m [32m[Server thread/INFO][m [36m(dragonkiller)[m [0m[PUSH] tick=2484 dist 1.09->2.12 penalty=-5.0
[m[34m[20:31:13][m [32m[Server thread/INFO][m [36m(dragonkiller)[m [0m[RATE] 20 TPS (interval=50ms, mspt=0.8ms)
[m[34m[20:31:23][m [32m[Server thread/INFO][m [36m(dragonkiller)[m [0m[RATE] 20 TPS (interval=50ms, mspt=0.8ms)
[m[34m[20:31:33][m [32m[Server thread/INFO][m [36m(dragonkiller)[m [0m[RATE] 20 TPS (interval=50ms, mspt=0.9ms)
[m[34m[20:31:44][m [32m[Server thread/INFO][m [36m(dragonkiller)[m [0m[RATE] 20 TPS (interval=50ms, mspt=0.9ms)
[m[34m[20:31:45][m [33m[Server thread/WARN][m [36m(Minecraft)[m [0mCan't keep up! Is the server overloaded? Running 2001ms or 40 ticks behind
[m[34m[20:31:54][m [32m[Server thread/INFO][m [36m(dragonkiller)[m [0m[RATE] 20 TPS (interval=50ms, mspt=1.0ms)
[m[34m[20:32:04][m [32m[Server thread/INFO][m [36m(dragonkiller)[m [0m[RATE] 20 TPS (interval=50ms, mspt=1.0ms)
[m[34m[20:32:08][m [32m[Server thread/INFO][m [36m(dragonkiller)[m [0m[PUSH] tick=3589 dist 0.00->0.72 penalty=-5.0
[m[34m[20:32:08][m [32m[Server thread/INFO][m [36m(dragonkiller)[m [0m[PUSH] tick=3590 dist 0.72->2.38 penalty=-5.0
[m[34m[20:32:09][m [32m[Server thread/INFO][m [36m(dragonkiller)[m [0m[EPISODE] Done reason=timeout totalReward=94.33 ticks=3600
[m[34m[20:32:09][m [32m[Server thread/INFO][m [36m(dragonkiller)[m [0mEpisode 9 ended: timeout (3600 ticks, total reward: 94.32987413096515)
[m[34m[20:32:09][m [32m[Server thread/INFO][m [36m(dragonkiller)[m [0m[EPISODE] Episode 9 ended: timeout (3600 ticks, total reward: 94.33)
[m[34m[20:32:09][m [32m[Server thread/INFO][m [36m(dragonkiller)[m [0m[EP_REWARD] survive=36.0 dense=32.3 breath=0.0 push=-30.0 trade0=0.0 claw=0.0 death=0.0 total=94.3
[m[34m[20:32:09][m [32m[Server thread/INFO][m [36m(dragonkiller)[m [0mBotPlayer created: RLBot (UUID: 75749aa9-5dfe-307b-9f25-d1c6891f911a)
[m[34m[20:32:09][m [32m[Server thread/INFO][m [36m(dragonkiller)[m [0m[RESET] Phase 2 dragon spawned at (0, 128, 0) in HOLDING_PATTERN
[m[34m[20:32:09][m [32m[Server thread/INFO][m [36m(dragonkiller)[m [0mEpisode 10 started
[m[34m[20:32:09][m [32m[Server thread/INFO][m [36m(dragonkiller)[m [0m[RESET] Episode 10 started, bot at (0.0,65.0,43.0) hp=20.0 dragonHp=200.0
[m[34m[20:32:14][m [32m[Server thread/INFO][m [36m(dragonkiller)[m [0m[RATE] 20 TPS (interval=50ms, mspt=0.9ms)
[m[34m[20:32:24][m [32m[Server thread/INFO][m [36m(dragonkiller)[m [0m[RATE] 20 TPS (interval=50ms, mspt=0.8ms)
[m[34m[20:32:35][m [32m[Server thread/INFO][m [36m(dragonkiller)[m [0m[RATE] 20 TPS (interval=50ms, mspt=1.1ms)
[m[34m[20:32:45][m [32m[Server thread/INFO][m [36m(dragonkiller)[m [0m[RATE] 20 TPS (interval=50ms, mspt=0.9ms)
[m[34m[20:32:56][m [32m[Server thread/INFO][m [36m(dragonkiller)[m [0m[RATE] 20 TPS (interval=50ms, mspt=0.9ms)
[m[34m[20:32:59][m [33m[Server thread/WARN][m [36m(Minecraft)[m [0mCan't keep up! Is the server overloaded? Running 2003ms or 40 ticks behind
[m[34m[20:33:06][m [32m[Server thread/INFO][m [36m(dragonkiller)[m [0m[RATE] 20 TPS (interval=50ms, mspt=1.0ms)
[m[34m[20:33:09][m [32m[Server thread/INFO][m [36m(dragonkiller)[m [0m[PUSH] tick=1166 dist 0.00->0.90 penalty=-5.0
[m[34m[20:33:09][m [32m[Server thread/INFO][m [36m(dragonkiller)[m [0m[PUSH] tick=1167 dist 0.90->2.33 penalty=-5.0
[m[34m[20:33:12][m [31m[Server thread/ERROR][m [36m(dragonkiller)[m [31mError receiving message
[m java.net.SocketException: Connection reset
	at sun.nio.ch.SocketChannelImpl.throwConnectionReset(SocketChannelImpl.java:401) ~[?:?]
	at sun.nio.ch.SocketChannelImpl.read(SocketChannelImpl.java:434) ~[?:?]
	at ai.cp.rl.network.SocketServer.tryReceive(SocketServer.java:104) ~[main/:?]
	at ai.cp.rl.RLTickHandler.onServerTick(RLTickHandler.java:127) ~[main/:?]
	at net.minecraft.server.MinecraftServer.handler$zbd000$dragonkiller$onServerTick(MinecraftServer.java:1803) ~[minecraft-common-7a3f71a91a-1.20.1-net.fabricmc.yarn.1_20_1.1.20.1+build.10-v2.jar:?]
	at net.minecraft.server.MinecraftServer.tick(MinecraftServer.java:847) ~[minecraft-common-7a3f71a91a-1.20.1-net.fabricmc.yarn.1_20_1.1.20.1+build.10-v2.jar:?]
	at net.minecraft.server.MinecraftServer.runServer(MinecraftServer.java:671) ~[minecraft-common-7a3f71a91a-1.20.1-net.fabricmc.yarn.1_20_1.1.20.1+build.10-v2.jar:?]
	at net.minecraft.server.MinecraftServer.method_29739(MinecraftServer.java:265) ~[minecraft-common-7a3f71a91a-1.20.1-net.fabricmc.yarn.1_20_1.1.20.1+build.10-v2.jar:?]
	at java.lang.Thread.run(Thread.java:1583) ~[?:?]
[34m[20:33:12][m [32m[Server thread/INFO][m [36m(dragonkiller)[m [0mRL client disconnected
[m[34m[20:33:16][m [33m[Server thread/WARN][m [36m(Minecraft)[m [0mCan't keep up! Is the server overloaded? Running 2736ms or 54 ticks behind
[m

FAILURE: Build failed with an exception.

* What went wrong:
Gradle build daemon has been stopped: stop command received

* Try:
> Run with --stacktrace option to get the stack trace.
> Run with --info or --debug option to get more log output.
> Run with --scan to get full insights from a Build Scan (powered by Develocity).
> Get more help at https://help.gradle.org.
