Starting a Gradle Daemon, 101 busy and 5 stopped Daemons could not be reused, use --status for details

> Configure project :
Fabric Loom: 1.17.14

> Task :compileJava UP-TO-DATE
> Task :processResources UP-TO-DATE
> Task :classes UP-TO-DATE
> Task :generateLog4jConfig UP-TO-DATE
> Task :generateRemapClasspath UP-TO-DATE
> Task :generateDLIConfig UP-TO-DATE
> Task :configureLaunch UP-TO-DATE

> Task :runServer5674
[34m[23:55:32][m [32m[main/INFO][m [36m(FabricLoader/GameProvider)[m [0mLoading Minecraft 1.20.1 with Fabric Loader 0.19.3
[m[34m[23:55:32][m [32m[main/INFO][m [36m(FabricLoader)[m [0mLoading 46 mods:
	- dragonkiller 1.0.0
	- fabric-api 0.92.9+1.20.1
	- fabric-api-base 0.4.32+1802ada577
	- fabric-api-lookup-api-v1 1.6.37+1802ada577
	- fabric-biome-api-v1 13.0.15+93aa238b77
	- fabric-block-api-v1 1.0.12+1802ada577
	- fabric-block-view-api-v2 1.0.3+924f046a77
	- fabric-command-api-v1 1.2.35+f71b366f77
	- fabric-command-api-v2 2.2.14+1802ada577
	- fabric-commands-v0 0.2.52+df3654b377
	- fabric-containers-v0 0.1.68+df3654b377
	- fabric-content-registries-v0 4.0.13+1802ada577
	- fabric-convention-tags-v1 1.5.6+1802ada577
	- fabric-crash-report-info-v1 0.2.20+1802ada577
	- fabric-data-attachment-api-v1 1.0.2+de0fd6d177
	- fabric-data-generation-api-v1 12.3.9+1802ada577
	- fabric-dimensions-v1 2.1.55+1802ada577
	- fabric-entity-events-v1 1.6.1+1c78457f77
	- fabric-events-interaction-v0 0.6.6+13a40c6677
	- fabric-events-lifecycle-v0 0.2.64+df3654b377
	- fabric-game-rule-api-v1 1.0.41+1802ada577
	- fabric-gametest-api-v1 1.2.15+1802ada577
	- fabric-item-api-v1 2.1.29+1802ada577
	- fabric-item-group-api-v1 4.0.14+1802ada577
	- fabric-lifecycle-events-v1 2.2.23+1802ada577
	- fabric-loot-api-v2 1.2.3+1802ada577
	- fabric-loot-tables-v1 1.1.47+9e7660c677
	- fabric-message-api-v1 5.1.10+1802ada577
	- fabric-mining-level-api-v1 2.1.52+1802ada577
	- fabric-networking-api-v1 1.3.15+0caff8d077
	- fabric-networking-v0 0.3.55+df3654b377
	- fabric-object-builder-api-v1 11.1.5+e35120df77
	- fabric-particles-v1 1.1.3+1802ada577
	- fabric-recipe-api-v1 1.0.25+1802ada577
	- fabric-registry-sync-v0 2.4.1+4c0a70e677
	- fabric-rendering-data-attachment-v1 0.3.39+92a0d36777
	- fabric-rendering-fluids-v1 3.0.29+1802ada577
	- fabric-resource-conditions-api-v1 2.3.9+1802ada577
	- fabric-resource-loader-v0 0.11.12+fb82e9d777
	- fabric-screen-handler-api-v1 1.3.34+1802ada577
	- fabric-transfer-api-v1 3.3.6+8dd72ea377
	- fabric-transitive-access-wideners-v1 4.3.2+1802ada577
	- fabricloader 0.19.3
	- java 21
	- minecraft 1.20.1
	- mixinextras 0.5.4
[m[34m[23:55:32][m [32m[main/INFO][m [36m(FabricLoader/Mixin)[m [0mSpongePowered MIXIN Subsystem Version=0.8.7 Source=file:/C:/Users/mrx/.gradle/caches/modules-2/files-2.1/net.fabricmc/sponge-mixin/0.17.3+mixin.0.8.7/41c4a3984a80f4679e759fb9f495587acc5cdac7/sponge-mixin-0.17.3+mixin.0.8.7.jar Service=Knot/Fabric Env=SERVER
[m[34m[23:55:32][m [32m[main/INFO][m [36m(FabricLoader/Mixin)[m [0mLoaded Fabric development mappings for mixin remapper!
[m[34m[23:55:32][m [32m[main/INFO][m [36m(FabricLoader/Mixin)[m [0mCompatibility level set to JAVA_16
[m[34m[23:55:32][m [32m[main/INFO][m [36m(FabricLoader/Mixin)[m [0mCompatibility level set to JAVA_17
[m[34m[23:55:33][m [32m[main/INFO][m [36m(FabricLoader/MixinExtras|Service)[m [0mInitializing MixinExtras via com.llamalad7.mixinextras.service.MixinExtrasServiceImpl(version=0.5.4).
[m[34m[23:55:44][m [32m[main/INFO][m [36m(dragonkiller)[m [0mDragonKiller RL Environment initializing...
[m[34m[23:55:44][m [32m[main/INFO][m [36m(dragonkiller)[m [0mPhase: PHASE 2 (IS_PHASE_2=true, rlphase=p2)
[m[34m[23:55:44][m [32m[main/INFO][m [36m(Minecraft)[m [0mEnvironment: authHost='https://authserver.mojang.com', accountsHost='https://api.mojang.com', sessionHost='https://sessionserver.mojang.com', servicesHost='https://api.minecraftservices.com', name='PROD'
[m[34m[23:55:48][m [32m[main/INFO][m [36m(Minecraft)[m [0mLoaded 7 recipes
[m[34m[23:55:48][m [32m[main/INFO][m [36m(Minecraft)[m [0mLoaded 1271 advancements
[m[34m[23:55:49][m [32m[main/INFO][m [36m(BiomeModificationImpl)[m [0mApplied 0 biome modifications to 0 of 64 new biomes in 3.030 ms
[m[34m[23:55:49][m [32m[Server thread/INFO][m [36m(Minecraft)[m [0mStarting minecraft server version 1.20.1
[m[34m[23:55:49][m [32m[Server thread/INFO][m [36m(Minecraft)[m [0mLoading properties
[m[34m[23:55:49][m [32m[Server thread/INFO][m [36m(Minecraft)[m [0mDefault game type: SURVIVAL
[m[34m[23:55:49][m [32m[Server thread/INFO][m [36m(Minecraft)[m [0mGenerating keypair
[m[34m[23:55:49][m [32m[Server thread/INFO][m [36m(Minecraft)[m [0mStarting Minecraft server on *:25674
[m[34m[23:55:49][m [32m[Server thread/INFO][m [36m(Minecraft)[m [0mUsing default channel type
[m[34m[23:55:49][m [33m[Server thread/WARN][m [36m(Minecraft)[m [0m**** SERVER IS RUNNING IN OFFLINE/INSECURE MODE!
[m[34m[23:55:49][m [33m[Server thread/WARN][m [36m(Minecraft)[m [0mThe server will make no attempt to authenticate usernames. Beware.
[m[34m[23:55:49][m [33m[Server thread/WARN][m [36m(Minecraft)[m [0mWhile this makes the game possible to play without internet access, it also opens up the ability for hackers to connect with any username they choose.
[m[34m[23:55:49][m [33m[Server thread/WARN][m [36m(Minecraft)[m [0mTo change this, set "online-mode" to "true" in the server.properties file.
[m[34m[23:55:49][m [32m[Server thread/INFO][m [36m(Minecraft)[m [0mPreparing level "world"
[m[34m[23:55:51][m [32m[Server thread/INFO][m [36m(Minecraft)[m [0mPreparing start region for dimension minecraft:overworld
[m[34m[23:55:53][m [32m[Worker-Main-8/INFO][m [36m(Minecraft)[m [0mPreparing spawn area: 0%
[m[34m[23:55:53][m [32m[Worker-Main-9/INFO][m [36m(Minecraft)[m [0mPreparing spawn area: 0%
[m[34m[23:55:53][m [32m[Worker-Main-9/INFO][m [36m(Minecraft)[m [0mPreparing spawn area: 0%
[m[34m[23:55:53][m [32m[Worker-Main-8/INFO][m [36m(Minecraft)[m [0mPreparing spawn area: 0%
[m[34m[23:55:53][m [32m[Worker-Main-12/INFO][m [36m(Minecraft)[m [0mPreparing spawn area: 0%
[m[34m[23:55:53][m [32m[Worker-Main-2/INFO][m [36m(Minecraft)[m [0mPreparing spawn area: 10%
[m[34m[23:55:54][m [32m[Worker-Main-10/INFO][m [36m(Minecraft)[m [0mPreparing spawn area: 87%
[m[34m[23:55:54][m [32m[Server thread/INFO][m [36m(Minecraft)[m [0mTime elapsed: 3054 ms
[m[34m[23:55:54][m [32m[Server thread/INFO][m [36m(Minecraft)[m [0mDone (4.658s)! For help, type "help"
[m[34m[23:55:54][m [32m[Server thread/INFO][m [36m(dragonkiller)[m [0mRL SocketServer listening on port 5674
[m[34m[23:55:54][m [32m[Server thread/INFO][m [36m(dragonkiller)[m [0mBotPlayer created: RLBot (UUID: 75749aa9-5dfe-307b-9f25-d1c6891f911a)
[m[34m[23:55:54][m [32m[Server thread/INFO][m [36m(dragonkiller)[m [0mRLTickHandler initialized with BotPlayer
[m[34m[23:55:56][m [32m[Server thread/INFO][m [36m(dragonkiller)[m [0m[RATE] 250 TPS (interval=4ms, mspt=2.6ms)
[m[34m[23:55:57][m [32m[Server thread/INFO][m [36m(dragonkiller)[m [0m[RATE] 45 TPS (interval=22ms, mspt=14.9ms)
[m[34m[23:55:58][m [32m[Server thread/INFO][m [36m(dragonkiller)[m [0m[RATE] 500 TPS (interval=2ms, mspt=1.2ms)
[m[34m[23:55:58][m [32m[Server thread/INFO][m [36m(dragonkiller)[m [0m[RATE] 333 TPS (interval=3ms, mspt=2.0ms)
[m[34m[23:55:59][m [32m[Server thread/INFO][m [36m(dragonkiller)[m [0m[RATE] 333 TPS (interval=3ms, mspt=1.7ms)
[m[34m[23:55:59][m [32m[Server thread/INFO][m [36m(dragonkiller)[m [0mRL client connected: /127.0.0.1:56824
[m[34m[23:55:59][m [32m[Server thread/INFO][m [36m(dragonkiller)[m [0mBotPlayer created: RLBot (UUID: 75749aa9-5dfe-307b-9f25-d1c6891f911a)
[m[34m[23:55:59][m [32m[Server thread/INFO][m [36m(dragonkiller)[m [0m[RESET] Phase 2 dragon spawned at (0, 128, 0) in HOLDING_PATTERN
[m[34m[23:55:59][m [32m[Server thread/INFO][m [36m(dragonkiller)[m [0mEpisode 1 started
[m[34m[23:55:59][m [32m[Server thread/INFO][m [36m(dragonkiller)[m [0m[RESET] Episode 1 started, bot at (0.0,65.0,43.0) hp=20.0 dragonHp=200.0
[m[34m[23:56:01][m [33m[Server thread/WARN][m [36m(Minecraft)[m [0mCan't keep up! Is the server overloaded? Running 2299ms or 766 ticks behind
[m[34m[23:56:03][m [32m[Server thread/INFO][m [36m(dragonkiller)[m [0m[RATE] 500 TPS (interval=2ms, mspt=1.2ms)
[m[34m[23:56:04][m [32m[Server thread/INFO][m [36m(dragonkiller)[m [0m[RATE] 500 TPS (interval=2ms, mspt=1.2ms)
[m[34m[23:56:05][m [32m[Server thread/INFO][m [36m(dragonkiller)[m [0m[RATE] 500 TPS (interval=2ms, mspt=1.2ms)
[m[34m[23:56:06][m [32m[Server thread/INFO][m [36m(dragonkiller)[m [0m[RATE] 500 TPS (interval=2ms, mspt=1.3ms)
[m[34m[23:56:07][m [32m[Server thread/INFO][m [36m(dragonkiller)[m [0m[RATE] 500 TPS (interval=2ms, mspt=1.1ms)
[m[34m[23:56:08][m [32m[Server thread/INFO][m [36m(dragonkiller)[m [0m[RATE] 500 TPS (interval=2ms, mspt=1.4ms)
[m[34m[23:56:09][m [32m[Server thread/INFO][m [36m(dragonkiller)[m [0m[RATE] 500 TPS (interval=2ms, mspt=1.2ms)
[m[34m[23:56:11][m [32m[Server thread/INFO][m [36m(dragonkiller)[m [0m[RATE] 500 TPS (interval=2ms, mspt=1.1ms)
[m[34m[23:56:12][m [32m[Server thread/INFO][m [36m(dragonkiller)[m [0m[RATE] 500 TPS (interval=2ms, mspt=1.3ms)
[m[34m[23:56:13][m [32m[Server thread/INFO][m [36m(dragonkiller)[m [0m[RATE] 500 TPS (interval=2ms, mspt=1.4ms)
[m[34m[23:56:15][m [32m[Server thread/INFO][m [36m(dragonkiller)[m [0m[RATE] 333 TPS (interval=3ms, mspt=1.5ms)
[m[34m[23:56:16][m [32m[Server thread/INFO][m [36m(dragonkiller)[m [0m[RATE] 500 TPS (interval=2ms, mspt=1.3ms)
[m[34m[23:56:17][m [32m[Server thread/INFO][m [36m(dragonkiller)[m [0m[RATE] 500 TPS (interval=2ms, mspt=1.1ms)
[m[34m[23:56:18][m [32m[Server thread/INFO][m [36m(dragonkiller)[m [0m[RATE] 500 TPS (interval=2ms, mspt=1.1ms)
[m[34m[23:56:19][m [32m[Server thread/INFO][m [36m(dragonkiller)[m [0m[RATE] 500 TPS (interval=2ms, mspt=1.3ms)
[m[34m[23:56:20][m [32m[Server thread/INFO][m [36m(dragonkiller)[m [0m[RATE] 500 TPS (interval=2ms, mspt=1.1ms)
[m[34m[23:56:21][m [32m[Server thread/INFO][m [36m(dragonkiller)[m [0m[RATE] 500 TPS (interval=2ms, mspt=1.1ms)
[m[34m[23:56:23][m [32m[Server thread/INFO][m [36m(dragonkiller)[m [0m[RATE] 333 TPS (interval=3ms, mspt=1.5ms)
[m[34m[23:56:24][m [32m[Server thread/INFO][m [36m(dragonkiller)[m [0m[RATE] 500 TPS (interval=2ms, mspt=1.3ms)
[m[34m[23:56:25][m [32m[Server thread/INFO][m [36m(dragonkiller)[m [0m[RATE] 500 TPS (interval=2ms, mspt=1.1ms)
[m[34m[23:56:26][m [32m[Server thread/INFO][m [36m(dragonkiller)[m [0m[RATE] 500 TPS (interval=2ms, mspt=1.0ms)
[m[34m[23:56:27][m [32m[Server thread/INFO][m [36m(dragonkiller)[m [0m[RATE] 500 TPS (interval=2ms, mspt=1.2ms)
[m[34m[23:56:29][m [32m[Server thread/INFO][m [36m(dragonkiller)[m [0m[RATE] 500 TPS (interval=2ms, mspt=1.1ms)
[m[34m[23:56:30][m [32m[Server thread/INFO][m [36m(dragonkiller)[m [0m[RATE] 500 TPS (interval=2ms, mspt=1.0ms)
[m[34m[23:56:31][m [32m[Server thread/INFO][m [36m(dragonkiller)[m [0m[RATE] 333 TPS (interval=3ms, mspt=7.9ms)
[m[34m[23:56:32][m [32m[Server thread/INFO][m [36m(dragonkiller)[m [0m[RATE] 500 TPS (interval=2ms, mspt=1.2ms)
[m[34m[23:56:33][m [32m[Server thread/INFO][m [36m(dragonkiller)[m [0m[RATE] 333 TPS (interval=3ms, mspt=1.8ms)
[m[34m[23:56:34][m [32m[Server thread/INFO][m [36m(dragonkiller)[m [0m[RATE] 500 TPS (interval=2ms, mspt=1.1ms)
[m[34m[23:56:35][m [32m[Server thread/INFO][m [36m(dragonkiller)[m [0m[RATE] 500 TPS (interval=2ms, mspt=1.3ms)
[m[34m[23:56:37][m [32m[Server thread/INFO][m [36m(dragonkiller)[m [0m[RATE] 333 TPS (interval=3ms, mspt=1.5ms)
[m[34m[23:56:39][m [32m[Server thread/INFO][m [36m(dragonkiller)[m [0m[RATE] 500 TPS (interval=2ms, mspt=1.0ms)
[m[34m[23:56:40][m [32m[Server thread/INFO][m [36m(dragonkiller)[m [0m[RATE] 500 TPS (interval=2ms, mspt=1.0ms)
[m[34m[23:56:41][m [32m[Server thread/INFO][m [36m(dragonkiller)[m [0m[RATE] 500 TPS (interval=2ms, mspt=1.1ms)
[m[34m[23:56:42][m [32m[Server thread/INFO][m [36m(dragonkiller)[m [0m[RATE] 500 TPS (interval=2ms, mspt=1.1ms)
[m[34m[23:56:43][m [32m[Server thread/INFO][m [36m(dragonkiller)[m [0m[RATE] 500 TPS (interval=2ms, mspt=1.0ms)
[m[34m[23:56:44][m [33m[Server thread/WARN][m [36m(Minecraft)[m [0mCan't keep up! Is the server overloaded? Running 27832ms or 13916 ticks behind
[m[34m[23:56:44][m [32m[Server thread/INFO][m [36m(dragonkiller)[m [0m[RATE] 500 TPS (interval=2ms, mspt=1.1ms)
[m[34m[23:56:45][m [32m[Server thread/INFO][m [36m(dragonkiller)[m [0m[RATE] 500 TPS (interval=2ms, mspt=0.9ms)
[m[34m[23:56:46][m [32m[Server thread/INFO][m [36m(dragonkiller)[m [0m[RATE] 500 TPS (interval=2ms, mspt=1.0ms)
[m[34m[23:56:47][m [32m[Server thread/INFO][m [36m(dragonkiller)[m [0m[RATE] 500 TPS (interval=2ms, mspt=1.0ms)
[m[34m[23:56:48][m [32m[Server thread/INFO][m [36m(dragonkiller)[m [0m[RATE] 500 TPS (interval=2ms, mspt=0.9ms)
[m[34m[23:56:50][m [32m[Server thread/INFO][m [36m(dragonkiller)[m [0m[RATE] 500 TPS (interval=2ms, mspt=0.9ms)
[m[34m[23:56:51][m [32m[Server thread/INFO][m [36m(dragonkiller)[m [0m[RATE] 500 TPS (interval=2ms, mspt=1.0ms)
[m[34m[23:56:52][m [32m[Server thread/INFO][m [36m(dragonkiller)[m [0m[RATE] 500 TPS (interval=2ms, mspt=0.9ms)
[m[34m[23:56:53][m [32m[Server thread/INFO][m [36m(dragonkiller)[m [0m[RATE] 500 TPS (interval=2ms, mspt=1.0ms)
[m[34m[23:56:54][m [32m[Server thread/INFO][m [36m(dragonkiller)[m [0m[RATE] 500 TPS (interval=2ms, mspt=0.9ms)
[m[34m[23:56:55][m [32m[Server thread/INFO][m [36m(dragonkiller)[m [0m[RATE] 500 TPS (interval=2ms, mspt=1.1ms)
[m[34m[23:56:56][m [32m[Server thread/INFO][m [36m(dragonkiller)[m [0m[RATE] 500 TPS (interval=2ms, mspt=0.9ms)
[m[34m[23:56:57][m [32m[Server thread/INFO][m [36m(dragonkiller)[m [0m[RATE] 500 TPS (interval=2ms, mspt=1.0ms)
[m[34m[23:56:58][m [32m[Server thread/INFO][m [36m(dragonkiller)[m [0m[RATE] 500 TPS (interval=2ms, mspt=1.0ms)
[m[34m[23:56:59][m [32m[Server thread/INFO][m [36m(dragonkiller)[m [0m[RATE] 500 TPS (interval=2ms, mspt=1.0ms)
[m[34m[23:57:00][m [32m[Server thread/INFO][m [36m(dragonkiller)[m [0m[RATE] 500 TPS (interval=2ms, mspt=1.1ms)
[m[34m[23:57:01][m [32m[Server thread/INFO][m [36m(dragonkiller)[m [0m[RATE] 500 TPS (interval=2ms, mspt=1.0ms)
[m[34m[23:57:02][m [32m[Server thread/INFO][m [36m(dragonkiller)[m [0m[RATE] 500 TPS (interval=2ms, mspt=0.9ms)
[m[34m[23:57:03][m [32m[Server thread/INFO][m [36m(dragonkiller)[m [0m[RATE] 500 TPS (interval=2ms, mspt=0.9ms)
[m[34m[23:57:04][m [32m[Server thread/INFO][m [36m(dragonkiller)[m [0m[RATE] 333 TPS (interval=3ms, mspt=3.8ms)
[m[34m[23:57:05][m [32m[Server thread/INFO][m [36m(dragonkiller)[m [0m[RATE] 500 TPS (interval=2ms, mspt=1.0ms)
[m[34m[23:57:06][m [32m[Server thread/INFO][m [36m(dragonkiller)[m [0m[RATE] 500 TPS (interval=2ms, mspt=0.9ms)
[m[34m[23:57:07][m [32m[Server thread/INFO][m [36m(dragonkiller)[m [0m[RATE] 500 TPS (interval=2ms, mspt=0.9ms)
[m[34m[23:57:08][m [32m[Server thread/INFO][m [36m(dragonkiller)[m [0m[RATE] 500 TPS (interval=2ms, mspt=1.0ms)
[m[34m[23:57:09][m [32m[Server thread/INFO][m [36m(dragonkiller)[m [0m[RATE] 500 TPS (interval=2ms, mspt=0.9ms)
[m[34m[23:57:10][m [32m[Server thread/INFO][m [36m(dragonkiller)[m [0m[RATE] 500 TPS (interval=2ms, mspt=1.0ms)
[m[34m[23:57:12][m [32m[Server thread/INFO][m [36m(dragonkiller)[m [0m[RATE] 500 TPS (interval=2ms, mspt=1.0ms)
[m[34m[23:57:13][m [32m[Server thread/INFO][m [36m(dragonkiller)[m [0m[RATE] 500 TPS (interval=2ms, mspt=1.0ms)
[m[34m[23:57:14][m [32m[Server thread/INFO][m [36m(dragonkiller)[m [0m[RATE] 500 TPS (interval=2ms, mspt=1.0ms)
[m[34m[23:57:15][m [32m[Server thread/INFO][m [36m(dragonkiller)[m [0m[RATE] 500 TPS (interval=2ms, mspt=0.9ms)
[m[34m[23:57:16][m [32m[Server thread/INFO][m [36m(dragonkiller)[m [0m[RATE] 500 TPS (interval=2ms, mspt=0.8ms)
[m[34m[23:57:17][m [32m[Server thread/INFO][m [36m(dragonkiller)[m [0m[RATE] 500 TPS (interval=2ms, mspt=1.0ms)
[m[34m[23:57:18][m [32m[Server thread/INFO][m [36m(dragonkiller)[m [0m[RATE] 500 TPS (interval=2ms, mspt=0.8ms)
[m[34m[23:57:19][m [32m[Server thread/INFO][m [36m(dragonkiller)[m [0m[RATE] 500 TPS (interval=2ms, mspt=0.9ms)
[m[34m[23:57:20][m [32m[Server thread/INFO][m [36m(dragonkiller)[m [0m[RATE] 500 TPS (interval=2ms, mspt=1.0ms)
[m[34m[23:57:21][m [32m[Server thread/INFO][m [36m(dragonkiller)[m [0m[RATE] 500 TPS (interval=2ms, mspt=0.8ms)
[m[34m[23:57:23][m [32m[Server thread/INFO][m [36m(dragonkiller)[m [0m[RATE] 500 TPS (interval=2ms, mspt=0.8ms)
[m[34m[23:57:24][m [32m[Server thread/INFO][m [36m(dragonkiller)[m [0m[RATE] 500 TPS (interval=2ms, mspt=0.8ms)
[m[34m[23:57:24][m [33m[Server thread/WARN][m [36m(Minecraft)[m [0mCan't keep up! Is the server overloaded? Running 24846ms or 12423 ticks behind
[m[34m[23:57:24][m [32m[Server thread/INFO][m [36m(dragonkiller)[m [0m[RATE] 500 TPS (interval=2ms, mspt=0.8ms)
[m[34m[23:57:25][m [32m[Server thread/INFO][m [36m(dragonkiller)[m [0m[RATE] 500 TPS (interval=2ms, mspt=0.9ms)
[m[34m[23:57:26][m [32m[Server thread/INFO][m [36m(dragonkiller)[m [0m[RATE] 500 TPS (interval=2ms, mspt=0.9ms)
[m[34m[23:57:27][m [32m[Server thread/INFO][m [36m(dragonkiller)[m [0m[RATE] 500 TPS (interval=2ms, mspt=0.8ms)
[m[34m[23:57:28][m [32m[Server thread/INFO][m [36m(dragonkiller)[m [0m[RATE] 500 TPS (interval=2ms, mspt=1.1ms)
[m[34m[23:57:29][m [32m[Server thread/INFO][m [36m(dragonkiller)[m [0m[RATE] 500 TPS (interval=2ms, mspt=1.0ms)
[m[34m[23:57:30][m [32m[Server thread/INFO][m [36m(dragonkiller)[m [0m[RATE] 500 TPS (interval=2ms, mspt=1.0ms)
[m[34m[23:57:31][m [32m[Server thread/INFO][m [36m(dragonkiller)[m [0m[RATE] 500 TPS (interval=2ms, mspt=1.1ms)
[m[34m[23:57:33][m [32m[Server thread/INFO][m [36m(dragonkiller)[m [0m[RATE] 500 TPS (interval=2ms, mspt=1.0ms)
[m[34m[23:57:34][m [32m[Server thread/INFO][m [36m(dragonkiller)[m [0m[RATE] 500 TPS (interval=2ms, mspt=0.9ms)
[m[34m[23:57:35][m [32m[Server thread/INFO][m [36m(dragonkiller)[m [0m[RATE] 500 TPS (interval=2ms, mspt=1.0ms)
[m[34m[23:57:36][m [32m[Server thread/INFO][m [36m(dragonkiller)[m [0m[RATE] 333 TPS (interval=3ms, mspt=3.8ms)
[m[34m[23:57:37][m [32m[Server thread/INFO][m [36m(dragonkiller)[m [0m[RATE] 500 TPS (interval=2ms, mspt=0.8ms)
[m[34m[23:57:38][m [32m[Server thread/INFO][m [36m(dragonkiller)[m [0m[RATE] 500 TPS (interval=2ms, mspt=1.0ms)
[m[34m[23:57:39][m [32m[Server thread/INFO][m [36m(dragonkiller)[m [0m[RATE] 500 TPS (interval=2ms, mspt=1.0ms)
[m[34m[23:57:40][m [32m[Server thread/INFO][m [36m(dragonkiller)[m [0m[RATE] 500 TPS (interval=2ms, mspt=0.9ms)
[m[34m[23:57:41][m [32m[Server thread/INFO][m [36m(dragonkiller)[m [0m[EPISODE] Done reason=timeout totalReward=-210.08 ticks=18000
[m[34m[23:57:41][m [32m[Server thread/INFO][m [36m(dragonkiller)[m [0mEpisode 1 ended: timeout (18000 ticks, total reward: -210.08109737640228)
[m[34m[23:57:41][m [32m[Server thread/INFO][m [36m(dragonkiller)[m [0m[EPISODE] Episode 1 ended: timeout (18000 ticks, total reward: -210.08)
[m[34m[23:57:41][m [32m[Server thread/INFO][m [36m(dragonkiller)[m [0m[EP_REWARD] dense=996.6 breath=-665.7 playerDmg=0.0 death=0.0 total=-210.1
[m[34m[23:57:41][m [32m[Server thread/INFO][m [36m(dragonkiller)[m [0m[RATE] 500 TPS (interval=2ms, mspt=0.9ms)
[m[34m[23:57:41][m [32m[Server thread/INFO][m [36m(dragonkiller)[m [0mBotPlayer created: RLBot (UUID: 75749aa9-5dfe-307b-9f25-d1c6891f911a)
[m[34m[23:57:41][m [32m[Server thread/INFO][m [36m(dragonkiller)[m [0m[RESET] Phase 2 dragon spawned at (0, 128, 0) in HOLDING_PATTERN
[m[34m[23:57:41][m [32m[Server thread/INFO][m [36m(dragonkiller)[m [0mEpisode 2 started
[m[34m[23:57:41][m [32m[Server thread/INFO][m [36m(dragonkiller)[m [0m[RESET] Episode 2 started, bot at (0.0,65.0,43.0) hp=20.0 dragonHp=200.0
[m[34m[23:57:42][m [32m[Server thread/INFO][m [36m(dragonkiller)[m [0m[RATE] 500 TPS (interval=2ms, mspt=0.8ms)
[m[34m[23:57:43][m [32m[Server thread/INFO][m [36m(dragonkiller)[m [0m[RATE] 500 TPS (interval=2ms, mspt=0.8ms)
[m[34m[23:57:45][m [32m[Server thread/INFO][m [36m(dragonkiller)[m [0m[RATE] 500 TPS (interval=2ms, mspt=1.1ms)
[m[34m[23:57:46][m [32m[Server thread/INFO][m [36m(dragonkiller)[m [0m[RATE] 500 TPS (interval=2ms, mspt=0.9ms)
[m[34m[23:57:47][m [32m[Server thread/INFO][m [36m(dragonkiller)[m [0m[RATE] 500 TPS (interval=2ms, mspt=0.8ms)
[m[34m[23:57:48][m [32m[Server thread/INFO][m [36m(dragonkiller)[m [0m[RATE] 500 TPS (interval=2ms, mspt=1.0ms)
[m[34m[23:57:49][m [32m[Server thread/INFO][m [36m(dragonkiller)[m [0m[RATE] 500 TPS (interval=2ms, mspt=0.9ms)
[m[34m[23:57:50][m [32m[Server thread/INFO][m [36m(dragonkiller)[m [0m[RATE] 500 TPS (interval=2ms, mspt=0.8ms)
[m[34m[23:57:51][m [32m[Server thread/INFO][m [36m(dragonkiller)[m [0m[RATE] 500 TPS (interval=2ms, mspt=0.8ms)
[m[34m[23:57:52][m [32m[Server thread/INFO][m [36m(dragonkiller)[m [0m[RATE] 500 TPS (interval=2ms, mspt=1.1ms)
[m[34m[23:57:53][m [32m[Server thread/INFO][m [36m(dragonkiller)[m [0m[RATE] 500 TPS (interval=2ms, mspt=0.9ms)
[m[34m[23:57:54][m [32m[Server thread/INFO][m [36m(dragonkiller)[m [0m[RATE] 500 TPS (interval=2ms, mspt=0.9ms)
[m[34m[23:57:55][m [32m[Server thread/INFO][m [36m(dragonkiller)[m [0m[RATE] 500 TPS (interval=2ms, mspt=1.2ms)
[m[34m[23:57:56][m [32m[Server thread/INFO][m [36m(dragonkiller)[m [0m[RATE] 500 TPS (interval=2ms, mspt=1.1ms)
[m[34m[23:57:57][m [32m[Server thread/INFO][m [36m(dragonkiller)[m [0m[RATE] 500 TPS (interval=2ms, mspt=1.1ms)
[m[34m[23:57:58][m [32m[Server thread/INFO][m [36m(dragonkiller)[m [0m[RATE] 500 TPS (interval=2ms, mspt=0.9ms)
[m[34m[23:57:59][m [32m[Server thread/INFO][m [36m(dragonkiller)[m [0m[RATE] 500 TPS (interval=2ms, mspt=1.0ms)
[m[34m[23:58:00][m [32m[Server thread/INFO][m [36m(dragonkiller)[m [0m[RATE] 500 TPS (interval=2ms, mspt=0.9ms)
[m[34m[23:58:01][m [32m[Server thread/INFO][m [36m(dragonkiller)[m [0m[RATE] 500 TPS (interval=2ms, mspt=0.9ms)
[m[34m[23:58:02][m [32m[Server thread/INFO][m [36m(dragonkiller)[m [0m[RATE] 500 TPS (interval=2ms, mspt=0.8ms)
[m[34m[23:58:03][m [33m[Server thread/WARN][m [36m(Minecraft)[m [0mCan't keep up! Is the server overloaded? Running 24083ms or 12041 ticks behind
[m[34m[23:58:03][m [32m[Server thread/INFO][m [36m(dragonkiller)[m [0m[RATE] 500 TPS (interval=2ms, mspt=1.0ms)
[m[34m[23:58:04][m [32m[Server thread/INFO][m [36m(dragonkiller)[m [0m[RATE] 500 TPS (interval=2ms, mspt=0.9ms)
[m[34m[23:58:06][m [32m[Server thread/INFO][m [36m(dragonkiller)[m [0m[RATE] 500 TPS (interval=2ms, mspt=1.1ms)
[m[34m[23:58:07][m [32m[Server thread/INFO][m [36m(dragonkiller)[m [0m[RATE] 500 TPS (interval=2ms, mspt=0.9ms)
[m[34m[23:58:08][m [32m[Server thread/INFO][m [36m(dragonkiller)[m [0m[RATE] 333 TPS (interval=3ms, mspt=3.4ms)
[m[34m[23:58:09][m [32m[Server thread/INFO][m [36m(dragonkiller)[m [0m[RATE] 500 TPS (interval=2ms, mspt=1.0ms)
[m[34m[23:58:10][m [32m[Server thread/INFO][m [36m(dragonkiller)[m [0m[RATE] 500 TPS (interval=2ms, mspt=0.8ms)
[m[34m[23:58:11][m [32m[Server thread/INFO][m [36m(dragonkiller)[m [0m[RATE] 500 TPS (interval=2ms, mspt=0.9ms)
[m[34m[23:58:12][m [32m[Server thread/INFO][m [36m(dragonkiller)[m [0m[RATE] 500 TPS (interval=2ms, mspt=0.9ms)
[m[34m[23:58:13][m [32m[Server thread/INFO][m [36m(dragonkiller)[m [0m[RATE] 500 TPS (interval=2ms, mspt=0.8ms)
[m[34m[23:58:14][m [32m[Server thread/INFO][m [36m(dragonkiller)[m [0m[RATE] 500 TPS (interval=2ms, mspt=0.8ms)
[m[34m[23:58:15][m [32m[Server thread/INFO][m [36m(dragonkiller)[m [0m[RATE] 500 TPS (interval=2ms, mspt=1.0ms)
[m[34m[23:58:16][m [32m[Server thread/INFO][m [36m(dragonkiller)[m [0m[RATE] 500 TPS (interval=2ms, mspt=0.9ms)
[m[34m[23:58:17][m [32m[Server thread/INFO][m [36m(dragonkiller)[m [0m[RATE] 500 TPS (interval=2ms, mspt=0.9ms)
[m[34m[23:58:18][m [32m[Server thread/INFO][m [36m(dragonkiller)[m [0m[RATE] 500 TPS (interval=2ms, mspt=0.9ms)
[m[34m[23:58:19][m [32m[Server thread/INFO][m [36m(dragonkiller)[m [0m[RATE] 500 TPS (interval=2ms, mspt=1.0ms)
[m[34m[23:58:20][m [32m[Server thread/INFO][m [36m(dragonkiller)[m [0m[RATE] 500 TPS (interval=2ms, mspt=1.0ms)
[m[34m[23:58:21][m [32m[Server thread/INFO][m [36m(dragonkiller)[m [0m[RATE] 500 TPS (interval=2ms, mspt=1.0ms)
[m[34m[23:58:22][m [32m[Server thread/INFO][m [36m(dragonkiller)[m [0m[RATE] 500 TPS (interval=2ms, mspt=0.9ms)
[m[34m[23:58:23][m [32m[Server thread/INFO][m [36m(dragonkiller)[m [0m[RATE] 500 TPS (interval=2ms, mspt=0.9ms)
[m[34m[23:58:24][m [32m[Server thread/INFO][m [36m(dragonkiller)[m [0m[RATE] 500 TPS (interval=2ms, mspt=0.9ms)
[m[34m[23:58:25][m [32m[Server thread/INFO][m [36m(dragonkiller)[m [0m[RATE] 500 TPS (interval=2ms, mspt=0.9ms)
[m[34m[23:58:25][m [32m[Server thread/INFO][m [36m(dragonkiller)[m [0m[DEATH] Dragon killed! +1000.0 reward
[m[34m[23:58:25][m [32m[Server thread/INFO][m [36m(dragonkiller)[m [0m[EPISODE] Done reason=dragon_killed totalReward=1626.59 ticks=8449
[m[34m[23:58:25][m [32m[Server thread/INFO][m [36m(dragonkiller)[m [0mEpisode 2 ended: dragon_killed (8449 ticks, total reward: 1626.5867557870015)
[m[34m[23:58:25][m [32m[Server thread/INFO][m [36m(dragonkiller)[m [0m[EPISODE] Episode 2 ended: dragon_killed (8449 ticks, total reward: 1626.59)
[m[34m[23:58:25][m [32m[Server thread/INFO][m [36m(dragonkiller)[m [0m[EP_REWARD] dense=1163.5 breath=-291.9 playerDmg=0.0 death=1000.0 total=1626.6
[m[34m[23:58:25][m [32m[Server thread/INFO][m [36m(dragonkiller)[m [0mBotPlayer created: RLBot (UUID: 75749aa9-5dfe-307b-9f25-d1c6891f911a)
[m[34m[23:58:25][m [32m[Server thread/INFO][m [36m(dragonkiller)[m [0m[RESET] Phase 2 dragon spawned at (0, 128, 0) in HOLDING_PATTERN
[m[34m[23:58:25][m [32m[Server thread/INFO][m [36m(dragonkiller)[m [0mEpisode 3 started
[m[34m[23:58:25][m [32m[Server thread/INFO][m [36m(dragonkiller)[m [0m[RESET] Episode 3 started, bot at (0.0,65.0,43.0) hp=20.0 dragonHp=200.0
[m[34m[23:58:26][m [32m[Server thread/INFO][m [36m(dragonkiller)[m [0m[RATE] 500 TPS (interval=2ms, mspt=0.9ms)
[m[34m[23:58:28][m [32m[Server thread/INFO][m [36m(dragonkiller)[m [0m[RATE] 500 TPS (interval=2ms, mspt=0.8ms)
[m[34m[23:58:29][m [32m[Server thread/INFO][m [36m(dragonkiller)[m [0m[RATE] 500 TPS (interval=2ms, mspt=0.9ms)
[m[34m[23:58:30][m [32m[Server thread/INFO][m [36m(dragonkiller)[m [0m[RATE] 500 TPS (interval=2ms, mspt=1.1ms)
[m[34m[23:58:31][m [32m[Server thread/INFO][m [36m(dragonkiller)[m [0m[RATE] 500 TPS (interval=2ms, mspt=1.0ms)
[m[34m[23:58:32][m [32m[Server thread/INFO][m [36m(dragonkiller)[m [0m[RATE] 500 TPS (interval=2ms, mspt=1.0ms)
[m[34m[23:58:33][m [32m[Server thread/INFO][m [36m(dragonkiller)[m [0m[RATE] 500 TPS (interval=2ms, mspt=1.0ms)
[m[34m[23:58:34][m [32m[Server thread/INFO][m [36m(dragonkiller)[m [0m[RATE] 500 TPS (interval=2ms, mspt=1.0ms)
[m[34m[23:58:35][m [32m[Server thread/INFO][m [36m(dragonkiller)[m [0m[RATE] 500 TPS (interval=2ms, mspt=1.0ms)
[m[34m[23:58:36][m [32m[Server thread/INFO][m [36m(dragonkiller)[m [0m[RATE] 500 TPS (interval=2ms, mspt=0.8ms)
[m[34m[23:58:37][m [32m[Server thread/INFO][m [36m(dragonkiller)[m [0m[RATE] 500 TPS (interval=2ms, mspt=0.9ms)
[m[34m[23:58:38][m [32m[Server thread/INFO][m [36m(dragonkiller)[m [0m[RATE] 500 TPS (interval=2ms, mspt=0.9ms)
[m[34m[23:58:39][m [32m[Server thread/INFO][m [36m(dragonkiller)[m [0m[RATE] 333 TPS (interval=3ms, mspt=3.7ms)
[m[34m[23:58:40][m [32m[Server thread/INFO][m [36m(dragonkiller)[m [0m[RATE] 500 TPS (interval=2ms, mspt=1.0ms)
[m[34m[23:58:41][m [32m[Server thread/INFO][m [36m(dragonkiller)[m [0m[RATE] 500 TPS (interval=2ms, mspt=1.0ms)
[m[34m[23:58:42][m [33m[Server thread/WARN][m [36m(Minecraft)[m [0mCan't keep up! Is the server overloaded? Running 24603ms or 12301 ticks behind
[m[34m[23:58:42][m [32m[Server thread/INFO][m [36m(dragonkiller)[m [0m[RATE] 500 TPS (interval=2ms, mspt=0.9ms)
[m[34m[23:58:43][m [32m[Server thread/INFO][m [36m(dragonkiller)[m [0m[RATE] 500 TPS (interval=2ms, mspt=0.9ms)
[m[34m[23:58:44][m [32m[Server thread/INFO][m [36m(dragonkiller)[m [0m[RATE] 500 TPS (interval=2ms, mspt=1.0ms)
[m[34m[23:58:45][m [32m[Server thread/INFO][m [36m(dragonkiller)[m [0m[RATE] 500 TPS (interval=2ms, mspt=0.9ms)
[m[34m[23:58:46][m [32m[Server thread/INFO][m [36m(dragonkiller)[m [0m[RATE] 500 TPS (interval=2ms, mspt=0.9ms)
[m[34m[23:58:47][m [32m[Server thread/INFO][m [36m(dragonkiller)[m [0m[RATE] 500 TPS (interval=2ms, mspt=0.8ms)
[m[34m[23:58:49][m [32m[Server thread/INFO][m [36m(dragonkiller)[m [0m[RATE] 500 TPS (interval=2ms, mspt=0.9ms)
[m[34m[23:58:50][m [32m[Server thread/INFO][m [36m(dragonkiller)[m [0m[RATE] 500 TPS (interval=2ms, mspt=0.9ms)
[m[34m[23:58:51][m [32m[Server thread/INFO][m [36m(dragonkiller)[m [0m[RATE] 500 TPS (interval=2ms, mspt=1.0ms)
[m[34m[23:58:52][m [32m[Server thread/INFO][m [36m(dragonkiller)[m [0m[RATE] 500 TPS (interval=2ms, mspt=0.9ms)
[m[34m[23:58:53][m [32m[Server thread/INFO][m [36m(dragonkiller)[m [0m[RATE] 500 TPS (interval=2ms, mspt=0.8ms)
[m[34m[23:58:54][m [32m[Server thread/INFO][m [36m(dragonkiller)[m [0m[RATE] 500 TPS (interval=2ms, mspt=0.9ms)
[m[34m[23:58:55][m [32m[Server thread/INFO][m [36m(dragonkiller)[m [0m[RATE] 500 TPS (interval=2ms, mspt=0.9ms)
[m[34m[23:58:56][m [32m[Server thread/INFO][m [36m(dragonkiller)[m [0m[RATE] 500 TPS (interval=2ms, mspt=0.9ms)
[m[34m[23:58:57][m [32m[Server thread/INFO][m [36m(dragonkiller)[m [0m[RATE] 500 TPS (interval=2ms, mspt=0.9ms)
[m[34m[23:58:58][m [32m[Server thread/INFO][m [36m(dragonkiller)[m [0m[RATE] 500 TPS (interval=2ms, mspt=0.9ms)
[m[34m[23:59:00][m [32m[Server thread/INFO][m [36m(dragonkiller)[m [0m[RATE] 500 TPS (interval=2ms, mspt=1.0ms)
[m[34m[23:59:01][m [32m[Server thread/INFO][m [36m(dragonkiller)[m [0m[RATE] 500 TPS (interval=2ms, mspt=0.8ms)
[m[34m[23:59:02][m [32m[Server thread/INFO][m [36m(dragonkiller)[m [0m[RATE] 500 TPS (interval=2ms, mspt=0.9ms)
[m[34m[23:59:03][m [32m[Server thread/INFO][m [36m(dragonkiller)[m [0m[RATE] 500 TPS (interval=2ms, mspt=0.9ms)
[m[34m[23:59:04][m [32m[Server thread/INFO][m [36m(dragonkiller)[m [0m[RATE] 500 TPS (interval=2ms, mspt=1.1ms)
[m[34m[23:59:05][m [32m[Server thread/INFO][m [36m(dragonkiller)[m [0m[RATE] 500 TPS (interval=2ms, mspt=1.1ms)
[m[34m[23:59:06][m [32m[Server thread/INFO][m [36m(dragonkiller)[m [0m[RATE] 500 TPS (interval=2ms, mspt=0.9ms)
[m[34m[23:59:07][m [32m[Server thread/INFO][m [36m(dragonkiller)[m [0m[RATE] 500 TPS (interval=2ms, mspt=1.1ms)
[m[34m[23:59:08][m [32m[Server thread/INFO][m [36m(dragonkiller)[m [0m[RATE] 500 TPS (interval=2ms, mspt=1.1ms)
[m[34m[23:59:09][m [32m[Server thread/INFO][m [36m(dragonkiller)[m [0m[RATE] 500 TPS (interval=2ms, mspt=1.0ms)
[m[34m[23:59:10][m [32m[Server thread/INFO][m [36m(dragonkiller)[m [0m[RATE] 500 TPS (interval=2ms, mspt=1.0ms)
[m[34m[23:59:11][m [32m[Server thread/INFO][m [36m(dragonkiller)[m [0m[RATE] 333 TPS (interval=3ms, mspt=3.6ms)
[m[34m[23:59:12][m [32m[Server thread/INFO][m [36m(dragonkiller)[m [0m[RATE] 500 TPS (interval=2ms, mspt=1.0ms)
[m[34m[23:59:13][m [32m[Server thread/INFO][m [36m(dragonkiller)[m [0m[RATE] 500 TPS (interval=2ms, mspt=1.1ms)
[m[34m[23:59:14][m [32m[Server thread/INFO][m [36m(dragonkiller)[m [0m[RATE] 500 TPS (interval=2ms, mspt=1.1ms)
[m[34m[23:59:16][m [32m[Server thread/INFO][m [36m(dragonkiller)[m [0m[RATE] 500 TPS (interval=2ms, mspt=0.9ms)
[m[34m[23:59:17][m [32m[Server thread/INFO][m [36m(dragonkiller)[m [0m[RATE] 500 TPS (interval=2ms, mspt=1.3ms)
[m[34m[23:59:18][m [32m[Server thread/INFO][m [36m(dragonkiller)[m [0m[RATE] 500 TPS (interval=2ms, mspt=1.2ms)
[m[34m[23:59:19][m [32m[Server thread/INFO][m [36m(dragonkiller)[m [0m[RATE] 500 TPS (interval=2ms, mspt=1.0ms)
[m[34m[23:59:20][m [32m[Server thread/INFO][m [36m(dragonkiller)[m [0m[RATE] 500 TPS (interval=2ms, mspt=0.9ms)
[m[34m[23:59:20][m [32m[Server thread/INFO][m [36m(dragonkiller)[m [0m[RATE] 500 TPS (interval=2ms, mspt=0.8ms)
[m[34m[23:59:22][m [32m[Server thread/INFO][m [36m(dragonkiller)[m [0m[RATE] 500 TPS (interval=2ms, mspt=0.9ms)
[m[34m[23:59:22][m [33m[Server thread/WARN][m [36m(Minecraft)[m [0mCan't keep up! Is the server overloaded? Running 25194ms or 12597 ticks behind
[m[34m[23:59:23][m [32m[Server thread/INFO][m [36m(dragonkiller)[m [0m[RATE] 500 TPS (interval=2ms, mspt=0.9ms)
[m[34m[23:59:24][m [32m[Server thread/INFO][m [36m(dragonkiller)[m [0m[RATE] 500 TPS (interval=2ms, mspt=0.8ms)
[m[34m[23:59:25][m [32m[Server thread/INFO][m [36m(dragonkiller)[m [0m[RATE] 500 TPS (interval=2ms, mspt=0.9ms)
[m[34m[23:59:26][m [32m[Server thread/INFO][m [36m(dragonkiller)[m [0m[RATE] 500 TPS (interval=2ms, mspt=0.7ms)
[m[34m[23:59:27][m [32m[Server thread/INFO][m [36m(dragonkiller)[m [0m[RATE] 500 TPS (interval=2ms, mspt=0.8ms)
[m[34m[23:59:28][m [32m[Server thread/INFO][m [36m(dragonkiller)[m [0m[RATE] 500 TPS (interval=2ms, mspt=0.9ms)
[m[34m[23:59:29][m [32m[Server thread/INFO][m [36m(dragonkiller)[m [0m[RATE] 500 TPS (interval=2ms, mspt=0.8ms)
[m[34m[23:59:30][m [32m[Server thread/INFO][m [36m(dragonkiller)[m [0m[RATE] 500 TPS (interval=2ms, mspt=0.7ms)
[m[34m[23:59:31][m [32m[Server thread/INFO][m [36m(dragonkiller)[m [0m[RATE] 500 TPS (interval=2ms, mspt=0.9ms)
[m[34m[23:59:33][m [32m[Server thread/INFO][m [36m(dragonkiller)[m [0m[RATE] 500 TPS (interval=2ms, mspt=1.0ms)
[m[34m[23:59:34][m [32m[Server thread/INFO][m [36m(dragonkiller)[m [0m[RATE] 500 TPS (interval=2ms, mspt=0.9ms)
[m[34m[23:59:35][m [32m[Server thread/INFO][m [36m(dragonkiller)[m [0m[RATE] 500 TPS (interval=2ms, mspt=1.0ms)
[m[34m[23:59:36][m [32m[Server thread/INFO][m [36m(dragonkiller)[m [0m[RATE] 500 TPS (interval=2ms, mspt=0.8ms)
[m[34m[23:59:37][m [32m[Server thread/INFO][m [36m(dragonkiller)[m [0m[RATE] 500 TPS (interval=2ms, mspt=0.8ms)
[m[34m[23:59:38][m [32m[Server thread/INFO][m [36m(dragonkiller)[m [0m[RATE] 500 TPS (interval=2ms, mspt=0.9ms)
[m[34m[23:59:39][m [32m[Server thread/INFO][m [36m(dragonkiller)[m [0m[RATE] 500 TPS (interval=2ms, mspt=1.0ms)
[m[34m[23:59:39][m [32m[Server thread/INFO][m [36m(dragonkiller)[m [0m[DEATH] Dragon killed! +1000.0 reward
[m[34m[23:59:39][m [32m[Server thread/INFO][m [36m(dragonkiller)[m [0m[EPISODE] Done reason=dragon_killed totalReward=1270.92 ticks=13783
[m[34m[23:59:39][m [32m[Server thread/INFO][m [36m(dragonkiller)[m [0mEpisode 3 ended: dragon_killed (13783 ticks, total reward: 1270.9207861898637)
[m[34m[23:59:39][m [32m[Server thread/INFO][m [36m(dragonkiller)[m [0m[EPISODE] Episode 3 ended: dragon_killed (13783 ticks, total reward: 1270.92)
[m[34m[23:59:39][m [32m[Server thread/INFO][m [36m(dragonkiller)[m [0m[EP_REWARD] dense=1085.0 breath=-395.1 playerDmg=0.0 death=1000.0 total=1270.9
[m[34m[23:59:39][m [32m[Server thread/INFO][m [36m(dragonkiller)[m [0mBotPlayer created: RLBot (UUID: 75749aa9-5dfe-307b-9f25-d1c6891f911a)
[m[34m[23:59:39][m [32m[Server thread/INFO][m [36m(dragonkiller)[m [0m[RESET] Phase 2 dragon spawned at (0, 128, 0) in HOLDING_PATTERN
[m[34m[23:59:39][m [32m[Server thread/INFO][m [36m(dragonkiller)[m [0mEpisode 4 started
[m[34m[23:59:39][m [32m[Server thread/INFO][m [36m(dragonkiller)[m [0m[RESET] Episode 4 started, bot at (0.0,65.0,43.0) hp=20.0 dragonHp=200.0
[m[34m[23:59:40][m [32m[Server thread/INFO][m [36m(dragonkiller)[m [0m[RATE] 500 TPS (interval=2ms, mspt=0.9ms)
[m[34m[23:59:41][m [32m[Server thread/INFO][m [36m(dragonkiller)[m [0m[RATE] 500 TPS (interval=2ms, mspt=0.7ms)
[m[34m[23:59:42][m [32m[Server thread/INFO][m [36m(dragonkiller)[m [0m[RATE] 500 TPS (interval=2ms, mspt=1.0ms)
[m[34m[23:59:43][m [32m[Server thread/INFO][m [36m(dragonkiller)[m [0m[RATE] 333 TPS (interval=3ms, mspt=3.4ms)
[m[34m[23:59:44][m [32m[Server thread/INFO][m [36m(dragonkiller)[m [0m[RATE] 500 TPS (interval=2ms, mspt=0.8ms)
[m[34m[23:59:45][m [32m[Server thread/INFO][m [36m(dragonkiller)[m [0m[RATE] 500 TPS (interval=2ms, mspt=0.9ms)
[m[34m[23:59:46][m [32m[Server thread/INFO][m [36m(dragonkiller)[m [0m[RATE] 500 TPS (interval=2ms, mspt=1.0ms)
[m[34m[23:59:47][m [32m[Server thread/INFO][m [36m(dragonkiller)[m [0m[RATE] 500 TPS (interval=2ms, mspt=1.1ms)
[m[34m[23:59:48][m [32m[Server thread/INFO][m [36m(dragonkiller)[m [0m[RATE] 500 TPS (interval=2ms, mspt=1.1ms)
[m[34m[23:59:49][m [32m[Server thread/INFO][m [36m(dragonkiller)[m [0m[RATE] 500 TPS (interval=2ms, mspt=1.0ms)
[m[34m[23:59:50][m [32m[Server thread/INFO][m [36m(dragonkiller)[m [0m[RATE] 500 TPS (interval=2ms, mspt=1.0ms)
[m[34m[23:59:51][m [32m[Server thread/INFO][m [36m(dragonkiller)[m [0m[RATE] 500 TPS (interval=2ms, mspt=1.1ms)
[m[34m[23:59:52][m [32m[Server thread/INFO][m [36m(dragonkiller)[m [0m[RATE] 500 TPS (interval=2ms, mspt=1.2ms)
[m[34m[23:59:53][m [32m[Server thread/INFO][m [36m(dragonkiller)[m [0m[RATE] 500 TPS (interval=2ms, mspt=0.9ms)
[m[34m[23:59:55][m [32m[Server thread/INFO][m [36m(dragonkiller)[m [0m[RATE] 500 TPS (interval=2ms, mspt=0.9ms)
[m[34m[23:59:56][m [32m[Server thread/INFO][m [36m(dragonkiller)[m [0m[RATE] 500 TPS (interval=2ms, mspt=0.9ms)
[m[34m[23:59:57][m [32m[Server thread/INFO][m [36m(dragonkiller)[m [0m[RATE] 500 TPS (interval=2ms, mspt=1.0ms)
[m[34m[23:59:58][m [32m[Server thread/INFO][m [36m(dragonkiller)[m [0m[RATE] 500 TPS (interval=2ms, mspt=1.0ms)
[m[34m[23:59:59][m [32m[Server thread/INFO][m [36m(dragonkiller)[m [0m[RATE] 500 TPS (interval=2ms, mspt=1.1ms)
[m[34m[00:00:00][m [32m[Server thread/INFO][m [36m(dragonkiller)[m [0m[RATE] 500 TPS (interval=2ms, mspt=1.1ms)
[m[34m[00:00:01][m [32m[Server thread/INFO][m [36m(dragonkiller)[m [0m[RATE] 500 TPS (interval=2ms, mspt=1.0ms)
[m[34m[00:00:02][m [33m[Server thread/WARN][m [36m(Minecraft)[m [0mCan't keep up! Is the server overloaded? Running 24571ms or 12285 ticks behind
[m[34m[00:00:02][m [32m[Server thread/INFO][m [36m(dragonkiller)[m [0m[RATE] 500 TPS (interval=2ms, mspt=1.2ms)
[m[34m[00:00:03][m [32m[Server thread/INFO][m [36m(dragonkiller)[m [0m[RATE] 500 TPS (interval=2ms, mspt=0.8ms)
[m[34m[00:00:04][m [32m[Server thread/INFO][m [36m(dragonkiller)[m [0m[RATE] 500 TPS (interval=2ms, mspt=0.9ms)
[m[34m[00:00:06][m [32m[Server thread/INFO][m [36m(dragonkiller)[m [0m[RATE] 500 TPS (interval=2ms, mspt=1.1ms)
[m[34m[00:00:07][m [32m[Server thread/INFO][m [36m(dragonkiller)[m [0m[RATE] 500 TPS (interval=2ms, mspt=0.9ms)
[m[34m[00:00:08][m [32m[Server thread/INFO][m [36m(dragonkiller)[m [0m[RATE] 500 TPS (interval=2ms, mspt=0.9ms)
[m[34m[00:00:09][m [32m[Server thread/INFO][m [36m(dragonkiller)[m [0m[RATE] 500 TPS (interval=2ms, mspt=1.0ms)
[m[34m[00:00:10][m [32m[Server thread/INFO][m [36m(dragonkiller)[m [0m[RATE] 333 TPS (interval=3ms, mspt=1.4ms)
[m[34m[00:00:12][m [32m[Server thread/INFO][m [36m(dragonkiller)[m [0m[RATE] 500 TPS (interval=2ms, mspt=1.1ms)
[m[34m[00:00:13][m [32m[Server thread/INFO][m [36m(dragonkiller)[m [0m[RATE] 500 TPS (interval=2ms, mspt=1.4ms)
[m[34m[00:00:14][m [32m[Server thread/INFO][m [36m(dragonkiller)[m [0m[RATE] 500 TPS (interval=2ms, mspt=1.0ms)
[m[34m[00:00:15][m [32m[Server thread/INFO][m [36m(dragonkiller)[m [0m[RATE] 500 TPS (interval=2ms, mspt=1.3ms)
[m[34m[00:00:16][m [32m[Server thread/INFO][m [36m(dragonkiller)[m [0m[RATE] 333 TPS (interval=3ms, mspt=3.8ms)
[m[34m[00:00:18][m [32m[Server thread/INFO][m [36m(dragonkiller)[m [0m[RATE] 500 TPS (interval=2ms, mspt=1.2ms)
[m[34m[00:00:19][m [32m[Server thread/INFO][m [36m(dragonkiller)[m [0m[RATE] 500 TPS (interval=2ms, mspt=1.0ms)
[m[34m[00:00:20][m [32m[Server thread/INFO][m [36m(dragonkiller)[m [0m[RATE] 500 TPS (interval=2ms, mspt=1.1ms)
[m[34m[00:00:21][m [32m[Server thread/INFO][m [36m(dragonkiller)[m [0m[RATE] 500 TPS (interval=2ms, mspt=1.0ms)
[m[34m[00:00:22][m [32m[Server thread/INFO][m [36m(dragonkiller)[m [0m[RATE] 500 TPS (interval=2ms, mspt=1.1ms)
[m[34m[00:00:23][m [32m[Server thread/INFO][m [36m(dragonkiller)[m [0m[RATE] 500 TPS (interval=2ms, mspt=1.1ms)
[m[34m[00:00:25][m [32m[Server thread/INFO][m [36m(dragonkiller)[m [0m[RATE] 333 TPS (interval=3ms, mspt=1.7ms)
[m[34m[00:00:26][m [32m[Server thread/INFO][m [36m(dragonkiller)[m [0m[RATE] 333 TPS (interval=3ms, mspt=1.6ms)
[m[34m[00:00:27][m [32m[Server thread/INFO][m [36m(dragonkiller)[m [0m[RATE] 333 TPS (interval=3ms, mspt=1.5ms)
[m[34m[00:00:28][m [32m[Server thread/INFO][m [36m(dragonkiller)[m [0m[RATE] 500 TPS (interval=2ms, mspt=1.4ms)
[m[34m[00:00:30][m [32m[Server thread/INFO][m [36m(dragonkiller)[m [0m[RATE] 500 TPS (interval=2ms, mspt=1.2ms)
[m[34m[00:00:31][m [32m[Server thread/INFO][m [36m(dragonkiller)[m [0m[RATE] 333 TPS (interval=3ms, mspt=1.6ms)
[m[34m[00:00:33][m [32m[Server thread/INFO][m [36m(dragonkiller)[m [0m[RATE] 333 TPS (interval=3ms, mspt=1.4ms)
[m[34m[00:00:34][m [32m[Server thread/INFO][m [36m(dragonkiller)[m [0m[RATE] 500 TPS (interval=2ms, mspt=1.1ms)
[m[34m[00:00:35][m [32m[Server thread/INFO][m [36m(dragonkiller)[m [0m[RATE] 500 TPS (interval=2ms, mspt=1.0ms)
[m[34m[00:00:36][m [32m[Server thread/INFO][m [36m(dragonkiller)[m [0m[RATE] 500 TPS (interval=2ms, mspt=1.0ms)
[m[34m[00:00:37][m [32m[Server thread/INFO][m [36m(dragonkiller)[m [0m[RATE] 500 TPS (interval=2ms, mspt=1.1ms)
[m[34m[00:00:38][m [32m[Server thread/INFO][m [36m(dragonkiller)[m [0m[RATE] 500 TPS (interval=2ms, mspt=1.1ms)
[m[34m[00:00:39][m [32m[Server thread/INFO][m [36m(dragonkiller)[m [0m[RATE] 500 TPS (interval=2ms, mspt=1.1ms)
[m[34m[00:00:40][m [32m[Server thread/INFO][m [36m(dragonkiller)[m [0m[RATE] 500 TPS (interval=2ms, mspt=1.3ms)
[m[34m[00:00:41][m [32m[Server thread/INFO][m [36m(dragonkiller)[m [0m[RATE] 500 TPS (interval=2ms, mspt=1.0ms)
[m[34m[00:00:43][m [32m[Server thread/INFO][m [36m(dragonkiller)[m [0m[RATE] 500 TPS (interval=2ms, mspt=1.0ms)
[m[34m[00:00:44][m [33m[Server thread/WARN][m [36m(Minecraft)[m [0mCan't keep up! Is the server overloaded? Running 26447ms or 13223 ticks behind
[m[34m[00:00:44][m [32m[Server thread/INFO][m [36m(dragonkiller)[m [0m[DEATH] Dragon killed! +1000.0 reward
[m[34m[00:00:44][m [32m[Server thread/INFO][m [36m(dragonkiller)[m [0m[EPISODE] Done reason=dragon_killed totalReward=1385.47 ticks=11330
[m[34m[00:00:44][m [32m[Server thread/INFO][m [36m(dragonkiller)[m [0mEpisode 4 ended: dragon_killed (11330 ticks, total reward: 1385.474467661184)
[m[34m[00:00:44][m [32m[Server thread/INFO][m [36m(dragonkiller)[m [0m[EPISODE] Episode 4 ended: dragon_killed (11330 ticks, total reward: 1385.47)
[m[34m[00:00:44][m [32m[Server thread/INFO][m [36m(dragonkiller)[m [0m[EP_REWARD] dense=1066.7 breath=-351.2 playerDmg=0.0 death=1000.0 total=1385.5
[m[34m[00:00:44][m [32m[Server thread/INFO][m [36m(dragonkiller)[m [0mBotPlayer created: RLBot (UUID: 75749aa9-5dfe-307b-9f25-d1c6891f911a)
[m[34m[00:00:44][m [32m[Server thread/INFO][m [36m(dragonkiller)[m [0m[RESET] Phase 2 dragon spawned at (0, 128, 0) in HOLDING_PATTERN
[m[34m[00:00:44][m [32m[Server thread/INFO][m [36m(dragonkiller)[m [0mEpisode 5 started
[m[34m[00:00:44][m [32m[Server thread/INFO][m [36m(dragonkiller)[m [0m[RESET] Episode 5 started, bot at (0.0,65.0,43.0) hp=20.0 dragonHp=200.0
[m[34m[00:00:44][m [32m[Server thread/INFO][m [36m(dragonkiller)[m [0m[RATE] 500 TPS (interval=2ms, mspt=0.9ms)
[m[34m[00:00:45][m [32m[Server thread/INFO][m [36m(dragonkiller)[m [0m[RATE] 500 TPS (interval=2ms, mspt=1.3ms)
[m[34m[00:00:46][m [32m[Server thread/INFO][m [36m(dragonkiller)[m [0m[RATE] 500 TPS (interval=2ms, mspt=1.1ms)
[m[34m[00:00:47][m [32m[Server thread/INFO][m [36m(dragonkiller)[m [0m[RATE] 500 TPS (interval=2ms, mspt=0.9ms)
[m[34m[00:00:48][m [32m[Server thread/INFO][m [36m(dragonkiller)[m [0m[RATE] 500 TPS (interval=2ms, mspt=0.8ms)
[m[34m[00:00:49][m [32m[Server thread/INFO][m [36m(dragonkiller)[m [0m[RATE] 500 TPS (interval=2ms, mspt=1.1ms)
[m[34m[00:00:50][m [32m[Server thread/INFO][m [36m(dragonkiller)[m [0m[RATE] 500 TPS (interval=2ms, mspt=1.2ms)
[m[34m[00:00:51][m [32m[Server thread/INFO][m [36m(dragonkiller)[m [0m[RATE] 333 TPS (interval=3ms, mspt=4.3ms)
[m[34m[00:00:52][m [32m[Server thread/INFO][m [36m(dragonkiller)[m [0m[RATE] 500 TPS (interval=2ms, mspt=1.0ms)
[m[34m[00:00:54][m [32m[Server thread/INFO][m [36m(dragonkiller)[m [0m[RATE] 500 TPS (interval=2ms, mspt=1.1ms)
[m[34m[00:00:55][m [32m[Server thread/INFO][m [36m(dragonkiller)[m [0m[RATE] 500 TPS (interval=2ms, mspt=1.2ms)
[m[34m[00:00:56][m [32m[Server thread/INFO][m [36m(dragonkiller)[m [0m[RATE] 500 TPS (interval=2ms, mspt=1.1ms)
[m[34m[00:00:57][m [32m[Server thread/INFO][m [36m(dragonkiller)[m [0m[RATE] 500 TPS (interval=2ms, mspt=1.1ms)
[m[34m[00:00:58][m [32m[Server thread/INFO][m [36m(dragonkiller)[m [0m[RATE] 500 TPS (interval=2ms, mspt=1.0ms)
[m[34m[00:00:59][m [32m[Server thread/INFO][m [36m(dragonkiller)[m [0m[RATE] 500 TPS (interval=2ms, mspt=1.2ms)
[m[34m[00:01:00][m [32m[Server thread/INFO][m [36m(dragonkiller)[m [0m[RATE] 500 TPS (interval=2ms, mspt=0.9ms)
[m[34m[00:01:01][m [32m[Server thread/INFO][m [36m(dragonkiller)[m [0m[RATE] 500 TPS (interval=2ms, mspt=0.8ms)
[m[34m[00:01:02][m [32m[Server thread/INFO][m [36m(dragonkiller)[m [0m[RATE] 500 TPS (interval=2ms, mspt=1.0ms)
[m[34m[00:01:03][m [32m[Server thread/INFO][m [36m(dragonkiller)[m [0m[RATE] 500 TPS (interval=2ms, mspt=0.9ms)
[m[34m[00:01:05][m [32m[Server thread/INFO][m [36m(dragonkiller)[m [0m[RATE] 500 TPS (interval=2ms, mspt=0.9ms)
[m[34m[00:01:06][m [32m[Server thread/INFO][m [36m(dragonkiller)[m [0m[RATE] 500 TPS (interval=2ms, mspt=0.9ms)
[m[34m[00:01:07][m [32m[Server thread/INFO][m [36m(dragonkiller)[m [0m[RATE] 500 TPS (interval=2ms, mspt=1.0ms)
[m[34m[00:01:08][m [32m[Server thread/INFO][m [36m(dragonkiller)[m [0m[RATE] 500 TPS (interval=2ms, mspt=0.9ms)
[m[34m[00:01:09][m [32m[Server thread/INFO][m [36m(dragonkiller)[m [0m[RATE] 500 TPS (interval=2ms, mspt=1.0ms)
[m[34m[00:01:10][m [32m[Server thread/INFO][m [36m(dragonkiller)[m [0m[RATE] 500 TPS (interval=2ms, mspt=1.0ms)
[m[34m[00:01:11][m [32m[Server thread/INFO][m [36m(dragonkiller)[m [0m[RATE] 500 TPS (interval=2ms, mspt=0.8ms)
[m[34m[00:01:12][m [32m[Server thread/INFO][m [36m(dragonkiller)[m [0m[RATE] 500 TPS (interval=2ms, mspt=0.9ms)
[m[34m[00:01:13][m [32m[Server thread/INFO][m [36m(dragonkiller)[m [0m[RATE] 500 TPS (interval=2ms, mspt=1.0ms)
[m[34m[00:01:14][m [32m[Server thread/INFO][m [36m(dragonkiller)[m [0m[RATE] 500 TPS (interval=2ms, mspt=1.0ms)
[m[34m[00:01:16][m [32m[Server thread/INFO][m [36m(dragonkiller)[m [0m[RATE] 500 TPS (interval=2ms, mspt=1.1ms)
[m[34m[00:01:17][m [32m[Server thread/INFO][m [36m(dragonkiller)[m [0m[RATE] 500 TPS (interval=2ms, mspt=0.9ms)
[m[34m[00:01:18][m [32m[Server thread/INFO][m [36m(dragonkiller)[m [0m[RATE] 500 TPS (interval=2ms, mspt=1.0ms)
[m[34m[00:01:19][m [32m[Server thread/INFO][m [36m(dragonkiller)[m [0m[RATE] 500 TPS (interval=2ms, mspt=1.0ms)
[m[34m[00:01:20][m [32m[Server thread/INFO][m [36m(dragonkiller)[m [0m[RATE] 500 TPS (interval=2ms, mspt=0.8ms)
[m[34m[00:01:21][m [32m[Server thread/INFO][m [36m(dragonkiller)[m [0m[RATE] 500 TPS (interval=2ms, mspt=1.0ms)
[m[34m[00:01:22][m [32m[Server thread/INFO][m [36m(dragonkiller)[m [0m[RATE] 500 TPS (interval=2ms, mspt=1.0ms)
[m[34m[00:01:23][m [32m[Server thread/INFO][m [36m(dragonkiller)[m [0m[RATE] 500 TPS (interval=2ms, mspt=1.0ms)
[m[34m[00:01:24][m [33m[Server thread/WARN][m [36m(Minecraft)[m [0mCan't keep up! Is the server overloaded? Running 25444ms or 12722 ticks behind
[m[34m[00:01:24][m [32m[Server thread/INFO][m [36m(dragonkiller)[m [0m[RATE] 333 TPS (interval=3ms, mspt=3.7ms)
[m[34m[00:01:25][m [32m[Server thread/INFO][m [36m(dragonkiller)[m [0m[RATE] 500 TPS (interval=2ms, mspt=1.0ms)
[m[34m[00:01:27][m [32m[Server thread/INFO][m [36m(dragonkiller)[m [0m[RATE] 500 TPS (interval=2ms, mspt=1.0ms)
[m[34m[00:01:28][m [32m[Server thread/INFO][m [36m(dragonkiller)[m [0m[RATE] 500 TPS (interval=2ms, mspt=1.1ms)
[m[34m[00:01:29][m [32m[Server thread/INFO][m [36m(dragonkiller)[m [0m[RATE] 500 TPS (interval=2ms, mspt=1.0ms)
[m[34m[00:01:30][m [32m[Server thread/INFO][m [36m(dragonkiller)[m [0m[RATE] 500 TPS (interval=2ms, mspt=1.3ms)
[m[34m[00:01:31][m [32m[Server thread/INFO][m [36m(dragonkiller)[m [0m[RATE] 500 TPS (interval=2ms, mspt=0.9ms)
[m[34m[00:01:32][m [32m[Server thread/INFO][m [36m(dragonkiller)[m [0m[RATE] 500 TPS (interval=2ms, mspt=1.3ms)
[m[34m[00:01:33][m [32m[Server thread/INFO][m [36m(dragonkiller)[m [0m[DEATH] Dragon killed! +1000.0 reward
[m[34m[00:01:33][m [32m[Server thread/INFO][m [36m(dragonkiller)[m [0m[EPISODE] Done reason=dragon_killed totalReward=1476.45 ticks=8989
[m[34m[00:01:33][m [32m[Server thread/INFO][m [36m(dragonkiller)[m [0mEpisode 5 ended: dragon_killed (8989 ticks, total reward: 1476.454176113858)
[m[34m[00:01:33][m [32m[Server thread/INFO][m [36m(dragonkiller)[m [0m[EPISODE] Episode 5 ended: dragon_killed (8989 ticks, total reward: 1476.45)
[m[34m[00:01:33][m [32m[Server thread/INFO][m [36m(dragonkiller)[m [0m[EP_REWARD] dense=1140.3 breath=-392.8 playerDmg=0.0 death=1000.0 total=1476.5
[m[34m[00:01:33][m [32m[Server thread/INFO][m [36m(dragonkiller)[m [0mBotPlayer created: RLBot (UUID: 75749aa9-5dfe-307b-9f25-d1c6891f911a)
[m[34m[00:01:33][m [32m[Server thread/INFO][m [36m(dragonkiller)[m [0m[RESET] Phase 2 dragon spawned at (0, 128, 0) in HOLDING_PATTERN
[m[34m[00:01:33][m [32m[Server thread/INFO][m [36m(dragonkiller)[m [0mEpisode 6 started
[m[34m[00:01:33][m [32m[Server thread/INFO][m [36m(dragonkiller)[m [0m[RESET] Episode 6 started, bot at (0.0,65.0,43.0) hp=20.0 dragonHp=200.0
[m[34m[00:01:33][m [32m[Server thread/INFO][m [36m(dragonkiller)[m [0m[RATE] 500 TPS (interval=2ms, mspt=0.9ms)
[m[34m[00:01:34][m [32m[Server thread/INFO][m [36m(dragonkiller)[m [0m[RATE] 500 TPS (interval=2ms, mspt=0.9ms)
[m[34m[00:01:35][m [32m[Server thread/INFO][m [36m(dragonkiller)[m [0m[RATE] 500 TPS (interval=2ms, mspt=0.9ms)
[m[34m[00:01:36][m [32m[Server thread/INFO][m [36m(dragonkiller)[m [0m[RATE] 500 TPS (interval=2ms, mspt=0.8ms)
[m[34m[00:01:37][m [32m[Server thread/INFO][m [36m(dragonkiller)[m [0m[RATE] 500 TPS (interval=2ms, mspt=0.8ms)
[m[34m[00:01:38][m [32m[Server thread/INFO][m [36m(dragonkiller)[m [0m[RATE] 500 TPS (interval=2ms, mspt=0.9ms)
[m[34m[00:01:39][m [32m[Server thread/INFO][m [36m(dragonkiller)[m [0m[RATE] 500 TPS (interval=2ms, mspt=1.0ms)
[m[34m[00:01:40][m [32m[Server thread/INFO][m [36m(dragonkiller)[m [0m[RATE] 500 TPS (interval=2ms, mspt=0.9ms)
[m[34m[00:01:41][m [32m[Server thread/INFO][m [36m(dragonkiller)[m [0m[RATE] 500 TPS (interval=2ms, mspt=1.0ms)
[m[34m[00:01:42][m [32m[Server thread/INFO][m [36m(dragonkiller)[m [0m[RATE] 500 TPS (interval=2ms, mspt=0.8ms)
[m[34m[00:01:43][m [32m[Server thread/INFO][m [36m(dragonkiller)[m [0m[RATE] 500 TPS (interval=2ms, mspt=1.0ms)
[m[34m[00:01:44][m [32m[Server thread/INFO][m [36m(dragonkiller)[m [0m[RATE] 500 TPS (interval=2ms, mspt=0.8ms)
[m[34m[00:01:46][m [32m[Server thread/INFO][m [36m(dragonkiller)[m [0m[RATE] 500 TPS (interval=2ms, mspt=0.9ms)
[m[34m[00:01:47][m [32m[Server thread/INFO][m [36m(dragonkiller)[m [0m[RATE] 500 TPS (interval=2ms, mspt=0.8ms)
[m[34m[00:01:48][m [32m[Server thread/INFO][m [36m(dragonkiller)[m [0m[RATE] 500 TPS (interval=2ms, mspt=1.0ms)
[m[34m[00:01:49][m [32m[Server thread/INFO][m [36m(dragonkiller)[m [0m[RATE] 500 TPS (interval=2ms, mspt=1.0ms)
[m[34m[00:01:50][m [32m[Server thread/INFO][m [36m(dragonkiller)[m [0m[RATE] 500 TPS (interval=2ms, mspt=1.0ms)
[m[34m[00:01:51][m [32m[Server thread/INFO][m [36m(dragonkiller)[m [0m[RATE] 500 TPS (interval=2ms, mspt=1.0ms)
[m[34m[00:01:52][m [32m[Server thread/INFO][m [36m(dragonkiller)[m [0m[RATE] 500 TPS (interval=2ms, mspt=1.2ms)
[m[34m[00:01:53][m [32m[Server thread/INFO][m [36m(dragonkiller)[m [0m[RATE] 500 TPS (interval=2ms, mspt=1.0ms)
[m[34m[00:01:54][m [32m[Server thread/INFO][m [36m(dragonkiller)[m [0m[RATE] 500 TPS (interval=2ms, mspt=0.9ms)
[m[34m[00:01:55][m [32m[Server thread/INFO][m [36m(dragonkiller)[m [0m[RATE] 500 TPS (interval=2ms, mspt=1.1ms)
[m[34m[00:01:56][m [32m[Server thread/INFO][m [36m(dragonkiller)[m [0m[RATE] 333 TPS (interval=3ms, mspt=2.7ms)
[m[34m[00:01:57][m [32m[Server thread/INFO][m [36m(dragonkiller)[m [0m[RATE] 500 TPS (interval=2ms, mspt=0.9ms)
[m[34m[00:01:59][m [32m[Server thread/INFO][m [36m(dragonkiller)[m [0m[RATE] 500 TPS (interval=2ms, mspt=1.2ms)
[m[34m[00:02:00][m [32m[Server thread/INFO][m [36m(dragonkiller)[m [0m[RATE] 500 TPS (interval=2ms, mspt=1.2ms)
[m[34m[00:02:01][m [32m[Server thread/INFO][m [36m(dragonkiller)[m [0m[RATE] 500 TPS (interval=2ms, mspt=1.0ms)
[m[34m[00:02:02][m [32m[Server thread/INFO][m [36m(dragonkiller)[m [0m[RATE] 500 TPS (interval=2ms, mspt=1.2ms)
[m[34m[00:02:03][m [32m[Server thread/INFO][m [36m(dragonkiller)[m [0m[RATE] 500 TPS (interval=2ms, mspt=1.0ms)
[m[34m[00:02:04][m [32m[Server thread/INFO][m [36m(dragonkiller)[m [0m[RATE] 500 TPS (interval=2ms, mspt=0.9ms)
[m[34m[00:02:05][m [33m[Server thread/WARN][m [36m(Minecraft)[m [0mCan't keep up! Is the server overloaded? Running 25684ms or 12842 ticks behind
[m[34m[00:02:05][m [32m[Server thread/INFO][m [36m(dragonkiller)[m [0m[RATE] 500 TPS (interval=2ms, mspt=0.9ms)
[m[34m[00:02:06][m [32m[Server thread/INFO][m [36m(dragonkiller)[m [0m[RATE] 500 TPS (interval=2ms, mspt=1.1ms)
[m[34m[00:02:07][m [32m[Server thread/INFO][m [36m(dragonkiller)[m [0m[RATE] 500 TPS (interval=2ms, mspt=1.0ms)
[m[34m[00:02:09][m [32m[Server thread/INFO][m [36m(dragonkiller)[m [0m[RATE] 500 TPS (interval=2ms, mspt=1.2ms)
[m[34m[00:02:10][m [32m[Server thread/INFO][m [36m(dragonkiller)[m [0m[RATE] 500 TPS (interval=2ms, mspt=1.2ms)
[m[34m[00:02:11][m [32m[Server thread/INFO][m [36m(dragonkiller)[m [0m[RATE] 500 TPS (interval=2ms, mspt=1.0ms)
[m[34m[00:02:12][m [32m[Server thread/INFO][m [36m(dragonkiller)[m [0m[RATE] 500 TPS (interval=2ms, mspt=0.9ms)
[m[34m[00:02:13][m [32m[Server thread/INFO][m [36m(dragonkiller)[m [0m[RATE] 500 TPS (interval=2ms, mspt=1.1ms)
[m[34m[00:02:14][m [32m[Server thread/INFO][m [36m(dragonkiller)[m [0m[RATE] 500 TPS (interval=2ms, mspt=0.9ms)
[m[34m[00:02:15][m [32m[Server thread/INFO][m [36m(dragonkiller)[m [0m[RATE] 500 TPS (interval=2ms, mspt=1.1ms)
[m[34m[00:02:16][m [32m[Server thread/INFO][m [36m(dragonkiller)[m [0m[RATE] 500 TPS (interval=2ms, mspt=1.1ms)
[m[34m[00:02:17][m [32m[Server thread/INFO][m [36m(dragonkiller)[m [0m[RATE] 500 TPS (interval=2ms, mspt=0.9ms)
[m[34m[00:02:18][m [32m[Server thread/INFO][m [36m(dragonkiller)[m [0m[RATE] 500 TPS (interval=2ms, mspt=0.9ms)
[m[34m[00:02:19][m [32m[Server thread/INFO][m [36m(dragonkiller)[m [0m[RATE] 500 TPS (interval=2ms, mspt=0.9ms)
[m[34m[00:02:20][m [32m[Server thread/INFO][m [36m(dragonkiller)[m [0m[RATE] 500 TPS (interval=2ms, mspt=1.0ms)
[m[34m[00:02:21][m [32m[Server thread/INFO][m [36m(dragonkiller)[m [0m[RATE] 500 TPS (interval=2ms, mspt=0.8ms)
[m[34m[00:02:23][m [32m[Server thread/INFO][m [36m(dragonkiller)[m [0m[RATE] 500 TPS (interval=2ms, mspt=0.8ms)
[m[34m[00:02:24][m [32m[Server thread/INFO][m [36m(dragonkiller)[m [0m[RATE] 500 TPS (interval=2ms, mspt=0.8ms)
[m[34m[00:02:25][m [32m[Server thread/INFO][m [36m(dragonkiller)[m [0m[RATE] 500 TPS (interval=2ms, mspt=0.9ms)
[m[34m[00:02:26][m [32m[Server thread/INFO][m [36m(dragonkiller)[m [0m[RATE] 500 TPS (interval=2ms, mspt=1.1ms)
[m[34m[00:02:27][m [32m[Server thread/INFO][m [36m(dragonkiller)[m [0m[RATE] 500 TPS (interval=2ms, mspt=0.8ms)
[m[34m[00:02:28][m [32m[Server thread/INFO][m [36m(dragonkiller)[m [0m[RATE] 500 TPS (interval=2ms, mspt=0.8ms)
[m[34m[00:02:29][m [32m[Server thread/INFO][m [36m(dragonkiller)[m [0m[RATE] 333 TPS (interval=3ms, mspt=3.4ms)
[m[34m[00:02:30][m [32m[Server thread/INFO][m [36m(dragonkiller)[m [0m[RATE] 500 TPS (interval=2ms, mspt=0.9ms)
[m[34m[00:02:31][m [32m[Server thread/INFO][m [36m(dragonkiller)[m [0m[RATE] 500 TPS (interval=2ms, mspt=0.8ms)
[m[34m[00:02:32][m [32m[Server thread/INFO][m [36m(dragonkiller)[m [0m[RATE] 500 TPS (interval=2ms, mspt=0.9ms)
[m[34m[00:02:34][m [32m[Server thread/INFO][m [36m(dragonkiller)[m [0m[RATE] 500 TPS (interval=2ms, mspt=1.1ms)
[m[34m[00:02:35][m [32m[Server thread/INFO][m [36m(dragonkiller)[m [0m[RATE] 500 TPS (interval=2ms, mspt=0.9ms)
[m[34m[00:02:36][m [32m[Server thread/INFO][m [36m(dragonkiller)[m [0m[RATE] 500 TPS (interval=2ms, mspt=0.9ms)
[m[34m[00:02:37][m [32m[Server thread/INFO][m [36m(dragonkiller)[m [0m[RATE] 500 TPS (interval=2ms, mspt=1.0ms)
[m[34m[00:02:38][m [32m[Server thread/INFO][m [36m(dragonkiller)[m [0m[RATE] 500 TPS (interval=2ms, mspt=1.0ms)
[m[34m[00:02:39][m [32m[Server thread/INFO][m [36m(dragonkiller)[m [0m[RATE] 500 TPS (interval=2ms, mspt=1.2ms)
[m[34m[00:02:40][m [32m[Server thread/INFO][m [36m(dragonkiller)[m [0m[RATE] 500 TPS (interval=2ms, mspt=1.0ms)
[m[34m[00:02:41][m [32m[Server thread/INFO][m [36m(dragonkiller)[m [0m[RATE] 500 TPS (interval=2ms, mspt=1.0ms)
[m[34m[00:02:41][m [32m[Server thread/INFO][m [36m(dragonkiller)[m [0m[DEATH] Dragon killed! +1000.0 reward
[m[34m[00:02:41][m [32m[Server thread/INFO][m [36m(dragonkiller)[m [0m[EPISODE] Done reason=dragon_killed totalReward=1176.74 ticks=12726
[m[34m[00:02:41][m [32m[Server thread/INFO][m [36m(dragonkiller)[m [0mEpisode 6 ended: dragon_killed (12726 ticks, total reward: 1176.7433409287835)
[m[34m[00:02:41][m [32m[Server thread/INFO][m [36m(dragonkiller)[m [0m[EPISODE] Episode 6 ended: dragon_killed (12726 ticks, total reward: 1176.74)
[m[34m[00:02:41][m [32m[Server thread/INFO][m [36m(dragonkiller)[m [0m[EP_REWARD] dense=1079.3 breath=-522.6 playerDmg=0.0 death=1000.0 total=1176.7
[m[34m[00:02:41][m [32m[Server thread/INFO][m [36m(dragonkiller)[m [0mBotPlayer created: RLBot (UUID: 75749aa9-5dfe-307b-9f25-d1c6891f911a)
[m[34m[00:02:41][m [32m[Server thread/INFO][m [36m(dragonkiller)[m [0m[RESET] Phase 2 dragon spawned at (0, 128, 0) in HOLDING_PATTERN
[m[34m[00:02:41][m [32m[Server thread/INFO][m [36m(dragonkiller)[m [0mEpisode 7 started
[m[34m[00:02:41][m [32m[Server thread/INFO][m [36m(dragonkiller)[m [0m[RESET] Episode 7 started, bot at (0.0,65.0,43.0) hp=20.0 dragonHp=200.0
[m[34m[00:02:42][m [32m[Server thread/INFO][m [36m(dragonkiller)[m [0m[RATE] 500 TPS (interval=2ms, mspt=0.8ms)
[m[34m[00:02:43][m [32m[Server thread/INFO][m [36m(dragonkiller)[m [0m[RATE] 500 TPS (interval=2ms, mspt=0.8ms)
[m[34m[00:02:44][m [32m[Server thread/INFO][m [36m(dragonkiller)[m [0m[RATE] 500 TPS (interval=2ms, mspt=0.8ms)
[m[34m[00:02:45][m [33m[Server thread/WARN][m [36m(Minecraft)[m [0mCan't keep up! Is the server overloaded? Running 25393ms or 12696 ticks behind
[m[34m[00:02:45][m [32m[Server thread/INFO][m [36m(dragonkiller)[m [0m[RATE] 500 TPS (interval=2ms, mspt=1.2ms)
[m[34m[00:02:46][m [32m[Server thread/INFO][m [36m(dragonkiller)[m [0m[RATE] 500 TPS (interval=2ms, mspt=1.1ms)
[m[34m[00:02:47][m [32m[Server thread/INFO][m [36m(dragonkiller)[m [0m[RATE] 500 TPS (interval=2ms, mspt=1.3ms)
[m[34m[00:02:48][m [32m[Server thread/INFO][m [36m(dragonkiller)[m [0m[RATE] 500 TPS (interval=2ms, mspt=0.9ms)
[m[34m[00:02:49][m [32m[Server thread/INFO][m [36m(dragonkiller)[m [0m[RATE] 500 TPS (interval=2ms, mspt=1.0ms)
[m[34m[00:02:50][m [32m[Server thread/INFO][m [36m(dragonkiller)[m [0m[RATE] 500 TPS (interval=2ms, mspt=0.8ms)
[m[34m[00:02:51][m [32m[Server thread/INFO][m [36m(dragonkiller)[m [0m[RATE] 500 TPS (interval=2ms, mspt=0.9ms)
[m[34m[00:02:52][m [32m[Server thread/INFO][m [36m(dragonkiller)[m [0m[RATE] 500 TPS (interval=2ms, mspt=1.0ms)
[m[34m[00:02:53][m [32m[Server thread/INFO][m [36m(dragonkiller)[m [0m[RATE] 500 TPS (interval=2ms, mspt=0.8ms)
[m[34m[00:02:55][m [32m[Server thread/INFO][m [36m(dragonkiller)[m [0m[RATE] 500 TPS (interval=2ms, mspt=1.1ms)
[m[34m[00:02:56][m [32m[Server thread/INFO][m [36m(dragonkiller)[m [0m[RATE] 500 TPS (interval=2ms, mspt=0.9ms)
[m[34m[00:02:57][m [32m[Server thread/INFO][m [36m(dragonkiller)[m [0m[RATE] 500 TPS (interval=2ms, mspt=0.8ms)
[m[34m[00:02:58][m [32m[Server thread/INFO][m [36m(dragonkiller)[m [0m[RATE] 500 TPS (interval=2ms, mspt=0.8ms)
[m[34m[00:02:59][m [32m[Server thread/INFO][m [36m(dragonkiller)[m [0m[RATE] 500 TPS (interval=2ms, mspt=0.9ms)
[m[34m[00:03:00][m [32m[Server thread/INFO][m [36m(dragonkiller)[m [0m[RATE] 500 TPS (interval=2ms, mspt=1.0ms)
[m[34m[00:03:01][m [32m[Server thread/INFO][m [36m(dragonkiller)[m [0m[RATE] 333 TPS (interval=3ms, mspt=3.1ms)
[m[34m[00:03:02][m [32m[Server thread/INFO][m [36m(dragonkiller)[m [0m[RATE] 500 TPS (interval=2ms, mspt=0.9ms)
[m[34m[00:03:03][m [32m[Server thread/INFO][m [36m(dragonkiller)[m [0m[RATE] 500 TPS (interval=2ms, mspt=0.9ms)
[m[34m[00:03:04][m [32m[Server thread/INFO][m [36m(dragonkiller)[m [0m[RATE] 500 TPS (interval=2ms, mspt=1.0ms)
[m[34m[00:03:05][m [32m[Server thread/INFO][m [36m(dragonkiller)[m [0m[RATE] 500 TPS (interval=2ms, mspt=0.9ms)
[m[34m[00:03:06][m [32m[Server thread/INFO][m [36m(dragonkiller)[m [0mRL client disconnected
[m[34m[00:03:06][m [32m[Server thread/INFO][m [36m(dragonkiller)[m [0m[RATE] 500 TPS (interval=2ms, mspt=0.8ms)
[m[34m[00:03:06][m [32m[Server thread/INFO][m [36m(dragonkiller)[m [0m[RATE] 500 TPS (interval=2ms, mspt=0.5ms)
[m[34m[00:03:07][m [32m[Server thread/INFO][m [36m(Minecraft)[m [0mRLBot fell out of the world
[m[34m[00:03:07][m [32m[Server thread/INFO][m [36m(dragonkiller)[m [0m[DEATH] Bot died! hp=0.0 reason=player_died reward=-500.0
[m[34m[00:03:07][m [32m[Server thread/INFO][m [36m(dragonkiller)[m [0m[EPISODE] Done reason=player_died totalReward=-32230.56 ticks=5029
[m[34m[00:03:07][m [32m[Server thread/INFO][m [36m(dragonkiller)[m [0mEpisode 7 ended: player_died (5029 ticks, total reward: -32230.56167132375)
[m[34m[00:03:07][m [32m[Server thread/INFO][m [36m(dragonkiller)[m [0m[EPISODE] Episode 7 ended: player_died (5029 ticks, total reward: -32230.56)
[m[34m[00:03:07][m [32m[Server thread/INFO][m [36m(dragonkiller)[m [0m[EP_REWARD] dense=716.5 breath=-310.1 playerDmg=-32000.0 death=-500.0 total=-32230.6
[m[34m[00:03:07][m [32m[Server thread/INFO][m [36m(dragonkiller)[m [0m[RATE] 500 TPS (interval=2ms, mspt=0.5ms)
[m[34m[00:03:07][m [32m[Server thread/INFO][m [36m(dragonkiller)[m [0m[RATE] 500 TPS (interval=2ms, mspt=0.3ms)
[m[34m[00:03:07][m [32m[Server thread/INFO][m [36m(dragonkiller)[m [0m[RATE] 500 TPS (interval=2ms, mspt=0.5ms)
[m[34m[00:03:07][m [32m[Server thread/INFO][m [36m(dragonkiller)[m [0m[RATE] 500 TPS (interval=2ms, mspt=0.6ms)
[m[34m[00:03:07][m [32m[Server thread/INFO][m [36m(dragonkiller)[m [0m[RATE] 500 TPS (interval=2ms, mspt=0.4ms)
[m[34m[00:03:07][m [32m[Server thread/INFO][m [36m(dragonkiller)[m [0m[RATE] 500 TPS (interval=2ms, mspt=0.3ms)
[m[34m[00:03:07][m [32m[Server thread/INFO][m [36m(dragonkiller)[m [0m[RATE] 500 TPS (interval=2ms, mspt=0.3ms)
[m[34m[00:03:07][m [32m[Server thread/INFO][m [36m(dragonkiller)[m [0m[RATE] 500 TPS (interval=2ms, mspt=0.4ms)
[m[34m[00:03:07][m [32m[Server thread/INFO][m [36m(dragonkiller)[m [0m[RATE] 500 TPS (interval=2ms, mspt=0.3ms)
[m[34m[00:03:08][m [32m[Server thread/INFO][m [36m(dragonkiller)[m [0m[RATE] 500 TPS (interval=2ms, mspt=0.4ms)
[m[34m[00:03:08][m [32m[Server thread/INFO][m [36m(dragonkiller)[m [0m[RATE] 500 TPS (interval=2ms, mspt=0.3ms)
[m[34m[00:03:08][m [32m[Server thread/INFO][m [36m(dragonkiller)[m [0m[RATE] 500 TPS (interval=2ms, mspt=0.3ms)
[m[34m[00:03:08][m [32m[Server thread/INFO][m [36m(dragonkiller)[m [0m[RATE] 500 TPS (interval=2ms, mspt=0.2ms)
[m[34m[00:03:08][m [32m[Server thread/INFO][m [36m(dragonkiller)[m [0m[RATE] 500 TPS (interval=2ms, mspt=0.2ms)
[m[34m[00:03:08][m [32m[Server thread/INFO][m [36m(dragonkiller)[m [0m[RATE] 500 TPS (interval=2ms, mspt=0.2ms)
[m[34m[00:03:08][m [32m[Server thread/INFO][m [36m(dragonkiller)[m [0m[RATE] 500 TPS (interval=2ms, mspt=0.3ms)
[m[34m[00:03:08][m [33m[Server thread/WARN][m [36m(Minecraft)[m [0mCan't keep up! Is the server overloaded? Running 7841ms or 3920 ticks behind
[m[34m[00:03:08][m [32m[Server thread/INFO][m [36m(dragonkiller)[m [0m[RATE] 500 TPS (interval=2ms, mspt=0.6ms)
[m[34m[00:03:09][m [32m[Server thread/INFO][m [36m(dragonkiller)[m [0m[RATE] 500 TPS (interval=2ms, mspt=0.9ms)
[m[34m[00:03:09][m [32m[Server thread/INFO][m [36m(dragonkiller)[m [0m[RATE] 500 TPS (interval=2ms, mspt=0.6ms)
[m[34m[00:03:10][m [32m[Server thread/INFO][m [36m(dragonkiller)[m [0m[RATE] 500 TPS (interval=2ms, mspt=0.6ms)
[m[34m[00:03:10][m [32m[Server thread/INFO][m [36m(dragonkiller)[m [0m[RATE] 500 TPS (interval=2ms, mspt=0.6ms)
[m[34m[00:03:10][m [32m[Server thread/INFO][m [36m(dragonkiller)[m [0m[RATE] 500 TPS (interval=2ms, mspt=0.6ms)
[m[34m[00:03:11][m [32m[Server thread/INFO][m [36m(dragonkiller)[m [0m[RATE] 500 TPS (interval=2ms, mspt=0.5ms)
[m[34m[00:03:11][m [32m[Server thread/INFO][m [36m(dragonkiller)[m [0m[RATE] 333 TPS (interval=3ms, mspt=4.8ms)
[m[34m[00:03:12][m [32m[Server thread/INFO][m [36m(dragonkiller)[m [0m[RATE] 500 TPS (interval=2ms, mspt=0.5ms)
[m[34m[00:03:12][m [32m[Server thread/INFO][m [36m(dragonkiller)[m [0m[RATE] 500 TPS (interval=2ms, mspt=0.5ms)
[m[34m[00:03:12][m [32m[Server thread/INFO][m [36m(dragonkiller)[m [0m[RATE] 500 TPS (interval=2ms, mspt=0.5ms)
[m[34m[00:03:13][m [32m[Server thread/INFO][m [36m(dragonkiller)[m [0m[RATE] 500 TPS (interval=2ms, mspt=0.6ms)
[m[34m[00:03:13][m [32m[Server thread/INFO][m [36m(dragonkiller)[m [0m[RATE] 500 TPS (interval=2ms, mspt=0.6ms)
[m[34m[00:03:14][m [32m[Server thread/INFO][m [36m(dragonkiller)[m [0m[RATE] 500 TPS (interval=2ms, mspt=0.7ms)
[m[34m[00:03:14][m [32m[Server thread/INFO][m [36m(dragonkiller)[m [0m[RATE] 500 TPS (interval=2ms, mspt=0.7ms)
[m[34m[00:03:14][m [32m[Server thread/INFO][m [36m(dragonkiller)[m [0m[RATE] 500 TPS (interval=2ms, mspt=0.5ms)
[m[34m[00:03:15][m [32m[Server thread/INFO][m [36m(dragonkiller)[m [0m[RATE] 500 TPS (interval=2ms, mspt=0.6ms)
[m[34m[00:03:15][m [32m[Server thread/INFO][m [36m(dragonkiller)[m [0m[RATE] 500 TPS (interval=2ms, mspt=0.7ms)
[m[34m[00:03:16][m [32m[Server thread/INFO][m [36m(dragonkiller)[m [0m[RATE] 500 TPS (interval=2ms, mspt=0.7ms)
[m[34m[00:03:16][m [32m[Server thread/INFO][m [36m(dragonkiller)[m [0m[RATE] 500 TPS (interval=2ms, mspt=0.6ms)
[m[34m[00:03:16][m [32m[Server thread/INFO][m [36m(dragonkiller)[m [0m[RATE] 500 TPS (interval=2ms, mspt=0.7ms)
[m[34m[00:03:17][m [32m[Server thread/INFO][m [36m(dragonkiller)[m [0m[RATE] 500 TPS (interval=2ms, mspt=0.7ms)
[m[34m[00:03:17][m [32m[Server thread/INFO][m [36m(dragonkiller)[m [0m[RATE] 500 TPS (interval=2ms, mspt=0.6ms)
[m[34m[00:03:18][m [32m[Server thread/INFO][m [36m(dragonkiller)[m [0m[RATE] 500 TPS (interval=2ms, mspt=0.7ms)
[m