Starting a Gradle Daemon, 86 busy and 1 incompatible and 8 stopped Daemons could not be reused, use --status for details

> Configure project :
Fabric Loom: 1.17.14

> Task :compileJava UP-TO-DATE
> Task :processResources UP-TO-DATE
> Task :classes UP-TO-DATE
> Task :generateLog4jConfig UP-TO-DATE
> Task :generateRemapClasspath UP-TO-DATE
> Task :generateDLIConfig UP-TO-DATE
> Task :configureLaunch UP-TO-DATE

> Task :runServer5675
[34m[19:11:28][m [32m[main/INFO][m [36m(FabricLoader/GameProvider)[m [0mLoading Minecraft 1.20.1 with Fabric Loader 0.19.3
[m[34m[19:11:29][m [32m[main/INFO][m [36m(FabricLoader)[m [0mLoading 46 mods:
	- dragonkiller 1.0.0
	- fabric-api 0.92.9+1.20.1
	- fabric-api-base 0.4.32+1802ada577
	- fabric-api-lookup-api-v1 1.6.37+1802ada577
	- fabric-biome-api-v1 13.0.15+93aa238b77
	- fabric-block-api-v1 1.0.12+1802ada577
	- fabric-block-view-api-v2 1.0.3+924f046a77
	- fabric-command-api-v1 1.2.35+f71b366f77
	- fabric-command-api-v2 2.2.14+1802ada577
	- fabric-commands-v0 0.2.52+df3654b377
	- fabric-containers-v0 0.1.68+df3654b377
	- fabric-content-registries-v0 4.0.13+1802ada577
	- fabric-convention-tags-v1 1.5.6+1802ada577
	- fabric-crash-report-info-v1 0.2.20+1802ada577
	- fabric-data-attachment-api-v1 1.0.2+de0fd6d177
	- fabric-data-generation-api-v1 12.3.9+1802ada577
	- fabric-dimensions-v1 2.1.55+1802ada577
	- fabric-entity-events-v1 1.6.1+1c78457f77
	- fabric-events-interaction-v0 0.6.6+13a40c6677
	- fabric-events-lifecycle-v0 0.2.64+df3654b377
	- fabric-game-rule-api-v1 1.0.41+1802ada577
	- fabric-gametest-api-v1 1.2.15+1802ada577
	- fabric-item-api-v1 2.1.29+1802ada577
	- fabric-item-group-api-v1 4.0.14+1802ada577
	- fabric-lifecycle-events-v1 2.2.23+1802ada577
	- fabric-loot-api-v2 1.2.3+1802ada577
	- fabric-loot-tables-v1 1.1.47+9e7660c677
	- fabric-message-api-v1 5.1.10+1802ada577
	- fabric-mining-level-api-v1 2.1.52+1802ada577
	- fabric-networking-api-v1 1.3.15+0caff8d077
	- fabric-networking-v0 0.3.55+df3654b377
	- fabric-object-builder-api-v1 11.1.5+e35120df77
	- fabric-particles-v1 1.1.3+1802ada577
	- fabric-recipe-api-v1 1.0.25+1802ada577
	- fabric-registry-sync-v0 2.4.1+4c0a70e677
	- fabric-rendering-data-attachment-v1 0.3.39+92a0d36777
	- fabric-rendering-fluids-v1 3.0.29+1802ada577
	- fabric-resource-conditions-api-v1 2.3.9+1802ada577
	- fabric-resource-loader-v0 0.11.12+fb82e9d777
	- fabric-screen-handler-api-v1 1.3.34+1802ada577
	- fabric-transfer-api-v1 3.3.6+8dd72ea377
	- fabric-transitive-access-wideners-v1 4.3.2+1802ada577
	- fabricloader 0.19.3
	- java 21
	- minecraft 1.20.1
	- mixinextras 0.5.4
[m[34m[19:11:29][m [32m[main/INFO][m [36m(FabricLoader/Mixin)[m [0mSpongePowered MIXIN Subsystem Version=0.8.7 Source=file:/C:/Users/mrx/.gradle/caches/modules-2/files-2.1/net.fabricmc/sponge-mixin/0.17.3+mixin.0.8.7/41c4a3984a80f4679e759fb9f495587acc5cdac7/sponge-mixin-0.17.3+mixin.0.8.7.jar Service=Knot/Fabric Env=SERVER
[m[34m[19:11:29][m [32m[main/INFO][m [36m(FabricLoader/Mixin)[m [0mLoaded Fabric development mappings for mixin remapper!
[m[34m[19:11:29][m [32m[main/INFO][m [36m(FabricLoader/Mixin)[m [0mCompatibility level set to JAVA_16
[m[34m[19:11:29][m [32m[main/INFO][m [36m(FabricLoader/Mixin)[m [0mCompatibility level set to JAVA_17
[m[34m[19:11:30][m [32m[main/INFO][m [36m(FabricLoader/MixinExtras|Service)[m [0mInitializing MixinExtras via com.llamalad7.mixinextras.service.MixinExtrasServiceImpl(version=0.5.4).
[m[34m[19:11:41][m [32m[main/INFO][m [36m(dragonkiller)[m [0mDragonKiller RL Environment initializing...
[m[34m[19:11:41][m [32m[main/INFO][m [36m(dragonkiller)[m [0mPhase: PHASE 2 (IS_PHASE_2=true, rlphase=p2)
[m[34m[19:11:41][m [32m[main/INFO][m [36m(Minecraft)[m [0mEnvironment: authHost='https://authserver.mojang.com', accountsHost='https://api.mojang.com', sessionHost='https://sessionserver.mojang.com', servicesHost='https://api.minecraftservices.com', name='PROD'
[m[34m[19:11:45][m [32m[main/INFO][m [36m(Minecraft)[m [0mLoaded 7 recipes
[m[34m[19:11:45][m [32m[main/INFO][m [36m(Minecraft)[m [0mLoaded 1271 advancements
[m[34m[19:11:46][m [32m[main/INFO][m [36m(BiomeModificationImpl)[m [0mApplied 0 biome modifications to 0 of 64 new biomes in 1.560 ms
[m[34m[19:11:46][m [32m[Server thread/INFO][m [36m(Minecraft)[m [0mStarting minecraft server version 1.20.1
[m[34m[19:11:46][m [32m[Server thread/INFO][m [36m(Minecraft)[m [0mLoading properties
[m[34m[19:11:46][m [32m[Server thread/INFO][m [36m(Minecraft)[m [0mDefault game type: SURVIVAL
[m[34m[19:11:46][m [32m[Server thread/INFO][m [36m(Minecraft)[m [0mGenerating keypair
[m[34m[19:11:46][m [32m[Server thread/INFO][m [36m(Minecraft)[m [0mStarting Minecraft server on *:25675
[m[34m[19:11:46][m [32m[Server thread/INFO][m [36m(Minecraft)[m [0mUsing default channel type
[m[34m[19:11:46][m [33m[Server thread/WARN][m [36m(Minecraft)[m [0m**** SERVER IS RUNNING IN OFFLINE/INSECURE MODE!
[m[34m[19:11:46][m [33m[Server thread/WARN][m [36m(Minecraft)[m [0mThe server will make no attempt to authenticate usernames. Beware.
[m[34m[19:11:46][m [33m[Server thread/WARN][m [36m(Minecraft)[m [0mWhile this makes the game possible to play without internet access, it also opens up the ability for hackers to connect with any username they choose.
[m[34m[19:11:46][m [33m[Server thread/WARN][m [36m(Minecraft)[m [0mTo change this, set "online-mode" to "true" in the server.properties file.
[m[34m[19:11:46][m [32m[Server thread/INFO][m [36m(Minecraft)[m [0mPreparing level "world"
[m[34m[19:11:47][m [32m[Server thread/INFO][m [36m(Minecraft)[m [0mPreparing start region for dimension minecraft:overworld
[m[34m[19:11:49][m [32m[Worker-Main-8/INFO][m [36m(Minecraft)[m [0mPreparing spawn area: 0%
[m[34m[19:11:49][m [32m[Worker-Main-8/INFO][m [36m(Minecraft)[m [0mPreparing spawn area: 0%
[m[34m[19:11:49][m [32m[Worker-Main-15/INFO][m [36m(Minecraft)[m [0mPreparing spawn area: 0%
[m[34m[19:11:49][m [32m[Worker-Main-8/INFO][m [36m(Minecraft)[m [0mPreparing spawn area: 0%
[m[34m[19:11:49][m [32m[Worker-Main-20/INFO][m [36m(Minecraft)[m [0mPreparing spawn area: 0%
[m[34m[19:11:50][m [32m[Worker-Main-20/INFO][m [36m(Minecraft)[m [0mPreparing spawn area: 9%
[m[34m[19:11:50][m [32m[Worker-Main-10/INFO][m [36m(Minecraft)[m [0mPreparing spawn area: 39%
[m[34m[19:11:52][m [32m[Worker-Main-20/INFO][m [36m(Minecraft)[m [0mPreparing spawn area: 54%
[m[34m[19:11:52][m [32m[Worker-Main-20/INFO][m [36m(Minecraft)[m [0mPreparing spawn area: 54%
[m[34m[19:11:52][m [32m[Worker-Main-3/INFO][m [36m(Minecraft)[m [0mPreparing spawn area: 54%
[m[34m[19:11:52][m [32m[Worker-Main-1/INFO][m [36m(Minecraft)[m [0mPreparing spawn area: 68%
[m[34m[19:11:53][m [32m[Worker-Main-1/INFO][m [36m(Minecraft)[m [0mPreparing spawn area: 71%
[m[34m[19:11:53][m [32m[Worker-Main-8/INFO][m [36m(Minecraft)[m [0mPreparing spawn area: 75%
[m[34m[19:11:54][m [32m[Worker-Main-16/INFO][m [36m(Minecraft)[m [0mPreparing spawn area: 83%
[m[34m[19:11:54][m [32m[Worker-Main-10/INFO][m [36m(Minecraft)[m [0mPreparing spawn area: 83%
[m[34m[19:11:55][m [32m[Worker-Main-4/INFO][m [36m(Minecraft)[m [0mPreparing spawn area: 86%
[m[34m[19:11:55][m [32m[Worker-Main-13/INFO][m [36m(Minecraft)[m [0mPreparing spawn area: 87%
[m[34m[19:11:56][m [32m[Worker-Main-2/INFO][m [36m(Minecraft)[m [0mPreparing spawn area: 88%
[m[34m[19:11:56][m [32m[Worker-Main-14/INFO][m [36m(Minecraft)[m [0mPreparing spawn area: 90%
[m[34m[19:11:57][m [32m[Worker-Main-7/INFO][m [36m(Minecraft)[m [0mPreparing spawn area: 91%
[m[34m[19:11:57][m [32m[Worker-Main-4/INFO][m [36m(Minecraft)[m [0mPreparing spawn area: 95%
[m[34m[19:11:58][m [32m[Server thread/INFO][m [36m(Minecraft)[m [0mTime elapsed: 10482 ms
[m[34m[19:11:58][m [32m[Server thread/INFO][m [36m(Minecraft)[m [0mDone (11.611s)! For help, type "help"
[m[34m[19:11:58][m [32m[Server thread/INFO][m [36m(dragonkiller)[m [0mRL SocketServer listening on port 5675
[m[34m[19:11:58][m [32m[Server thread/INFO][m [36m(dragonkiller)[m [0mBotPlayer created: RLBot (UUID: 75749aa9-5dfe-307b-9f25-d1c6891f911a)
[m[34m[19:11:58][m [32m[Server thread/INFO][m [36m(dragonkiller)[m [0mRLTickHandler initialized with BotPlayer
[m[34m[19:12:00][m [32m[Server thread/INFO][m [36m(dragonkiller)[m [0m[RATE] 250 TPS (interval=4ms, mspt=2.7ms)
[m[34m[19:12:00][m [32m[Server thread/INFO][m [36m(dragonkiller)[m [0m[RATE] 500 TPS (interval=2ms, mspt=1.2ms)
[m[34m[19:12:01][m [32m[Server thread/INFO][m [36m(dragonkiller)[m [0m[RATE] 500 TPS (interval=2ms, mspt=0.9ms)
[m[34m[19:12:01][m [32m[Server thread/INFO][m [36m(dragonkiller)[m [0m[RATE] 500 TPS (interval=2ms, mspt=0.6ms)
[m[34m[19:12:01][m [32m[Server thread/INFO][m [36m(dragonkiller)[m [0m[RATE] 500 TPS (interval=2ms, mspt=0.7ms)
[m[34m[19:12:02][m [32m[Server thread/INFO][m [36m(dragonkiller)[m [0mRL client connected: /127.0.0.1:42965
[m[34m[19:12:02][m [32m[Server thread/INFO][m [36m(dragonkiller)[m [0mBotPlayer created: RLBot (UUID: 75749aa9-5dfe-307b-9f25-d1c6891f911a)
[m[34m[19:12:02][m [32m[Server thread/INFO][m [36m(dragonkiller)[m [0m[RESET] Phase 2 dragon spawned at (0, 85, 0) in HOVER for target practice
[m[34m[19:12:02][m [32m[Server thread/INFO][m [36m(dragonkiller)[m [0mEpisode 1 started
[m[34m[19:12:02][m [32m[Server thread/INFO][m [36m(dragonkiller)[m [0m[RESET] Episode 1 started, bot at (0.0,65.0,43.0) hp=20.0 dragonHp=200.0
[m[34m[19:12:03][m [32m[Server thread/INFO][m [36m(dragonkiller)[m [0m[RATE] 333 TPS (interval=3ms, mspt=1.4ms)
[m[34m[19:12:04][m [32m[Server thread/INFO][m [36m(dragonkiller)[m [0m[RATE] 500 TPS (interval=2ms, mspt=1.2ms)
[m[34m[19:12:05][m [33m[Server thread/WARN][m [36m(Minecraft)[m [0mCan't keep up! Is the server overloaded? Running 2002ms or 1001 ticks behind
[m[34m[19:12:06][m [32m[Server thread/INFO][m [36m(dragonkiller)[m [0m[RATE] 500 TPS (interval=2ms, mspt=1.3ms)
[m[34m[19:12:07][m [32m[Server thread/INFO][m [36m(dragonkiller)[m [0m[RATE] 333 TPS (interval=3ms, mspt=1.4ms)
[m[34m[19:12:08][m [32m[Server thread/INFO][m [36m(dragonkiller)[m [0m[RATE] 500 TPS (interval=2ms, mspt=1.0ms)
[m[34m[19:12:09][m [32m[Server thread/INFO][m [36m(dragonkiller)[m [0m[RATE] 500 TPS (interval=2ms, mspt=1.1ms)
[m[34m[19:12:10][m [32m[Server thread/INFO][m [36m(dragonkiller)[m [0m[RATE] 500 TPS (interval=2ms, mspt=1.2ms)
[m[34m[19:12:11][m [32m[Server thread/INFO][m [36m(dragonkiller)[m [0m[RATE] 500 TPS (interval=2ms, mspt=1.3ms)
[m[34m[19:12:13][m [32m[Server thread/INFO][m [36m(dragonkiller)[m [0m[RATE] 500 TPS (interval=2ms, mspt=1.1ms)
[m[34m[19:12:14][m [32m[Server thread/INFO][m [36m(dragonkiller)[m [0m[RATE] 500 TPS (interval=2ms, mspt=1.1ms)
[m[34m[19:12:16][m [32m[Server thread/INFO][m [36m(dragonkiller)[m [0m[RATE] 500 TPS (interval=2ms, mspt=1.2ms)
[m[34m[19:12:17][m [32m[Server thread/INFO][m [36m(dragonkiller)[m [0m[RATE] 500 TPS (interval=2ms, mspt=1.1ms)
[m[34m[19:12:18][m [32m[Server thread/INFO][m [36m(dragonkiller)[m [0m[RATE] 500 TPS (interval=2ms, mspt=1.3ms)
[m[34m[19:12:19][m [32m[Server thread/INFO][m [36m(dragonkiller)[m [0m[RATE] 500 TPS (interval=2ms, mspt=1.2ms)
[m[34m[19:12:20][m [32m[Server thread/INFO][m [36m(dragonkiller)[m [0m[RATE] 333 TPS (interval=3ms, mspt=1.4ms)
[m[34m[19:12:22][m [32m[Server thread/INFO][m [36m(dragonkiller)[m [0m[RATE] 500 TPS (interval=2ms, mspt=0.9ms)
[m[34m[19:12:23][m [32m[Server thread/INFO][m [36m(dragonkiller)[m [0m[RATE] 333 TPS (interval=3ms, mspt=1.4ms)
[m[34m[19:12:24][m [32m[Server thread/INFO][m [36m(dragonkiller)[m [0m[RATE] 500 TPS (interval=2ms, mspt=1.1ms)
[m[34m[19:12:25][m [32m[Server thread/INFO][m [36m(dragonkiller)[m [0m[RATE] 500 TPS (interval=2ms, mspt=1.0ms)
[m[34m[19:12:26][m [32m[Server thread/INFO][m [36m(dragonkiller)[m [0m[RATE] 500 TPS (interval=2ms, mspt=1.0ms)
[m[34m[19:12:28][m [32m[Server thread/INFO][m [36m(dragonkiller)[m [0m[RATE] 500 TPS (interval=2ms, mspt=1.1ms)
[m[34m[19:12:29][m [32m[Server thread/INFO][m [36m(dragonkiller)[m [0m[RATE] 500 TPS (interval=2ms, mspt=1.0ms)
[m[34m[19:12:30][m [32m[Server thread/INFO][m [36m(dragonkiller)[m [0m[RATE] 500 TPS (interval=2ms, mspt=1.0ms)
[m[34m[19:12:31][m [32m[Server thread/INFO][m [36m(dragonkiller)[m [0m[RATE] 500 TPS (interval=2ms, mspt=1.1ms)
[m[34m[19:12:32][m [32m[Server thread/INFO][m [36m(dragonkiller)[m [0m[RATE] 333 TPS (interval=3ms, mspt=7.8ms)
[m[34m[19:12:33][m [32m[Server thread/INFO][m [36m(dragonkiller)[m [0m[RATE] 500 TPS (interval=2ms, mspt=1.1ms)
[m[34m[19:12:34][m [32m[Server thread/INFO][m [36m(dragonkiller)[m [0m[RATE] 500 TPS (interval=2ms, mspt=1.0ms)
[m[34m[19:12:35][m [32m[Server thread/INFO][m [36m(dragonkiller)[m [0m[RATE] 500 TPS (interval=2ms, mspt=1.3ms)
[m[34m[19:12:36][m [32m[Server thread/INFO][m [36m(dragonkiller)[m [0m[RATE] 500 TPS (interval=2ms, mspt=0.8ms)
[m[34m[19:12:37][m [32m[Server thread/INFO][m [36m(dragonkiller)[m [0m[RATE] 500 TPS (interval=2ms, mspt=0.9ms)
[m[34m[19:12:38][m [32m[Server thread/INFO][m [36m(dragonkiller)[m [0m[RATE] 500 TPS (interval=2ms, mspt=1.0ms)
[m[34m[19:12:40][m [32m[Server thread/INFO][m [36m(dragonkiller)[m [0m[RATE] 500 TPS (interval=2ms, mspt=0.9ms)
[m[34m[19:12:41][m [32m[Server thread/INFO][m [36m(dragonkiller)[m [0m[RATE] 500 TPS (interval=2ms, mspt=1.0ms)
[m[34m[19:12:42][m [32m[Server thread/INFO][m [36m(dragonkiller)[m [0m[RATE] 500 TPS (interval=2ms, mspt=1.2ms)
[m[34m[19:12:43][m [32m[Server thread/INFO][m [36m(dragonkiller)[m [0m[RATE] 500 TPS (interval=2ms, mspt=1.2ms)
[m[34m[19:12:44][m [32m[Server thread/INFO][m [36m(dragonkiller)[m [0m[RATE] 500 TPS (interval=2ms, mspt=1.0ms)
[m[34m[19:12:45][m [32m[Server thread/INFO][m [36m(dragonkiller)[m [0m[RATE] 500 TPS (interval=2ms, mspt=1.0ms)
[m[34m[19:12:46][m [32m[Server thread/INFO][m [36m(dragonkiller)[m [0m[RATE] 500 TPS (interval=2ms, mspt=1.1ms)
[m[34m[19:12:47][m [32m[Server thread/INFO][m [36m(dragonkiller)[m [0m[RATE] 500 TPS (interval=2ms, mspt=1.1ms)
[m[34m[19:12:48][m [33m[Server thread/WARN][m [36m(Minecraft)[m [0mCan't keep up! Is the server overloaded? Running 27489ms or 13744 ticks behind
[m[34m[19:12:48][m [32m[Server thread/INFO][m [36m(dragonkiller)[m [0m[RATE] 500 TPS (interval=2ms, mspt=0.9ms)
[m[34m[19:12:49][m [32m[Server thread/INFO][m [36m(dragonkiller)[m [0m[RATE] 500 TPS (interval=2ms, mspt=1.0ms)
[m[34m[19:12:51][m [32m[Server thread/INFO][m [36m(dragonkiller)[m [0m[RATE] 500 TPS (interval=2ms, mspt=1.2ms)
[m[34m[19:12:52][m [32m[Server thread/INFO][m [36m(dragonkiller)[m [0m[RATE] 500 TPS (interval=2ms, mspt=1.1ms)
[m[34m[19:12:53][m [32m[Server thread/INFO][m [36m(dragonkiller)[m [0m[RATE] 500 TPS (interval=2ms, mspt=0.9ms)
[m[34m[19:12:54][m [32m[Server thread/INFO][m [36m(dragonkiller)[m [0m[RATE] 500 TPS (interval=2ms, mspt=0.8ms)
[m[34m[19:12:55][m [32m[Server thread/INFO][m [36m(dragonkiller)[m [0m[RATE] 500 TPS (interval=2ms, mspt=0.9ms)
[m[34m[19:12:56][m [32m[Server thread/INFO][m [36m(dragonkiller)[m [0m[RATE] 500 TPS (interval=2ms, mspt=1.1ms)
[m[34m[19:12:57][m [32m[Server thread/INFO][m [36m(dragonkiller)[m [0m[RATE] 500 TPS (interval=2ms, mspt=0.9ms)
[m[34m[19:12:58][m [32m[Server thread/INFO][m [36m(dragonkiller)[m [0m[RATE] 500 TPS (interval=2ms, mspt=1.0ms)
[m[34m[19:12:59][m [32m[Server thread/INFO][m [36m(dragonkiller)[m [0m[RATE] 500 TPS (interval=2ms, mspt=0.8ms)
[m[34m[19:13:00][m [32m[Server thread/INFO][m [36m(dragonkiller)[m [0m[RATE] 500 TPS (interval=2ms, mspt=1.0ms)
[m[34m[19:13:02][m [32m[Server thread/INFO][m [36m(dragonkiller)[m [0m[RATE] 500 TPS (interval=2ms, mspt=0.9ms)
[m[34m[19:13:03][m [32m[Server thread/INFO][m [36m(dragonkiller)[m [0m[RATE] 500 TPS (interval=2ms, mspt=1.3ms)
[m[34m[19:13:04][m [32m[Server thread/INFO][m [36m(dragonkiller)[m [0m[RATE] 500 TPS (interval=2ms, mspt=0.9ms)
[m[34m[19:13:05][m [32m[Server thread/INFO][m [36m(dragonkiller)[m [0m[RATE] 333 TPS (interval=3ms, mspt=3.1ms)
[m[34m[19:13:06][m [32m[Server thread/INFO][m [36m(dragonkiller)[m [0m[RATE] 500 TPS (interval=2ms, mspt=0.9ms)
[m[34m[19:13:07][m [32m[Server thread/INFO][m [36m(dragonkiller)[m [0m[RATE] 500 TPS (interval=2ms, mspt=1.0ms)
[m[34m[19:13:08][m [32m[Server thread/INFO][m [36m(dragonkiller)[m [0m[RATE] 500 TPS (interval=2ms, mspt=1.0ms)
[m[34m[19:13:09][m [32m[Server thread/INFO][m [36m(dragonkiller)[m [0m[RATE] 333 TPS (interval=3ms, mspt=1.4ms)
[m[34m[19:13:10][m [32m[Server thread/INFO][m [36m(dragonkiller)[m [0m[RATE] 500 TPS (interval=2ms, mspt=1.4ms)
[m[34m[19:13:11][m [32m[Server thread/INFO][m [36m(dragonkiller)[m [0m[RATE] 500 TPS (interval=2ms, mspt=1.3ms)
[m[34m[19:13:13][m [32m[Server thread/INFO][m [36m(dragonkiller)[m [0m[RATE] 500 TPS (interval=2ms, mspt=1.1ms)
[m[34m[19:13:14][m [32m[Server thread/INFO][m [36m(dragonkiller)[m [0m[RATE] 500 TPS (interval=2ms, mspt=0.9ms)
[m[34m[19:13:15][m [32m[Server thread/INFO][m [36m(dragonkiller)[m [0m[RATE] 500 TPS (interval=2ms, mspt=1.2ms)
[m[34m[19:13:16][m [32m[Server thread/INFO][m [36m(dragonkiller)[m [0m[RATE] 500 TPS (interval=2ms, mspt=1.0ms)
[m[34m[19:13:17][m [32m[Server thread/INFO][m [36m(dragonkiller)[m [0m[RATE] 500 TPS (interval=2ms, mspt=0.8ms)
[m[34m[19:13:18][m [32m[Server thread/INFO][m [36m(dragonkiller)[m [0m[RATE] 500 TPS (interval=2ms, mspt=1.0ms)
[m[34m[19:13:19][m [32m[Server thread/INFO][m [36m(dragonkiller)[m [0m[RATE] 500 TPS (interval=2ms, mspt=1.1ms)
[m[34m[19:13:20][m [32m[Server thread/INFO][m [36m(dragonkiller)[m [0m[RATE] 500 TPS (interval=2ms, mspt=1.1ms)
[m[34m[19:13:21][m [32m[Server thread/INFO][m [36m(dragonkiller)[m [0m[RATE] 500 TPS (interval=2ms, mspt=0.9ms)
[m[34m[19:13:22][m [32m[Server thread/INFO][m [36m(dragonkiller)[m [0m[PUSH] tick=14075 dist 0.00->0.64 penalty=-10.0
[m[34m[19:13:22][m [32m[Server thread/INFO][m [36m(dragonkiller)[m [0m[PUSH] tick=14076 dist 0.64->1.34 penalty=-10.0
[m[34m[19:13:22][m [32m[Server thread/INFO][m [36m(dragonkiller)[m [0m[PUSH] tick=14077 dist 1.34->1.97 penalty=-10.0
[m[34m[19:13:22][m [32m[Server thread/INFO][m [36m(dragonkiller)[m [0m[PUSH] tick=14078 dist 1.97->2.50 penalty=-10.0
[m[34m[19:13:22][m [32m[Server thread/INFO][m [36m(dragonkiller)[m [0m[RATE] 500 TPS (interval=2ms, mspt=1.0ms)
[m[34m[19:13:22][m [32m[Server thread/INFO][m [36m(dragonkiller)[m [0m[PUSH] tick=14117 dist 0.00->0.40 penalty=-10.0
[m[34m[19:13:22][m [32m[Server thread/INFO][m [36m(dragonkiller)[m [0m[PUSH] tick=14118 dist 0.40->1.21 penalty=-10.0
[m[34m[19:13:22][m [32m[Server thread/INFO][m [36m(dragonkiller)[m [0m[PUSH] tick=14119 dist 1.21->2.13 penalty=-10.0
[m[34m[19:13:23][m [32m[Server thread/INFO][m [36m(dragonkiller)[m [0m[PUSH] tick=14152 dist 0.00->0.48 penalty=-10.0
[m[34m[19:13:23][m [32m[Server thread/INFO][m [36m(dragonkiller)[m [0m[PUSH] tick=14153 dist 0.48->1.14 penalty=-10.0
[m[34m[19:13:23][m [32m[Server thread/INFO][m [36m(dragonkiller)[m [0m[PUSH] tick=14154 dist 1.14->1.92 penalty=-10.0
[m[34m[19:13:23][m [32m[Server thread/INFO][m [36m(dragonkiller)[m [0m[PUSH] tick=14155 dist 1.92->2.60 penalty=-10.0
[m[34m[19:13:23][m [32m[Server thread/INFO][m [36m(dragonkiller)[m [0m[PUSH] tick=14179 dist 0.00->0.85 penalty=-10.0
[m[34m[19:13:23][m [32m[Server thread/INFO][m [36m(dragonkiller)[m [0m[PUSH] tick=14180 dist 0.85->1.99 penalty=-10.0
[m[34m[19:13:23][m [32m[Server thread/INFO][m [36m(dragonkiller)[m [0m[PUSH] tick=14189 dist 0.05->0.73 penalty=-10.0
[m[34m[19:13:23][m [32m[Server thread/INFO][m [36m(dragonkiller)[m [0m[PUSH] tick=14190 dist 0.73->2.48 penalty=-10.0
[m[34m[19:13:23][m [32m[Server thread/INFO][m [36m(dragonkiller)[m [0m[PUSH] tick=14233 dist 0.07->0.40 penalty=-10.0
[m[34m[19:13:23][m [32m[Server thread/INFO][m [36m(dragonkiller)[m [0m[PUSH] tick=14234 dist 0.40->0.78 penalty=-10.0
[m[34m[19:13:23][m [32m[Server thread/INFO][m [36m(dragonkiller)[m [0m[PUSH] tick=14235 dist 0.78->1.80 penalty=-10.0
[m[34m[19:13:23][m [32m[Server thread/INFO][m [36m(dragonkiller)[m [0m[PUSH] tick=14236 dist 1.80->2.17 penalty=-10.0
[m[34m[19:13:23][m [32m[Server thread/INFO][m [36m(dragonkiller)[m [0m[PUSH] tick=14268 dist 0.11->0.53 penalty=-10.0
[m[34m[19:13:23][m [32m[Server thread/INFO][m [36m(dragonkiller)[m [0m[PUSH] tick=14269 dist 0.53->1.72 penalty=-10.0
[m[34m[19:13:23][m [32m[Server thread/INFO][m [36m(dragonkiller)[m [0m[PUSH] tick=14270 dist 1.72->3.06 penalty=-10.0
[m[34m[19:13:23][m [32m[Server thread/INFO][m [36m(dragonkiller)[m [0m[PUSH] tick=14307 dist 0.23->0.88 penalty=-10.0
[m[34m[19:13:23][m [32m[Server thread/INFO][m [36m(dragonkiller)[m [0m[PUSH] tick=14308 dist 0.88->1.99 penalty=-10.0
[m[34m[19:13:23][m [32m[Server thread/INFO][m [36m(dragonkiller)[m [0m[RATE] 500 TPS (interval=2ms, mspt=1.0ms)
[m[34m[19:13:24][m [32m[Server thread/INFO][m [36m(dragonkiller)[m [0m[PUSH] tick=14316 dist 0.43->0.85 penalty=-10.0
[m[34m[19:13:24][m [32m[Server thread/INFO][m [36m(dragonkiller)[m [0m[PUSH] tick=14317 dist 0.85->1.50 penalty=-10.0
[m[34m[19:13:24][m [32m[Server thread/INFO][m [36m(dragonkiller)[m [0m[PUSH] tick=14318 dist 1.50->2.12 penalty=-10.0
[m[34m[19:13:24][m [32m[Server thread/INFO][m [36m(dragonkiller)[m [0m[PUSH] tick=14344 dist 0.00->0.77 penalty=-10.0
[m[34m[19:13:24][m [32m[Server thread/INFO][m [36m(dragonkiller)[m [0m[PUSH] tick=14345 dist 0.77->1.92 penalty=-10.0
[m[34m[19:13:24][m [32m[Server thread/INFO][m [36m(dragonkiller)[m [0m[PUSH] tick=14346 dist 1.92->3.13 penalty=-10.0
[m[34m[19:13:24][m [32m[Server thread/INFO][m [36m(dragonkiller)[m [0m[PUSH] tick=14367 dist 0.00->0.53 penalty=-10.0
[m[34m[19:13:24][m [32m[Server thread/INFO][m [36m(dragonkiller)[m [0m[PUSH] tick=14368 dist 0.53->2.21 penalty=-10.0
[m[34m[19:13:25][m [32m[Server thread/INFO][m [36m(dragonkiller)[m [0m[PUSH] tick=14418 dist 0.20->0.55 penalty=-10.0
[m[34m[19:13:25][m [32m[Server thread/INFO][m [36m(dragonkiller)[m [0m[PUSH] tick=14419 dist 0.55->1.51 penalty=-10.0
[m[34m[19:13:25][m [32m[Server thread/INFO][m [36m(dragonkiller)[m [0m[PUSH] tick=14420 dist 1.51->2.36 penalty=-10.0
[m[34m[19:13:25][m [32m[Server thread/INFO][m [36m(dragonkiller)[m [0m[PUSH] tick=14433 dist 0.27->1.54 penalty=-10.0
[m[34m[19:13:25][m [32m[Server thread/INFO][m [36m(dragonkiller)[m [0m[PUSH] tick=14434 dist 1.54->2.90 penalty=-10.0
[m[34m[19:13:25][m [32m[Server thread/INFO][m [36m(dragonkiller)[m [0m[PUSH] tick=14470 dist 0.00->0.53 penalty=-10.0
[m[34m[19:13:25][m [32m[Server thread/INFO][m [36m(dragonkiller)[m [0m[PUSH] tick=14471 dist 0.53->0.98 penalty=-10.0
[m[34m[19:13:25][m [32m[Server thread/INFO][m [36m(dragonkiller)[m [0m[PUSH] tick=14483 dist 0.05->1.00 penalty=-10.0
[m[34m[19:13:25][m [32m[Server thread/INFO][m [36m(dragonkiller)[m [0m[PUSH] tick=14484 dist 1.00->1.85 penalty=-10.0
[m[34m[19:13:25][m [32m[Server thread/INFO][m [36m(dragonkiller)[m [0m[PUSH] tick=14485 dist 1.85->2.60 penalty=-10.0
[m[34m[19:13:25][m [32m[Server thread/INFO][m [36m(dragonkiller)[m [0m[RATE] 500 TPS (interval=2ms, mspt=1.0ms)
[m[34m[19:13:25][m [32m[Server thread/INFO][m [36m(dragonkiller)[m [0m[PUSH] tick=14512 dist 0.27->0.94 penalty=-10.0
[m[34m[19:13:25][m [32m[Server thread/INFO][m [36m(dragonkiller)[m [0m[PUSH] tick=14513 dist 0.94->1.32 penalty=-10.0
[m[34m[19:13:25][m [32m[Server thread/INFO][m [36m(dragonkiller)[m [0m[PUSH] tick=14514 dist 1.32->1.67 penalty=-10.0
[m[34m[19:13:25][m [32m[Server thread/INFO][m [36m(dragonkiller)[m [0m[PUSH] tick=14515 dist 1.67->2.18 penalty=-10.0
[m[34m[19:13:25][m [32m[Server thread/INFO][m [36m(dragonkiller)[m [0m[PUSH] tick=14525 dist 0.27->1.54 penalty=-10.0
[m[34m[19:13:25][m [32m[Server thread/INFO][m [36m(dragonkiller)[m [0m[PUSH] tick=14526 dist 1.54->2.70 penalty=-10.0
[m[34m[19:13:25][m [32m[Server thread/INFO][m [36m(dragonkiller)[m [0m[PUSH] tick=14558 dist 0.17->1.21 penalty=-10.0
[m[34m[19:13:25][m [32m[Server thread/INFO][m [36m(dragonkiller)[m [0m[PUSH] tick=14560 dist 1.19->1.89 penalty=-10.0
[m[34m[19:13:25][m [32m[Server thread/INFO][m [36m(dragonkiller)[m [0m[PUSH] tick=14561 dist 1.89->2.39 penalty=-10.0
[m[34m[19:13:25][m [32m[Server thread/INFO][m [36m(dragonkiller)[m [0m[PUSH] tick=14571 dist 0.05->1.24 penalty=-10.0
[m[34m[19:13:25][m [32m[Server thread/INFO][m [36m(dragonkiller)[m [0m[PUSH] tick=14572 dist 1.24->2.32 penalty=-10.0
[m[34m[19:13:26][m [32m[Server thread/INFO][m [36m(dragonkiller)[m [0m[PUSH] tick=14602 dist 0.00->0.80 penalty=-10.0
[m[34m[19:13:26][m [32m[Server thread/INFO][m [36m(dragonkiller)[m [0m[PUSH] tick=14603 dist 0.80->1.90 penalty=-10.0
[m[34m[19:13:26][m [32m[Server thread/INFO][m [36m(dragonkiller)[m [0m[PUSH] tick=14604 dist 1.90->3.04 penalty=-10.0
[m[34m[19:13:26][m [32m[Server thread/INFO][m [36m(dragonkiller)[m [0m[RATE] 500 TPS (interval=2ms, mspt=1.0ms)
[m[34m[19:13:27][m [32m[Server thread/INFO][m [36m(dragonkiller)[m [0m[RATE] 500 TPS (interval=2ms, mspt=1.0ms)
[m[34m[19:13:28][m [32m[Server thread/INFO][m [36m(dragonkiller)[m [0m[RATE] 500 TPS (interval=2ms, mspt=0.9ms)
[m[34m[19:13:29][m [33m[Server thread/WARN][m [36m(Minecraft)[m [0mCan't keep up! Is the server overloaded? Running 26188ms or 13094 ticks behind
[m[34m[19:13:29][m [32m[Server thread/INFO][m [36m(dragonkiller)[m [0m[RATE] 500 TPS (interval=2ms, mspt=1.1ms)
[m[34m[19:13:30][m [32m[Server thread/INFO][m [36m(dragonkiller)[m [0m[RATE] 500 TPS (interval=2ms, mspt=1.3ms)
[m[34m[19:13:32][m [32m[Server thread/INFO][m [36m(dragonkiller)[m [0m[RATE] 500 TPS (interval=2ms, mspt=1.0ms)
[m[34m[19:13:33][m [32m[Server thread/INFO][m [36m(dragonkiller)[m [0m[RATE] 500 TPS (interval=2ms, mspt=1.2ms)
[m[34m[19:13:34][m [32m[Server thread/INFO][m [36m(dragonkiller)[m [0m[RATE] 500 TPS (interval=2ms, mspt=1.2ms)
[m[34m[19:13:35][m [32m[Server thread/INFO][m [36m(dragonkiller)[m [0m[RATE] 500 TPS (interval=2ms, mspt=1.1ms)
[m[34m[19:13:36][m [32m[Server thread/INFO][m [36m(dragonkiller)[m [0m[RATE] 500 TPS (interval=2ms, mspt=0.9ms)
[m[34m[19:13:37][m [32m[Server thread/INFO][m [36m(dragonkiller)[m [0m[RATE] 500 TPS (interval=2ms, mspt=1.0ms)
[m[34m[19:13:38][m [32m[Server thread/INFO][m [36m(dragonkiller)[m [0m[PUSH] tick=16771 dist 0.00->0.64 penalty=-10.0
[m[34m[19:13:38][m [32m[Server thread/INFO][m [36m(dragonkiller)[m [0m[PUSH] tick=16776 dist 1.47->1.87 penalty=-10.0
[m[34m[19:13:38][m [32m[Server thread/INFO][m [36m(dragonkiller)[m [0m[PUSH] tick=16777 dist 1.87->2.58 penalty=-10.0
[m[34m[19:13:38][m [32m[Server thread/INFO][m [36m(dragonkiller)[m [0m[PUSH] tick=16818 dist 0.36->0.73 penalty=-10.0
[m[34m[19:13:38][m [32m[Server thread/INFO][m [36m(dragonkiller)[m [0m[PUSH] tick=16819 dist 0.73->1.41 penalty=-10.0
[m[34m[19:13:38][m [32m[Server thread/INFO][m [36m(dragonkiller)[m [0m[PUSH] tick=16820 dist 1.41->2.56 penalty=-10.0
[m[34m[19:13:38][m [32m[Server thread/INFO][m [36m(dragonkiller)[m [0m[PUSH] tick=16861 dist 0.12->0.75 penalty=-10.0
[m[34m[19:13:38][m [32m[Server thread/INFO][m [36m(dragonkiller)[m [0m[PUSH] tick=16872 dist 0.26->1.22 penalty=-10.0
[m[34m[19:13:38][m [32m[Server thread/INFO][m [36m(dragonkiller)[m [0m[PUSH] tick=16873 dist 1.22->2.28 penalty=-10.0
[m[34m[19:13:38][m [32m[Server thread/INFO][m [36m(dragonkiller)[m [0m[RATE] 333 TPS (interval=3ms, mspt=4.2ms)
[m[34m[19:13:38][m [32m[Server thread/INFO][m [36m(dragonkiller)[m [0m[PUSH] tick=16912 dist 0.00->0.75 penalty=-10.0
[m[34m[19:13:39][m [32m[Server thread/INFO][m [36m(dragonkiller)[m [0m[PUSH] tick=16937 dist 0.00->0.84 penalty=-10.0
[m[34m[19:13:39][m [32m[Server thread/INFO][m [36m(dragonkiller)[m [0m[PUSH] tick=16938 dist 0.84->1.56 penalty=-10.0
[m[34m[19:13:39][m [32m[Server thread/INFO][m [36m(dragonkiller)[m [0m[PUSH] tick=16939 dist 1.56->2.30 penalty=-10.0
[m[34m[19:13:39][m [32m[Server thread/INFO][m [36m(dragonkiller)[m [0m[PUSH] tick=16981 dist 0.84->1.16 penalty=-10.0
[m[34m[19:13:39][m [32m[Server thread/INFO][m [36m(dragonkiller)[m [0m[PUSH] tick=16984 dist 1.50->2.01 penalty=-10.0
[m[34m[19:13:39][m [32m[Server thread/INFO][m [36m(dragonkiller)[m [0m[PUSH] tick=17016 dist 1.03->1.39 penalty=-10.0
[m[34m[19:13:39][m [32m[Server thread/INFO][m [36m(dragonkiller)[m [0m[PUSH] tick=17017 dist 1.39->1.92 penalty=-10.0
[m[34m[19:13:39][m [32m[Server thread/INFO][m [36m(dragonkiller)[m [0m[PUSH] tick=17018 dist 1.92->2.49 penalty=-10.0
[m[34m[19:13:39][m [32m[Server thread/INFO][m [36m(dragonkiller)[m [0m[PUSH] tick=17045 dist 0.16->0.60 penalty=-10.0
[m[34m[19:13:39][m [32m[Server thread/INFO][m [36m(dragonkiller)[m [0m[PUSH] tick=17046 dist 0.60->1.15 penalty=-10.0
[m[34m[19:13:39][m [32m[Server thread/INFO][m [36m(dragonkiller)[m [0m[PUSH] tick=17047 dist 1.15->1.91 penalty=-10.0
[m[34m[19:13:39][m [32m[Server thread/INFO][m [36m(dragonkiller)[m [0m[PUSH] tick=17048 dist 1.91->2.47 penalty=-10.0
[m[34m[19:13:39][m [32m[Server thread/INFO][m [36m(dragonkiller)[m [0m[PUSH] tick=17071 dist 0.05->0.75 penalty=-10.0
[m[34m[19:13:39][m [32m[Server thread/INFO][m [36m(dragonkiller)[m [0m[PUSH] tick=17082 dist 0.26->0.63 penalty=-10.0
[m[34m[19:13:39][m [32m[Server thread/INFO][m [36m(dragonkiller)[m [0m[PUSH] tick=17094 dist 0.26->0.63 penalty=-10.0
[m[34m[19:13:39][m [32m[Server thread/INFO][m [36m(dragonkiller)[m [0m[PUSH] tick=17107 dist 0.26->0.63 penalty=-10.0
[m[34m[19:13:40][m [32m[Server thread/INFO][m [36m(dragonkiller)[m [0m[RATE] 500 TPS (interval=2ms, mspt=1.1ms)
[m[34m[19:13:40][m [32m[Server thread/INFO][m [36m(dragonkiller)[m [0m[PUSH] tick=17119 dist 0.26->0.63 penalty=-10.0
[m[34m[19:13:40][m [32m[Server thread/INFO][m [36m(dragonkiller)[m [0m[PUSH] tick=17133 dist 0.72->1.12 penalty=-10.0
[m[34m[19:13:40][m [32m[Server thread/INFO][m [36m(dragonkiller)[m [0m[PUSH] tick=17200 dist 0.26->0.63 penalty=-10.0
[m[34m[19:13:40][m [32m[Server thread/INFO][m [36m(dragonkiller)[m [0m[PUSH] tick=17213 dist 0.26->0.63 penalty=-10.0
[m[34m[19:13:40][m [32m[Server thread/INFO][m [36m(dragonkiller)[m [0m[PUSH] tick=17226 dist 0.26->0.63 penalty=-10.0
[m[34m[19:13:40][m [32m[Server thread/INFO][m [36m(dragonkiller)[m [0m[PUSH] tick=17238 dist 0.26->0.63 penalty=-10.0
[m[34m[19:13:40][m [32m[Server thread/INFO][m [36m(dragonkiller)[m [0m[PUSH] tick=17259 dist 0.25->0.75 penalty=-10.0
[m[34m[19:13:40][m [32m[Server thread/INFO][m [36m(dragonkiller)[m [0m[PUSH] tick=17273 dist 0.26->0.63 penalty=-10.0
[m[34m[19:13:40][m [32m[Server thread/INFO][m [36m(dragonkiller)[m [0m[PUSH] tick=17285 dist 0.26->0.63 penalty=-10.0
[m[34m[19:13:40][m [32m[Server thread/INFO][m [36m(dragonkiller)[m [0m[PUSH] tick=17289 dist 0.33->0.93 penalty=-10.0
[m[34m[19:13:41][m [32m[Server thread/INFO][m [36m(dragonkiller)[m [0m[PUSH] tick=17297 dist 0.90->1.21 penalty=-10.0
[m[34m[19:13:41][m [32m[Server thread/INFO][m [36m(dragonkiller)[m [0m[PUSH] tick=17307 dist 0.65->1.48 penalty=-10.0
[m[34m[19:13:41][m [32m[Server thread/INFO][m [36m(dragonkiller)[m [0m[PUSH] tick=17308 dist 1.48->2.05 penalty=-10.0
[m[34m[19:13:41][m [32m[Server thread/INFO][m [36m(dragonkiller)[m [0m[RATE] 500 TPS (interval=2ms, mspt=1.3ms)
[m[34m[19:13:41][m [32m[Server thread/INFO][m [36m(dragonkiller)[m [0m[PUSH] tick=17328 dist 1.45->1.99 penalty=-10.0
[m[34m[19:13:42][m [32m[Server thread/INFO][m [36m(dragonkiller)[m [0m[RATE] 500 TPS (interval=2ms, mspt=1.1ms)
[m[34m[19:13:43][m [32m[Server thread/INFO][m [36m(dragonkiller)[m [0m[RATE] 500 TPS (interval=2ms, mspt=1.1ms)
[m[34m[19:13:44][m [32m[Server thread/INFO][m [36m(dragonkiller)[m [0m[RATE] 500 TPS (interval=2ms, mspt=1.1ms)
[m[34m[19:13:44][m [32m[Server thread/INFO][m [36m(dragonkiller)[m [0m[PUSH] tick=17959 dist 0.00->0.47 penalty=-10.0
[m[34m[19:13:44][m [32m[Server thread/INFO][m [36m(dragonkiller)[m [0m[PUSH] tick=17960 dist 0.47->1.68 penalty=-10.0
[m[34m[19:13:44][m [32m[Server thread/INFO][m [36m(dragonkiller)[m [0m[PUSH] tick=17961 dist 1.68->2.83 penalty=-10.0
[m[34m[19:13:44][m [32m[Server thread/INFO][m [36m(dragonkiller)[m [0m[EPISODE] Done reason=timeout totalReward=-1058.69 ticks=18000
[m[34m[19:13:44][m [32m[Server thread/INFO][m [36m(dragonkiller)[m [0mEpisode 1 ended: timeout (18000 ticks, total reward: -1058.6939423530291)
[m[34m[19:13:44][m [32m[Server thread/INFO][m [36m(dragonkiller)[m [0m[EPISODE] Episode 1 ended: timeout (18000 ticks, total reward: -1058.69)
[m[34m[19:13:44][m [32m[Server thread/INFO][m [36m(dragonkiller)[m [0m[EP_REWARD] dense=880.0 breath=-400.7 push=-990.0 trade0=0.0 claw=0.0 death=0.0 total=-1058.7
[m[34m[19:13:44][m [32m[Server thread/INFO][m [36m(dragonkiller)[m [0mBotPlayer created: RLBot (UUID: 75749aa9-5dfe-307b-9f25-d1c6891f911a)
[m[34m[19:13:44][m [32m[Server thread/INFO][m [36m(dragonkiller)[m [0m[RESET] Phase 2 dragon spawned at (0, 85, 0) in HOVER for target practice
[m[34m[19:13:44][m [32m[Server thread/INFO][m [36m(dragonkiller)[m [0mEpisode 2 started
[m[34m[19:13:44][m [32m[Server thread/INFO][m [36m(dragonkiller)[m [0m[RESET] Episode 2 started, bot at (0.0,65.0,43.0) hp=20.0 dragonHp=200.0
[m[34m[19:13:45][m [32m[Server thread/INFO][m [36m(dragonkiller)[m [0m[RATE] 500 TPS (interval=2ms, mspt=1.0ms)
[m[34m[19:13:46][m [32m[Server thread/INFO][m [36m(dragonkiller)[m [0m[RATE] 500 TPS (interval=2ms, mspt=0.9ms)
[m[34m[19:13:48][m [32m[Server thread/INFO][m [36m(dragonkiller)[m [0m[RATE] 500 TPS (interval=2ms, mspt=1.0ms)
[m[34m[19:13:49][m [32m[Server thread/INFO][m [36m(dragonkiller)[m [0m[RATE] 500 TPS (interval=2ms, mspt=0.8ms)
[m[34m[19:13:50][m [32m[Server thread/INFO][m [36m(dragonkiller)[m [0m[RATE] 500 TPS (interval=2ms, mspt=0.9ms)
[m[34m[19:13:51][m [32m[Server thread/INFO][m [36m(dragonkiller)[m [0m[RATE] 500 TPS (interval=2ms, mspt=0.8ms)
[m[34m[19:13:52][m [32m[Server thread/INFO][m [36m(dragonkiller)[m [0m[RATE] 500 TPS (interval=2ms, mspt=1.3ms)
[m[34m[19:13:53][m [32m[Server thread/INFO][m [36m(dragonkiller)[m [0m[RATE] 500 TPS (interval=2ms, mspt=0.8ms)
[m[34m[19:13:54][m [32m[Server thread/INFO][m [36m(dragonkiller)[m [0m[RATE] 500 TPS (interval=2ms, mspt=1.0ms)
[m[34m[19:13:55][m [32m[Server thread/INFO][m [36m(dragonkiller)[m [0m[RATE] 500 TPS (interval=2ms, mspt=1.1ms)
[m[34m[19:13:56][m [32m[Server thread/INFO][m [36m(dragonkiller)[m [0m[RATE] 500 TPS (interval=2ms, mspt=1.0ms)
[m[34m[19:13:57][m [32m[Server thread/INFO][m [36m(dragonkiller)[m [0m[RATE] 500 TPS (interval=2ms, mspt=0.9ms)
[m[34m[19:13:59][m [32m[Server thread/INFO][m [36m(dragonkiller)[m [0m[RATE] 500 TPS (interval=2ms, mspt=1.0ms)
[m[34m[19:14:00][m [32m[Server thread/INFO][m [36m(dragonkiller)[m [0m[RATE] 500 TPS (interval=2ms, mspt=1.0ms)
[m[34m[19:14:01][m [32m[Server thread/INFO][m [36m(dragonkiller)[m [0m[RATE] 500 TPS (interval=2ms, mspt=0.9ms)
[m[34m[19:14:02][m [32m[Server thread/INFO][m [36m(dragonkiller)[m [0m[RATE] 500 TPS (interval=2ms, mspt=1.2ms)
[m[34m[19:14:03][m [32m[Server thread/INFO][m [36m(dragonkiller)[m [0m[RATE] 500 TPS (interval=2ms, mspt=0.9ms)
[m[34m[19:14:04][m [32m[Server thread/INFO][m [36m(dragonkiller)[m [0m[RATE] 500 TPS (interval=2ms, mspt=0.8ms)
[m[34m[19:14:05][m [32m[Server thread/INFO][m [36m(dragonkiller)[m [0m[RATE] 500 TPS (interval=2ms, mspt=1.1ms)
[m[34m[19:14:06][m [32m[Server thread/INFO][m [36m(dragonkiller)[m [0m[RATE] 500 TPS (interval=2ms, mspt=0.9ms)
[m[34m[19:14:07][m [32m[Server thread/INFO][m [36m(dragonkiller)[m [0m[RATE] 500 TPS (interval=2ms, mspt=0.9ms)
[m[34m[19:14:08][m [32m[Server thread/INFO][m [36m(dragonkiller)[m [0m[RATE] 500 TPS (interval=2ms, mspt=1.0ms)
[m[34m[19:14:09][m [32m[Server thread/INFO][m [36m(dragonkiller)[m [0m[RATE] 500 TPS (interval=2ms, mspt=1.3ms)
[m[34m[19:14:11][m [33m[Server thread/WARN][m [36m(Minecraft)[m [0mCan't keep up! Is the server overloaded? Running 26736ms or 13368 ticks behind
[m[34m[19:14:11][m [32m[Server thread/INFO][m [36m(dragonkiller)[m [0m[RATE] 500 TPS (interval=2ms, mspt=1.2ms)
[m[34m[19:14:12][m [32m[Server thread/INFO][m [36m(dragonkiller)[m [0m[RATE] 333 TPS (interval=3ms, mspt=4.3ms)
[m[34m[19:14:13][m [32m[Server thread/INFO][m [36m(dragonkiller)[m [0m[RATE] 500 TPS (interval=2ms, mspt=1.1ms)
[m[34m[19:14:14][m [32m[Server thread/INFO][m [36m(dragonkiller)[m [0m[RATE] 500 TPS (interval=2ms, mspt=1.0ms)
[m[34m[19:14:15][m [32m[Server thread/INFO][m [36m(dragonkiller)[m [0m[RATE] 500 TPS (interval=2ms, mspt=1.2ms)
[m[34m[19:14:16][m [32m[Server thread/INFO][m [36m(dragonkiller)[m [0m[RATE] 500 TPS (interval=2ms, mspt=0.8ms)
[m[34m[19:14:17][m [32m[Server thread/INFO][m [36m(dragonkiller)[m [0m[RATE] 500 TPS (interval=2ms, mspt=0.9ms)
[m[34m[19:14:19][m [32m[Server thread/INFO][m [36m(dragonkiller)[m [0m[RATE] 500 TPS (interval=2ms, mspt=0.9ms)
[m[34m[19:14:20][m [32m[Server thread/INFO][m [36m(dragonkiller)[m [0m[RATE] 500 TPS (interval=2ms, mspt=0.9ms)
[m[34m[19:14:21][m [32m[Server thread/INFO][m [36m(dragonkiller)[m [0m[RATE] 500 TPS (interval=2ms, mspt=1.2ms)
[m[34m[19:14:22][m [32m[Server thread/INFO][m [36m(dragonkiller)[m [0m[RATE] 500 TPS (interval=2ms, mspt=1.0ms)
[m[34m[19:14:23][m [32m[Server thread/INFO][m [36m(dragonkiller)[m [0m[RATE] 500 TPS (interval=2ms, mspt=1.0ms)
[m[34m[19:14:24][m [32m[Server thread/INFO][m [36m(dragonkiller)[m [0m[RATE] 500 TPS (interval=2ms, mspt=1.1ms)
[m[34m[19:14:25][m [32m[Server thread/INFO][m [36m(dragonkiller)[m [0m[RATE] 500 TPS (interval=2ms, mspt=1.0ms)
[m[34m[19:14:27][m [32m[Server thread/INFO][m [36m(dragonkiller)[m [0m[RATE] 500 TPS (interval=2ms, mspt=0.9ms)
[m[34m[19:14:28][m [32m[Server thread/INFO][m [36m(dragonkiller)[m [0m[RATE] 500 TPS (interval=2ms, mspt=0.9ms)
[m[34m[19:14:29][m [32m[Server thread/INFO][m [36m(dragonkiller)[m [0m[RATE] 500 TPS (interval=2ms, mspt=0.9ms)
[m[34m[19:14:30][m [32m[Server thread/INFO][m [36m(dragonkiller)[m [0m[RATE] 500 TPS (interval=2ms, mspt=0.8ms)
[m[34m[19:14:31][m [32m[Server thread/INFO][m [36m(dragonkiller)[m [0m[RATE] 500 TPS (interval=2ms, mspt=1.1ms)
[m[34m[19:14:32][m [32m[Server thread/INFO][m [36m(dragonkiller)[m [0m[RATE] 500 TPS (interval=2ms, mspt=1.0ms)
[m[34m[19:14:33][m [32m[Server thread/INFO][m [36m(dragonkiller)[m [0m[RATE] 500 TPS (interval=2ms, mspt=0.8ms)
[m[34m[19:14:34][m [32m[Server thread/INFO][m [36m(dragonkiller)[m [0m[RATE] 500 TPS (interval=2ms, mspt=1.0ms)
[m[34m[19:14:35][m [32m[Server thread/INFO][m [36m(dragonkiller)[m [0m[RATE] 500 TPS (interval=2ms, mspt=1.0ms)
[m[34m[19:14:37][m [32m[Server thread/INFO][m [36m(dragonkiller)[m [0m[RATE] 500 TPS (interval=2ms, mspt=0.9ms)
[m[34m[19:14:38][m [32m[Server thread/INFO][m [36m(dragonkiller)[m [0m[PUSH] tick=9510 dist 1.18->1.88 penalty=-10.0
[m[34m[19:14:38][m [32m[Server thread/INFO][m [36m(dragonkiller)[m [0m[RATE] 500 TPS (interval=2ms, mspt=1.0ms)
[m[34m[19:14:38][m [32m[Server thread/INFO][m [36m(dragonkiller)[m [0m[PUSH] tick=9511 dist 1.88->2.69 penalty=-10.0
[m[34m[19:14:38][m [32m[Server thread/INFO][m [36m(dragonkiller)[m [0m[PUSH] tick=9554 dist 0.56->0.99 penalty=-10.0
[m[34m[19:14:38][m [32m[Server thread/INFO][m [36m(dragonkiller)[m [0m[PUSH] tick=9555 dist 0.99->1.42 penalty=-10.0
[m[34m[19:14:38][m [32m[Server thread/INFO][m [36m(dragonkiller)[m [0m[PUSH] tick=9556 dist 1.42->1.77 penalty=-10.0
[m[34m[19:14:38][m [32m[Server thread/INFO][m [36m(dragonkiller)[m [0m[PUSH] tick=9571 dist 0.96->1.28 penalty=-10.0
[m[34m[19:14:38][m [32m[Server thread/INFO][m [36m(dragonkiller)[m [0m[PUSH] tick=9582 dist 0.14->1.10 penalty=-10.0
[m[34m[19:14:38][m [32m[Server thread/INFO][m [36m(dragonkiller)[m [0m[PUSH] tick=9583 dist 1.10->2.16 penalty=-10.0
[m[34m[19:14:38][m [32m[Server thread/INFO][m [36m(dragonkiller)[m [0m[PUSH] tick=9612 dist 0.24->1.39 penalty=-10.0
[m[34m[19:14:38][m [32m[Server thread/INFO][m [36m(dragonkiller)[m [0m[PUSH] tick=9613 dist 1.39->2.60 penalty=-10.0
[m[34m[19:14:38][m [32m[Server thread/INFO][m [36m(dragonkiller)[m [0m[PUSH] tick=9624 dist 0.37->0.68 penalty=-10.0
[m[34m[19:14:38][m [32m[Server thread/INFO][m [36m(dragonkiller)[m [0m[PUSH] tick=9625 dist 0.68->1.82 penalty=-10.0
[m[34m[19:14:38][m [32m[Server thread/INFO][m [36m(dragonkiller)[m [0m[PUSH] tick=9626 dist 1.82->2.89 penalty=-10.0
[m[34m[19:14:38][m [32m[Server thread/INFO][m [36m(dragonkiller)[m [0m[PUSH] tick=9658 dist 0.27->0.88 penalty=-10.0
[m[34m[19:14:38][m [32m[Server thread/INFO][m [36m(dragonkiller)[m [0m[PUSH] tick=9659 dist 0.88->1.63 penalty=-10.0
[m[34m[19:14:38][m [32m[Server thread/INFO][m [36m(dragonkiller)[m [0m[PUSH] tick=9660 dist 1.63->2.30 penalty=-10.0
[m[34m[19:14:38][m [32m[Server thread/INFO][m [36m(dragonkiller)[m [0m[PUSH] tick=9671 dist 0.28->0.84 penalty=-10.0
[m[34m[19:14:38][m [32m[Server thread/INFO][m [36m(dragonkiller)[m [0m[PUSH] tick=9672 dist 0.84->2.11 penalty=-10.0
[m[34m[19:14:39][m [32m[Server thread/INFO][m [36m(dragonkiller)[m [0m[PUSH] tick=9708 dist 0.03->1.09 penalty=-10.0
[m[34m[19:14:39][m [32m[Server thread/INFO][m [36m(dragonkiller)[m [0m[PUSH] tick=9709 dist 1.09->2.14 penalty=-10.0
[m[34m[19:14:39][m [32m[Server thread/INFO][m [36m(dragonkiller)[m [0m[RATE] 500 TPS (interval=2ms, mspt=1.1ms)
[m[34m[19:14:39][m [32m[Server thread/INFO][m [36m(dragonkiller)[m [0m[PUSH] tick=9716 dist 0.00->0.33 penalty=-10.0
[m[34m[19:14:39][m [32m[Server thread/INFO][m [36m(dragonkiller)[m [0m[PUSH] tick=9717 dist 0.33->1.37 penalty=-10.0
[m[34m[19:14:39][m [32m[Server thread/INFO][m [36m(dragonkiller)[m [0m[PUSH] tick=9718 dist 1.37->1.99 penalty=-10.0
[m[34m[19:14:39][m [32m[Server thread/INFO][m [36m(dragonkiller)[m [0m[PUSH] tick=9719 dist 1.99->2.66 penalty=-10.0
[m[34m[19:14:39][m [32m[Server thread/INFO][m [36m(dragonkiller)[m [0m[PUSH] tick=9754 dist 0.68->1.21 penalty=-10.0
[m[34m[19:14:39][m [32m[Server thread/INFO][m [36m(dragonkiller)[m [0m[PUSH] tick=9755 dist 1.21->1.89 penalty=-10.0
[m[34m[19:14:39][m [32m[Server thread/INFO][m [36m(dragonkiller)[m [0m[PUSH] tick=9756 dist 1.89->2.39 penalty=-10.0
[m[34m[19:14:39][m [32m[Server thread/INFO][m [36m(dragonkiller)[m [0m[PUSH] tick=9776 dist 1.48->1.87 penalty=-10.0
[m[34m[19:14:39][m [32m[Server thread/INFO][m [36m(dragonkiller)[m [0m[PUSH] tick=9787 dist 1.93->2.26 penalty=-10.0
[m[34m[19:14:39][m [32m[Server thread/INFO][m [36m(dragonkiller)[m [0m[PUSH] tick=9845 dist 0.00->0.76 penalty=-10.0
[m[34m[19:14:39][m [32m[Server thread/INFO][m [36m(dragonkiller)[m [0m[PUSH] tick=9846 dist 0.76->1.35 penalty=-10.0
[m[34m[19:14:39][m [32m[Server thread/INFO][m [36m(dragonkiller)[m [0m[PUSH] tick=9848 dist 1.57->3.02 penalty=-10.0
[m[34m[19:14:40][m [32m[Server thread/INFO][m [36m(dragonkiller)[m [0m[PUSH] tick=9893 dist 1.21->1.58 penalty=-10.0
[m[34m[19:14:40][m [32m[Server thread/INFO][m [36m(dragonkiller)[m [0m[RATE] 500 TPS (interval=2ms, mspt=1.1ms)
[m[34m[19:14:40][m [32m[Server thread/INFO][m [36m(dragonkiller)[m [0m[PUSH] tick=9913 dist 1.11->1.47 penalty=-10.0
[m[34m[19:14:40][m [32m[Server thread/INFO][m [36m(dragonkiller)[m [0m[PUSH] tick=9914 dist 1.47->1.79 penalty=-10.0
[m[34m[19:14:40][m [32m[Server thread/INFO][m [36m(dragonkiller)[m [0m[PUSH] tick=9915 dist 1.79->2.16 penalty=-10.0
[m[34m[19:14:40][m [32m[Server thread/INFO][m [36m(dragonkiller)[m [0m[PUSH] tick=9939 dist 0.90->1.26 penalty=-10.0
[m[34m[19:14:40][m [32m[Server thread/INFO][m [36m(dragonkiller)[m [0m[PUSH] tick=9940 dist 1.26->1.56 penalty=-10.0
[m[34m[19:14:40][m [32m[Server thread/INFO][m [36m(dragonkiller)[m [0m[PUSH] tick=9941 dist 1.56->2.01 penalty=-10.0
[m[34m[19:14:40][m [32m[Server thread/INFO][m [36m(dragonkiller)[m [0m[PUSH] tick=9960 dist 1.68->1.99 penalty=-10.0
[m[34m[19:14:40][m [32m[Server thread/INFO][m [36m(dragonkiller)[m [0m[PUSH] tick=9969 dist 0.22->0.57 penalty=-10.0
[m[34m[19:14:40][m [32m[Server thread/INFO][m [36m(dragonkiller)[m [0m[PUSH] tick=9974 dist 0.00->1.13 penalty=-10.0
[m[34m[19:14:40][m [32m[Server thread/INFO][m [36m(dragonkiller)[m [0m[PUSH] tick=9975 dist 1.13->2.73 penalty=-10.0
[m[34m[19:14:40][m [32m[Server thread/INFO][m [36m(dragonkiller)[m [0m[PUSH] tick=10027 dist 0.21->1.57 penalty=-10.0
[m[34m[19:14:40][m [32m[Server thread/INFO][m [36m(dragonkiller)[m [0m[PUSH] tick=10041 dist 0.00->0.83 penalty=-10.0
[m[34m[19:14:40][m [32m[Server thread/INFO][m [36m(dragonkiller)[m [0m[PUSH] tick=10042 dist 0.83->1.61 penalty=-10.0
[m[34m[19:14:40][m [32m[Server thread/INFO][m [36m(dragonkiller)[m [0m[PUSH] tick=10043 dist 1.61->3.21 penalty=-10.0
[m[34m[19:14:41][m [32m[Server thread/INFO][m [36m(dragonkiller)[m [0m[PUSH] tick=10086 dist 0.07->0.65 penalty=-10.0
[m[34m[19:14:41][m [32m[Server thread/INFO][m [36m(dragonkiller)[m [0m[PUSH] tick=10087 dist 0.65->2.07 penalty=-10.0
[m[34m[19:14:41][m [32m[Server thread/INFO][m [36m(dragonkiller)[m [0m[PUSH] tick=10097 dist 0.00->0.93 penalty=-10.0
[m[34m[19:14:41][m [32m[Server thread/INFO][m [36m(dragonkiller)[m [0m[PUSH] tick=10098 dist 0.93->2.49 penalty=-10.0
[m[34m[19:14:41][m [32m[Server thread/INFO][m [36m(dragonkiller)[m [0m[RATE] 333 TPS (interval=3ms, mspt=1.5ms)
[m[34m[19:14:41][m [32m[Server thread/INFO][m [36m(dragonkiller)[m [0m[PUSH] tick=10148 dist 0.12->0.76 penalty=-10.0
[m[34m[19:14:41][m [32m[Server thread/INFO][m [36m(dragonkiller)[m [0m[PUSH] tick=10149 dist 0.76->1.80 penalty=-10.0
[m[34m[19:14:41][m [32m[Server thread/INFO][m [36m(dragonkiller)[m [0m[PUSH] tick=10160 dist 0.44->1.05 penalty=-10.0
[m[34m[19:14:41][m [32m[Server thread/INFO][m [36m(dragonkiller)[m [0m[PUSH] tick=10164 dist 0.73->1.36 penalty=-10.0
[m[34m[19:14:41][m [32m[Server thread/INFO][m [36m(dragonkiller)[m [0m[PUSH] tick=10165 dist 1.36->1.73 penalty=-10.0
[m[34m[19:14:41][m [32m[Server thread/INFO][m [36m(dragonkiller)[m [0m[PUSH] tick=10166 dist 1.73->2.13 penalty=-10.0
[m[34m[19:14:41][m [32m[Server thread/INFO][m [36m(dragonkiller)[m [0m[PUSH] tick=10177 dist 0.93->2.34 penalty=-10.0
[m[34m[19:14:42][m [32m[Server thread/INFO][m [36m(dragonkiller)[m [0m[RATE] 500 TPS (interval=2ms, mspt=1.2ms)
[m[34m[19:14:43][m [32m[Server thread/INFO][m [36m(dragonkiller)[m [0mRL client disconnected
[m[34m[19:14:43][m [32m[Server thread/INFO][m [36m(dragonkiller)[m [0m[RATE] 500 TPS (interval=2ms, mspt=0.8ms)
[m[34m[19:14:43][m [32m[Server thread/INFO][m [36m(dragonkiller)[m [0m[RATE] 500 TPS (interval=2ms, mspt=0.9ms)
[m[34m[19:14:43][m [32m[Server thread/INFO][m [36m(dragonkiller)[m [0m[RATE] 250 TPS (interval=4ms, mspt=6.2ms)
[m[34m[19:14:44][m [32m[Server thread/INFO][m [36m(dragonkiller)[m [0m[RATE] 500 TPS (interval=2ms, mspt=1.3ms)
[m[34m[19:14:44][m [32m[Server thread/INFO][m [36m(dragonkiller)[m [0m[RATE] 500 TPS (interval=2ms, mspt=1.1ms)
[m[34m[19:14:44][m [32m[Server thread/INFO][m [36m(dragonkiller)[m [0m[RATE] 500 TPS (interval=2ms, mspt=1.2ms)
[m[34m[19:14:44][m [32m[Server thread/INFO][m [36m(dragonkiller)[m [0m[RATE] 500 TPS (interval=2ms, mspt=0.9ms)
[m[34m[19:14:45][m [32m[Server thread/INFO][m [36m(dragonkiller)[m [0m[RATE] 500 TPS (interval=2ms, mspt=0.7ms)
[m[34m[19:14:45][m [33m[Server thread/WARN][m [36m(Minecraft)[m [0mCan't keep up! Is the server overloaded? Running 18932ms or 9466 ticks behind
[m[34m[19:14:45][m [32m[Server thread/INFO][m [36m(dragonkiller)[m [0m[RATE] 500 TPS (interval=2ms, mspt=1.0ms)
[m[34m[19:14:45][m [32m[Server thread/INFO][m [36m(dragonkiller)[m [0m[RATE] 500 TPS (interval=2ms, mspt=0.8ms)
[m[34m[19:14:46][m [32m[Server thread/INFO][m [36m(dragonkiller)[m [0m[RATE] 500 TPS (interval=2ms, mspt=1.4ms)
[m[34m[19:14:46][m [32m[Server thread/INFO][m [36m(Minecraft)[m [0mRLBot fell out of the world
[m[34m[19:14:46][m [32m[Server thread/INFO][m [36m(dragonkiller)[m [0m[DEATH] Bot died! hp=0.0 reason=player_died reward=-500.0
[m[34m[19:14:46][m [32m[Server thread/INFO][m [36m(dragonkiller)[m [0m[EPISODE] Done reason=player_died totalReward=-995.99 ticks=12532
[m[34m[19:14:46][m [32m[Server thread/INFO][m [36m(dragonkiller)[m [0mEpisode 2 ended: player_died (12532 ticks, total reward: -995.9870090974814)
[m[34m[19:14:46][m [32m[Server thread/INFO][m [36m(dragonkiller)[m [0m[EPISODE] Episode 2 ended: player_died (12532 ticks, total reward: -995.99)
[m[34m[19:14:46][m [32m[Server thread/INFO][m [36m(dragonkiller)[m [0m[EP_REWARD] dense=403.9 breath=-10.9 push=-580.0 trade0=0.0 claw=0.0 death=-500.0 total=-996.0
[m